0
0
5992
0
4497
0
3544
7174
0
0
0
0
0
3788
0
0
0
5899
0
4988
2469
0
0
0
0
4959
3646
0
2987
0
7132
5875
6896
0
0
6530
0
0
0
0
0
0
3360
0
7073
3892
0
0
0
6937
0
2938
5719
0
1331
0
4062
4538
0
0
0
5806
0
0
0
6122
7047
6422
3628
0
0
3859
4734
0
0
0
0
0
1008
0
0
0
5385
0
585
3550
0
0
6311
0
919
0
0
5117
0
0
0
0
1246
0
5873
0
0
4826
0
4478
0
4905
0
0
0
0
0
5689
0
0
0
0
0
0
0
0
0
4128
7150
0
0
6528
0
0
2499
0
2813
0
0
0
7091
0
0
0
0
0
5473
0
6645
0
0
7061
6065
0
0
6380
0
0
0
4110
0
0
4058
4335
0
0
878
2579
4258
5828
4482
2556
0
0
0
0
0
6557
0
2234
0
0
0
2785
3975
0
0
0
673
0
0
0
6554
0
0
0
0
6758
0
0
6903
2468
0
2686
6606
0
0
6889
5393
0
4708
6540
0
6993
0
0
0
0
0
0
0
6782
0
0
2974
0
1720
0
0
0
0
0
0
6081
0
807
0
625
0
0
0
2537
0
0
6281
0
157
0
0
0
0
0
0
6924
0
0
5804
0
6627
3920
0
2858
0
0
0
4829
0
6346
4167
0
3711
0
0
1456
23
0
4937
4803
0
2924
6903
0
0
1580
0
5901
1727
0
0
0
0
6496
0
4684
3794
0
5399
0
4170
4165
0
6078
6989
0
0
0
3798
4263
0
0
0
4233
0
0
0
5318
6711
0
6285
0
0
0
0
1421
0
0
0
4730
0
0
7077
0
0
0
0
0
0
0
0
0
0
0
7052
0
3823
0
0
0
4350
4615
0
4746
5103
6566
0
4871
0
0
0
1275
0
2901
4620
2143
3466
0
0
0
5973
6048
6547
5044
0
0
0
0
0
846
4177
5100
5256
0
5855
3404
2394
0
6974
0
6572
0
4548
0
0
0
0
2570
0
0
1360
4812
0
0
0
4027
6064
6823
0
2351
1275
0
4739
1287
5756
6996
0
0
0
0
0
0
0
3278
6852
2974
0
0
4762
0
0
0
0
0
0
0
6592
0
0
1779
6392
0
0
0
5640
4652
6307
0
4740
0
6025
0
4465
0
0
0
5786
0
3449
0
0
0
0
675
3812
0
0
5261
0
807
0
3755
0
0
3890
0
0
0
0
5256
6531
0
0
7128
0
5321
6444
0
5494
4491
0
0
0
6461
5918
1349
0
0
0
7103
0
438
6669
0
0
0
0
7097
0
6679
0
0
0
0
6655
6543
0
7052
0
7025
840
5011
0
0
0
5232
0
0
0
0
0
6618
828
0
0
0
1438
0
0
0
0
0
138
875
4958
2517
6461
0
0
1990
0
4604
0
0
5005
0
3912
0
0
0
0
0
0
0
2971
0
0
6091
6620
3430
4866
5272
0
6526
0
0
1753
854
0
6042
2277
0
3629
2537
0
5337
2589
0
6419
0
0
0
0
3374
6016
0
0
5368
5121
6078
0
4299
6927
6531
0
4068
0
4958
4429
1000
5216
0
6111
2637
5008
0
0
0
0
0
0
0
0
6427
2041
6545
0
0
3248
0
0
7045
4994
1938
0
0
1615
0
0
1030
4954
0
0
0
0
0
0
334
0
2894
0
0
0
0
0
0
0
0
0
0
5517
0
0
0
6793
0
1031
6854
0
0
0
5416
5973
0
0
0
6579
5193
0
0
6234
0
0
0
5742
0
6047
6840
0
0
6956
0
6995
0
0
0
7153
0
6420
0
0
4461
1702
6138
0
2347
0
0
1491
0
887
0
0
0
0
0
0
0
2953
0
1767
0
0
0
6167
0
5876
5664
0
0
0
0
6927
5281
3800
0
4379
0
4319
0
0
0
0
0
0
0
0
7127
4267
1769
0
0
0
0
0
0
0
2615
2237
5505
0
0
0
0
0
0
6438
5267
0
0
5183
1454
0
0
4307
0
4281
4399
0
3033
34
0
5514
751
0
6427
0
0
0
0
7035
0
2537
4785
6543
7041
0
2898
0
0
0
0
941
5720
4656
0
0
0
0
0
0
0
0
0
0
0
5792
0
1036
0
0
0
0
6143
0
0
0
1959
6461
0
0
0
0
0
0
0
0
0
840
0
0
0
3158
0
0
0
0
0
0
0
4587
7091
3981
0
0
6593
0
6830
4483
0
0
0
0
0
0
0
0
0
0
0
1130
1785
0
0
0
0
0
6487
0
2083
352
704
0
0
0
6916
0
0
6017
0
0
7055
0
2742
3804
0
0
0
6017
0
0
0
0
3478
0
0
0
5283
7035
6524
5729
0
3919
736
1714
5051
0
0
2974
0
0
0
0
694
0
0
0
0
0
4243
7175
6000
0
0
6520
0
0
0
6561
0
0
4740
3338
1402
0
0
6322
4364
0
0
5836
0
0
5923
0
5146
0
5387
2924
6319
0
6105
3111
4816
0
0
3299
0
5960
0
0
0
0
5877
3795
4518
0
6280
4813
0
0
0
5553
1020
0
0
0
5909
3009
0
0
0
6393
5528
5272
0
0
0
6458
5918
0
6974
3571
4296
6152
0
0
3173
0
3504
6431
0
1087
0
0
6578
0
0
6083
0
0
6902
0
0
0
6883
0
16
0
4028
0
0
0
0
0
0
6756
5643
0
0
0
0
0
0
0
0
0
0
828
0
0
0
5211
0
978
3939
0
3302
6973
5776
0
0
0
5384
249
3569
0
4541
3830
0
6571
0
23
5229
0
3602
4904
334
6003
0
3861
3262
5870
0
7107
1558
5728
3981
0
4501
0
0
0
3785
0
0
0
0
5911
7094
6136
0
1510
768
0
0
0
0
0
3561
232
0
3623
0
0
0
6862
0
0
6303
6681
0
0
0
0
0
5605
0
0
0
1364
3478
0
7175
6766
5529
0
3310
0
0
359
0
0
0
5782
0
0
0
0
6956
4416
0
0
0
0
6712
7169
0
1723
5413
0
6871
0
6904
0
4754
1458
1810
0
5528
0
0
4412
0
0
7091
615
6855
0
0
7129
2145
0
6545
0
0
7105
623
1770
0
1083
0
972
6554
0
0
168
0
0
0
6695
0
0
7057
2294
0
4074
0
0
1933
0
0
0
7023
2975
0
0
0
0
0
349
0
0
5866
7067
0
2537
2102
783
0
117
0
0
3069
6795
236
2714
0
0
0
0
0
6978
0
5029
0
6421
2940
7041
0
0
0
0
0
809
0
0
0
0
0
0
0
847
3312
0
0
6523
0
5686
1181
0
0
3202
0
0
0
0
0
0
0
0
5094
3069
2102
0
0
0
4146
0
910
0
6838
6882
0
3907
0
6206
0
0
5294
6521
1281
4893
3581
5444
0
6524
4452
1467
0
0
6002
4733
0
0
0
2692
5722
0
0
6870
0
0
0
0
0
0
0
3384
7061
5726
182
4290
4946
0
0
2651
0
3952
0
0
7128
0
776
4502
0
2093
1980
0
0
0
16
5569
0
5036
0
319
4810
0
0
2532
2652
0
3853
0
0
6710
0
6138
0
0
0
0
666
1040
5676
0
4175
2813
0
6281
4484
5068
0
6831
0
565
0
0
0
6060
2599
0
3103
3391
6280
5197
0
5897
0
0
0
0
0
0
0
0
0
4020
0
6549
5131
0
0
0
6749
6679
6297
0
1883
2174
0
0
3730
0
0
0
5042
0
4742
4405
7117
255
0
12
4263
0
2844
0
6715
5025
0
1751
0
0
0
0
6165
4247
0
0
485
2322
3459
0
1025
0
7162
0
0
6977
5924
0
7133
0
3504
0
6708
5764
0
0
0
0
0
5002
0
0
0
0
2100
6410
0
0
0
0
2503
0
5642
0
0
2599
0
0
1129
2277
2385
6986
3769
0
0
5505
4643
0
0
0
0
0
0
0
0
0
0
4247
0
5722
0
3234
2588
0
0
0
0
0
7061
0
0
0
0
518
3399
5359
0
6457
0
0
0
0
5876
0
2143
6535
4114
0
0
3093
3832
0
0
5928
0
0
4025
0
0
3897
0
0
1039
0
0
0
5820
5988
6734
0
5359
0
0
0
5368
2947
1166
0
0
3096
0
0
0
0
0
0
1724
7013
0
0
5685
0
0
0
0
0
0
0
6537
14
7042
6694
3309
0
6528
4319
0
4255
2206
0
0
0
0
1488
0
6693
1770
0
5158
0
0
0
0
0
0
5092
0
6663
0
1680
0
0
0
0
0
5773
0
3162
2972
0
0
0
0
4994
0
0
0
6162
0
0
0
0
7029
0
0
3963
3769
0
7154
3731
5444
1617
0
0
0
0
0
6280
0
247
0
0
0
0
0
0
2296
0
0
4263
0
0
0
6278
6033
0
0
6045
0
0
6341
0
0
0
0
7107
3654
0
6886
19
0
0
7122
0
6112
0
2938
5137
0
529
0
5999
4980
0
0
0
0
0
0
0
0
6831
0
4203
0
5707
6973
3422
0
969
567
4456
0
0
6775
0
0
0
0
0
0
0
0
2342
6520
0
0
0
5499
3934
0
0
0
5800
4683
0
0
0
0
0
4710
3808
0
974
0
2549
0
0
0
0
0
0
0
0
6611
0
0
0
0
0
0
0
4049
0
0
0
0
3175
0
5643
0
375
6462
485
0
5876
0
800
0
0
605
2165
0
6708
5778
0
6830
4516
0
4715
6394
4258
0
0
5419
0
0
0
1332
5981
0
0
6924
0
0
0
4220
6571
0
0
0
0
6225
6996
3094
0
0
7163
5228
6681
6158
0
0
4827
6663
0
0
3539
0
0
5178
2765
0
3500
5708
0
5387
0
0
4002
0
4901
0
529
6627
0
2878
4315
0
510
5612
4851
0
0
2737
0
0
5229
6548
0
3341
0
0
1943
0
0
0
0
3399
0
0
0
0
2451
0
0
3094
0
0
0
0
0
5029
0
3298
4405
7073
4370
0
0
0
3603
0
0
5348
545
1813
0
0
1682
5870
0
3340
0
7163
0
3889
2381
0
0
0
0
6595
6897
3789
0
5133
0
0
0
3168
0
0
0
0
0
0
2409
3810
5187
0
0
0
0
0
0
6463
3861
0
2234
0
0
0
0
0
0
0
0
6693
3755
0
0
0
0
0
0
6901
0
0
6048
6818
3612
6890
0
0
0
0
0
5009
0
0
3641
0
6516
0
0
0
0
0
917
0
4319
0
0
0
3195
4861
4742
3026
5959
0
0
861
0
5182
0
6311
2747
7139
0
0
0
6519
7170
2901
0
0
1502
0
0
0
1040
0
0
0
0
0
0
0
2438
0
4669
0
0
6486
1941
0
6487
3757
0
0
0
6383
0
0
3603
0
6574
6800
6985
0
0
0
0
814
4084
0
0
0
1419
4778
0
0
979
0
0
7167
0
0
0
1257
6813
0
0
0
1916
0
7175
0
0
0
0
2045
0
2275
2685
3951
0
0
0
0
0
975
4771
3181
0
7059
6304
0
4990
0
0
5521
0
0
0
6323
0
7001
6510
0
5131
0
1389
3738
0
0
5131
6793
5955
0
0
0
0
0
0
4684
0
0
0
0
5306
0
0
0
5915
7113
943
5044
0
0
0
3506
1271
4546
0
0
0
0
0
3763
0
0
4492
5937
5742
0
0
0
5215
0
1478
6563
0
1733
6757
4203
1333
1997
0
0
1777
6109
835
0
0
2543
0
0
1169
0
5906
3478
0
7057
6973
4376
0
861
0
0
358
0
4508
5517
0
6644
0
3452
0
4537
0
0
0
0
0
4626
0
0
0
3132
0
0
0
0
5589
0
0
0
0
6793
0
6716
0
0
0
0
0
0
6909
4862
0
6455
5545
5172
6965
0
0
2116
5977
0
425
6763
0
0
0
0
0
799
0
2238
0
0
0
897
0
0
0
0
4509
0
1330
6458
5768
2630
0
5527
0
0
2893
2967
1326
0
0
6810
0
0
0
1572
6774
0
6178
4950
0
87
5545
2122
7140
0
7066
0
4287
2943
6809
0
0
2030
0
0
0
6911
7016
0
0
2537
3861
1667
0
4182
0
0
0
0
0
7038
5685
0
0
4197
1643
0
0
0
2105
0
0
0
0
0
0
0
0
6618
0
0
0
0
0
0
0
0
1342
0
1855
5311
6485
0
3259
3679
0
0
0
3475
5261
0
4643
0
0
0
6380
0
0
0
0
0
0
0
4684
3868
7044
0
0
7165
0
0
0
0
0
1035
6004
455
6152
0
0
6175
0
5862
6138
0
0
0
4066
0
6831
6974
6794
7170
0
5018
5971
0
0
0
1024
2755
0
5425
3244
0
2459
0
2217
3321
0
2872
7097
6420
0
6874
0
0
3695
5570
0
6592
4946
3908
0
0
4333
0
2467
0
0
0
0
0
0
427
6280
0
2813
0
2203
0
6519
6637
0
3405
0
0
0
0
0
0
7127
0
0
0
3653
1501
6554
1549
0
0
7002
1883
0
2958
4959
7140
0
0
5387
0
5655
4020
0
0
1845
6463
0
1302
0
2818
0
4428
2728
0
899
4994
0
2684
0
5628
1441
5678
0
0
0
5719
0
0
6541
3942
3325
0
0
5423
2048
0
6825
6835
3260
6758
0
0
0
0
0
0
5461
0
0
5477
1669
0
6208
0
0
0
0
6515
0
0
0
4954
717
6463
0
4123
0
0
6554
3544
0
0
0
0
0
0
3960
0
0
0
0
2441
0
0
0
142
0
4208
4989
2217
1501
0
6708
3604
0
0
557
0
4026
0
0
4654
6578
6408
0
6052
0
3027
0
5785
0
0
0
6415
0
0
5747
0
6120
0
0
1955
0
0
0
502
6702
0
2165
2423
0
4264
2124
0
0
0
7175
7104
0
735
1684
1308
0
0
2687
0
6520
0
0
6778
757
0
0
2648
7131
0
0
0
0
6269
0
0
0
600
0
3419
0
4927
6768
1844
6033
0
7119
0
0
0
0
4758
4435
0
0
0
5286
4359
779
0
0
0
0
0
6211
0
0
0
0
5972
0
0
0
7094
5056
0
1620
2238
4003
6710
0
6462
0
0
0
0
0
0
1663
5285
1082
0
0
6861
0
0
0
0
4283
0
0
7049
0
3533
0
1511
0
0
0
0
3688
2435
7136
7013
0
0
2598
0
0
5429
0
0
2885
2534
0
6530
973
0
0
0
6554
4354
0
0
0
0
0
0
0
0
2487
1569
0
0
5972
1200
0
0
3802
0
7156
0
4445
0
2466
0
6415
1215
0
0
7003
0
6280
1238
0
0
0
0
0
0
0
0
1185
0
0
6663
0
0
0
0
0
0
0
5441
6434
1279
0
3155
0
6107
0
1176
7155
3422
0
0
0
523
7172
0
7170
0
0
0
0
0
6366
0
0
0
0
0
1826
6401
0
0
0
0
0
2845
0
846
0
0
0
0
0
0
5988
0
0
0
0
5225
0
0
6527
0
1176
0
0
5996
0
0
0
2407
4043
0
0
0
0
0
0
0
0
0
0
0
0
0
0
0
5183
0
0
1253
0
0
6535
6485
5006
0
0
54
6620
0
703
0
0
0
0
0
6588
6978
790
3404
0
5517
0
0
0
0
0
0
3627
0
0
0
5955
6743
6246
0
0
6985
2864
0
0
3934
0
2818
0
0
0
0
6239
0
0
0
4661
7035
3613
2804
5936
0
0
0
6386
0
6516
0
2319
0
3411
0
6935
3533
0
0
0
0
5332
0
0
2588
4257
4473
3197
5435
0
0
6517
5472
0
0
4958
5740
6003
3309
4147
0
0
1642
5472
520
6831
4842
0
0
7146
0
0
6092
0
0
0
1121
2680
0
0
6757
3443
6561
0
0
6236
1037
0
0
0
0
5270
0
0
0
0
166
0
0
0
0
0
6977
2236
6158
4252
0
0
0
0
0
5021
5056
4252
3115
1092
0
810
0
0
0
0
3233
0
5117
0
0
0
0
0
0
0
6534
5524
0
6443
3826
0
5947
0
6616
2901
6707
0
0
0
0
4961
0
0
0
608
0
0
0
5030
0
0
0
0
2038
0
7135
0
1886
0
291
0
756
5380
6725
0
0
0
0
0
0
0
3478
0
0
2368
0
0
0
0
0
0
0
0
5529
1733
0
0
6522
0
0
0
0
3256
0
0
2981
7049
0
5911
0
0
0
0
0
0
0
3968
3489
0
3727
0
6707
3486
6554
0
0
0
569
0
6336
0
6154
3122
5614
774
0
4346
0
0
0
144
0
0
0
0
4752
6584
0
0
5693
6964
0
5570
0
5128
1326
3278
4627
0
4718
0
0
0
0
0
0
0
427
0
0
6090
0
6757
3751
0
6534
0
0
0
0
0
0
6710
0
0
0
0
0
0
0
0
6371
0
6081
0
3597
0
0
0
0
5238
3947
6972
0
4927
6802
0
0
0
4481
0
0
3176
0
2588
5961
4175
6312
1637
0
0
1344
0
6242
0
4646
0
6524
0
0
0
0
2121
6412
0
845
0
0
0
0
2598
0
5497
0
4856
0
0
0
1779
7122
136
6848
3892
5302
0
0
0
5535
6074
3371
1015
5349
0
0
0
2556
0
0
1239
0
1687
0
2720
753
0
0
233
5336
0
0
0
0
0
4759
0
0
4876
0
0
3440
0
0
5129
3059
0
0
0
4574
2944
0
3860
0
0
0
0
0
0
0
0
4490
366
1476
5346
0
232
6471
0
0
0
0
0
7129
2318
0
4469
0
0
0
0
4594
6371
4370
0
0
0
757
2853
0
4170
3826
0
0
3951
0
6591
27
0
4646
5629
0
0
0
0
1414
0
558
0
0
3917
0
0
0
0
0
0
6662
0
0
0
0
5584
0
0
0
0
0
0
3892
6565
0
0
6039
0
2947
6925
4538
1731
0
7096
0
0
3867
2219
0
5270
0
0
0
1865
0
0
3813
743
0
2497
6864
6461
0
6455
6888
2108
0
5387
5389
0
0
3435
0
0
99
0
0
0
5225
0
0
0
0
2775
0
0
0
3608
0
1033
0
192
0
4200
2743
0
0
0
1746
2660
6218
0
5240
2677
0
2249
0
0
0
0
0
4219
0
0
0
4148
5992
5345
0
0
0
1590
0
4038
937
0
0
0
6327
745
0
6311
0
394
7115
2833
0
0
0
1473
0
0
6515
0
0
2500
5602
6923
2757
0
460
0
0
0
0
0
5447
7161
4344
0
0
2296
0
0
0
6708
0
0
0
0
5422
6456
5992
0
6873
1929
6869
0
6910
0
5291
0
0
1163
0
1151
0
0
2685
0
0
4481
2120
3727
0
0
2633
0
0
0
0
0
1410
0
0
2331
0
6352
0
6795
4212
0
0
6038
0
0
0
0
1642
0
0
0
0
6679
0
0
0
0
6757
0
5601
5522
7139
0
0
3541
1875
0
0
7171
766
0
4061
0
2412
0
0
4557
529
0
3253
0
0
0
0
4023
5521
0
1853
5605
0
4742
4626
6752
0
7074
3036
0
0
4214
5000
1530
6348
0
99
6928
0
0
0
6338
5019
0
0
0
1906
0
0
0
4275
6473
0
7127
0
6756
0
5730
0
0
0
0
0
6390
5909
0
1311
0
0
5606
0
0
6312
1973
0
1459
0
0
2271
0
7083
0
7148
0
0
4668
0
0
5900
0
0
0
0
0
6687
0
0
0
0
6221
0
0
0
0
4937
945
5229
3359
5008
0
1812
0
215
0
5048
0
6492
4858
0
0
0
3872
0
4031
0
0
1091
831
6830
0
0
0
0
0
0
725
0
0
3830
4558
291
2771
0
0
4872
6120
6395
2021
0
5521
0
0
5974
0
0
0
7129
0
0
0
0
0
4735
0
1795
0
0
0
0
0
0
6434
0
0
0
6122
0
0
5167
0
0
0
6175
0
0
0
7004
6285
0
0
0
6427
0
0
0
0
3909
0
266
0
0
1594
0
0
0
2581
0
548
2864
0
0
0
0
1970
5671
1092
5821
6679
0
6111
5872
0
0
6487
5524
6098
0
4127
0
6562
0
0
0
0
0
6871
0
0
0
0
30
7097
0
0
0
6539
0
1760
0
0
2812
4428
4131
0
0
7045
3432
0
0
0
0
0
0
6731
0
5291
0
0
0
0
0
0
0
6992
0
34
0
6426
3200
0
0
1121
0
7086
0
5058
4569
6944
0
4958
0
5259
6381
0
0
0
0
0
1307
0
0
6931
0
0
6692
0
5695
0
0
0
0
6627
0
3388
0
0
0
5907
4066
6554
0
0
0
0
7073
5909
0
5559
7154
7166
0
0
0
0
0
4483
2001
6752
0
4377
5298
0
0
30
0
6280
6602
0
6676
1203
0
1080
0
0
0
0
0
451
0
0
0
0
0
0
0
1354
3316
0
0
0
0
0
0
6655
0
3658
0
5348
0
0
0
1198
0
0
0
0
0
0
0
0
0
0
0
4916
7146
5303
5472
0
3557
862
6958
0
0
6449
2988
0
0
0
0
0
0
3581
394
3256
186
0
0
0
2431
0
0
3897
5401
0
3231
0
0
0
4548
4643
0
1067
5057
6862
0
7097
7015
0
0
0
2698
5385
5042
0
0
0
0
4101
5628
0
0
0
0
0
0
0
0
0
0
0
7131
0
340
0
4086
0
0
0
0
6117
0
4308
2861
0
0
3314
0
3474
0
410
3920
631
0
2712
6804
0
4469
5215
0
0
6126
1658
2685
2212
6205
0
0
0
0
0
6588
7074
0
5884
0
0
0
6463
0
0
0
0
0
0
4833
4060
0
3379
4972
0
0
6004
5800
0
6695
4274
0
0
805
4992
0
0
0
6615
0
0
1795
1922
0
6882
795
3577
0
0
0
0
2790
0
3628
0
6072
0
0
0
3831
3216
2617
6804
4858
2368
5131
5201
0
0
0
6523
2204
6793
6557
0
0
0
0
5473
0
0
302
0
0
0
3338
0
1747
0
0
0
0
0
0
0
0
0
0
6006
834
5763
394
0
5025
0
0
0
0
5903
0
0
0
6426
614
0
2600
0
0
6453
6663
0
0
0
4631
0
705
0
5524
6655
0
0
0
5955
1146
0
0
0
0
4676
7059
6435
3013
1245
0
0
0
0
6564
2755
0
0
5546
0
0
5507
0
0
0
657
0
6895
2716
5688
1097
6443
0
0
198
5831
0
0
0
0
4695
0
0
4353
6463
0
3094
0
0
0
0
6901
0
5604
3640
0
0
0
0
0
0
0
0
0
0
0
814
0
0
3505
928
0
0
0
0
0
5115
7086
0
0
0
0
6541
0
0
6307
6742
0
0
0
6260
5524
0
0
0
6223
0
4920
0
0
0
0
526
0
0
7171
0
6554
6177
0
7061
0
0
6415
1269
0
0
6393
0
0
6564
0
0
0
496
0
0
0
3971
0
0
0
0
0
5800
1639
0
5557
0
6343
0
0
5431
0
4237
6694
0
0
0
0
1754
765
0
0
4284
1237
147
0
0
0
6710
6710
862
0
0
0
0
457
0
4756
0
0
0
0
6708
0
0
4047
0
0
4274
6773
6122
0
0
0
6975
4100
0
0
6957
0
4752
0
3682
0
0
0
0
0
6137
4283
7073
0
0
0
0
0
4624
0
5210
0
0
0
5979
0
3368
1013
5900
1190
0
0
4216
0
5000
5079
0
6553
0
0
5950
0
0
0
0
0
0
5201
4220
5688
0
0
0
0
831
0
5708
0
7052
0
0
0
0
0
5063
0
6462
2251
0
0
1450
6064
0
0
0
0
6048
0
0
0
6873
111
0
5094
0
0
0
0
5522
3472
0
0
0
0
6687
0
0
1386
0
0
5999
0
0
1332
4630
0
0
0
0
179
0
0
879
3518
0
0
0
0
0
0
0
0
4464
674
0
0
0
0
2212
0
7038
5884
0
0
806
0
0
0
0
0
2117
2008
3209
7037
0
0
4226
0
0
4203
4688
0
245
6162
7105
4980
0
0
0
2126
0
5955
0
0
0
0
0
2052
545
0
0
0
0
6761
0
4211
3145
474
2165
3709
1597
0
6750
4146
1552
6193
0
0
6216
2423
3267
6266
5626
0
0
0
0
0
0
0
0
3868
2940
0
0
0
0
0
0
4450
6136
5915
0
0
0
0
759
7040
0
355
0
0
0
6438
0
0
6794
1959
0
4702
0
0
0
0
3704
7167
0
615
0
0
0
5918
0
0
0
0
0
6645
0
0
0
0
0
0
1026
0
153
0
3267
0
0
0
0
616
6647
0
0
0
0
0
6972
0
0
5508
0
0
0
5031
0
0
0
363
7170
0
1844
6742
3030
0
0
1515
0
6700
0
4473
0
5705
0
0
0
0
0
6473
6279
0
6830
0
0
1547
4408
1350
0
7116
6142
0
0
7169
0
0
0
0
0
0
0
7030
0
7037
0
0
5261
0
0
0
0
279
0
0
0
0
0
0
47
5292
0
6896
6877
7040
0
0
5455
3190
0
0
299
0
0
0
6394
0
6209
0
0
6776
6397
0
0
0
0
6280
5293
0
6831
0
6763
0
0
0
0
4965
0
5135
2714
0
0
0
0
0
0
1651
0
6528
0
4545
0
3870
0
0
0
7168
0
0
0
0
0
4465
6616
3541
0
5196
6609
0
0
3163
0
0
6702
3499
0
5640
5387
809
0
0
6431
6793
6209
0
4871
1435
182
0
0
6170
4819
5955
0
0
4829
5467
4328
0
0
0
6019
0
0
0
6368
424
7099
2036
3635
7022
0
6679
434
6880
6029
0
64
7000
0
3579
3957
4430
0
0
7052
0
5782
0
1876
0
3257
6602
6971
0
0
5426
0
5791
0
6201
0
0
0
0
0
0
0
0
5768
0
0
0
0
0
3474
3482
7056
5825
5212
0
0
3892
0
0
0
4959
0
0
0
0
0
0
0
1456
0
0
0
0
0
2965
3514
1388
0
0
0
0
0
0
0
0
0
0
0
0
0
2178
0
5094
0
2241
0
0
0
0
0
0
0
0
4079
0
0
0
5503
0
6961
0
2152
6846
865
0
0
0
0
0
0
2034
0
1768
0
0
0
5952
0
3739
0
7003
0
0
4709
6794
1917
0
0
0
0
0
0
0
4885
2899
3919
3441
4953
0
0
6094
0
0
6152
0
566
0
0
0
0
3817
5672
6983
0
0
4940
2163
0
6525
6081
5789
6680
0
2608
6626
0
0
0
5258
0
7073
0
4805
5589
0
1753
0
0
6270
0
0
0
2907
0
7000
0
6837
0
2038
0
5167
0
0
1033
0
3561
6830
0
0
0
5952
0
6726
0
0
0
1654
0
0
4834
18
5495
0
0
0
2755
412
5373
6428
6731
0
0
0
2219
0
0
6348
0
7032
5508
6288
4428
0
0
3948
0
0
0
6954
5629
0
6862
0
4548
6485
0
6482
0
549
4820
0
5371
0
0
3549
0
7135
0
4428
2685
0
6904
0
3419
6888
0
0
0
0
3863
5472
0
0
2091
5894
5866
5656
0
0
0
0
6379
5215
0
6616
0
4887
0
0
0
0
0
0
7055
0
0
0
0
0
0
3555
0
0
6700
7170
0
2790
0
4370
0
5574
0
0
0
0
0
0
0
3511
0
0
6662
0
0
0
0
4237
0
0
2007
2107
0
0
0
6909
0
0
0
1652
3460
545
0
6118
0
6410
756
2021
0
0
824
0
0
5182
6027
0
0
6019
2249
6576
5139
0
0
0
4870
4252
6825
0
0
2841
0
0
0
0
0
0
0
1043
0
0
6802
0
1827
5870
0
6218
5401
6710
0
900
6417
3645
3533
2995
0
316
3106
0
2291
0
0
0
5991
0
3113
0
3686
6149
3216
0
5038
0
0
384
0
1520
0
6109
0
0
2051
0
2529
4828
712
472
0
4316
6510
2238
3281
0
0
0
7097
0
7133
5383
0
0
336
0
0
0
0
6185
0
1226
3156
0
0
3460
7051
0
4093
6564
0
6461
0
6786
6584
5259
3432
1533
6138
4249
0
1586
0
0
0
0
0
2380
0
6688
0
0
4049
6534
728
0
0
6830
0
5545
0
0
0
2413
6087
0
0
0
0
0
1631
6397
3706
0
1759
0
5143
0
955
2875
0
0
3183
5197
5823
932
0
0
5229
0
0
3569
0
0
5972
6520
0
0
0
4996
0
0
0
0
210
3375
6369
5695
0
6383
5057
0
0
5859
0
2238
7004
6956
0
0
6939
0
4531
0
0
0
3275
1450
3201
6202
0
0
2276
0
0
3511
0
0
0
0
5942
0
4093
0
6473
0
0
2766
0
5988
7129
6881
0
0
0
0
0
0
250
5178
0
0
0
6677
1916
0
0
0
3981
0
0
0
4695
0
0
0
0
0
4473
0
0
0
0
0
5318
6502
4992
3012
3026
6973
0
4739
0
0
0
3947
5782
0
0
0
0
0
6324
6901
0
0
0
0
0
0
4203
0
6353
0
0
0
0
0
4259
0
6487
6609
4571
0
5554
6191
0
0
4405
6899
5376
3300
5978
0
764
0
7170
0
0
1606
6744
5806
0
6651
0
0
0
0
279
0
0
1962
0
1302
0
5260
6883
0
0
0
6204
0
0
0
0
3987
3571
0
4761
0
0
3837
5286
4537
0
0
2072
0
0
0
0
0
0
0
3146
6552
0
4599
0
0
0
1185
0
0
1155
0
0
7098
6280
0
0
0
0
0
0
1968
0
0
1616
0
0
4743
0
90
0
0
0
0
4127
0
6461
5915
0
5484
0
0
0
4909
0
0
0
0
0
0
6301
0
3302
1174
0
6252
3991
5477
412
6193
0
7061
0
0
0
1200
7154
5033
0
929
6211
0
6307
3102
3558
6907
0
0
6520
19
0
6901
0
0
0
0
6046
0
0
6325
0
0
0
1834
0
0
5606
0
0
2015
0
2924
0
0
0
0
0
0
0
0
3239
0
3418
0
0
0
0
0
4203
0
7034
0
3690
3201
6512
6750
2703
0
6486
0
0
7172
0
0
1910
0
0
0
0
0
5949
0
0
6362
0
0
0
0
0
0
0
0
0
0
0
6923
0
3435
0
0
5848
0
2114
0
0
2091
6419
0
3158
0
0
0
0
0
0
0
0
0
0
2219
0
5789
0
0
0
2431
0
0
1834
0
1113
0
0
0
0
6341
844
0
3256
0
0
5462
5742
3902
0
0
6677
5063
5841
0
3441
0
5050
0
6096
0
6000
4752
0
0
0
2665
0
0
5944
7141
1853
0
0
3771
0
0
4702
4237
0
2937
0
0
7118
0
0
4424
7168
0
2205
0
7145
0
0
0
5200
3586
0
0
5108
0
0
0
0
0
0
0
6441
3770
6261
0
0
1597
6885
7103
0
4418
0
3482
5393
0
756
0
0
0
0
0
0
0
3837
0
0
3761
0
0
1773
2126
0
6136
0
5822
0
6717
2193
6458
3506
0
0
3398
0
7097
0
0
0
6532
6440
2129
0
0
0
1664
2033
0
0
6592
0
0
2285
0
0
0
0
6436
6192
0
0
0
0
0
0
0
0
0
0
0
0
3707
0
0
4790
2296
0
0
6369
0
0
0
4992
0
6577
0
2097
1846
0
0
0
0
0
0
0
4284
0
5038
383
7040
0
6085
0
0
0
4347
0
0
0
4387
0
0
6136
0
0
15
4469
6616
0
6234
0
0
0
6968
0
0
0
843
0
1738
0
0
0
0
6436
4388
4093
4002
0
3992
3841
6694
0
0
0
0
0
0
0
2707
0
3798
0
0
0
2971
5596
4428
0
5916
0
6897
6896
0
3672
0
0
0
0
6852
0
0
6325
6327
5209
7172
0
0
7100
0
5623
5401
0
0
0
1556
4508
0
0
4469
0
0
0
0
5728
0
0
0
0
0
0
4474
0
0
6999
4537
4259
0
0
0
0
0
0
0
5048
3065
0
0
5837
1417
0
2939
0
4309
3188
0
3256
3511
0
5943
3019
5795
0
1389
0
6908
0
0
0
2737
3830
1823
5332
0
4499
5155
0
0
0
7103
0
3385
5943
0
0
0
0
0
232
6352
0
0
0
0
0
2360
6459
0
6246
0
0
0
0
0
0
0
0
0
5876
0
0
6364
0
0
0
0
0
6950
0
0
0
0
6420
4215
0
6566
0
0
0
0
0
0
4013
460
262
0
6793
0
5140
5631
0
0
0
7001
4525
0
0
0
0
0
5228
0
1619
566
0
0
0
0
0
0
6666
0
6795
0
0
0
0
6531
3398
0
1754
6269
6553
4020
2165
0
0
0
0
0
0
0
0
0
0
5417
5969
0
1928
0
0
5756
0
7097
6083
0
0
0
1241
5989
2457
0
0
3742
0
6394
4993
0
6667
3036
1476
0
4428
0
3224
0
0
0
0
5920
1833
0
6655
1805
0
6708
0
0
0
0
0
1982
0
0
0
0
1255
0
0
5314
7004
1430
0
4801
0
0
0
0
0
0
0
0
3255
0
0
706
0
0
4859
0
4047
5612
0
0
0
0
0
6472
0
0
0
0
3829
0
0
0
0
0
0
0
6957
0
0
4342
0
5708
5009
6168
0
0
0
6627
6690
6690
0
0
0
3912
0
7027
0
0
4512
7128
5528
0
4939
0
0
0
1897
4996
2903
0
2557
6136
0
0
3099
5241
0
0
6888
1276
0
6960
1777
0
3725
7042
4620
0
0
0
6756
0
0
5010
0
0
0
0
3665
6774
0
0
0
5008
979
0
0
7173
0
6830
2384
6143
6276
1627
0
4548
0
0
0
0
0
0
0
0
528
0
5955
0
0
0
0
5792
7171
2430
5400
4972
6119
0
6379
4795
0
6039
0
0
0
2742
807
0
0
1004
0
0
6470
0
7082
0
6613
6935
6726
0
0
0
0
4488
1262
0
3591
0
0
0
0
5372
0
0
5382
1652
0
0
0
0
6849
0
0
0
0
6959
0
0
0
7004
2015
5673
3963
6601
0
0
6774
4357
0
3945
0
0
6034
0
4559
0
0
0
0
0
0
0
0
0
0
5539
5867
0
1913
0
0
0
0
2295
0
6347
0
6280
1861
2841
0
0
0
5547
0
6286
6113
0
0
3541
0
0
6609
6747
0
0
0
1195
5539
2122
0
2292
0
0
6781
0
0
0
0
6341
0
2339
5254
5129
0
6561
0
0
4297
1595
5349
6567
6138
1602
0
6862
0
2735
1090
1617
0
0
0
6197
6402
0
0
0
0
0
6627
1704
0
0
0
0
5740
0
0
6038
0
704
0
2901
0
1901
0
2771
3785
0
0
0
3124
2352
0
2396
1160
2647
0
4894
0
6626
0
3612
6927
0
2627
0
208
0
4078
0
0
3235
0
0
0
4884
0
0
0
7147
0
3173
6844
6448
5167
6778
3976
19
6279
0
0
0
6605
0
0
889
6487
3963
0
0
0
0
1092
0
0
0
0
3810
0
5437
0
0
0
6239
1778
0
0
0
5286
0
0
0
6095
0
0
0
0
0
0
6101
868
0
0
0
0
0
6122
0
0
0
6239
0
0
0
3704
0
0
0
5094
0
3267
0
5943
0
2693
0
2683
5203
0
7041
3260
0
5978
1200
3605
0
4601
0
814
0
4201
0
4453
0
0
3370
0
557
0
0
0
5877
0
0
0
1875
6973
99
1006
0
0
0
0
5673
0
4043
0
1215
136
6712
1709
0
4050
5167
0
0
0
0
2584
0
0
5768
0
0
4484
0
0
0
0
0
7147
0
0
0
0
5126
0
0
5918
0
0
0
6246
0
5728
3856
3130
5972
2418
0
0
0
828
0
0
0
0
0
0
0
771
5104
0
6710
0
0
4771
0
6448
0
0
0
3730
0
4005
0
0
0
6636
7020
4904
0
0
0
5507
0
0
3335
0
0
5889
549
0
0
0
0
4537
1931
2285
0
4545
1402
7089
0
114
0
0
3631
6525
0
0
6426
0
7138
5909
0
4829
2951
0
0
0
3421
0
0
0
0
3533
6922
0
0
0
4637
0
3491
6587
0
118
0
244
1459
2441
2532
1343
3966
0
0
0
4233
0
0
0
2041
0
0
1266
0
0
0
0
0
0
0
0
0
5865
0
4428
0
7128
0
4722
5770
0
0
2284
0
3171
7122
0
0
0
5924
6738
0
0
0
0
0
0
6708
3010
5632
0
5347
7118
0
6752
4355
828
0
0
0
4891
5005
5992
0
6834
0
0
0
0
0
0
3879
0
0
3540
6809
0
2581
6440
0
0
0
546
2767
0
0
6622
0
0
2152
0
3281
0
0
0
0
3687
0
3220
6545
0
0
0
0
0
6862
0
2689
6898
2901
0
0
5915
6530
0
3706
0
6882
0
0
0
0
1210
0
0
2177
2961
3752
2948
3399
2417
0
0
0
1741
6347
1762
4816
0
0
0
0
4200
7057
3798
0
4530
0
6709
5793
0
0
4622
0
0
0
0
0
0
0
0
0
0
5627
1117
5010
0
0
0
0
0
0
1191
3201
0
2300
0
4695
2385
0
782
0
0
0
0
0
0
0
5172
6540
0
6655
0
0
0
0
2607
0
0
0
0
0
6631
0
2447
0
0
0
0
0
0
5399
0
0
0
5613
0
0
458
0
0
3861
1288
166
7029
4546
6673
3045
2285
0
0
6773
0
0
5747
0
5776
0
274
0
3337
6419
7104
0
0
0
0
3216
6049
0
6793
7052
0
0
2157
0
0
0
5778
0
0
3434
6957
0
0
7042
0
0
2352
0
0
0
0
0
0
4214
6421
0
0
0
6867
3617
0
0
1582
0
6343
4175
4894
0
0
0
0
0
0
3661
0
0
4219
0
0
5403
6889
0
4577
5688
0
2281
4928
0
0
3823
0
0
0
0
0
0
2282
3905
5310
0
0
0
0
6964
0
5009
0
0
2137
0
2816
0
0
1233
6060
0
4503
0
0
0
6864
0
0
0
6960
4483
1425
1865
0
0
1155
212
0
2761
47
3755
1535
6514
7016
0
0
0
4918
0
0
0
0
5405
6691
0
0
1185
0
0
0
0
0
6764
0
0
0
6251
0
0
0
0
0
0
0
0
2665
0
0
1029
0
0
0
5959
380
0
0
4006
6401
0
0
1779
0
0
5285
0
6319
0
0
0
0
0
0
906
0
6241
0
6405
6101
394
6655
0
0
0
6463
520
6154
3992
463
5232
0
0
6496
7086
0
776
0
6554
0
0
0
4883
0
0
6854
0
4752
6369
7055
0
4447
0
6431
3874
0
2562
0
3949
0
795
3948
0
0
0
3702
0
0
0
1245
6537
0
0
0
0
7154
797
6680
2403
3871
6660
0
0
0
6307
4226
0
0
0
6381
0
0
0
6460
0
0
0
1378
0
6809
4715
0
0
6262
5976
0
2136
3605
5999
2512
4710
1456
0
0
0
0
3382
0
0
0
6336
5042
6119
0
0
0
897
4148
0
0
0
0
0
6564
0
5309
0
0
0
387
1794
808
0
0
0
0
0
0
0
0
6431
0
0
0
7035
0
0
4333
0
6793
0
7113
6363
2846
0
880
557
0
0
0
0
3631
0
0
7166
0
4710
0
6531
5686
6086
6823
0
0
6120
0
0
7015
0
0
0
0
5877
0
0
0
0
0
6438
6415
0
1459
0
0
0
0
2580
0
6547
5959
3175
414
0
0
0
0
7100
3309
0
0
0
4710
4661
0
499
6578
0
0
0
0
2962
0
0
4426
4736
0
0
3971
2234
0
0
6871
5037
0
3987
0
0
2893
0
0
0
0
0
3506
0
6154
6742
0
6564
0
2407
5965
0
0
649
5413
0
0
0
0
792
0
0
0
0
0
0
0
0
4355
0
0
0
0
208
6688
0
0
0
0
0
6119
5763
0
0
6549
0
5179
3827
0
0
0
0
3367
4191
6415
0
4846
0
0
0
0
0
0
6153
0
0
3019
1247
0
5951
4583
0
0
0
0
735
0
5014
6381
0
0
6531
4009
0
0
0
6380
5314
0
0
0
2457
0
7117
3456
0
0
7130
0
6531
0
0
0
6935
5128
0
0
0
0
0
952
0
0
2067
3298
0
0
6369
3554
0
0
0
5159
0
6122
0
0
5009
0
0
0
0
3499
3158
0
0
3591
0
0
0
6935
6344
6972
1138
0
1994
4656
0
0
0
0
0
5184
0
6731
1498
319
0
0
0
0
0
6609
4816
4713
0
6123
0
0
2439
0
0
3876
4706
5050
5784
2447
6365
0
0
0
0
0
0
0
0
0
0
7128
0
0
0
4954
801
3970
0
0
0
0
6459
0
0
1602
6098
7163
2180
2124
7130
3750
0
1297
7136
0
2557
0
728
0
0
0
0
4111
0
0
595
0
4475
0
0
6401
0
0
0
0
0
6463
5392
6537
5911
6578
0
0
0
6903
0
3649
0
0
0
0
0
5918
4013
6592
0
0
0
0
1535
0
0
0
2431
0
6782
0
0
0
0
0
0
5177
4970
0
0
0
5756
6788
1884
4744
0
0
6908
0
0
0
0
0
0
3049
0
0
0
4952
0
0
5916
6849
0
1647
0
6118
0
0
0
5209
0
0
0
0
4443
0
0
6972
0
6072
5689
6086
0
0
0
4620
0
2736
0
0
0
6628
0
0
0
0
5233
0
0
0
6910
0
0
0
0
0
0
0
0
0
0
0
0
0
0
0
0
0
0
3490
0
0
385
0
0
0
0
0
6512
0
5161
0
0
2497
0
0
3865
0
0
0
0
6463
0
4264
1930
0
3767
0
0
5394
6427
0
1332
4782
0
0
6995
1495
0
3431
0
0
0
0
6361
6564
0
0
6420
0
0
5381
0
4393
5048
0
6542
2559
0
1570
0
0
0
5055
0
6763
0
0
0
189
0
0
0
0
0
1782
0
0
0
0
0
1282
0
5960
2899
5972
0
6477
4085
0
0
0
1141
0
0
0
0
2553
0
0
1087
6378
0
0
0
0
0
5348
4896
5972
0
4461
0
0
6091
0
6919
1223
1268
0
0
4429
0
0
5647
0
6457
0
6120
5491
0
0
0
0
0
0
0
6776
0
0
0
0
2883
0
2178
0
0
0
4445
0
0
7170
0
6516
2566
6956
0
7172
0
0
0
0
2158
0
7121
0
0
0
5349
0
0
0
0
1566
0
3581
1364
0
2111
3960
0
7171
3308
0
0
5821
0
0
6758
0
0
0
427
1079
5439
6146
0
0
0
4126
0
3718
0
6777
5741
5626
0
6862
7168
0
6822
0
2188
6492
0
5991
927
0
5866
0
0
0
2018
4259
7099
1805
3506
3792
0
0
6581
0
0
0
0
0
0
0
0
0
0
0
0
0
0
4742
0
0
955
0
3055
7071
7146
0
0
1856
4127
0
0
572
0
736
0
0
5684
0
2549
0
4028
656
0
0
4758
0
3421
0
0
0
820
5203
0
0
0
0
0
6750
3540
0
5626
6831
4484
5664
0
0
0
0
0
6541
5508
0
0
0
3419
0
6935
2740
0
5039
0
3867
6992
0
0
4630
0
0
4130
0
0
2500
7118
0
961
0
0
0
0
4461
109
6088
0
2109
5517
5258
0
3827
0
6092
0
4237
0
6777
0
0
0
0
1741
0
0
0
2119
5714
0
0
0
5431
0
5848
7156
0
6899
5973
3602
7140
4958
0
6462
299
5559
0
6191
5182
4206
3585
0
0
0
0
6192
0
0
7161
0
2021
4346
427
0
0
3306
0
0
0
0
0
0
0
0
6904
0
6846
2554
0
0
0
6856
4198
1853
0
0
0
0
5786
0
0
3440
0
3399
0
0
0
6616
7171
0
0
6217
5400
5676
4622
0
0
0
0
0
0
6853
3074
3674
0
6622
0
0
0
0
0
0
0
0
0
6331
0
0
0
0
7003
0
5312
0
0
0
0
3828
993
997
0
0
0
0
0
0
0
0
0
0
5777
4465
5326
0
3294
0
0
0
0
4070
0
7040
6209
0
4540
6048
0
6831
0
0
0
2832
0
6908
5392
0
0
0
0
1053
4842
0
0
0
969
0
422
0
0
5093
0
0
6642
0
0
1651
0
0
0
3730
0
0
0
1624
0
0
0
0
0
0
0
7089
0
0
0
5410
6520
6118
0
0
0
5728
3281
2698
0
6457
6460
3063
6710
0
6280
4615
0
0
0
0
0
0
0
1554
6925
0
2847
4903
0
0
0
0
5579
0
0
0
0
0
4283
6121
0
2217
0
0
6644
0
0
0
6443
2360
3329
0
0
0
3817
5110
2537
0
7074
0
0
0
5643
0
7108
0
5169
5256
6627
6143
545
5264
818
0
35
0
0
0
6975
0
0
6851
0
1885
0
0
0
3610
0
0
240
0
0
0
0
0
0
0
0
1554
0
0
0
1309
0
1356
0
0
0
608
0
0
6679
0
0
0
0
0
4790
6103
0
0
0
6110
0
4147
0
0
0
0
6777
6680
0
0
0
0
0
0
0
0
0
0
0
0
2143
0
166
5547
0
2461
0
5849
0
6808
0
4894
6298
7175
2036
0
6741
0
0
0
5650
5379
0
0
0
0
1827
0
0
5117
0
0
0
0
4250
0
0
0
0
0
0
0
0
6412
0
0
0
6590
0
0
0
0
0
5009
0
3916
0
0
0
0
4065
7127
5145
1054
0
6973
0
0
3570
0
0
6571
0
0
6606
6008
0
0
1476
0
1903
6419
6650
0
3727
0
0
0
1527
4113
0
0
6061
506
1343
0
0
0
6901
6346
2339
0
0
946
0
0
1128
0
6242
0
5605
0
0
0
0
0
6280
0
0
0
3690
1659
4143
986
5074
0
0
0
0
0
2085
0
4188
0
0
2861
5786
0
0
3951
0
1056
0
6628
381
0
0
3981
0
0
4763
0
0
0
0
3976
6346
0
0
545
0
5048
0
0
0
0
0
0
0
2284
6700
172
6580
738
4862
0
0
3402
0
6894
0
2450
6024
0
5322
0
0
0
0
0
7096
438
0
0
0
3875
6390
5776
0
6443
0
1876
4871
6782
6944
1720
0
6067
0
0
0
4853
1060
0
0
75
0
6774
0
0
865
0
0
2766
4554
0
0
4274
0
0
0
6968
0
0
0
2269
0
0
0
0
0
6731
1467
0
0
6831
0
0
1281
6463
6240
0
463
0
0
0
0
0
1024
1897
0
0
4814
0
0
0
7119
7155
6204
4428
3770
0
0
6835
0
0
0
3703
5526
0
3789
703
364
6552
0
0
0
4062
0
6525
0
0
4898
0
0
0
0
0
3186
0
2940
0
3649
0
5353
0
0
5693
5768
0
0
3158
0
4706
0
7150
4370
0
0
0
6566
5499
0
4882
0
6285
0
0
6122
1844
0
5063
0
0
4593
311
0
5648
3155
0
4314
4952
805
4614
2277
0
0
3614
0
0
0
6421
0
6177
7112
0
0
6862
0
0
0
0
5490
0
0
6091
0
2914
0
0
3700
0
0
0
0
0
0
0
0
0
0
0
0
1431
0
0
0
0
2625
5504
0
0
0
0
0
0
4946
4290
0
0
2360
6907
0
7019
3800
0
6776
0
0
7169
0
0
0
0
0
5078
6735
5508
5258
0
4871
0
720
7088
0
0
0
0
325
0
6671
0
6542
0
0
4949
0
4739
5539
0
0
6120
0
6212
0
502
5681
0
0
0
0
3007
5263
2036
0
7042
6167
0
6204
0
0
5467
0
5593
0
0
0
6120
0
4610
0
0
3027
0
0
0
0
0
0
3667
0
0
4953
955
6072
4030
5949
6613
3913
6602
373
394
6573
0
0
0
0
6410
6486
0
0
4780
0
4784
7024
0
6581
0
1740
0
2459
321
0
0
0
0
6912
0
5997
0
0
4259
0
0
373
0
5485
3063
4257
0
0
0
0
0
0
3103
0
0
0
0
1853
2201
0
23
0
6121
0
3178
5216
0
0
2615
1834
0
0
0
0
0
0
0
1347
4209
0
694
1263
2820
4970
0
0
4984
0
0
5524
5399
7041
5499
0
0
0
0
0
4811
7038
0
0
0
1680
0
0
0
0
6977
0
0
0
0
0
0
0
996
213
0
0
2235
0
0
0
3804
0
0
0
0
6459
0
6295
0
0
5738
0
0
0
4005
0
0
5455
0
0
4469
0
0
0
0
6320
0
0
0
6550
0
0
1093
0
170
0
6063
0
0
5383
6137
0
0
0
0
3706
0
0
0
0
0
0
0
2817
5133
4220
6691
0
4209
6993
0
0
6964
5202
0
5678
5876
725
0
0
0
6530
3281
1752
1389
0
0
0
0
0
0
0
0
0
0
0
6042
4070
0
5917
1846
4683
6104
0
0
0
0
0
6110
0
1932
0
0
0
0
0
4313
0
0
3678
5044
0
814
1297
1109
1458
6987
0
0
0
6623
4624
0
0
0
0
3812
0
0
0
2443
0
0
979
759
0
4643
6285
6364
6717
0
0
0
7170
0
0
0
0
2055
0
0
0
0
4871
1212
5567
0
0
2427
0
0
0
0
0
4669
4857
0
0
0
0
0
0
7148
2795
5332
0
0
0
0
0
0
1985
0
0
0
0
0
0
0
7158
3200
0
2583
0
0
5174
0
0
0
0
4851
0
0
0
0
0
0
0
5476
0
1611
0
0
0
2796
0
0
6191
6902
0
5211
2347
0
4695
0
6519
0
136
0
0
0
0
0
463
3489
1782
2585
0
6627
1642
4661
0
0
0
0
0
370
0
0
5108
0
0
753
0
0
0
7072
0
2147
1501
0
0
6710
4844
0
0
0
0
0
0
778
0
6531
0
4597
7015
5906
0
0
0
2322
0
7157
0
4566
0
0
4499
6880
0
0
6110
3281
2807
0
4845
7062
0
0
2441
0
6751
0
0
0
0
0
0
6892
0
0
5647
0
2330
0
0
0
1787
7022
5383
5643
0
6959
0
0
0
4624
0
4483
1782
0
0
0
4258
2284
0
6616
5878
0
0
0
0
7098
0
0
4830
0
0
6973
6060
0
4880
7001
0
0
0
0
0
5559
6380
6312
1754
0
0
0
6035
0
1287
0
5204
3973
0
467
7080
6280
2009
6705
0
6895
0
2585
4518
155
0
0
0
0
6096
0
0
1559
5482
0
0
7010
5387
5258
0
985
170
3044
0
131
5413
6881
486
170
0
1196
3133
0
5771
0
0
6060
0
5484
0
0
3400
0
6717
0
7072
0
28
0
0
0
2006
0
0
6684
0
0
0
0
0
6380
3043
0
1897
0
0
0
0
1029
6707
0
4763
0
0
0
6463
7062
0
178
0
0
1010
213
0
0
0
2861
0
0
0
0
0
0
0
0
0
0
6791
236
794
0
0
6886
4274
6808
1343
4346
4499
0
0
7157
0
4220
0
0
0
0
0
0
0
0
2629
6957
6448
6924
0
0
0
0
0
7097
0
6192
0
0
0
0
0
6379
0
0
0
0
0
0
0
0
0
1652
4619
0
0
0
6685
1718
0
0
6676
0
0
0
5232
0
0
0
6678
0
0
0
7015
6534
2457
6605
0
7138
0
0
0
5899
0
0
6628
0
1821
6222
0
0
4373
0
0
7171
5730
3026
5184
0
1854
0
0
0
1689
0
3950
5285
5756
1684
0
0
0
0
2076
2076
0
4775
6081
0
0
0
0
0
4511
0
0
0
0
0
2274
0
0
0
6531
0
5672
6712
4159
561
1215
0
0
0
4488
0
4137
0
1556
0
0
5260
6566
3698
0
3571
5785
5297
4946
3467
0
0
6517
6629
5954
0
0
0
5570
0
0
0
0
0
7066
5493
6537
0
0
3541
7146
7015
4128
1053
0
0
0
0
0
0
0
0
2601
0
0
0
0
6814
0
0
0
0
0
0
7015
0
3798
0
0
3773
0
0
0
0
0
919
0
0
0
0
0
0
0
0
0
0
6462
0
0
0
4469
2152
0
0
0
1409
0
0
0
0
0
3339
0
4373
0
0
0
0
0
6207
0
0
0
6581
0
0
0
0
2406
7175
2854
0
0
6581
0
3158
0
0
0
0
0
0
7074
0
1859
6711
4323
0
6991
0
1377
6193
0
7172
519
0
6841
0
0
6357
0
5387
0
0
0
0
0
6088
4154
0
4793
4904
0
5848
1671
5883
5989
7015
1652
0
0
0
0
0
0
0
6972
2600
3321
0
6461
5590
3489
0
3115
4881
2965
6364
0
0
2249
0
4927
0
0
0
0
0
79
0
0
0
0
0
0
2430
0
0
0
0
6239
0
0
0
4346
0
3841
0
0
1390
6443
0
0
5363
690
0
0
0
4753
3013
4901
0
0
5625
0
0
5202
6616
0
0
7116
0
0
6802
2974
7035
0
6812
0
0
5455
3398
0
0
2448
2820
4758
0
4383
0
6193
0
0
4939
458
0
6656
6290
0
0
0
5766
0
0
2001
1429
0
0
6492
0
1091
0
4174
623
7170
7074
3813
0
0
0
0
6956
6571
5517
5612
7169
5232
0
4470
0
0
0
0
0
0
0
0
0
2209
0
0
0
0
0
1949
6415
5985
0
0
0
0
4254
0
0
0
2152
0
0
0
344
4075
0
7171
6622
0
6038
1164
0
0
0
6663
0
0
2382
424
5642
0
6280
0
0
0
0
0
6663
7175
0
3832
0
6616
0
4055
0
0
0
0
6980
0
4540
5966
2099
0
0
3628
3727
6154
6420
0
0
845
5688
0
0
1332
0
0
3076
4754
6678
3095
602
0
5389
0
2440
6042
0
0
3649
5454
6109
6462
0
5174
3699
0
1157
0
0
4557
0
0
0
0
0
0
0
5877
0
6616
444
0
0
7073
0
4055
0
0
6594
0
0
6800
0
6136
0
0
0
0
0
6416
1423
0
0
6630
751
0
6773
0
0
0
0
0
0
6616
1039
0
0
4447
0
0
0
1676
7171
0
0
2476
0
3722
5765
1473
6621
0
2901
0
0
4196
0
4028
0
0
0
4376
6886
7124
5179
0
0
5521
0
1083
6007
7154
3028
0
0
6020
0
0
5232
0
5473
0
0
0
472
6630
6274
0
6980
5776
0
0
3121
0
0
6201
0
0
0
0
0
0
6398
4801
3800
0
0
6176
2938
1081
6823
0
0
0
0
0
6974
0
0
4599
339
0
5516
0
6048
6935
0
6943
0
0
0
0
0
0
0
0
0
2864
6302
3195
0
4842
0
0
0
6463
1578
0
5526
0
0
0
2542
5739
0
312
3914
0
0
0
0
0
0
0
0
0
0
4995
5419
0
0
7101
0
0
212
0
0
0
3851
0
3636
5914
5671
0
4233
1281
0
1760
0
0
1810
0
2981
0
0
0
447
6120
0
0
0
796
2372
2892
0
0
5085
0
0
0
4754
6955
0
0
0
0
0
0
0
0
0
0
3279
7072
0
0
5774
0
0
0
20
0
0
6674
3871
0
0
0
4829
5261
0
6709
1336
6689
0
0
0
4447
0
0
4428
0
0
0
1160
6832
4155
5727
0
0
0
0
5996
0
0
0
3500
0
7082
0
0
3977
6708
0
0
1943
7041
0
0
0
0
0
0
0
0
0
0
0
0
2755
3004
0
5722
6397
6956
1924
6095
7129
3626
945
748
1413
0
6239
6871
6691
0
0
0
0
0
0
4075
0
0
6358
1266
0
1912
0
6973
0
0
6819
0
1741
0
4409
0
3973
0
2494
0
434
0
0
0
0
6380
0
0
0
3175
0
848
0
2142
5894
0
0
0
0
0
0
6904
3321
0
0
0
0
2368
6864
0
2629
0
6331
0
6795
0
0
0
0
0
2805
0
0
0
0
0
0
3482
215
0
3965
0
0
5025
0
0
5521
7155
0
1151
4683
6514
6167
2671
0
0
0
6845
7170
0
0
6663
0
0
6493
3981
5234
0
6279
0
0
7101
0
0
0
0
6487
1038
0
0
0
6814
6662
445
7025
0
0
2896
0
0
769
3469
0
5694
0
6987
3568
0
2494
0
0
0
0
0
0
0
0
6326
6561
1768
0
1263
0
6541
0
2499
0
0
6196
6916
0
0
7142
7025
5590
5410
0
0
0
6280
4904
0
0
0
6854
6662
0
6682
0
0
0
2413
0
0
0
0
3095
4972
2972
3158
4817
4229
0
2932
0
756
4630
2943
0
0
5303
6280
4308
2730
0
0
0
0
0
0
5441
0
0
0
1947
0
1868
6541
0
4469
6882
0
0
0
5540
0
1896
0
0
0
0
0
0
0
0
0
7078
6887
6726
0
6617
0
0
7073
1264
0
1031
0
0
6578
0
0
0
0
0
0
0
0
6060
1155
4155
0
0
6531
6369
0
5476
3190
0
0
0
0
5975
81
2231
6630
0
0
0
873
2217
0
0
0
0
5618
0
0
0
0
0
2075
6325
0
0
0
5588
0
5111
0
0
0
0
0
0
0
7043
0
0
0
0
1343
0
0
0
0
2033
0
5430
4079
0
1036
0
0
0
0
0
0
920
0
0
0
0
0
3028
4370
6335
6888
3874
4131
7140
0
0
0
0
4830
5609
0
6831
0
7073
0
0
0
0
0
4859
3504
5474
2637
6760
0
0
0
0
0
0
6462
0
0
0
0
527
1629
0
6757
0
2219
0
6211
0
5716
4226
0
0
5314
2875
0
3605
0
344
0
0
0
0
0
1645
0
0
0
4812
2500
4401
2755
0
0
6078
0
235
0
0
6381
0
0
0
6957
2726
1077
0
0
1367
0
0
4960
0
5033
0
5858
6551
6933
0
3595
813
0
1853
1155
0
7147
0
6285
0
0
0
0
6632
4834
0
0
6575
6531
1308
4694
0
4427
0
5306
5738
2178
0
0
5553
0
0
0
0
0
0
0
2584
5665
2440
6336
0
0
0
0
0
0
0
0
6914
0
0
4338
6884
0
4833
0
3755
4261
4620
0
0
3824
0
0
0
0
2937
0
6752
5389
0
6553
6162
1944
950
1410
6205
0
0
2951
0
2763
0
0
0
0
7170
0
5936
0
0
0
0
5619
4813
6456
0
6775
6946
2629
0
4024
6627
0
4946
6710
0
5791
0
0
0
4911
0
6344
199
0
0
0
0
6830
0
0
0
1962
2095
0
6109
0
3592
0
0
0
0
0
0
0
7168
5669
5973
6849
0
4706
0
0
408
0
6279
5602
0
4670
207
3571
7134
0
0
0
1882
2086
0
0
6380
4566
0
3672
32
0
0
1155
0
2707
0
0
0
0
0
0
0
1431
0
3107
0
0
0
0
0
0
4960
4890
6708
0
0
5958
0
0
0
0
278
0
3725
1938
0
0
0
3733
0
0
0
0
5906
4469
0
0
0
0
0
0
0
0
0
0
0
0
4321
5873
1326
0
6323
0
5429
0
0
0
0
0
5446
2793
1979
0
0
0
1423
6519
6856
0
0
0
0
4442
0
0
4912
0
0
0
6972
0
7118
0
3789
1870
0
0
0
0
6964
0
0
0
7169
0
1818
0
0
0
5027
0
0
557
0
5082
0
2360
0
4218
0
0
1344
4850
0
0
0
472
0
1987
6430
0
230
6655
0
1386
0
0
0
932
6856
6460
5899
0
0
5037
0
0
1556
0
3472
3177
2662
5795
0
0
0
0
4706
5286
0
3807
0
0
0
0
5681
3264
4571
4553
2008
4846
4447
0
0
0
3418
337
5471
210
0
0
0
6025
0
887
6684
0
0
6529
317
0
0
5369
183
6744
1326
0
1118
0
1564
2186
0
0
6978
0
2433
4385
0
0
4416
0
1257
2175
2537
0
0
4300
0
6409
0
0
0
4612
0
4827
0
0
4648
0
0
2591
3007
0
0
0
0
0
0
464
0
5522
5110
5782
0
0
0
0
6957
0
0
0
0
0
0
0
0
0
0
0
6838
0
6794
0
0
0
0
0
0
0
0
3863
6584
3024
0
0
0
0
0
0
0
0
834
4220
7170
1356
0
0
0
0
4113
2129
0
6196
5837
1742
0
0
0
0
6623
296
0
6148
5009
0
2533
0
6794
0
0
7055
0
0
4917
0
0
0
1185
0
4268
0
0
3321
5231
1004
0
0
0
0
0
4694
0
0
0
0
0
1354
6645
5576
4162
764
0
2241
0
0
5230
0
6887
5693
0
0
5788
0
1589
5624
0
0
0
4397
0
1726
0
0
5530
0
0
6064
0
4262
1968
0
0
3868
6819
2455
0
0
6822
0
0
0
0
0
0
0
0
0
0
445
0
5376
0
5865
2138
5783
0
0
0
0
0
2402
0
6520
6433
2217
3586
2892
4061
0
0
0
0
0
0
0
5867
0
7045
6690
3861
6837
558
6647
6096
6702
4220
5936
0
0
2290
6845
6924
0
5606
5440
0
3279
1933
6912
419
3500
4966
783
0
0
1845
0
0
0
0
0
0
0
0
0
4537
0
5542
7128
0
5680
0
0
0
6563
0
0
0
0
0
0
7128
0
0
0
0
7058
0
0
0
0
733
3952
0
0
0
0
6955
0
0
0
0
5545
0
0
0
0
1967
319
2629
1472
934
0
0
7126
2784
0
6777
0
4313
0
4819
7162
0
5643
4101
0
6017
6616
3197
2896
3478
4283
0
5201
6742
0
6440
1988
767
6401
4582
2924
1161
2591
6038
0
2556
0
0
0
0
0
0
0
5135
6566
5580
0
2588
0
1640
0
4164
0
818
71
3774
2447
34
3426
0
0
561
0
0
0
4559
0
5667
1516
5095
1913
4244
4577
1676
5180
0
0
0
7016
0
0
3454
0
0
1445
0
0
0
0
0
5522
4958
0
4163
0
0
0
4789
3541
5717
0
0
5004
4735
0
0
0
0
5332
0
7167
0
0
0
0
6708
6373
0
6620
0
1883
2943
4351
0
0
5676
0
0
3802
0
0
0
7082
0
0
0
6907
0
0
0
0
0
0
3777
5323
4473
0
5822
0
2966
0
0
0
3215
0
0
6590
0
4720
0
1915
2578
5524
0
5936
5547
0
0
427
5969
6759
0
3201
0
0
0
5747
0
0
6122
0
6689
0
5676
0
0
0
0
0
5045
0
0
2242
1735
0
4203
0
2287
0
7024
0
0
7073
0
0
6565
6808
0
3299
0
0
0
0
0
0
0
0
0
5540
0
0
4972
0
367
0
6044
6775
0
0
1876
0
0
0
0
0
6401
0
681
0
0
4227
0
0
5607
0
0
0
0
0
0
4247
5223
1603
1754
0
2970
0
5094
0
0
6369
0
3494
0
0
6888
6528
5735
0
0
0
5400
181
5593
0
1692
0
3975
0
0
0
4920
5286
0
1689
3187
0
6411
0
0
0
0
0
0
0
0
0
0
0
0
0
721
1306
0
0
0
0
0
6123
0
0
5521
0
2584
5973
0
0
0
0
0
0
3255
0
6825
0
0
0
1994
0
7158
2967
7103
0
5094
4684
1758
4218
0
7091
0
0
3309
0
725
7154
3195
0
1244
0
6809
0
0
0
5373
0
6516
0
0
6567
0
0
330
0
4172
0
0
2299
4858
0
7161
0
6973
0
323
6707
0
4052
0
3930
5996
4603
2251
0
0
0
0
0
1752
6389
0
0
6757
0
0
6631
5899
4174
0
0
0
1361
6158
0
0
4812
2954
6677
6691
0
4616
412
6381
2677
1203
0
0
0
87
0
1043
7135
0
0
76
6985
0
0
0
0
7172
0
6729
0
7139
0
3612
55
0
0
0
0
0
0
0
0
0
0
0
0
2909
5413
6661
0
0
5286
6566
0
0
5747
7066
0
0
0
4376
0
0
5464
2830
80
0
0
4996
214
6520
0
0
0
0
1596
0
0
0
6118
0
0
0
605
0
0
0
0
0
5705
6692
0
0
0
235
0
776
2450
0
0
0
0
0
1444
5030
0
3028
0
1253
5133
0
5048
0
6756
0
2325
4122
0
0
0
0
5495
0
0
0
4220
6338
0
0
0
939
4022
0
2736
5057
0
4151
0
0
0
0
6527
6405
0
0
1552
2313
0
0
475
0
2113
6777
0
0
0
0
0
5612
0
0
0
4481
364
0
0
5517
0
0
0
4481
0
0
0
0
0
0
0
0
0
438
5228
6519
0
0
0
1346
0
0
6623
0
0
0
0
0
5981
0
6399
0
0
0
0
0
3359
0
4143
0
0
0
0
6566
1578
0
6924
0
0
0
0
0
3370
2163
0
0
0
0
0
0
0
3167
0
4196
0
5522
0
0
0
0
3309
0
0
0
4920
0
6555
6986
0
0
0
0
5259
2972
302
0
0
2445
0
0
4127
0
1906
6527
6535
0
0
0
1726
6776
2822
2363
0
1226
0
3767
0
0
0
0
3704
0
4484
971
274
3096
0
3168
6370
0
0
0
1520
0
4097
3958
0
0
6194
0
5673
723
0
557
5786
6605
0
1638
6252
1906
0
971
0
0
0
5545
4252
6663
0
6541
4188
3742
0
0
6418
951
0
0
6388
0
0
0
6946
0
6062
0
2187
0
803
6852
0
412
0
5110
6462
6800
0
0
6374
0
6591
0
0
0
0
5270
0
0
0
5928
0
0
0
0
0
0
0
0
0
5410
0
0
0
2440
0
1029
0
0
0
0
3586
5718
7128
0
0
6708
0
0
6392
0
1542
0
800
0
3762
1265
0
6891
2081
0
1060
7155
0
4220
0
4290
7101
0
0
2015
7057
0
6553
6219
0
7051
0
0
0
0
2139
6338
2513
4162
6752
0
901
2111
0
0
6380
3933
291
4377
1889
0
0
0
0
0
0
3678
347
0
2286
0
0
0
0
259
0
0
0
0
0
886
0
1405
0
0
1660
0
1798
0
0
0
0
6528
0
0
0
3269
0
4175
0
0
0
0
5005
0
2437
6341
1580
0
0
0
0
7151
6415
0
0
0
4817
5559
3687
6007
0
1684
0
0
0
0
0
3044
3438
3178
0
0
6810
0
7062
7171
4385
1714
1792
5151
0
6643
7097
6938
6687
0
6808
4549
805
0
6556
235
6369
6332
0
2466
0
1421
0
0
0
5623
0
0
0
0
4789
0
0
0
4538
6925
0
4829
0
0
1354
4557
0
3580
0
6280
0
0
0
1927
0
0
0
4168
4159
6969
0
0
1515
5590
0
0
2152
0
0
6935
5013
0
1872
0
4619
0
2425
0
0
2660
671
6397
0
0
1191
0
3664
0
0
0
0
0
6758
6565
3988
4204
3384
0
5510
0
0
3410
5413
0
6735
0
433
0
0
0
6627
7155
0
0
0
0
0
2561
0
7162
0
7047
0
6122
6783
0
5549
0
7041
247
0
0
6383
0
4153
6825
0
0
6752
1090
0
0
0
0
2940
0
0
0
0
0
0
0
0
0
0
6096
4326
0
1522
0
1090
0
2951
6693
0
0
1872
1138
0
0
3511
7004
0
5401
0
0
5899
0
0
4953
1352
0
6775
6427
0
5009
0
5856
0
0
6852
0
0
0
0
2979
0
0
0
0
2405
0
6336
0
0
0
0
0
0
0
0
2875
7166
0
4516
0
7155
0
6707
0
5782
6346
0
3828
0
411
0
0
360
0
0
0
0
0
0
0
0
0
0
4297
6523
0
0
7038
4063
0
0
0
0
0
0
0
0
0
0
0
3440
2938
4006
0
2014
0
0
0
0
0
0
0
0
0
0
2840
0
0
6459
6325
0
520
0
4296
0
0
0
4525
6209
0
0
5645
6808
0
0
0
0
6757
0
0
625
0
6937
635
3506
0
840
0
0
3573
1920
0
7046
0
5856
6852
0
0
0
0
0
0
0
0
0
0
0
4829
0
4573
845
2111
0
3722
0
6849
3616
0
5387
0
0
5417
0
3275
2553
0
0
0
0
4959
4816
0
1472
4410
0
0
1026
0
0
0
0
0
6441
611
0
0
0
6782
0
7170
0
0
0
6795
696
6837
0
5009
0
6752
4722
6178
0
0
0
0
3101
0
3007
3272
0
0
0
6459
0
0
0
6831
0
0
0
0
0
0
0
0
4599
1770
0
1853
0
1087
0
0
0
5848
2113
0
4882
1190
0
0
4491
6485
4701
6072
5526
0
1376
0
6120
0
0
6897
4242
0
0
0
1087
4966
0
6908
2970
0
897
0
3119
5539
7094
0
0
6957
0
0
0
0
0
2634
5560
2606
0
3164
5225
5732
5800
6221
0
7035
6314
0
2569
6492
7046
0
3260
5621
0
0
4101
0
0
6000
0
0
6093
0
4651
6993
0
0
0
0
0
5928
1275
0
401
0
0
7052
0
0
0
0
2463
1684
0
6793
2778
1452
5741
0
0
6497
5261
0
0
0
7086
0
0
4674
0
0
0
0
0
0
5038
0
0
0
1623
0
0
809
0
2296
0
1057
4265
0
0
0
0
4714
1266
832
0
7170
7047
149
0
0
0
6420
976
0
4215
3766
5960
0
0
2111
2440
3525
0
0
0
0
5778
6516
0
0
4752
2284
6286
4554
0
5138
0
4982
0
0
3740
0
5094
2793
4537
0
0
0
3836
0
0
0
0
1276
6339
2790
273
4842
4898
5814
0
0
1117
0
0
0
0
0
4858
6147
0
4162
2927
4065
0
0
3533
0
3374
0
282
0
1409
0
6753
0
0
5593
6972
0
0
0
2589
7141
7004
0
5359
807
0
0
2796
0
3281
0
0
6861
0
0
0
1825
5835
0
0
0
0
1161
2941
0
0
0
0
0
0
0
0
4994
0
4469
1056
0
2685
0
0
83
0
0
0
5559
0
0
0
0
5456
3917
0
0
0
0
0
0
1253
0
6692
6642
0
0
6162
0
0
0
0
0
0
0
0
1807
0
0
0
6202
6319
0
0
1354
0
0
0
0
0
4745
0
0
0
0
0
0
743
0
4812
6851
0
0
0
2665
0
0
4904
0
0
4421
7072
0
5865
265
0
1581
0
0
0
5489
1385
0
0
7003
0
0
5835
5338
0
0
0
321
5231
5195
0
0
0
0
0
1639
7046
0
0
0
2681
7172
1349
3798
1060
0
7127
0
4218
0
3378
4062
5655
0
3914
3818
0
0
6995
3384
0
0
0
0
2339
6009
0
0
0
6327
0
2445
3514
0
0
4470
0
183
3728
3032
6336
6436
0
0
0
0
4758
5521
2830
6421
4385
6112
6146
0
6448
0
0
759
0
2284
6513
0
0
0
0
1934
0
0
0
0
5682
1890
1714
0
0
1152
0
0
0
3959
2421
4531
6207
0
0
0
1067
1865
2588
3502
5241
0
0
0
5441
0
6243
0
6091
0
0
5457
0
4880
0
4684
1053
0
0
0
0
0
0
6660
0
0
0
6252
0
0
7061
5946
3769
0
0
0
0
5972
0
0
5998
0
5785
7175
3375
0
0
0
0
0
5524
5348
0
4218
0
6119
0
0
0
0
0
5021
0
0
0
0
0
0
0
0
0
1660
4497
0
7037
30
6458
0
3262
0
0
0
0
0
5923
3481
4710
0
287
2097
6211
27
2325
0
0
0
0
0
5890
0
2953
0
3076
3469
0
0
1459
0
0
0
6980
0
0
0
0
3203
6550
3642
6731
5186
0
0
0
0
0
4220
6960
0
6993
2409
0
4104
0
0
0
0
0
0
4958
0
6757
0
0
5363
3162
4258
0
1040
5472
6636
1533
6394
7119
0
4747
6775
0
0
0
0
6095
0
2223
549
0
403
0
0
5770
0
0
1371
0
4577
4826
0
0
6837
4870
756
4299
3287
0
0
0
0
6651
0
0
0
0
6227
0
0
6276
900
0
0
207
5974
0
0
0
0
7040
1777
0
1513
7137
5759
2862
5094
3045
1767
5142
4853
0
0
4262
0
0
0
2898
4752
0
0
5691
0
1647
0
6470
6809
2737
2367
3831
0
3525
5223
0
0
0
3028
0
0
0
0
0
2205
5980
0
6171
4857
1883
7084
7128
0
840
5321
5108
0
6740
0
0
3527
2447
0
0
0
0
0
2152
6325
3980
7101
0
0
0
0
1854
1781
0
0
0
756
2057
4990
0
0
2941
3994
4604
0
111
0
5998
6553
6848
3255
0
7170
0
4526
0
0
5458
0
0
3474
0
0
6793
0
0
0
0
0
5769
5094
2009
5036
1092
5471
0
1433
0
2972
0
0
6654
0
0
0
5405
0
0
0
0
0
0
0
0
5966
0
0
0
0
5777
19
0
0
0
0
0
2697
80
4887
4198
0
5333
6239
0
6461
5763
2408
0
0
0
0
0
0
4011
0
0
0
0
3354
0
5197
0
0
1053
0
6964
0
6161
4988
6896
0
0
0
0
0
3866
4961
0
0
0
0
0
0
0
0
5387
373
0
0
6753
0
0
0
0
1961
0
0
0
0
0
0
0
0
2489
7096
178
6760
0
2147
6519
0
5856
6463
6136
5232
5277
0
6076
0
0
0
0
0
0
0
0
1895
0
0
0
0
0
0
0
0
0
5233
0
0
0
5691
5612
2689
6675
0
0
0
5294
1263
3533
0
814
3354
3826
5960
0
0
0
6133
0
4894
5918
0
0
0
0
6077
7155
2932
0
0
0
6092
0
0
0
1015
4870
0
3920
6454
0
5797
3230
0
0
0
4249
0
0
0
0
7101
1348
0
0
0
6753
5872
6683
6272
0
0
4024
0
0
0
0
0
3272
1906
0
0
2188
0
0
6695
0
6973
5998
207
4567
840
1188
0
751
0
5256
0
0
0
5682
4744
0
6924
0
0
0
0
0
3682
4545
4778
0
0
0
5263
0
0
0
2408
4894
182
0
0
6548
5427
0
7032
4247
0
6881
0
0
0
0
0
6663
0
0
0
0
0
0
0
0
2130
6681
0
0
0
0
0
0
3577
5596
2606
0
3578
0
0
0
0
247
0
3267
0
0
5387
3806
0
3461
0
0
5598
7166
0
0
2363
5082
3987
0
0
0
0
0
0
6460
5400
5606
0
6910
4198
0
5090
0
6102
6311
7017
0
0
5765
6862
0
4987
6849
0
6295
0
0
0
0
0
4493
0
4829
0
0
0
4151
0
3505
0
337
0
0
2941
0
4940
0
3764
0
2896
0
0
961
0
6493
7128
5968
0
4178
3591
0
5978
0
5438
0
0
0
1784
3321
568
0
0
0
6591
0
6922
0
0
3559
4051
6474
0
5783
0
0
6428
1409
6849
0
0
5441
0
0
0
0
0
6493
0
6992
0
5714
0
531
1980
6513
0
0
6211
0
3685
6647
6340
0
0
3387
0
2690
0
0
0
0
3553
4582
5905
0
0
5224
1595
0
0
1992
87
4061
0
0
0
0
0
0
2677
7032
6262
0
0
0
0
358
0
0
6136
3981
0
0
0
0
0
3985
0
0
3687
6731
0
0
0
6545
0
1650
0
0
0
5111
0
0
0
0
0
0
3779
0
1853
4696
0
3461
6358
0
0
2716
0
3814
6742
0
0
1478
0
3109
0
2988
2143
0
3975
0
0
0
0
5419
7139
2972
0
1136
2041
6930
0
0
7090
0
0
3230
5586
3414
6572
5309
0
5006
0
6204
0
0
3728
2953
0
6391
5995
7173
5562
0
3950
3412
0
0
1441
1842
0
6554
2716
6034
1083
4606
0
0
0
0
0
0
4695
0
0
0
0
326
0
3659
0
0
795
7116
1918
4490
0
6486
0
2577
0
2122
0
0
1364
555
0
3109
0
0
0
4289
0
0
0
0
0
0
5545
0
0
1885
0
943
0
0
6776
0
0
5778
5224
0
5380
0
6290
6881
0
0
0
6458
0
5077
2084
6643
0
0
4224
0
0
3580
5952
6142
0
0
0
6968
0
0
6167
0
0
6578
0
3310
0
3210
0
4028
3871
0
3771
2139
0
3123
0
0
0
0
1525
0
0
0
4687
322
0
0
0
0
0
291
0
0
0
0
0
4989
0
2847
0
2502
0
4761
0
6973
1676
0
0
0
0
0
1713
0
1855
1795
0
6726
5234
5032
0
0
0
5675
0
485
7058
0
0
2519
0
6263
0
0
6406
0
0
0
0
0
0
0
0
0
0
0
0
0
0
0
0
1454
5327
0
0
6973
0
6383
0
4567
6948
6937
0
0
0
0
0
1595
2591
0
4201
0
204
0
5967
0
0
5626
5612
0
1078
0
0
0
0
0
0
0
0
0
810
0
0
340
2459
4220
986
6840
0
0
0
5776
0
5138
3127
0
3383
6502
0
0
0
3947
0
0
7045
3768
3494
2272
6694
4387
6664
6528
0
0
6778
0
5075
0
0
0
0
0
0
0
0
0
0
0
5769
6446
0
0
0
0
0
0
6698
0
0
0
6761
0
0
6946
6527
0
5513
0
0
0
0
1659
6415
0
3943
0
5029
0
6810
0
5996
0
6962
0
5097
5250
3905
0
0
0
2953
0
0
0
5966
1898
5530
0
0
0
5743
0
0
4664
0
0
5594
0
0
0
0
0
0
0
0
0
0
0
0
3419
1295
4259
140
6393
3935
0
999
0
0
0
0
4408
6606
0
0
3593
0
0
6871
4396
0
0
0
2757
0
0
5304
0
0
3284
0
0
0
0
0
0
0
0
0
6727
0
0
0
0
4762
0
7104
0
3700
5445
0
0
0
5441
5699
7041
0
6933
4700
0
0
0
6793
6778
0
3815
7038
0
2800
0
4615
0
0
3937
2652
0
4354
2925
6673
0
4317
4859
0
0
0
0
7149
0
4066
0
0
7167
6654
0
1272
4255
0
7041
0
3061
3550
6158
0
0
3861
0
0
0
2367
7024
0
3731
7150
0
0
0
5304
0
0
0
7127
0
0
3101
4266
0
7015
3043
0
0
0
0
3188
0
0
0
0
6103
0
0
6118
0
0
0
1819
3798
5375
0
3605
6937
6756
6205
0
4452
4721
0
4233
0
0
0
0
6794
1725
0
5803
0
0
0
5526
0
2565
0
0
0
0
0
3725
0
6552
0
4255
3944
0
7140
0
0
677
0
0
0
1201
1044
2125
517
99
0
1741
3727
0
148
6991
6443
6431
2678
0
2779
0
6782
7082
0
6965
0
0
1048
0
0
5373
0
5593
0
5104
6872
6138
0
0
3269
0
0
5909
0
6541
0
0
0
2046
5228
0
5143
0
0
0
0
0
0
6458
3813
0
0
0
0
0
0
0
7170
0
0
0
0
0
0
0
3302
2265
1365
0
0
2584
4286
5892
0
1620
5371
0
0
0
0
4499
5719
0
0
0
0
2579
0
6831
0
0
6262
0
1477
0
0
6234
1295
6786
0
0
4209
0
6283
0
0
0
0
0
2406
0
0
2842
282
6974
0
0
0
0
5955
0
6325
6647
0
0
0
4991
5292
0
0
2002
0
2799
6578
0
6934
0
0
5727
0
0
0
0
4009
0
0
0
5372
0
0
1913
0
0
0
0
0
5178
0
0
0
0
6297
0
0
6903
6149
0
2867
6713
0
0
2550
486
0
0
0
0
3569
2431
0
1980
0
0
0
0
0
0
4905
0
6710
0
1005
0
7171
1987
0
0
0
6650
2152
0
0
0
0
1308
6777
0
6415
0
5567
0
5008
0
6177
1305
0
4084
6531
0
5545
0
0
0
0
0
0
6983
0
419
1853
0
0
0
4703
2342
0
5216
0
7126
3810
7097
6830
0
7111
0
0
0
0
0
1897
0
1996
2368
0
5849
0
1912
5688
0
0
0
0
6173
1813
2770
1153
0
0
5820
0
4676
6949
6056
5912
3111
0
6986
0
0
0
0
6737
6567
0
0
4491
0
0
5985
807
0
4661
0
3864
0
0
5500
4313
0
0
6636
4775
6838
0
0
0
2534
0
0
0
3221
0
6800
1692
4469
0
4201
0
0
0
0
6524
1387
2404
6834
0
0
5727
0
4258
6545
0
72
0
5384
0
1037
3559
5390
0
0
5349
0
3695
6322
6707
0
0
0
0
634
1161
0
0
0
5625
0
0
0
0
0
6119
0
7155
364
0
0
0
0
0
2569
0
0
0
0
704
6246
0
6048
0
0
2531
0
6333
2147
0
0
0
5704
0
0
6191
4820
0
0
0
7019
0
6325
0
0
3659
1535
0
0
3905
0
5627
0
6343
0
3504
438
0
0
4252
7015
0
0
0
0
0
0
3269
0
0
450
5063
4953
0
6575
0
0
0
6361
0
0
0
0
0
0
6038
0
6620
0
0
0
0
6048
0
0
2836
0
2147
0
0
0
7042
0
0
0
0
0
6351
5414
0
0
5724
0
0
0
4827
2755
0
3203
349
866
0
0
0
0
3136
0
0
6541
0
0
0
0
6928
6513
0
0
0
0
0
0
6209
0
0
2534
0
0
4655
0
4542
0
7131
6918
0
0
0
0
0
0
0
1326
5317
5178
1110
0
0
3316
0
0
5655
0
0
0
6627
2451
2100
0
0
4847
4713
2257
5986
0
5231
0
2654
2787
0
0
5567
0
6007
5344
6810
0
0
0
0
6846
2171
0
0
0
4482
6777
3535
0
0
0
1965
6527
3767
6968
2911
0
2690
6207
0
0
0
0
4742
6269
3776
622
0
5356
0
2988
0
5832
2840
4364
671
0
3696
3215
0
3634
4077
0
0
4537
0
7035
3573
5704
3443
0
0
5511
0
0
0
3354
0
6440
0
6621
7028
0
4201
5624
0
4676
0
6175
0
4002
1554
0
0
0
5688
5345
0
1527
0
0
0
4741
0
0
0
6091
3004
3232
0
3325
2798
0
5794
0
0
5793
337
0
0
2469
0
0
1833
0
0
0
0
3909
0
0
0
0
0
710
5129
0
6421
0
0
6743
0
0
0
6380
0
0
0
0
0
5683
0
4695
0
3155
1372
0
0
6897
0
0
1029
0
6674
0
0
0
7124
0
6072
7061
0
0
0
3867
0
0
0
3544
0
6421
0
0
0
0
0
7089
7003
0
0
0
0
0
0
6880
3151
6276
5958
0
4897
0
5348
0
3076
5749
2629
4196
6091
5345
0
6136
0
0
0
3813
0
6862
6693
0
0
0
0
0
2165
0
0
0
0
0
0
0
0
3509
4996
0
4088
6708
1527
0
0
0
6835
0
0
4676
7071
0
0
0
4440
331
0
0
6823
806
7098
0
6322
5352
7056
6440
1620
0
7052
4676
0
0
6959
0
0
5968
7041
0
4546
0
5500
0
0
0
0
0
0
5739
0
0
2269
5322
0
0
0
2427
0
6838
0
0
0
0
6541
5263
0
0
0
0
6098
0
0
1075
5038
0
2608
0
6093
3441
0
6689
0
5581
3349
0
0
0
0
0
0
0
0
1237
0
2256
0
3481
0
0
0
445
0
0
0
0
5322
0
0
6700
0
0
0
7027
4417
0
0
0
0
6173
5445
1754
0
5605
3158
0
0
0
6364
0
0
6408
0
0
0
0
5800
0
0
0
0
0
5171
6710
3819
7097
1960
2466
4383
0
0
0
0
0
0
0
0
2122
5002
0
0
1746
0
5262
0
0
7170
4117
0
0
7155
0
138
0
7170
0
0
0
0
0
6909
0
0
4111
0
0
0
3290
0
0
2745
0
0
0
0
0
0
4994
6912
0
0
3392
0
6642
2157
0
0
0
0
4233
0
0
5905
5303
0
0
4949
0
6691
6530
0
3188
0
0
0
6751
0
6381
0
7170
5142
0
4155
773
0
0
5129
0
0
876
3195
2930
0
2362
0
4939
6142
0
3035
5597
0
0
0
0
2766
0
0
6656
6458
0
0
0
7156
0
0
0
0
3824
6253
0
6993
4405
0
3704
0
0
0
0
0
0
0
0
0
0
0
0
0
6881
0
0
6707
0
3999
2563
3192
3796
0
0
7009
262
0
0
0
0
1753
20
0
5347
5240
0
0
0
7167
0
0
0
0
0
6226
0
0
4298
7170
0
6028
1053
2406
0
0
0
0
5392
0
0
0
0
0
0
0
3727
0
0
0
0
5371
0
2469
0
2851
0
0
0
0
2850
6679
0
6414
7168
7073
0
5975
0
0
5541
0
0
0
0
865
0
5140
2173
5782
0
6804
5104
4871
6281
0
0
0
7097
4521
0
2248
5915
0
0
5625
0
0
0
3129
0
2918
0
0
4589
0
0
3821
5864
0
0
2701
4866
1959
0
0
0
0
6956
3628
6735
2334
0
0
0
0
6974
5225
1753
2239
0
0
0
255
0
0
0
3100
0
0
0
0
0
0
4594
4569
0
3577
5966
0
0
0
0
0
5419
0
0
0
0
0
0
0
0
0
0
0
2830
0
6689
1660
6969
0
0
3121
0
6146
0
2344
0
0
0
0
0
0
6658
2360
6514
5514
7136
1779
3754
1692
0
0
2974
2202
0
5037
1227
0
5792
0
0
0
1269
0
0
0
0
0
6555
0
4959
0
0
5563
0
0
6590
2360
569
0
0
0
0
0
6690
6709
4850
6427
0
0
0
0
0
0
0
0
7072
0
0
0
2720
6980
0
0
0
0
111
5996
0
0
0
1087
0
0
2942
0
0
0
0
0
0
7073
3785
956
0
0
0
0
0
5256
3723
0
0
0
0
4683
1297
0
0
0
0
0
0
0
0
0
0
0
0
6173
1039
0
5307
3151
0
5142
3871
0
5991
0
3956
1030
0
5738
0
3121
7024
4982
0
0
0
0
2440
2673
5593
0
0
7066
7156
3889
6559
6120
7010
0
4440
0
0
0
0
0
0
0
6709
0
0
0
6897
0
0
0
0
5472
0
1321
0
0
6277
4558
4328
0
0
5209
5327
0
0
2550
0
0
0
0
3227
0
3299
0
0
0
0
0
0
0
0
0
0
0
0
0
0
0
0
0
0
0
4874
3778
5593
6178
0
0
0
2589
7048
4005
0
0
6985
6380
0
0
0
4351
0
0
5336
0
6809
2274
3321
0
2937
0
0
0
0
0
0
0
2430
0
3939
0
0
0
0
3525
0
0
0
0
6440
7118
0
0
0
4774
4663
5025
1515
0
0
0
0
4506
0
4274
0
6712
0
43
0
148
0
3209
0
0
0
3706
6419
0
1544
5972
3274
5960
0
0
3328
0
6241
0
0
6420
0
4829
0
5387
4008
6852
0
0
588
0
1855
0
6429
0
0
0
0
0
4270
0
5326
0
3861
0
0
0
0
542
0
3084
5909
0
3388
6750
2582
3381
6606
0
0
0
0
7004
0
0
0
6285
1566
971
0
1897
6959
0
4473
0
5590
5056
6120
1348
5511
1611
3380
4598
6088
0
0
4499
0
0
0
0
0
0
3425
0
1535
71
3478
0
0
5398
6831
0
0
0
0
6285
0
5258
0
6889
0
1253
0
4542
7147
0
0
0
0
0
4491
0
0
5743
4473
0
0
0
0
2284
4741
3889
0
2614
0
5492
0
0
5121
0
0
6708
1692
0
0
0
0
5581
0
0
0
0
0
0
0
0
6929
0
0
5615
0
0
2554
6800
4436
0
0
0
0
7135
0
0
0
0
760
0
0
0
6712
2657
0
0
1420
0
0
1901
5690
0
0
6251
0
0
0
7048
0
6048
4037
6969
7085
0
0
4873
0
0
6222
0
0
0
2377
0
563
0
0
0
6693
6107
0
736
5898
0
2984
5306
5912
0
0
0
0
5182
0
0
0
2558
0
7148
0
0
0
0
0
0
3586
4088
805
5867
0
0
3968
0
0
0
5263
1933
5978
0
0
0
0
0
0
0
7140
806
0
0
0
0
0
6057
0
2957
3321
2924
0
0
5057
1560
3410
0
836
6852
3325
5763
2850
5545
0
0
0
1473
0
0
1050
5892
0
6421
0
5036
0
0
2299
0
0
0
0
3824
6833
0
0
6140
0
0
0
2553
0
249
0
2561
6154
0
0
5245
0
0
4867
0
6778
0
0
6545
0
0
4506
2940
5513
0
0
5793
0
0
0
3767
6545
0
0
0
339
0
0
6710
0
0
5322
7170
0
0
0
0
0
0
0
0
0
775
6536
0
0
801
5410
0
0
0
0
0
0
0
0
0
6708
5048
2465
0
4449
0
0
4434
0
0
493
5330
0
55
0
5955
0
0
0
5263
0
2334
0
3600
0
0
0
0
5376
2038
0
0
0
0
0
6111
0
4508
0
239
2497
5974
0
0
0
0
0
3661
3994
6774
6118
6517
0
0
0
0
0
385
2441
3120
0
0
0
5032
6155
0
0
162
0
4315
61
5771
3168
3700
0
0
810
1081
3321
0
3339
0
0
0
0
4593
7029
0
0
0
3678
0
6516
0
0
1137
7042
0
0
0
0
0
0
3828
451
0
0
6831
6197
5978
0
0
0
1624
3075
0
0
1680
0
0
3508
0
0
5352
6700
3224
0
4886
0
7155
0
0
0
7072
0
0
0
6972
0
0
6307
0
6708
0
5728
0
7127
0
1354
4970
0
6392
3396
4499
4962
591
0
5469
2553
2319
103
0
4995
0
0
0
0
0
0
0
0
0
0
3124
0
4914
7012
0
0
0
0
0
0
3114
0
0
0
0
6074
1687
0
0
0
6153
0
0
6537
1489
5704
0
0
1854
0
0
0
2984
3967
4898
0
0
6026
3789
5387
0
692
0
0
1121
4122
0
0
0
0
3158
6709
0
6888
0
2101
0
975
3619
0
6553
0
0
0
0
6959
2128
0
471
1107
5697
0
6979
0
0
0
0
0
6048
0
0
0
6178
0
0
2917
5464
5473
4858
4134
0
0
6861
0
4130
2909
0
0
0
3491
0
2201
4811
0
0
0
0
4882
0
3504
55
6050
2531
0
5770
0
6853
0
7002
2030
0
5728
1320
0
6896
6415
2476
0
3731
4848
0
0
0
0
0
0
1938
0
0
4147
0
6695
4648
4958
491
6435
0
6728
0
5865
0
0
0
7029
0
7118
6727
0
0
5646
0
3802
0
0
0
0
214
0
0
0
0
0
6204
0
6361
0
0
6876
2445
0
7066
0
0
0
6797
0
3958
5738
0
0
0
0
0
0
0
5746
0
0
0
0
5270
6240
1602
3638
6830
901
4434
3041
0
3702
0
0
7047
0
6580
4829
0
0
6364
1705
0
5008
0
0
0
6427
0
2477
1866
1157
0
3544
0
0
0
0
6265
0
0
0
0
0
0
0
0
0
0
0
6525
0
0
0
0
4867
1652
0
0
0
0
0
0
0
0
4648
0
169
7034
0
0
4568
5329
0
0
0
0
3182
5955
0
0
0
3533
0
0
0
0
0
0
0
3505
6710
2941
3817
3578
6669
0
6700
0
0
1592
7104
4145
5626
0
7009
0
352
0
0
7062
5877
0
0
260
3722
0
0
1684
0
2057
4587
0
0
0
0
0
0
0
0
0
0
0
0
0
0
6655
6786
4640
0
6622
0
7097
0
0
7131
6959
0
2642
91
1672
0
0
0
0
0
7141
0
0
0
1651
6279
0
6555
0
0
0
5464
2694
0
0
6757
0
5139
1753
0
239
0
0
6207
0
0
0
0
0
6340
3985
0
6876
0
0
4859
0
5208
3170
282
0
0
6763
0
0
0
0
0
2942
7099
0
0
0
0
0
0
5198
1802
6209
2158
0
6623
2494
0
4544
4481
0
1779
0
0
0
0
0
7162
0
2206
0
6927
3028
0
0
0
0
3749
0
0
4545
0
352
0
0
0
0
0
0
0
0
0
0
5831
0
0
1660
5902
0
2295
0
7004
0
0
0
0
5628
0
0
0
3815
0
3968
0
2951
2100
6319
0
0
6616
4501
0
0
0
0
0
0
1870
0
6554
0
5831
0
0
0
0
0
2901
0
0
0
0
0
5867
2491
0
0
3885
3514
0
3679
0
0
2861
0
1903
7116
0
4403
4250
0
4329
7062
80
556
6855
0
0
0
1364
0
0
2598
0
0
2246
1122
0
2274
6048
0
4966
0
6916
0
6830
2776
0
5327
2440
0
5934
4205
0
2237
0
0
0
5960
4958
0
7169
3976
2851
0
0
0
4290
7074
0
0
0
0
0
0
1147
0
4368
7003
0
0
6522
0
0
0
4884
440
0
0
0
0
0
7015
0
0
1114
0
0
0
3834
0
1897
0
0
0
0
0
0
0
0
0
2481
0
0
5182
0
0
0
4270
0
0
5906
0
3097
2582
4445
0
3416
5537
3505
0
0
6531
0
0
3380
3659
5593
0
2599
0
0
0
6578
3341
6076
0
0
2958
0
0
2277
5447
0
0
0
0
0
0
0
1596
0
0
0
6520
0
6660
6592
0
0
3635
2703
2152
3001
0
0
0
0
0
4265
3084
0
0
0
0
3339
0
0
598
5202
5766
4706
0
0
0
5714
6793
4966
3679
0
417
0
0
0
0
0
7105
5372
3232
6937
7161
0
0
0
1789
0
5672
213
0
0
0
0
0
0
0
0
0
0
0
0
0
0
347
0
0
4829
0
6784
2807
0
0
7035
4418
5219
0
0
0
4157
0
6700
4827
0
0
2128
0
0
7157
0
2707
0
0
0
6991
0
6448
4597
5158
0
0
4962
0
1028
2348
3782
0
0
0
5314
0
0
6226
0
0
6273
0
0
0
1326
6815
0
0
3267
0
6347
0
0
0
3634
0
0
2440
0
0
0
0
3725
0
0
0
0
6057
0
0
0
385
2563
0
6440
5020
0
3872
0
0
0
6577
0
0
7015
7014
1150
0
6192
0
0
6510
0
2058
0
0
0
0
5601
0
0
0
0
0
6242
0
0
5219
3840
6952
3205
5973
0
6846
3117
0
3938
748
0
0
0
0
0
3582
4306
7076
0
5122
692
0
0
0
0
6214
0
0
0
4508
0
4749
0
5019
0
0
0
912
0
0
7104
0
0
0
0
6556
0
3824
0
7172
0
6576
0
0
2450
1215
3259
0
2925
5152
0
0
0
1550
0
0
2344
6547
0
2581
0
4908
404
0
6727
0
0
6412
0
0
0
2901
6103
0
5038
0
5883
0
0
0
0
5968
0
0
2318
0
0
0
0
0
0
4322
1452
0
0
4055
0
5513
6735
0
0
3375
0
2591
0
0
0
0
0
0
0
0
0
0
0
2953
0
3414
6726
5756
0
6889
3271
3387
0
212
0
0
0
0
0
0
1451
3178
0
0
0
0
2169
6939
7135
0
1865
6936
0
3859
0
3007
0
0
1395
6814
1910
0
0
0
0
3036
0
0
595
6436
4296
0
1870
0
0
6528
6901
0
0
5901
0
0
0
0
0
1232
6855
0
0
0
6265
0
7172
5517
6000
2037
0
0
0
0
0
5671
3907
7020
0
2103
6693
5545
0
0
0
0
0
0
0
4308
5955
0
92
0
0
6554
0
0
0
0
2665
0
0
4876
0
0
5070
5142
0
0
2359
0
0
3889
0
2830
5263
0
4552
6851
0
0
0
0
0
6875
3147
0
6709
0
6695
0
0
457
0
0
1271
1212
0
5273
3985
5803
0
5150
6862
4253
6415
628
1923
0
6795
0
0
6096
7128
0
0
0
6757
7133
0
0
0
5393
6588
0
0
6297
7038
0
0
0
0
0
0
0
0
0
6496
5198
1935
0
0
1332
5201
0
0
1117
0
909
0
6901
6577
0
4966
6871
0
2643
0
6667
6496
5909
0
3259
836
0
3156
5579
5973
7080
0
0
6137
7137
6690
0
134
0
0
5681
611
213
0
0
0
1773
1685
850
0
2476
0
316
0
5441
0
0
0
5704
0
0
0
2287
0
0
6416
0
0
858
3665
0
0
5971
4609
4943
285
7097
0
7156
505
0
0
0
2703
6679
0
0
0
0
6048
0
407
0
0
0
7061
6118
0
0
0
0
0
0
0
0
0
2146
0
2444
4316
6862
0
1742
5768
0
0
0
5728
0
0
0
6555
4321
6508
4712
6552
0
0
2813
6285
1024
6524
0
2771
0
2770
5154
987
5511
3269
6991
7048
6600
0
0
0
4856
2798
0
0
4676
0
2810
0
0
5524
6627
4909
0
6528
0
0
0
0
5425
0
2770
3872
0
0
0
0
0
1138
0
0
0
0
1279
0
0
0
0
0
0
0
247
2131
4246
0
4827
0
4128
1714
0
6158
0
0
6708
0
0
0
0
6984
0
2584
0
6852
5476
6688
0
0
0
6302
0
6976
6676
2584
0
5349
3815
0
0
0
0
3541
7118
0
0
2221
6838
6237
1527
0
3605
7048
0
4538
0
6453
0
0
7167
0
0
0
0
0
0
0
5606
0
4370
0
0
6510
0
0
5405
5154
0
0
3635
0
0
3636
4703
0
0
6531
0
0
87
0
0
0
5267
1029
5028
557
0
0
0
0
0
1903
0
4946
1122
0
6575
0
0
0
0
1375
2677
0
0
3347
0
0
0
0
0
0
0
0
0
0
712
1568
0
0
6850
2997
0
0
6204
0
0
0
0
0
0
5713
6487
1456
943
4869
2897
0
0
6167
1447
0
308
782
0
5959
0
0
6887
0
0
0
7170
0
0
0
0
2584
0
0
0
0
0
0
0
2494
0
0
0
0
3638
6712
5961
0
0
0
0
0
7073
7058
6684
1059
5719
0
5005
0
5684
0
0
3007
3785
0
1481
6038
0
0
3827
0
2892
798
6674
0
0
0
4502
0
5682
5417
0
0
0
0
0
0
0
0
0
0
4463
6381
1770
6154
0
6120
0
4871
6607
0
0
5487
0
0
0
0
2657
0
6226
0
0
525
0
1326
0
0
0
5197
0
0
0
6594
6896
0
0
0
0
4269
0
6240
0
4203
0
0
0
1415
0
0
0
0
0
0
0
2674
5728
6461
2999
0
7004
0
4799
2085
0
3481
6876
5578
0
313
1988
2382
0
5405
971
927
6708
5973
0
0
0
0
0
0
0
0
0
0
5138
5606
6777
0
0
0
3636
0
5648
0
0
7154
0
0
4918
0
0
1984
0
0
0
0
0
2360
0
3219
5629
0
0
0
0
0
0
0
0
5785
0
2439
990
5728
0
4262
0
0
5961
5627
0
55
0
0
6514
3888
6285
0
4155
5640
0
6663
0
160
0
6622
5959
0
3698
0
6138
3557
0
4803
4409
0
464
6864
3187
0
0
3366
6884
0
0
2292
5991
6862
6280
0
0
0
5900
748
0
0
0
0
3504
5380
0
0
7170
0
4513
0
0
6630
0
0
0
4738
0
0
0
5993
0
6528
6138
0
0
4871
0
5803
0
0
0
233
0
4198
0
0
6955
6427
4826
0
0
2165
0
0
0
6986
0
784
0
0
0
0
0
2929
0
425
6174
0
0
0
0
5717
2912
5719
0
5405
0
6708
0
0
0
6996
2464
2277
0
3090
0
4982
0
6427
6616
0
1832
0
0
0
0
2974
0
0
0
0
4413
0
5386
2033
6230
0
1268
5597
3158
0
0
0
6613
2339
169
4829
5443
0
