0
6654
0
7322
5933
5676
0
3830
3596
0
0
4476
0
5289
6291
5488
5111
0
2456
0
4837
6785
0
0
0
0
2424
6543
0
6588
2342
6994
5826
3422
0
0
0
6883
7424
6193
7339
7416
7409
5527
7260
7329
0
0
7182
5373
6424
5628
7306
0
0
0
1644
0
0
3278
0
646
0
7416
0
0
0
7409
5677
0
0
7296
5621
4692
5642
6607
0
4429
0
0
0
0
7382
7428
0
7364
0
7194
0
1693
6476
717
4066
4519
2819
0
0
2007
7416
1762
0
0
0
2709
791
0
1901
5803
0
7284
0
0
0
0
0
6257
676
0
885
0
0
2506
0
0
7327
0
0
3830
0
0
7003
5041
0
0
0
7428
3613
0
5251
7374
2852
7417
4890
0
0
7308
5658
6588
0
0
0
0
7269
6706
7355
0
7193
0
0
6825
5101
0
5869
0
0
0
0
0
3428
0
1661
6403
759
7324
5163
0
4726
0
0
7333
0
0
2118
0
0
6015
6792
0
0
0
6184
3951
971
7404
7352
3660
0
2474
7409
0
7345
7265
0
0
0
0
7361
7133
501
0
0
0
1000
7378
7358
0
564
6929
0
1572
7150
0
7354
1861
7196
2971
5118
0
5542
3201
1000
7162
0
0
0
0
0
3153
5175
0
1323
0
7338
7400
7196
0
0
7194
5871
0
676
5932
5387
0
0
3944
5713
0
0
7411
7052
7390
3978
0
0
0
3592
0
0
0
7370
0
7309
5157
4514
0
71
6306
0
0
0
4281
1320
4172
7284
0
0
0
6706
0
4581
0
0
0
7301
0
6080
7013
0
3736
6402
4675
7173
2380
2206
981
5457
6206
5280
5374
0
2379
0
2674
25
7372
506
1388
0
7378
2766
4494
0
5273
7429
0
0
6592
634
0
832
0
7410
5079
7341
0
7409
0
0
0
0
0
0
7419
2025
7082
5551
1506
0
6486
7275
0
0
0
6792
5803
0
7171
0
5675
7286
7418
0
0
2050
7397
0
7406
5343
0
3960
0
3165
7421
7053
4998
0
5844
0
7408
0
4120
2932
0
2124
0
6722
0
4894
0
0
0
120
5447
432
4629
0
0
7193
0
0
0
0
7105
3205
6046
2632
7322
0
0
3539
0
7194
7370
5938
4219
3159
6386
7197
0
7337
5886
7275
5374
0
1018
5783
855
2434
7412
4060
0
7032
0
3872
7295
6405
0
7141
4392
0
1100
1768
7370
7375
0
0
3002
0
4933
0
2119
6814
0
7304
0
6257
0
4974
2670
0
2670
0
0
0
6571
6793
22
6430
7176
7315
0
0
5980
6319
2628
7413
7169
4807
0
4427
201
0
0
6762
7370
0
6015
2547
932
7407
2474
4776
4794
0
0
1223
0
2680
6425
0
0
0
377
0
7413
7167
7430
2384
0
0
4987
7131
0
7375
0
3115
3676
495
7341
7428
3272
7407
4930
7422
0
3297
6368
7214
997
3559
0
7357
1238
7291
7425
0
0
1927
0
538
1769
0
5145
0
0
0
6983
335
0
3324
0
0
1402
7373
0
121
0
3843
806
0
0
0
0
0
0
6989
7311
7406
5141
7352
0
0
0
4363
7409
0
6058
0
4793
4564
2547
0
7028
0
7403
7421
6556
0
0
3793
4125
7057
7351
6257
4548
701
0
7372
0
0
0
0
6968
1270
0
5720
6993
1708
5641
0
5677
7353
7190
6736
6610
7264
6846
2647
0
0
0
0
7397
3077
5901
5821
7196
0
3502
7402
0
212
7411
6399
0
2954
0
0
7397
7364
0
0
995
6957
6201
0
6411
0
0
3502
0
0
0
0
2238
0
7305
6807
0
0
674
5063
0
4564
0
6455
0
1789
4118
0
6575
6445
7305
0
6830
7407
7302
5899
7421
5818
0
7406
0
0
410
4478
0
7332
1076
0
2369
0
0
7413
7372
0
0
1223
6327
2572
5293
0
0
7416
0
0
7172
7279
0
0
7324
0
7406
4569
6969
2825
0
7424
6628
0
7338
0
0
0
0
0
7407
5199
1970
0
0
5137
2192
7397
0
2810
0
5332
0
6478
0
3744
0
6850
0
0
0
185
6916
0
0
6357
5180
5005
0
6419
1848
0
0
0
0
5473
7109
0
0
1583
7343
7420
1497
0
0
7292
0
0
0
4610
1983
0
6451
0
0
0
0
0
0
1697
0
6560
0
1453
7193
3169
6472
0
7407
607
7377
6196
0
0
7298
0
0
5468
0
4915
4969
0
506
0
7322
11
7301
0
6360
0
0
2390
0
7082
625
5020
0
0
6653
7353
6618
0
7412
7413
383
2572
0
4500
6931
998
7340
5137
0
4282
7283
6781
0
381
7341
6700
5551
0
7280
7310
0
0
0
7352
7295
0
7157
0
7358
7375
7000
596
0
2053
6919
3332
0
0
0
0
5817
6572
0
0
0
7301
4809
6267
4792
7277
3157
2463
0
6929
0
4810
0
0
1242
5750
555
7355
1637
0
7288
0
0
7384
7386
4953
0
6368
1610
5670
7413
0
0
2565
6970
0
0
7409
0
6349
0
5310
0
533
6411
6625
6558
7419
0
3584
5749
3709
0
0
6438
0
5766
1338
7381
0
6892
7149
6477
7404
7287
7082
1115
5942
6969
0
6081
7331
2778
5997
7344
7413
3731
4392
6591
7365
6601
0
6281
7412
0
0
7372
7245
0
2405
0
1741
5280
2518
1485
0
0
0
3
0
3865
3816
7178
7398
5337
3373
0
5872
6225
0
7177
0
0
0
0
0
4716
3024
0
0
0
0
7172
0
0
4266
0
0
3101
0
5274
0
0
7311
7336
2611
7402
7288
7347
0
7427
0
7301
0
4937
1585
0
1349
0
7342
4620
0
3150
7411
0
0
0
7428
0
4451
2515
0
3459
0
7407
6551
0
6693
7289
0
7400
6102
0
1499
0
7322
6957
0
3344
0
0
0
0
0
0
7413
0
0
0
3832
4550
0
0
6080
6974
0
2855
6479
722
0
7373
6248
7123
0
0
0
0
7400
676
0
7140
0
6459
0
0
7424
0
6069
0
0
1040
2455
0
6626
0
7307
0
0
0
7170
0
6352
0
7397
0
7368
0
0
5550
5551
0
0
7240
7283
0
7407
0
1883
3931
2972
6022
1404
0
7423
0
4623
0
5049
0
1811
7408
1574
0
0
0
2069
0
1202
4675
0
3418
0
1635
6754
0
4326
2674
6477
3221
5551
6653
0
6063
6619
6439
5102
0
7385
6227
6814
0
7362
0
885
0
0
0
0
0
0
0
6280
0
0
0
0
7067
0
4822
7210
0
3602
7292
0
0
7419
7273
0
2325
7081
0
0
0
7378
7407
0
0
0
1655
0
3457
0
1881
5755
2006
0
7340
0
5216
393
7410
0
0
3545
7410
0
7412
7341
5137
5565
0
6339
7362
0
7362
2851
1150
3275
0
0
6213
0
5107
6526
5139
0
0
0
5922
0
0
5891
4536
6306
7302
0
0
4937
0
5297
5576
7420
6280
6575
0
0
0
0
0
0
5855
7328
0
963
0
0
0
7426
7347
7338
0
5144
5585
0
7399
0
0
0
2390
6785
6260
7320
0
6769
6327
3471
0
0
6464
2992
7418
0
5510
0
7427
0
4701
343
7411
6862
0
0
0
0
1639
0
0
3744
1388
637
5343
0
0
2891
0
5859
7368
4364
0
6624
6233
0
0
7322
7410
0
5089
0
0
0
5671
0
2017
6794
7413
6662
0
6963
0
0
1747
7130
1572
1445
1311
5247
0
3142
0
0
1760
1192
1558
0
7399
0
0
6234
6562
0
7324
0
6012
7327
7269
7408
6652
7363
6048
0
6497
0
0
6226
6995
6477
0
4949
2317
7409
0
6755
5017
0
0
5769
5121
0
7422
7309
1814
4356
0
0
0
0
3756
0
343
0
5981
6151
5513
1738
2500
5604
0
0
7313
7338
0
0
0
0
0
7340
7212
0
468
4735
0
7338
6387
7055
3515
5137
5886
1428
0
5517
0
7272
6672
7417
5472
0
0
7376
0
4102
3600
4061
0
7407
0
3730
4301
0
5272
7418
0
0
0
7407
0
0
0
0
3879
6471
0
0
4382
7309
0
0
6398
0
6281
7409
0
7052
7167
6201
0
0
0
2790
7370
5273
0
1355
0
7337
0
0
0
7181
3001
7422
4163
0
606
7355
0
6528
3831
7401
0
0
5818
0
2714
0
7410
410
0
7424
6669
2778
6548
6141
6819
0
5749
5633
7327
3465
3433
7308
4192
7418
0
7410
0
2914
6754
0
1328
400
7315
7422
0
7378
0
0
3090
6204
7412
7405
7293
0
0
0
0
0
6602
7102
0
4400
2724
6085
0
0
7396
0
6094
0
0
0
7271
0
6989
0
0
7146
7424
7415
4809
0
5979
7418
5914
0
4967
0
0
0
7351
7102
0
7130
7158
2632
3256
0
0
489
6391
5530
7408
7282
1113
7357
7130
0
6401
0
7308
5599
0
6518
1198
0
6974
0
3113
0
5
0
0
0
0
0
7306
0
0
596
0
5713
4257
1336
0
0
364
0
60
0
0
0
829
0
7361
0
761
5837
7272
7315
0
0
7410
7286
7352
0
0
0
0
0
5488
0
4172
7157
0
6918
0
0
6164
3999
4811
0
7289
0
0
7408
5083
0
0
2337
5194
0
7403
0
0
0
2524
0
6456
3330
4536
7046
7388
0
0
7288
6438
0
0
0
0
3846
7349
7417
0
0
5170
0
672
7411
1711
6977
0
7254
2372
0
7193
0
6126
7428
7341
0
0
7278
6119
0
7414
0
5415
0
0
4088
4055
0
6654
0
6849
7408
3
1420
0
0
3584
0
5901
0
7407
7281
0
0
0
7410
7407
6016
0
5478
7418
7416
0
7417
1776
6622
0
4669
7321
0
7422
0
7375
7305
2853
0
6301
0
6424
5907
3290
0
6006
7350
4082
4455
7396
7297
0
0
4365
0
7381
3153
0
0
0
5282
7299
313
6792
0
1784
0
7169
7291
0
0
7163
0
0
5082
0
5968
157
7339
0
0
7374
0
0
5390
0
7380
2439
6846
554
2104
0
6714
0
0
7377
0
6836
7385
0
5496
0
6523
5021
595
0
6593
5451
7417
7352
0
7414
0
0
0
6731
6602
0
0
1540
0
7353
2731
0
191
1357
7416
0
3066
0
0
0
4564
1744
0
7209
7406
0
0
2238
6472
7389
0
6497
0
6398
0
0
0
0
7328
5203
0
0
0
7408
0
0
0
2942
5210
7233
0
6141
2119
0
6818
7294
0
7372
7375
7412
0
3287
0
0
7195
0
7425
3420
0
0
2720
0
0
0
2487
5458
6430
6862
0
4085
0
7296
5336
0
7289
2706
4022
0
0
0
0
0
0
0
7404
6780
6650
0
570
824
0
3078
7338
0
5960
0
0
5128
2555
0
7131
7398
5188
0
4157
5420
0
6856
3595
7410
0
6076
0
0
0
7323
0
7414
0
0
7428
6692
0
1827
7211
7411
6692
0
0
6596
987
0
6092
0
4869
7305
0
0
7195
2516
0
7077
0
0
0
7286
5268
0
0
5968
576
6162
0
0
0
7301
0
0
5872
450
0
7327
7324
5495
7197
0
0
0
7411
0
343
0
7275
6830
4432
6902
7411
0
7414
0
0
192
5440
7428
0
0
0
0
0
0
7412
2145
0
1698
0
7415
0
0
1827
0
0
6345
0
5601
0
7295
3962
0
4106
2543
7369
0
7196
5226
7423
0
5457
0
0
0
6588
0
7194
0
5401
3201
0
0
0
7340
6278
0
7338
3669
4157
0
3231
0
0
0
0
7397
0
6822
0
2136
1104
4762
0
7373
2963
2141
4023
5295
0
7423
6585
0
0
7409
7416
0
0
0
3065
7193
0
0
6852
5475
4994
0
1814
0
0
0
0
7194
0
0
0
7415
2950
7338
0
3433
6649
0
867
0
6837
0
5343
0
0
317
7401
2665
5675
0
0
5575
0
4333
7272
2468
0
7355
6109
7319
5110
0
1223
2869
3267
6771
0
0
0
7388
0
585
0
0
1397
6978
0
0
7406
6078
3710
6458
356
0
6223
7187
5886
4652
0
1725
0
0
6974
7319
7033
7381
2909
2848
0
6918
0
5519
4120
5513
0
0
7400
4895
7418
0
0
0
0
7360
0
3256
4594
0
7293
5068
2197
0
0
0
7285
0
5981
5527
0
2709
7414
0
4193
3625
0
7323
0
0
471
7406
0
0
0
7291
6854
6965
2806
5576
0
7369
0
5550
0
0
0
0
235
0
3948
0
6071
0
7065
232
5532
0
4149
5542
0
0
2321
0
0
0
0
0
4848
7406
0
0
7408
6538
0
0
7358
7294
7406
0
0
6049
0
4113
0
0
0
0
0
3428
2482
7363
1286
4036
1300
0
0
3787
0
7297
0
0
0
0
0
0
2762
606
4536
4987
2782
0
0
6861
0
7410
490
4774
1698
0
4526
7077
6469
0
6931
3435
4928
0
6868
5210
7428
0
0
7408
6337
4097
0
0
273
0
0
671
0
6398
5771
6828
0
7203
7376
6337
6044
0
0
674
0
7369
3159
6814
0
5914
7308
5470
791
7156
7340
0
0
7305
0
0
7427
7308
4928
1676
0
0
0
0
6522
7352
0
4641
0
7319
806
0
4148
4839
0
0
0
0
6576
5837
6827
7286
5679
331
0
7105
7409
3876
6198
0
0
6339
3169
0
0
1746
7424
0
6967
2819
938
5718
0
6576
5550
0
0
0
4448
958
0
2036
7419
7400
7338
0
0
410
4987
505
0
2668
0
0
0
0
6683
0
7385
0
6684
1268
819
6988
0
0
0
0
0
0
0
7428
0
0
0
0
7407
374
1983
4418
7418
0
0
7414
934
7363
5362
6444
6993
6015
7168
6582
0
7408
0
6427
1203
6879
4906
6683
7421
7381
0
4608
285
3477
0
7411
0
3156
0
0
5457
6254
7325
2538
5893
7388
0
7357
7338
6318
5586
327
7328
4275
4315
7287
1355
7341
4055
0
7416
4961
6700
4342
2077
0
7415
0
133
5716
3320
0
7391
0
7167
0
665
0
158
6794
849
911
2622
0
5893
328
7386
0
7269
5010
0
5759
7295
0
1714
7369
0
0
1629
1672
0
6841
7293
2410
3490
0
0
7395
6816
0
7312
5329
7148
7323
6008
0
7169
0
5550
522
7418
0
7409
0
0
0
0
6531
0
0
7338
0
0
7191
0
4809
5641
3167
5004
0
6030
0
7406
7156
0
7424
0
0
1861
0
6481
0
957
4453
3449
0
4031
0
6624
7368
0
6552
0
0
0
7415
7402
5734
3770
6816
3263
0
3561
165
7421
1503
4011
0
3981
7294
7359
0
0
2401
5069
2390
0
6063
0
0
7354
0
0
0
0
7324
2241
0
0
4344
6251
7398
0
6792
7397
0
2873
0
5411
0
0
7309
0
7064
179
0
6594
0
0
0
0
7411
2269
2159
4719
762
3086
7419
0
4748
1189
7420
0
7413
7413
3167
5943
0
0
7321
0
6052
4709
0
5264
7269
7414
0
7317
5981
6668
0
6746
0
5259
6513
7018
1979
0
0
0
0
7410
0
0
7322
0
6774
0
0
3755
7324
0
3991
5843
4723
0
5676
0
5496
0
7244
0
684
7356
0
7109
6659
0
0
0
0
744
0
51
6063
0
0
7292
2065
0
7306
7399
0
2852
0
7324
0
0
0
1994
0
0
1397
0
0
6918
0
6847
7384
7130
7371
6196
0
0
0
0
0
2755
5496
0
7301
0
7000
7408
3484
7411
0
0
7422
7195
7130
7398
5771
3949
0
7141
0
2342
6800
0
0
0
0
0
2047
7394
0
0
0
0
6796
2323
2647
0
7269
7412
0
4009
0
4268
4905
0
6329
0
0
3340
6921
0
5628
0
2672
5721
0
1876
0
4584
0
5385
0
1625
0
0
0
1738
7430
3821
7411
7413
0
0
4640
0
7268
0
7275
7415
0
6462
7422
7339
7269
7401
0
1119
0
0
5494
4657
2971
7301
7286
0
0
7341
0
0
361
7356
0
714
7259
6653
626
0
0
0
2288
7395
3031
628
0
7429
728
0
7295
2479
0
7415
7353
6792
0
6379
6496
0
0
0
7077
0
3149
0
3256
5020
0
7411
7412
1194
7161
7354
5899
0
2867
432
7036
1351
7392
0
4056
6800
322
3082
1297
6258
0
7353
4204
0
0
0
7303
6229
0
6013
7411
0
1634
7397
0
432
5209
690
0
6645
7319
0
0
6416
0
3676
0
0
5956
5658
0
0
5725
7292
2604
7410
5542
0
2132
0
5619
6509
5077
0
4009
3314
5625
0
3860
0
0
0
3066
0
7119
0
0
7322
6512
0
3981
0
7353
0
0
7287
2971
5955
7372
0
0
0
2695
6455
7333
4904
5593
1229
0
0
2859
6990
7338
0
3560
0
5717
0
0
0
0
0
7293
7323
0
5914
4342
3397
5498
6557
7337
7242
0
3879
5340
7269
7422
7309
7174
0
0
1500
5022
0
0
7409
0
0
7417
7294
0
5016
3420
0
1533
686
7396
0
0
6432
0
7415
0
1845
0
1166
4552
6171
2007
0
0
6419
3255
0
4245
6010
0
0
0
7414
0
4438
0
6262
0
6405
0
7163
7407
6602
0
7341
1256
0
0
0
0
2280
0
7257
3307
5528
0
6490
0
3758
581
0
5686
3960
0
3352
0
5194
0
7165
4933
7227
0
0
0
0
5491
0
1270
5944
0
6152
0
5628
6433
0
0
7398
0
0
3602
490
6482
4942
0
7307
0
5518
6188
0
2027
7314
0
0
0
4933
0
7338
7307
7413
7298
0
246
7306
0
4267
0
7358
7337
6541
0
0
0
0
4026
0
0
0
0
0
1097
0
6301
7148
1277
6767
0
5509
5173
7361
4292
0
0
7339
7246
0
0
7108
0
7416
0
4745
7408
0
6852
4729
6148
0
3001
7294
7308
3780
7428
0
0
0
3265
7169
4965
0
0
6317
0
6971
0
0
6620
3314
0
7307
0
7351
371
7316
7352
0
7411
0
7413
0
2926
6338
0
1049
6551
0
7354
7256
0
0
7167
0
0
7421
0
0
3282
6800
3605
0
0
0
7269
7422
0
69
0
6480
5550
4134
0
7388
0
7193
3794
4560
0
0
6781
5716
4353
6617
158
0
3211
7313
0
7194
0
0
0
0
0
0
0
4133
0
0
7399
7033
6471
0
0
6575
5837
0
5195
0
0
7413
0
6947
6265
3231
0
0
0
0
0
4931
7415
2010
0
0
6861
5191
7372
7296
1394
6595
1094
3866
7416
6630
0
6320
7191
1071
7193
0
0
0
2118
7421
4675
0
7418
6968
6332
0
5346
0
6575
7137
0
7266
0
7419
7292
0
0
0
5542
0
7228
0
6134
6862
0
0
7372
7382
0
7200
2238
0
6126
0
3878
5541
2479
0
0
0
0
0
7377
7352
5955
7272
0
0
0
4331
7290
7417
1742
5656
6722
2548
0
0
5245
0
0
5789
7359
0
7286
0
0
0
5136
0
7386
0
0
0
6592
1612
7412
0
7365
0
0
1814
5752
0
0
0
5203
0
7396
0
5556
0
0
7325
4894
0
0
7352
6696
2830
0
910
0
2067
0
7276
2122
7275
0
0
7338
5149
0
5466
4094
0
0
0
4200
7372
0
0
0
1574
0
7375
0
0
3855
0
328
0
6725
7351
0
0
6749
0
7350
4345
2047
1098
5635
0
7294
1865
0
4627
1123
0
0
6327
2752
0
0
7398
0
5576
0
0
0
1203
7306
7363
0
0
325
6699
0
6059
7418
0
7372
0
0
7322
0
7156
0
7348
858
1178
0
7400
3572
0
7299
5625
7401
0
1456
6279
1582
0
0
7426
6055
0
4450
0
0
6993
7237
0
7407
6976
6770
0
6624
7402
0
7396
0
7407
4106
0
0
7321
4169
7408
7275
522
5274
0
6601
5674
0
1599
6720
0
0
0
0
0
0
2374
3516
3494
5326
7181
7281
4711
6774
7205
7408
0
6085
7418
2966
0
7123
0
7408
1019
0
6673
6045
0
7295
4476
4213
0
0
983
0
543
0
6706
6265
6800
0
5569
0
0
0
5687
4923
7193
0
7357
0
1191
5468
0
0
0
7407
3246
7322
7286
0
7202
7173
5260
0
7202
4079
5979
7337
0
0
0
7232
0
6804
0
7043
4086
0
0
0
6209
7134
6047
6534
2380
0
6527
4143
0
7348
2384
3422
7382
0
0
0
0
0
3418
2113
5394
0
0
0
1647
7407
0
0
7412
7353
0
0
7412
0
7367
5638
0
0
4118
7175
7326
6955
0
0
0
7414
0
0
0
0
6306
0
7324
0
2963
7403
6279
0
0
0
7398
0
0
7403
0
0
7168
0
0
6023
7404
3558
0
1747
0
3802
7363
2713
7412
7422
2401
0
0
0
0
7382
0
7291
4067
1399
0
7193
7420
0
0
0
7320
0
4974
824
6883
3359
4382
0
0
7070
582
1292
1887
1534
5909
0
0
4400
0
0
0
7407
4627
6298
1832
7396
7407
0
7423
0
2505
0
7395
0
0
0
5701
0
6971
5431
0
1608
0
5464
0
7414
7416
6162
7390
0
0
0
0
5268
7300
2392
0
404
0
0
0
2966
2884
0
0
7397
0
2382
5980
0
7308
7408
7292
0
7353
7014
0
0
0
0
7411
6591
441
0
5624
3776
0
4703
0
4596
0
0
6970
0
5312
7369
3326
4675
0
7338
0
0
0
0
2855
0
0
0
4170
0
7238
7417
4560
7338
0
0
0
2709
6791
6281
0
6225
2474
0
0
7322
2394
0
0
7165
6280
0
0
0
0
5163
0
7395
757
0
0
3588
0
7410
0
0
0
0
7275
0
6361
7360
4058
6827
2090
2572
0
7352
6601
0
0
0
7341
7369
7081
7193
4958
7004
0
0
7090
673
6210
7304
0
7397
1983
5538
5823
0
0
6123
3906
7406
0
0
0
7308
0
0
0
1864
0
7310
0
6094
6238
0
0
0
0
5486
0
0
7314
7309
0
5349
6006
4368
0
0
0
7306
5968
7414
7324
0
7405
0
6094
3070
6208
0
0
6751
5909
6467
3349
0
0
0
0
5273
0
0
21
6989
5175
5904
7292
0
0
6207
2604
462
5344
7335
685
1456
1199
2646
0
6989
0
0
0
7338
6080
1171
0
7306
0
0
0
0
3096
0
4484
0
7300
0
0
7163
7029
3542
6010
0
0
7170
0
5959
855
5718
7291
6607
0
6462
702
0
0
5005
7398
0
0
4002
0
6793
7247
0
0
0
6974
7406
4912
6858
4922
0
7407
0
0
0
6024
7371
6690
5481
0
0
0
7115
4536
0
5367
6626
6389
0
0
0
7235
5519
6830
7256
0
0
7412
0
0
0
7108
7171
0
6565
6510
0
0
6835
2724
2853
3394
7369
5337
1495
0
0
5849
0
7152
0
0
804
0
0
522
0
857
0
236
7361
4069
0
7048
5849
0
921
6812
4635
7413
7420
7407
7014
0
4989
0
0
0
0
0
0
3023
7370
6625
2479
5169
7288
0
7306
7340
0
6431
0
977
4319
0
0
0
0
1345
0
5628
6791
5162
7198
2793
7373
0
7025
0
6620
0
5395
0
0
282
1914
0
0
3341
7322
0
7422
7356
5552
0
0
7414
2318
6129
1725
0
7424
7424
5966
0
0
0
3221
6008
780
0
2952
0
7412
2969
5665
4974
0
1047
4326
5820
6318
6984
3405
6497
0
7396
7415
505
5721
0
0
0
6933
0
4425
6994
0
6982
0
1193
6048
0
7192
0
6901
6009
0
0
2113
0
0
6223
3579
0
0
0
6497
7170
7412
7376
2885
337
7291
5291
0
1397
0
2992
2098
0
4870
7423
0
3142
1410
6207
6977
1093
0
7352
0
0
4028
0
512
766
5533
0
2573
6523
7412
5859
0
0
1946
0
7332
0
0
0
0
0
0
4623
0
0
6993
1108
1116
6067
343
2532
5148
0
6602
3770
2274
0
2009
0
0
0
1175
7402
7412
6968
977
0
7048
0
6469
5106
7416
0
7430
5578
0
2741
1715
6735
4197
0
295
5179
2525
1097
7409
0
1815
0
7415
0
6469
0
0
7304
1887
7398
0
0
5661
7427
0
3286
0
0
0
3356
0
7420
0
6602
0
7419
530
7408
0
3856
0
0
0
838
1860
5961
0
7415
0
0
5951
2036
7296
0
0
0
4939
0
21
0
593
7322
0
0
0
0
0
0
0
4586
0
7322
4239
7423
0
7422
0
5092
7427
7319
7360
7202
7426
2904
1742
7402
0
0
7410
6601
1469
4034
4120
0
0
0
0
0
7405
5604
0
0
6424
6483
0
0
3082
5125
4259
1546
0
1127
0
0
4106
5237
6522
3346
7339
0
7372
5290
7005
0
5968
0
7373
7353
6559
6699
0
0
0
4578
6962
0
3750
7398
6589
7420
6124
7413
0
0
0
1224
3551
7422
3206
7132
0
0
0
5776
0
6791
0
0
0
7257
7411
0
4810
0
6607
3203
6464
0
5676
0
2091
6559
2566
7342
0
0
6003
7118
0
7275
3778
6988
220
6523
0
7333
7424
0
7085
7391
6770
0
7427
6994
1075
2763
7401
7360
0
6791
7340
7202
1910
0
7299
0
0
7286
7036
4898
2979
3706
791
7406
4010
883
6477
5112
169
0
0
3785
4527
0
7201
0
7330
5982
0
7292
3206
6012
5950
0
0
0
4607
5330
4665
6754
7181
0
5480
1469
4070
0
7369
0
7386
7337
5377
7278
7194
0
0
1327
0
0
6715
5425
6184
0
6858
7038
0
0
0
7326
3100
0
6029
4147
4334
7382
0
2798
0
0
7019
0
7420
4147
0
0
0
1534
7370
0
0
1744
5821
7349
7369
0
5218
6883
7318
0
438
79
4150
0
7257
0
5368
198
0
4998
0
6558
0
7353
6885
625
0
0
0
0
5553
7156
5354
0
0
1358
5835
7413
7419
0
0
4777
0
0
7411
0
1941
6607
7420
4764
0
6280
7371
6115
7008
7082
0
6790
6161
0
7425
7338
0
7413
4193
4783
0
0
7163
7317
0
0
5817
0
3324
0
2083
1203
0
0
5187
1593
0
5600
7356
0
0
6790
7308
6812
7307
0
7394
7275
7402
0
0
0
7408
0
7410
4330
0
3015
7269
0
6338
7269
7420
0
0
4672
5625
7170
0
0
7269
6512
7407
6477
5766
0
0
7408
7306
7357
6895
4239
0
6386
1313
0
0
4817
4629
0
0
0
7398
1842
580
5791
7308
0
0
7398
4544
0
4963
6164
6963
0
0
726
6207
0
0
6977
0
1379
6387
1170
4798
4517
4740
7399
1758
7314
0
0
239
0
0
0
6546
0
0
5102
2036
7412
6059
6995
1703
7423
7409
7399
6006
0
522
6692
7413
0
6129
6015
0
0
0
7405
7290
898
0
0
7271
7281
7332
254
6233
0
530
0
0
2402
4051
0
5091
0
0
5623
5528
6529
6932
807
7108
702
4706
1768
2078
7339
2531
0
6995
0
7430
5553
3017
0
4316
6699
0
746
88
0
7408
4771
5166
4193
0
6972
2719
1386
0
0
0
1578
0
0
7398
999
0
6225
6260
7372
0
1701
4312
0
6430
0
0
7338
1356
1064
7337
0
7420
0
0
0
704
7387
0
0
170
0
7408
7420
3723
0
5777
0
0
0
7307
875
0
7360
7373
0
2394
3979
0
5075
0
4329
0
0
7429
0
7407
7408
7319
2932
7414
0
0
728
2548
260
0
0
7410
4355
7282
0
0
6968
0
1105
7407
0
0
0
7275
0
0
7317
5513
0
6863
6010
0
0
3881
2305
6693
1898
6517
0
0
6193
7413
0
0
6975
0
0
0
1973
5625
4392
0
5097
0
0
2809
0
4571
2331
0
7341
2159
5112
0
6538
0
325
2260
7322
0
0
4872
3754
4269
6472
0
1004
0
0
0
4681
639
7405
0
0
7417
0
0
0
7379
0
0
0
5362
0
4925
0
2663
5246
6514
7333
0
6818
0
0
1013
0
0
3477
6401
643
0
7068
6424
0
5035
1115
4796
6396
7356
0
7420
0
0
0
6994
0
0
0
0
6551
1491
0
7397
7379
0
1151
0
0
7408
7360
676
7386
2972
3420
5765
4319
604
6016
0
0
770
7387
5729
7276
432
3989
0
6723
0
7163
4673
0
0
7410
4382
0
0
0
5233
0
0
0
5011
0
0
0
7314
0
7348
1888
0
0
1210
7256
7363
6462
7323
7422
6280
0
7360
0
7377
0
0
5899
0
0
2088
6008
2423
3566
7292
709
2513
0
6972
2872
4579
0
0
7043
7400
0
7207
0
0
5818
0
7425
4408
0
3231
4866
7288
4338
2042
0
5916
7371
0
0
4184
7393
7415
0
3131
0
605
0
6319
0
0
3205
0
0
0
0
7294
0
0
0
0
2289
4823
5274
5136
0
6792
0
0
6522
4763
3975
7293
6796
7422
960
5550
0
6834
0
4133
0
0
4296
0
6009
0
0
4165
6191
6240
0
6306
0
6722
6921
4725
0
0
1920
6319
4439
762
0
7316
0
4127
0
0
4020
0
0
6313
7317
6965
2103
7323
0
0
0
0
684
6688
7305
0
7327
6386
0
438
7029
0
2300
0
7363
7362
5210
5022
6849
0
0
1394
7291
3190
6650
2574
0
2741
7421
0
7421
7076
0
4788
0
6620
7400
0
7276
0
7071
7340
0
3602
7373
2662
7357
6429
0
0
0
7269
4900
6486
0
7411
0
5910
0
3794
360
5703
0
6983
4364
0
6213
0
6137
0
2213
0
0
7281
1175
7275
2331
7330
7356
4974
0
7311
2125
0
6952
6568
0
0
87
0
7169
7409
0
7372
2645
7339
0
5678
0
0
7372
6854
4149
0
7388
7418
2468
3509
630
6198
4193
0
0
0
4037
0
7301
5110
7327
0
0
8
7229
1593
2531
0
0
6537
0
2175
0
7358
7354
0
0
3237
3994
6602
6793
7228
0
6244
0
1508
4235
0
3665
6913
4580
0
3725
663
6623
7068
0
0
4157
3934
0
6778
7422
0
0
2192
6771
445
1171
0
0
0
7414
0
0
1442
6575
0
0
981
0
6308
7375
0
0
0
5210
0
7408
0
6212
7385
5311
7414
0
6939
6467
6835
0
4757
2665
3977
5264
0
5954
7104
0
0
0
0
2625
7235
5548
7308
0
5280
4037
5787
0
6742
7165
6469
0
5204
0
0
5681
3908
1659
0
0
0
0
565
3807
0
0
7369
4913
4445
5550
7362
790
5298
4773
0
7354
4949
3961
7420
0
1024
4148
4792
0
4629
5020
0
0
1122
864
0
5674
6390
0
0
0
0
5027
6412
6438
7321
0
5749
7304
0
1803
0
0
0
0
7398
7029
3990
7193
0
0
0
0
0
3087
0
4382
0
3179
7344
3567
7362
1733
4769
0
6601
0
7294
7358
0
6152
5148
7286
0
4278
0
6936
7284
7400
7228
4594
0
7348
0
0
0
4729
4083
0
0
0
0
0
7397
0
3554
0
0
2542
0
7136
7417
5300
4983
791
0
0
3692
0
4863
0
0
0
0
0
0
0
0
0
6517
0
0
0
5930
6841
0
7410
0
0
7375
0
1440
7291
5770
0
6895
0
3649
0
0
6162
7424
6097
5934
7156
5199
6918
0
6209
0
0
0
5561
2175
3750
7410
0
0
7283
0
6320
7411
0
0
0
7316
7193
6965
0
315
0
7325
6094
6814
0
0
7415
4348
0
7384
7409
0
5475
0
3017
0
950
4587
6399
0
7132
0
5486
5670
2757
0
7405
0
0
3205
2144
6585
7406
1979
0
5830
7295
7362
6450
7200
0
0
7337
0
6722
5944
2469
6965
0
0
6995
0
0
6094
0
6621
7340
7334
7291
0
5288
2445
0
0
7340
0
0
0
0
7412
0
0
0
5818
0
0
6672
0
0
0
7273
0
0
4031
7187
5664
3785
5262
7288
6213
0
7291
0
5485
0
0
0
6239
7406
7372
2396
3967
0
7421
7413
0
3192
0
3995
7293
1589
0
7229
7294
0
0
7080
6684
0
7412
4654
7332
0
5731
6386
0
1101
4023
7071
4147
6771
2299
430
0
0
6044
7275
4526
5280
7408
7296
0
0
7344
0
0
0
0
819
3891
0
0
7278
6150
4432
0
0
3170
6968
383
0
0
0
3459
7422
0
0
735
6796
0
0
5600
0
0
0
0
0
7361
0
2487
0
6134
7321
7269
0
0
0
4748
0
0
0
2240
0
0
7323
0
3899
7028
0
0
2787
6699
0
6782
7233
6849
0
0
0
0
3391
6358
0
3978
0
2487
0
7419
7215
7269
6050
5910
0
5485
0
6008
0
6543
2047
0
0
6543
0
2082
0
3888
4353
6737
6792
746
0
0
0
0
0
5915
1741
6543
0
0
1335
6800
7337
7306
0
0
3108
7315
7382
5777
0
4020
0
5756
0
1271
0
7123
6793
7314
4931
0
7024
2305
6651
0
0
0
0
3906
7379
0
3040
7405
0
0
7310
0
0
1349
7265
0
0
5338
0
0
2258
0
2991
0
6360
4691
6538
7380
4166
1599
0
0
4997
0
2374
0
7360
0
7013
7324
4034
3873
7369
0
0
4905
0
5746
0
6431
5116
0
7194
5749
7278
0
6313
6338
0
5563
7411
7193
7408
2324
0
7280
5182
0
0
7018
0
4504
4965
0
7291
2250
0
0
0
0
6227
2437
0
3292
7406
3799
5259
7406
7111
4658
0
0
0
0
2851
4498
0
0
7422
7273
0
0
7378
4247
6791
7014
7256
0
0
7339
0
1038
0
0
7407
7404
5662
0
0
0
4772
0
0
7407
4538
3516
0
0
4023
7145
0
0
3931
7352
6229
0
7372
7348
0
6462
0
4982
0
0
0
0
0
0
0
0
6522
0
0
0
7212
7324
4026
0
6493
0
0
0
0
2094
2040
5089
7398
0
0
1469
0
0
7194
0
6788
7272
0
0
0
6559
3975
6968
0
4090
7310
1378
7312
6514
0
5952
0
7362
6356
5944
4333
0
0
0
0
1482
0
0
0
0
0
0
6784
6725
0
5171
5759
6654
0
7304
5191
0
0
3574
0
0
3509
6239
7320
0
0
7348
0
0
2083
1076
0
0
7414
0
6226
7294
7414
2532
0
7308
0
0
535
7412
0
0
0
3130
7326
379
0
5831
1656
4438
0
0
7027
6405
0
5289
1097
0
0
7357
1045
0
995
5725
4506
0
5796
7130
7348
5834
7275
5641
7069
5210
0
0
0
0
7202
2498
6814
0
0
3881
0
6438
2753
0
4658
0
7029
0
0
7369
0
0
2674
3723
2319
0
7313
0
2323
0
7403
0
0
446
4527
2793
5939
7404
6764
0
7316
7080
6685
4561
3934
4681
0
0
0
7288
7124
0
0
5416
4130
0
4408
0
4192
470
824
1475
0
2287
7358
0
7314
0
5153
7398
7408
441
0
0
6593
6357
7422
2084
7374
2825
0
0
0
6869
6510
0
6386
5651
0
2028
0
4173
7149
7292
4035
0
0
7354
0
0
5344
2164
7326
1950
7336
0
2032
5907
0
0
1043
2755
791
529
0
0
5378
7420
0
6887
0
0
0
6672
5799
0
3229
4810
0
0
5359
354
0
1661
6953
7326
0
6983
7152
3305
5860
0
0
0
2451
203
6239
2963
7389
6551
7079
0
4682
0
0
0
7324
0
0
2752
0
0
0
0
7367
328
0
7421
0
0
4744
7408
0
6477
0
7412
0
7193
7205
0
0
0
7335
1490
6595
3062
0
0
0
0
0
6126
0
0
0
325
6208
7360
0
5297
0
0
0
0
5259
0
3787
0
2674
2614
4478
7340
7317
2075
5558
5221
7078
191
0
0
6630
3492
3943
0
1872
0
6124
0
6815
7358
0
7295
6714
4974
1887
0
6972
6976
0
7195
5427
1024
6731
0
6624
7293
0
7316
0
6654
0
0
3818
7018
6467
6306
0
5039
0
6800
349
4182
7283
6022
88
6112
7202
0
0
0
6462
7290
7285
0
2340
0
0
6134
1223
2055
7360
0
6962
6593
0
7395
0
0
7305
163
0
2315
6944
0
0
0
0
7170
978
0
6477
0
5020
0
0
4846
0
5979
5070
0
4413
4384
5411
6078
7374
5495
7388
0
3326
5486
0
0
1533
0
0
0
0
0
0
0
3477
7397
6031
3272
0
1075
7358
0
291
6237
0
7115
0
0
7411
7400
0
1898
7381
0
0
0
4470
0
2957
0
4873
0
0
0
2264
0
0
0
0
5468
0
3428
7311
4319
0
0
6026
4594
0
7288
0
0
4150
0
4712
0
5551
47
0
0
7157
7209
0
4974
0
4897
0
0
2849
0
7342
0
0
0
0
0
0
3769
0
0
7322
0
4205
0
0
0
0
0
5051
0
6514
7323
1339
0
7409
6527
0
0
5956
0
0
6401
7018
7335
5298
0
6160
7412
0
2811
6166
7170
3206
2672
0
0
2500
5221
0
200
7407
2258
7338
5089
7352
0
0
0
2436
6692
7109
0
0
5187
0
7337
7340
7369
0
7265
6993
0
0
7411
4678
5616
255
0
7408
858
5796
0
0
0
0
7421
3100
0
7422
0
0
0
4344
0
0
0
7374
0
6450
6856
0
7354
7413
1192
0
6335
5374
7362
7405
0
5492
7196
0
7376
0
1137
3807
3997
987
3279
7395
5091
0
7411
0
0
0
0
6645
0
0
6890
0
4184
0
0
0
3231
6452
5914
1036
0
4126
3077
4793
0
0
757
4775
7361
7396
2113
6714
0
7286
7294
0
0
5310
0
7399
6851
0
0
0
7371
0
0
4774
118
0
25
0
0
7422
7273
6405
7372
5459
630
6114
6452
7268
0
7373
0
5443
5
5122
0
2019
7399
6784
0
0
4581
965
0
0
6450
4182
4462
4163
4987
6565
7412
4501
0
0
7004
7070
0
4892
4050
3394
0
2506
6240
0
1676
0
7079
0
5136
2568
0
7202
0
7311
0
1728
0
0
3584
0
5980
7321
0
4281
0
6904
3432
0
0
3422
7425
5631
0
0
0
0
0
2613
5188
1420
0
0
0
6830
7079
2726
0
5005
0
0
720
7350
6652
7019
6784
7333
0
0
7407
0
3899
0
4369
7330
0
3105
7303
0
5493
0
0
0
0
0
0
7149
0
1726
6438
145
0
5746
6204
6714
0
0
0
2225
0
0
0
5344
0
4546
0
6247
6099
4658
0
7169
1384
0
7311
134
0
0
3461
4502
0
7397
0
0
7173
7295
1241
0
5658
571
7415
7358
2487
0
0
7418
0
0
0
4169
1267
6636
0
0
3881
7378
2205
5403
0
5090
0
3831
3943
5766
0
7287
3613
0
0
7365
6807
0
0
0
0
7275
0
7030
3949
7381
0
0
1046
7412
7080
6400
0
0
0
7416
0
0
1397
0
0
6566
0
2377
6350
0
7289
0
0
7412
7288
7428
2384
3433
0
3499
6459
4096
3385
5888
0
6683
5125
5678
7388
5410
7403
0
0
0
4868
0
6373
6528
0
0
0
0
7314
0
4162
6067
0
0
7115
6575
0
5351
0
0
7371
7410
4667
7101
0
4290
6814
7013
7372
0
0
0
7407
7396
0
0
0
0
0
6419
2834
0
7269
3869
1380
0
0
0
0
4936
0
0
6437
3454
6236
0
3572
195
5401
0
5028
0
4627
0
2390
7414
7341
3129
3929
4125
1925
0
7187
7390
7408
3192
0
0
199
2770
7407
7292
3422
6684
7409
5246
0
7308
2057
0
4650
0
4002
6430
623
7355
4564
7194
0
7406
6213
7324
4364
6592
6723
0
0
0
6425
7380
4830
0
4169
1218
7410
0
0
6551
2215
0
2762
930
6895
0
4670
0
7248
6814
5944
4467
6617
576
0
7423
0
2619
0
0
4527
0
7362
7276
7323
4770
0
3428
0
0
0
4564
4186
0
5886
730
7398
0
646
0
4564
3109
4335
0
7405
0
0
6651
5913
7137
1997
3824
6001
5710
7133
0
6493
6373
0
0
6593
932
0
6522
7369
0
0
7146
7322
3793
0
0
6559
0
6558
7283
0
0
7352
829
6818
2312
7386
5220
0
0
7012
7293
0
0
1112
7386
0
6795
5771
0
7292
6165
0
7323
6067
3339
7430
0
0
5027
0
0
2819
885
7265
0
1097
0
0
6972
7320
0
0
0
0
5390
0
5606
7323
0
6702
7054
0
5530
6360
0
4729
0
0
7297
0
7341
5629
0
0
7280
0
3627
0
6862
7352
6430
5170
7409
6600
0
1879
6429
535
7402
0
0
0
7319
4515
0
6350
0
530
6339
7358
0
3280
7408
400
0
7395
0
0
7351
0
4989
0
7410
5848
5498
0
0
7256
0
0
0
7357
7270
4947
6015
2890
7396
7105
3911
0
7380
0
7408
7282
1558
7055
7195
0
0
0
0
1883
6607
0
6182
0
6792
6891
0
7229
581
4620
0
7271
4513
7413
0
7396
1711
5767
2610
0
6461
3221
2242
0
4520
0
0
7107
0
0
7356
0
1906
0
5226
7421
5121
2676
0
4989
5837
7302
0
2042
7357
0
3769
0
7353
0
7418
0
6815
7080
7294
2416
0
7372
6955
0
0
3730
7396
0
0
0
3950
0
6167
6726
6281
6281
0
0
4238
7283
1639
0
0
6239
1240
4556
3613
2139
7360
0
4343
0
0
0
3368
6279
6630
0
0
7413
2791
0
7253
404
0
7399
6800
0
7397
0
6814
0
2232
478
2260
0
7397
2885
4669
6917
6607
0
0
3108
6462
6301
7420
3982
0
6707
0
7387
7419
0
7361
2819
0
0
0
0
5848
0
7386
3224
0
7362
0
0
7289
844
4180
6162
7332
7116
0
7082
0
7356
0
2873
0
0
6236
1718
4968
1324
0
7361
1659
0
2755
6841
4913
7409
0
6625
0
0
0
0
0
7283
5249
5898
6236
0
7194
7401
7427
0
7416
1047
0
1307
0
4744
7291
6638
0
7093
4900
4932
0
0
7288
4879
0
4408
3390
0
0
0
0
6040
0
7420
0
0
4023
7407
791
0
4460
0
5451
0
7294
3723
0
1615
2326
3954
0
0
7398
7296
6369
6387
4739
7398
6400
0
7371
7082
0
7351
5701
0
7286
0
0
4524
5385
7280
7293
5069
6412
4812
7337
7352
7354
4884
3341
1277
4964
5486
7325
0
7265
2383
0
0
0
0
7322
0
7107
7194
5955
3052
6816
6400
5914
6477
0
7313
7414
7163
7296
766
7181
2253
1921
0
7385
0
7414
6841
1334
5925
320
4828
0
0
0
7415
0
5770
7036
0
0
7307
0
7321
0
0
0
0
6958
0
0
4658
0
6994
4811
4203
0
0
0
6973
6467
0
5533
7352
160
7229
0
6213
7411
0
0
6124
0
7358
0
155
2984
0
0
7402
7291
6490
0
0
3898
0
0
4672
0
7414
7308
0
0
0
5112
0
3278
0
5677
6351
6076
7370
1381
634
0
0
0
2904
6974
5955
7392
7408
7107
0
0
0
4344
4627
7202
2122
0
2324
7295
2054
0
0
5725
6526
6920
6571
6696
0
0
6158
0
0
0
0
7327
7402
4792
7406
4038
6400
0
0
4564
5596
0
6308
1979
0
7422
7192
0
7269
7310
7229
1459
7416
0
0
0
7318
6925
6213
0
7323
3797
7308
7181
6793
7395
7331
6800
0
7419
0
7358
0
4050
0
0
6778
0
6779
0
6077
0
0
801
5238
0
0
4723
0
521
0
0
7325
0
6434
2558
6605
1183
0
4987
0
7102
6755
0
0
4445
7294
205
3314
4564
0
0
4640
0
0
2571
7337
3960
0
0
7420
0
3989
6477
510
3365
0
0
5118
0
0
7381
0
6076
0
699
0
0
0
7194
697
6863
0
0
0
0
6133
4795
0
0
0
0
7215
0
0
0
7409
6480
4768
0
0
0
3729
0
2017
6992
7415
7410
5019
0
4916
0
6308
0
0
0
0
0
6537
5364
2431
4687
3394
7168
0
0
1468
0
3943
5846
7109
4536
7362
7286
7352
3831
0
0
7215
0
1586
1892
0
6540
0
0
3291
4675
3794
2198
6852
0
6836
7338
0
5872
0
6761
0
0
6750
0
7012
6661
1890
0
0
0
0
0
7352
0
0
0
0
6851
5199
0
3397
7018
6412
0
7393
0
4732
0
756
6814
0
0
6997
6781
2260
0
530
0
5035
0
6918
0
0
0
0
0
0
7413
1378
0
7428
0
0
6213
7296
0
0
6696
3966
0
1898
0
7409
0
5268
7397
4974
4694
0
7400
0
6139
7416
7373
0
6008
7414
2420
5759
0
0
0
3256
6405
3461
0
6296
7295
0
0
7420
7220
0
0
6930
5281
0
4251
0
7358
4130
7339
7284
0
0
7360
6967
0
2927
0
0
5837
3937
0
3413
6688
3542
6155
0
0
7409
0
3494
5461
7338
389
0
0
5330
0
0
7415
0
1163
4732
0
0
6928
7304
6793
0
7308
0
7359
6569
7328
5810
4539
5616
4549
496
0
3992
7357
0
0
0
4073
6619
7306
0
0
0
0
0
7326
7403
7052
6021
0
0
0
7320
5494
7424
7368
0
7354
7261
0
0
0
0
0
0
405
5675
0
5526
7309
1292
0
4395
4773
0
4438
0
7417
0
0
1600
0
3797
5427
6218
7400
5527
3553
5239
0
2612
3620
0
0
6614
0
616
4545
0
0
7101
0
3239
696
0
7280
0
0
0
0
0
0
0
4165
619
0
3535
2552
6868
6654
0
0
2095
7407
0
0
5259
0
1615
7205
6560
7405
5123
5202
0
0
3981
6210
7338
0
7408
0
0
6600
6248
1897
6929
0
6548
7358
0
5478
0
7339
0
0
7170
7211
7134
0
6121
0
0
0
2819
6303
0
0
7412
0
5794
0
0
6198
0
5195
5403
0
7358
7428
0
6793
0
0
7359
945
0
0
7369
7007
743
7407
0
3142
0
5290
5550
2070
0
0
0
3931
4522
0
6929
3788
0
3254
0
0
0
0
0
0
7292
0
0
7413
0
0
7405
0
3909
0
6424
0
6458
3169
0
6933
7358
7372
0
0
0
4685
0
0
7390
6235
4774
0
0
0
7358
0
7174
0
0
3706
7421
4735
0
0
0
0
4097
0
89
7375
7275
0
5399
0
4770
5126
0
5136
0
0
4928
596
0
0
7399
6119
785
0
7115
0
6074
0
7409
0
885
7216
5661
7363
4503
0
4431
1428
5092
0
0
7420
0
0
4119
0
5872
7313
0
0
0
0
3884
3221
0
0
0
0
0
1076
0
0
0
0
6688
0
752
5628
0
549
2801
0
7408
0
0
5753
667
0
0
7269
0
5399
0
0
5749
7411
0
0
2059
7018
5187
0
0
0
6115
7338
1044
0
7403
6208
7418
4036
1634
5653
3617
7356
6977
6837
6308
7171
4533
0
3725
0
7357
4748
0
3003
0
1957
0
0
0
2041
0
0
3831
5713
0
1215
6232
0
0
2028
5269
6909
0
0
0
6792
5942
0
7368
7167
0
0
6511
6593
4549
7248
0
2167
4623
0
5938
5725
0
4245
0
6814
6294
6022
337
0
7273
6349
5745
7109
0
7319
4190
0
0
0
0
0
0
6983
7395
7103
0
0
5106
7360
7357
7265
7397
0
6444
7187
5846
698
3804
4685
7069
0
0
3544
0
2869
4875
0
0
0
351
0
0
153
0
0
0
0
4442
6124
2682
3554
2896
3176
7283
7015
0
0
7301
5134
7295
4535
3864
0
0
0
6868
0
0
0
6325
0
276
7196
0
2547
6924
4088
6849
6792
0
0
0
0
1307
7292
7116
6959
0
0
5134
4579
0
7338
3722
1943
0
5226
2167
0
218
7200
6987
7369
6402
2147
268
6762
6711
0
7377
0
0
7369
5817
2050
0
2302
7156
1055
7160
2793
7406
0
7304
5513
7367
0
0
0
1853
0
1962
5677
0
0
0
0
0
0
0
4969
0
0
4999
0
6722
2455
7360
0
7424
0
3861
627
0
4697
7410
2971
0
6297
5307
6211
0
895
3360
3709
0
3208
5643
0
0
7396
5641
3146
0
3352
6799
0
0
5476
4043
4533
5581
1294
7355
7276
3231
509
4914
0
0
0
3259
0
0
0
0
0
7174
0
0
0
0
7360
5083
5470
7352
1265
0
7388
0
361
5338
0
7350
7418
6266
2971
0
1411
0
6235
0
0
2261
4904
1381
791
37
0
3522
7372
0
7337
0
3505
7292
4024
0
0
530
0
5753
0
2825
0
6486
6307
0
0
7358
5385
7288
7401
0
0
6186
0
7410
5200
7132
2714
0
0
1888
0
0
0
0
7413
1914
0
6127
0
0
0
0
0
0
3428
0
6078
0
0
7413
7112
7295
6085
0
3239
0
0
6119
0
6411
0
151
4653
4564
0
1472
0
0
1411
6502
3926
0
7362
4848
4044
4013
7400
0
0
5996
0
0
5352
0
7402
0
0
2260
0
3159
7077
0
0
7422
0
2455
0
0
0
0
7291
3818
273
0
1612
7347
0
0
0
4564
0
6124
0
7417
4355
7293
6110
0
1726
0
1290
6025
7292
0
6213
5058
3538
0
2340
0
273
0
0
6780
0
965
5940
0
1887
7372
0
80
6127
4682
0
7045
4476
0
4811
0
0
0
7323
0
0
0
6777
5551
7314
6722
0
6523
207
2714
7288
0
2707
7400
7137
7410
6974
0
0
0
7351
0
0
0
0
7302
0
0
0
0
6928
4383
7399
4164
0
0
0
7361
2582
7367
7371
2907
7369
4688
0
6601
0
1843
0
5853
5678
0
2517
7130
352
7281
5764
0
7363
6576
2846
0
2748
0
0
0
7408
5600
0
7289
7071
3802
6500
0
0
0
6601
0
5769
3160
0
4668
0
7320
2042
4810
0
1013
7195
3755
0
0
6477
4195
3239
0
0
782
7360
0
6917
0
0
0
6615
0
3423
3575
5255
0
6895
0
5901
0
4278
0
6566
6469
5647
3921
7323
0
6995
0
0
6462
6456
0
4205
0
0
0
6403
0
0
0
0
7131
0
0
7427
6528
7373
0
6168
1941
6196
0
7272
6115
7362
0
6196
3491
0
0
4696
0
0
7271
0
0
228
7306
0
5031
0
0
7410
6400
0
0
0
831
0
0
0
6239
0
758
0
0
0
3139
3067
1636
7237
0
0
6968
7306
260
6052
0
0
0
5732
7307
0
0
3341
4980
0
6399
7194
4704
0
0
7284
5944
5376
6371
0
0
0
7187
0
0
4932
0
6389
0
6090
4053
4371
0
4974
4469
0
1849
0
7316
0
6498
0
7173
3293
0
7373
7400
0
1588
6796
0
0
0
7220
0
6837
2431
6955
0
6714
0
0
5481
6313
0
7393
4397
0
0
2674
0
7408
5228
0
4269
7285
5134
0
2337
0
2869
7192
7312
0
0
3272
643
7377
6438
0
0
0
0
0
0
7351
0
7119
0
0
0
0
0
7317
6918
0
0
6506
6865
1255
7229
7414
7402
7417
0
1307
0
4628
0
0
0
115
2524
0
5083
6792
6778
0
0
247
7411
2762
7291
0
0
7409
0
6814
5524
2244
0
4206
7352
0
2558
0
0
7284
0
0
676
0
6220
4447
4162
7023
7201
7284
7168
3305
0
4268
7054
0
0
0
0
4915
0
0
0
0
677
6472
5503
4424
0
0
0
6829
6795
0
3260
0
0
0
0
6995
0
0
0
0
0
5567
0
5777
7304
4571
7372
0
7424
707
7365
0
7327
0
4164
7419
7407
0
0
0
6994
7400
7338
7407
0
7163
0
0
0
7136
998
6624
3718
0
0
0
5491
0
0
6614
2132
4811
0
2058
7348
6477
2961
7400
7424
7353
6921
0
5648
4981
1659
5216
0
0
3770
0
0
1525
6567
6968
3797
0
0
7417
0
2485
7418
0
0
6472
5677
0
1426
6071
6858
0
6691
5593
5729
1499
0
0
7302
6598
7418
0
0
0
7276
119
4906
4793
4204
0
7302
2278
5011
902
5793
6652
3388
0
3989
4173
5376
4418
3962
0
6995
4389
7304
0
2167
0
0
0
0
7309
2489
5460
0
4153
7390
0
0
494
6520
0
7375
7427
6905
7193
3833
0
7411
7341
7378
4147
7369
0
6830
0
5089
0
0
4921
958
6462
4344
0
0
0
1834
7372
0
0
0
7228
0
4925
0
0
0
6789
0
0
5239
4275
0
0
5205
0
7410
0
0
0
6984
3770
0
0
0
0
7313
4745
0
0
7421
3312
7297
2625
0
0
0
0
4344
1888
7396
5674
473
0
2825
7422
0
0
0
7314
6891
0
3340
0
0
0
7430
0
7410
7327
0
7253
0
7405
0
7353
6774
6596
7362
7400
5672
76
0
0
0
7305
0
5709
0
0
0
7373
0
0
7328
0
0
6386
5170
7338
6755
0
0
0
0
7379
1580
2935
1108
0
0
6471
7363
735
3818
0
0
3856
0
0
5263
3420
0
6135
0
7331
2095
0
7280
7412
7416
7403
0
4962
7424
0
7415
3039
1416
4612
3988
7274
0
4673
0
0
1440
2997
7348
4663
0
4877
3305
5316
7304
0
7101
0
6649
6416
0
0
7283
4530
7327
3238
0
0
7408
4119
0
396
0
7323
5647
0
7043
0
272
4564
4953
6477
0
7235
0
0
0
0
0
4152
3953
5991
4953
7363
0
0
6589
7414
149
7340
0
0
6008
7296
0
1725
5842
7337
2674
0
4168
6994
6240
3148
0
5779
0
4047
4058
0
0
7047
6930
2767
7156
7109
6722
6132
2319
0
0
6601
6685
0
0
7416
6915
7276
5495
4216
4023
0
0
6352
0
0
0
0
0
0
7405
0
6977
0
7413
7420
7367
0
7292
1126
0
7332
3389
5284
0
0
2238
0
0
0
6653
7327
0
0
0
2542
0
7285
7411
7414
0
0
6995
6858
4822
4805
7321
6842
622
7400
5033
999
7353
2095
0
7410
7411
0
0
6762
4576
0
7406
0
4348
4382
7324
3139
7421
3295
7110
0
0
0
5210
6652
6239
0
0
0
0
7169
7307
0
0
6773
3718
6123
4858
7194
6793
0
7334
7236
1238
3431
0
4526
0
7407
0
7004
3646
1634
7229
0
7295
0
6692
6461
0
6469
0
7187
3164
4356
4139
7411
0
0
0
4857
0
0
0
0
0
0
0
0
5435
0
0
6966
4590
6441
0
0
0
1750
0
276
6543
343
0
5130
0
5584
0
0
6771
0
7414
4494
7341
5576
3575
6207
7411
0
315
6425
7315
7324
0
0
0
0
1390
7310
0
7119
1717
7423
0
7351
0
6685
0
0
1742
5333
0
0
0
5593
6917
7372
5427
0
3358
0
0
7305
0
2024
0
0
2211
7287
0
0
0
7229
0
0
0
7419
0
5145
7307
6071
0
7403
7414
7354
0
7193
2297
2824
0
7424
4320
5190
6623
7321
0
0
6079
2452
7397
7381
7412
0
0
6415
7193
0
5336
0
0
0
6254
0
7363
0
7427
3937
5487
7172
6451
0
7170
5504
5275
0
0
0
0
0
7426
0
0
5905
6402
0
0
0
0
7408
7422
3380
5791
0
7312
7387
5046
0
0
0
1744
0
0
0
0
7398
0
0
627
0
6317
0
1203
7424
0
0
0
0
7052
7369
0
5374
7411
6528
7385
6971
0
7300
7276
7215
0
0
4959
7172
0
5328
2095
0
6717
0
3072
6743
6413
0
0
6697
7429
0
0
2042
0
5799
806
0
0
6969
6165
6380
0
0
0
6840
0
7201
0
0
0
7413
0
5821
7355
4831
4168
6425
0
0
115
0
0
0
0
0
5485
0
5088
0
0
3802
5843
0
1907
0
1818
6863
2173
0
0
0
7360
504
0
0
6509
0
6459
0
1370
0
0
712
6904
0
0
0
0
7194
2141
620
2992
0
0
0
7101
0
654
5563
6669
0
7357
5408
3380
3931
6862
7353
5817
0
0
0
5144
0
0
5199
2749
0
6241
0
7280
5914
0
0
7354
5067
4425
4454
0
0
5204
3422
7098
5939
0
0
4718
4986
0
0
3572
0
0
7335
4744
6528
7422
0
3916
7305
5477
1506
2042
0
0
0
992
0
0
3430
0
0
0
0
7033
5467
6636
0
0
4665
0
0
7402
1732
2971
6007
7276
7416
6462
1847
7325
410
1338
0
2380
0
3777
7269
7410
7322
7408
0
0
7149
5185
3566
5528
5944
5440
7327
4391
0
7420
0
5028
0
4216
0
7400
5656
7423
7351
1297
6240
6431
7163
5996
0
7411
0
7398
4890
1316
0
7411
6624
4522
7412
7368
0
0
0
7362
0
6546
5759
2002
0
5396
7411
0
0
5225
5796
0
2520
0
0
0
7408
6236
6796
4376
3081
6587
0
6270
0
1895
4004
4912
2216
0
0
0
0
0
5039
0
0
0
6134
0
0
7385
7289
6610
5960
5240
3642
0
0
0
6692
4096
2848
6367
5475
0
0
0
7312
0
0
6513
7294
6901
4817
0
7323
1657
0
0
5570
0
0
0
6329
0
6797
0
0
6415
0
0
4470
0
0
3570
800
5231
7348
1715
627
0
6852
0
0
4292
0
4890
0
0
7290
3102
7180
3096
3715
7422
0
2372
0
7195
0
1883
5255
535
0
0
6351
0
0
7335
0
6284
0
3653
0
4211
0
7029
0
6988
0
0
0
0
6836
0
0
6653
0
7157
0
4864
7330
2416
0
6607
0
0
3201
0
0
5174
2083
0
7354
7418
0
0
0
0
6324
1059
0
5788
0
5010
0
6572
6334
7163
6800
5385
6072
0
0
0
0
0
0
3250
5924
0
0
5496
6602
4272
0
0
7014
0
0
0
0
0
0
4319
955
0
0
5645
5795
7407
0
0
7240
2924
0
4355
0
0
0
3461
6930
0
0
7408
7294
4079
0
0
0
7419
848
7194
3174
831
3406
4938
0
0
7410
0
2874
6924
6862
0
0
0
0
0
0
0
7361
6685
7407
1714
0
7300
5454
389
0
5917
6453
4742
6301
7332
0
0
0
6867
5598
7323
0
0
6327
6673
0
0
1015
5077
7353
0
7395
0
7274
5648
0
7409
0
0
6102
0
0
0
0
7425
0
0
0
0
7417
0
2346
0
0
0
7407
0
4390
7193
0
0
7406
0
7295
0
6827
7339
0
0
0
1381
0
7413
0
7212
535
33
0
0
7341
7197
0
1053
7371
1818
5847
1879
1254
3877
0
155
3017
6441
7323
7265
0
0
5963
0
6079
7339
1961
7193
0
2319
0
0
7412
0
7416
3533
0
7195
0
4910
6296
0
2567
7418
0
6651
7410
6863
0
5972
0
0
7384
0
5674
5126
2153
5642
7051
0
6258
3457
6692
2828
0
0
7169
0
7361
4069
6784
0
0
6046
7423
6862
7171
0
7354
5625
0
0
1013
7323
0
0
0
0
0
7362
0
7153
2042
7178
5898
7149
0
0
5548
0
0
7362
5726
0
7413
0
7174
5169
7413
0
22
0
0
3100
7169
6920
0
6749
6247
0
0
0
3560
7424
5999
0
0
0
0
6399
0
0
6816
0
6977
0
1105
0
7325
7361
6513
7404
6992
4784
3570
6919
7362
0
3001
0
0
5191
0
4892
2904
0
6798
7340
0
0
0
0
0
762
0
0
3224
7393
0
0
6209
7419
7407
0
0
7329
7098
7397
7348
1834
0
5771
518
0
6471
7194
0
7410
7369
5374
6853
0
7166
0
4501
2274
5203
0
7424
2418
0
0
0
4143
0
1849
592
7380
0
0
6883
0
0
0
0
1499
0
6302
0
0
5872
5461
4321
0
6852
2018
0
0
0
0
0
5585
3674
6748
7323
0
0
3018
0
2569
4028
7292
2793
6711
7266
0
0
0
7351
0
0
0
6868
0
0
0
7145
6141
2904
0
7145
0
0
3000
0
6972
0
0
6085
6969
7392
0
0
5259
4500
5330
7306
462
0
7279
3651
0
7215
6369
7302
1367
0
0
0
3347
0
7358
0
0
1080
0
0
0
3308
5112
0
3966
7293
0
0
6623
0
7279
7189
1863
0
0
7330
0
6526
2752
7428
0
5005
2280
0
5723
0
7400
716
7398
6762
0
0
0
0
5486
0
0
6546
5341
2587
7319
5311
0
0
6930
7251
7172
2949
7269
0
7362
3831
0
0
0
7405
0
6094
4933
7348
7321
2338
0
1227
6669
4169
0
0
6771
5007
0
7312
1789
0
5245
2076
2116
7417
0
7408
6973
2767
6853
6868
7390
7126
0
6562
7413
0
3422
3626
0
0
7312
1990
0
0
0
0
7359
0
7304
0
1115
2506
0
0
6214
7357
5175
2847
0
0
0
7005
7277
0
3305
7369
0
0
4023
0
3445
4768
0
0
0
7368
3112
0
0
6640
4368
0
397
4355
7359
0
6335
0
0
0
7294
0
0
7421
6750
7408
0
0
0
7032
0
6135
2431
1892
0
835
5765
2282
5205
200
5293
0
4013
0
5458
6627
6425
0
0
2140
6070
3206
0
2205
6792
0
0
0
0
0
2238
6262
0
3265
2118
4355
7412
3584
0
0
0
4928
6543
0
6022
0
4741
7399
7418
3209
1627
7274
0
0
0
7295
0
0
0
5925
7420
0
0
7327
3018
6196
2110
0
6482
7419
5269
6936
0
0
3037
6149
7336
7415
6774
0
7361
3420
0
3945
4141
0
0
0
0
23
7410
2095
829
0
0
0
767
0
7353
2512
0
0
7289
6360
0
0
0
3894
6669
6169
0
6380
4
0
6971
7237
6921
0
2396
4291
5966
0
0
2490
5482
0
7399
7322
0
0
0
0
3148
7409
0
0
0
1512
139
7376
5509
0
7390
1271
7398
0
4157
0
0
4439
1843
7297
5425
2581
7369
0
0
2456
6515
5482
0
0
0
4245
2846
0
7405
0
5458
0
0
7418
6571
420
0
6669
7299
6936
0
6977
3227
7364
0
0
0
0
0
0
0
2241
0
0
7424
7374
0
7272
0
121
6325
0
0
0
0
0
0
5202
6317
3420
0
7077
4906
7359
0
0
0
0
7368
2536
6703
0
5096
0
6793
6324
5357
0
0
0
5096
7418
0
129
4259
5556
7423
1187
0
6518
7098
5376
6862
0
7413
0
0
6719
5914
6438
0
7324
2164
6989
0
0
0
0
0
7412
6517
0
7046
0
6213
7405
0
5881
4154
0
0
0
0
7250
0
0
0
137
7323
4728
0
0
163
7337
7357
0
2595
0
0
0
0
5954
0
0
0
2189
0
5003
7370
0
7415
7268
0
7196
7409
0
7410
7195
5881
2808
3515
0
7403
6328
0
7028
5577
0
0
3031
0
2891
4348
1683
0
0
719
2544
0
7351
6501
1674
0
6360
0
0
1000
0
0
7161
2002
7283
0
7213
7306
0
3428
4424
7372
0
4439
0
0
0
7109
4751
1985
7318
4049
0
0
7312
7372
0
7372
0
0
0
0
7415
6684
3873
1887
7180
0
0
7294
7302
0
0
1408
0
7338
0
0
0
0
0
0
1869
1452
7188
0
4627
7408
6617
0
0
7308
7134
820
5539
7379
7397
6543
0
0
7400
7371
7399
0
6723
7357
0
0
0
1189
0
0
6512
0
62
0
2059
2663
7287
6685
6672
0
4117
0
3612
0
1189
0
0
0
0
0
0
0
4605
0
7101
4824
0
3672
6297
994
7303
0
0
7309
3387
626
6015
0
6633
7396
6799
0
7416
7260
1124
0
0
0
0
0
1527
7323
0
0
0
0
7321
7128
0
0
7407
0
0
0
0
5125
0
7304
327
0
4933
7278
0
0
5709
0
6829
7411
0
6697
7074
0
0
7388
0
0
5791
0
7407
0
0
6658
0
0
0
5928
5498
1428
263
0
0
0
0
7377
60
4474
0
6322
0
0
0
6049
5565
0
6213
3422
7359
0
7372
0
0
0
7411
2568
7275
6692
0
7419
6995
5191
6241
0
0
3119
0
0
7292
672
7409
5972
1592
0
0
7284
0
7306
7399
4823
5385
7359
7193
5373
0
0
5629
7117
0
0
7428
0
0
7154
0
0
0
0
7012
0
0
0
7312
5293
7416
2069
0
0
0
0
0
0
5468
5249
6327
821
7424
7288
0
6883
3735
0
7233
0
6467
7125
0
7228
0
5356
0
0
5173
6172
7105
7353
7146
0
7349
5330
7424
0
0
7412
0
6379
510
0
0
0
7324
0
6791
4200
3166
0
0
7316
0
7381
0
0
5134
0
6901
6553
4598
5476
4571
0
1798
0
5427
0
7402
0
998
7359
1512
2402
0
5563
5375
7195
0
0
7397
3834
0
1098
1755
0
0
0
6361
2380
0
1327
0
3730
3849
4623
5068
4425
4567
2909
0
4140
6477
0
0
0
0
0
6618
5991
1850
6430
6480
0
0
0
2487
6402
6431
6221
0
6371
0
0
437
6379
4471
7407
0
7310
6069
3722
7268
0
0
0
0
0
1824
4629
0
5136
0
7395
1693
7422
7181
0
7402
2198
2258
7398
6498
0
0
0
3632
0
0
0
0
4268
7276
0
2963
5293
0
4579
6361
7308
1786
0
7374
6936
3017
7323
5687
4662
7377
0
0
1322
6373
0
0
1960
0
6045
0
5264
1876
0
5938
7309
0
0
0
0
4286
1123
0
7201
5059
6973
0
0
5082
7170
0
0
6805
7338
7356
5056
0
6359
1469
6782
0
0
0
3934
2207
0
0
0
7409
6802
7351
0
7338
2418
7039
0
0
0
0
2318
7323
3931
2459
6990
7354
0
0
0
0
0
0
6477
0
0
7030
0
0
7307
0
0
4517
0
0
0
3487
0
5089
7200
0
7414
4135
0
1859
6109
0
0
3283
7418
0
4838
7424
7407
6685
7163
0
7412
0
0
0
0
463
2477
0
5240
7411
4291
0
0
7399
5111
5676
7312
0
6585
0
0
0
0
3645
0
0
0
0
6327
0
0
3167
7420
0
7408
0
5624
0
0
442
4742
0
6964
2755
0
2619
4933
7409
5647
7422
6578
7070
324
0
5574
5427
2516
7362
0
0
0
815
0
0
0
0
0
0
3747
5190
2924
2972
0
804
0
0
0
7424
3542
315
3482
5298
0
0
7288
6167
0
6329
0
0
0
6993
6260
0
7408
6702
5661
7366
0
7150
6327
7403
7162
0
0
7408
0
0
0
4470
7294
7420
0
0
0
0
0
6624
1018
0
6218
7408
0
1076
0
6737
5689
0
4200
7409
0
7211
88
4900
4312
0
7416
3272
0
5064
0
2369
3612
0
0
4074
0
1174
7399
7406
3256
1261
0
6692
1821
3438
7279
4968
5474
6528
2058
0
0
4519
6982
7373
0
0
0
7401
0
0
4677
5777
0
4544
0
0
0
7415
0
5968
7338
5687
0
6890
0
7396
0
0
6976
0
1743
0
5258
4023
5495
2357
7142
4947
0
7412
7385
7347
0
4961
0
1428
2548
0
0
6164
0
0
0
4720
7361
0
0
0
7119
0
6559
0
5675
0
0
3213
0
3873
7181
1698
2095
0
0
0
0
0
0
0
7424
7294
7413
4019
0
0
2365
0
7340
4058
5561
0
0
2054
7308
7400
0
3183
7337
6684
0
0
5481
0
0
0
7420
7291
0
0
0
0
6438
5906
5049
5653
0
7306
1123
4125
2238
3737
6625
0
7032
1096
7130
0
7332
572
0
0
7422
0
1754
4586
7283
7322
7422
0
1919
7211
3017
6461
0
7295
7208
0
5363
0
0
0
7076
5440
2543
4251
125
5440
0
3459
2229
0
1969
5681
6630
0
7129
1104
4549
0
1755
0
7417
2830
0
5166
0
0
0
0
6692
0
0
0
7397
0
4586
7306
0
7266
3623
0
0
0
0
0
0
5147
0
4024
0
2951
6652
0
6419
7400
0
0
0
6281
0
7407
2232
7371
471
57
0
1183
0
0
5092
0
7291
5388
6501
7266
0
0
0
5892
3216
0
7196
0
6791
0
0
0
0
6645
1814
7409
6697
3837
0
0
0
6568
5182
6602
0
7353
6669
0
7140
5644
7194
6292
5786
0
0
2614
7424
4101
0
3029
0
6766
5270
6977
2962
0
7307
0
0
1386
0
472
6063
0
6647
6548
0
0
6968
0
7081
0
0
0
0
7362
4834
2407
7069
3524
5565
0
0
7328
0
4811
2062
4392
7413
4578
2923
7416
7372
3170
0
2619
5796
0
0
6102
3046
5641
7150
7320
0
0
7202
0
5886
0
0
0
7357
5930
377
1377
6708
0
0
6871
2439
6653
6236
0
7419
0
0
7280
7329
7323
0
0
1682
4156
5035
4193
4085
6238
3617
0
7415
0
0
7256
0
3515
0
0
7397
0
7403
0
5770
6044
0
0
7390
0
4522
0
7372
806
7351
7352
3981
7414
0
0
6595
0
5359
1338
7132
0
0
0
0
0
0
0
7394
7360
3861
5878
3730
3962
0
7288
5509
6702
1772
0
7397
6345
4584
0
7404
6771
5451
7275
6094
0
0
0
5353
0
0
0
0
0
7415
6933
4629
0
7320
2904
0
0
0
0
0
0
7404
5020
1338
1427
5753
0
0
204
1332
0
7337
1637
7327
6921
4017
3498
5910
0
3541
0
932
0
0
7388
5083
0
0
821
2215
6238
7014
6917
0
0
6822
1991
0
0
0
6852
6477
7193
7283
0
0
0
0
0
0
2610
5803
0
0
5293
0
0
0
3123
0
2996
6623
2078
0
0
0
0
0
0
0
724
57
5153
0
3286
5496
2092
7407
0
7076
7133
7069
0
1817
4026
5494
0
0
0
6974
1335
7326
7274
0
6989
6129
0
0
7398
6556
7398
0
5246
0
0
0
6968
7413
0
7416
7324
4358
1602
7045
171
0
0
6135
6624
0
0
3033
6653
7397
5333
2036
7202
0
0
6486
7354
3831
0
3283
6989
4732
7421
0
7354
0
6785
3816
1365
1056
0
1097
7414
0
1473
0
0
0
0
7352
7404
0
3258
3055
0
7339
0
6445
0
0
7370
0
4956
2985
4245
902
0
0
5487
3613
4024
7328
7326
4348
6209
0
2584
4793
0
0
6863
0
0
2049
2192
0
0
6994
7323
41
5910
0
1977
0
0
0
0
0
0
5687
0
0
0
0
0
3069
7285
1961
0
7342
2757
6472
7130
7172
4773
2236
7227
1627
7422
1855
2886
0
0
6978
4005
5605
0
2793
0
0
226
7398
6747
4682
0
7413
2868
1322
731
4972
0
5399
0
7402
630
2843
7372
5872
0
0
2542
0
7423
3062
5910
0
755
1455
73
0
0
0
0
1846
0
4414
5817
0
166
2563
1821
0
7294
0
0
6782
3907
0
795
0
4327
7188
2749
7053
2373
0
7129
0
0
0
1970
0
7409
0
6685
0
0
7004
0
7421
6830
3931
7029
1346
302
0
0
6295
5925
0
1122
0
0
0
6543
7306
3710
0
4272
7339
3079
4400
6800
4190
4784
7418
4953
0
0
0
7169
3348
1574
7412
0
0
6453
5174
4683
0
0
5190
1381
5204
7323
1532
0
5456
0
0
4627
3433
7408
7201
0
7107
0
0
7295
7397
0
7277
6645
0
6400
4171
0
6868
7413
3737
0
4552
0
0
7328
5587
0
4845
5600
2997
4848
2163
6837
2852
2813
7181
0
7362
5950
0
0
0
0
540
0
7068
1904
7418
0
6646
0
0
0
0
7411
0
2047
0
0
4182
7422
0
7316
0
7400
7308
0
7270
7390
7349
7323
7397
0
7347
0
2770
0
0
2530
0
7288
0
5454
0
0
0
0
7396
0
2892
6800
0
6909
0
364
7399
7413
7276
0
723
0
0
3138
0
2831
6777
0
6863
7193
6208
5356
7422
0
0
5190
0
6965
0
5709
7295
7374
0
3135
0
6092
0
0
3543
0
7296
7273
0
7419
0
6662
4368
6201
7353
0
0
7396
6770
4147
6135
7285
5968
0
5684
0
7427
0
0
7418
7342
0
7321
4624
4118
6973
6485
0
0
987
4974
7415
7299
4967
0
0
6425
6845
714
7408
640
846
0
6920
6683
7294
1914
4793
0
7269
7265
4631
5628
7326
0
0
0
672
0
0
7174
2140
0
0
5206
6085
0
0
0
0
7399
0
0
0
0
133
1917
0
3516
0
2725
0
5610
6637
5011
0
0
7408
0
6911
6372
4928
6891
4937
6733
0
4418
2789
0
6396
0
2744
6538
3879
1694
0
0
0
7310
0
7423
3708
672
7298
0
7407
0
1816
0
5042
1399
522
3221
0
6831
7036
7381
0
0
0
5838
0
6281
7407
1814
0
7420
0
6501
3661
0
0
0
0
7311
7416
6438
0
4769
4910
7408
7399
0
0
7305
4682
0
0
0
1076
4239
0
0
0
7406
0
3186
0
0
2545
4941
0
0
0
5259
5210
0
7334
0
7324
4102
0
7414
0
0
7307
2998
1886
0
7354
0
6268
0
0
6194
7320
0
5818
0
0
0
1356
2112
7362
7396
7373
0
5600
0
0
0
7388
1814
7416
7360
3421
6977
6439
0
1218
7202
5596
7313
3293
0
403
0
0
0
561
0
0
0
0
0
0
7414
6112
0
0
6965
5431
2380
6821
4764
70
7273
0
0
7320
6792
3211
7288
6571
6463
6901
0
0
0
6287
7069
5941
7266
0
7408
7169
7408
3254
7280
148
732
0
0
4168
4566
0
4505
3639
0
7341
4231
0
0
6794
0
7195
7408
7423
0
0
7065
6685
4182
0
7132
0
7272
4141
7427
3268
0
0
343
7359
7283
0
0
1112
0
7205
0
6387
0
6575
7162
0
0
91
0
7369
0
370
7233
0
0
0
2566
7150
0
0
2968
7294
0
6625
5740
0
7396
0
0
7410
0
0
0
0
4251
0
7418
7374
2889
0
4898
7382
4069
7407
7207
0
3423
7406
0
0
7326
0
0
6601
0
7308
833
7070
7423
7430
0
0
4449
6513
3815
4628
4781
6127
0
7411
6281
5689
3822
5821
6994
0
7101
0
0
6974
6437
3406
5116
0
0
4548
2390
1163
0
0
0
0
0
3961
0
6479
0
0
0
6247
0
91
7193
3650
4338
0
0
6287
7398
0
0
6854
7384
0
3419
0
0
7396
0
0
0
5233
5059
0
0
7418
0
1612
0
0
0
0
0
2204
59
0
7324
2548
0
7181
0
3720
2839
0
0
7292
5572
0
0
0
0
0
7412
0
2159
0
2520
7018
0
5218
5216
2060
0
7417
7272
4850
478
0
0
0
3358
0
6148
7428
0
0
0
4645
588
0
6530
5914
5042
0
0
0
0
7194
2468
7339
7082
7298
7406
755
0
5823
3255
0
7323
0
7313
564
0
0
0
7013
0
6515
4013
0
6546
0
7203
7417
0
3773
7339
885
7397
0
0
0
0
6150
7062
4011
0
0
2742
0
6602
0
7357
7293
0
0
0
3829
0
5791
0
0
4431
3242
3736
0
0
0
0
5126
0
4571
7363
7302
0
0
5930
2201
0
5754
0
0
7265
0
0
6400
7304
7306
7268
0
7274
0
0
0
2825
5210
0
7403
0
4236
0
4953
4505
0
0
0
6302
0
5486
0
0
0
4684
0
4335
5915
0
0
0
7193
1156
7407
214
7405
5532
7273
0
0
7163
0
1168
7430
0
6163
7316
0
6692
0
2372
0
0
3463
0
0
7424
0
0
0
0
0
7051
0
4404
7419
1814
0
1811
7420
7269
0
190
5725
0
1452
7145
0
2716
7412
3801
607
6470
1767
0
0
0
1587
7376
2719
0
3227
603
0
0
5777
7409
0
0
6901
1892
0
7125
7407
0
7406
6691
0
5777
7407
0
2405
0
0
0
7400
6649
3169
0
7419
0
3916
0
4913
0
3992
0
0
3818
1697
0
7001
0
7406
0
7347
7322
5203
0
7356
325
7136
7411
6459
1898
0
7272
7308
6101
0
3013
0
1559
7411
0
0
0
0
238
6593
523
0
7362
3840
7379
5239
0
6579
6692
5180
6498
5422
7311
3944
3115
2346
0
7421
368
0
7291
6975
7425
7414
0
1338
0
3586
7156
0
0
3799
5454
6595
5369
7369
3031
5359
3340
6477
0
3632
2269
4486
7357
0
6953
0
0
0
0
4776
1428
1861
507
6538
6778
0
6968
0
238
5164
7414
0
5187
0
0
0
7418
5803
7268
0
3722
0
0
0
0
7332
0
7415
5457
0
6133
1659
5347
0
0
0
0
7337
0
0
0
0
0
6831
6815
6098
0
380
6593
4085
6748
0
0
4810
368
4548
4936
0
2783
6016
0
7414
932
6645
5628
7418
1076
1503
3846
5771
7174
7286
0
0
6127
0
0
6778
7397
7413
7202
0
4031
3559
819
6693
0
0
3218
0
1132
0
7373
7396
916
4256
0
0
0
1131
0
7173
0
210
7413
6733
1814
0
7310
7018
0
0
0
0
4206
0
7256
0
0
7333
7397
7428
1362
0
7416
0
7161
3713
0
7309
6806
6859
6518
7283
0
1001
3185
0
0
1334
7281
4164
5897
0
7399
0
7278
1979
6601
3993
7407
0
0
3457
6437
0
7339
0
2601
0
0
5523
0
0
1583
0
0
0
0
0
0
0
0
7415
4257
0
0
722
0
0
7322
6082
0
0
5116
0
0
7398
0
0
6794
7396
0
0
7328
7370
5969
7102
1469
0
178
0
0
0
0
0
7286
0
6622
0
0
0
0
0
7304
3024
1394
7405
2465
1475
0
0
0
6781
0
325
5777
7336
7350
0
3428
0
0
0
7199
7309
6512
1463
1495
0
3522
6615
6343
731
0
637
0
0
6469
7372
1059
4627
0
0
7369
7324
7292
0
4526
5767
6767
726
7269
4320
6332
0
0
0
4892
3008
0
6281
0
5191
0
6453
7398
7268
0
5245
7374
6551
2966
7389
0
0
0
6835
0
0
3771
0
5001
7416
7101
1376
4160
6120
4485
0
6625
7322
6611
2820
7419
0
7319
7362
7402
0
3941
3237
0
5997
6313
4913
0
0
0
7362
0
522
5916
0
7420
5298
7374
5576
0
5428
2858
7411
0
7409
7291
0
6627
0
7421
7055
0
0
1508
0
7409
1780
0
4963
672
951
0
0
0
6649
1394
0
7380
0
5642
5091
3991
0
6034
1647
0
0
7339
0
0
3845
5916
0
3397
4392
0
0
0
2390
2388
0
0
7324
1939
6994
0
0
2890
0
6504
0
6754
7413
5725
3944
5767
0
3795
0
0
7405
967
7357
0
0
0
0
6251
7288
0
6973
0
6991
7288
0
5979
6404
4606
7317
5341
0
7397
735
3821
4584
2967
4301
1119
0
3256
7407
5332
7289
2646
7281
0
0
7382
0
3718
7269
7254
0
6699
7355
7336
7341
6792
25
7382
0
6050
0
2649
3584
7323
0
0
4226
0
0
6208
3299
852
7408
0
0
7371
7424
0
7202
0
4013
6360
0
5550
7338
7398
6295
0
7309
3184
0
0
3816
7337
0
0
4777
1561
0
1175
6782
5531
3830
7411
516
6438
6010
4738
4032
2944
7351
3968
0
0
5687
6380
0
7411
4727
1474
0
0
7412
2525
0
0
1949
4770
0
5326
7355
4735
0
0
7064
1267
0
7407
2492
6754
7414
0
1795
0
5970
7321
3114
2437
0
7094
3188
6816
7172
7195
3039
6026
0
0
6723
0
0
5051
0
6082
5469
0
3422
7244
7357
0
0
2402
0
0
0
0
982
0
7336
7341
0
0
6350
0
0
0
0
7410
7340
6394
7338
580
0
0
6438
0
0
7407
0
4163
0
0
0
0
0
7340
0
0
7066
0
0
6345
0
75
7372
0
0
5259
5382
7323
7193
771
1338
0
0
0
7386
0
0
0
4549
0
0
0
6592
7423
4126
7412
1755
0
7373
870
4620
0
6747
0
0
0
0
0
0
6774
6699
0
0
6079
7300
5550
0
0
2646
6822
0
0
5677
6558
4257
1956
7326
1260
0
0
0
2997
0
6432
1010
2547
1788
0
0
6755
4544
5736
7265
5721
2537
0
7400
3073
0
0
1890
6080
0
0
1887
0
7421
0
0
7339
2855
2749
7411
77
0
0
6298
6972
6789
0
7420
3078
627
5190
6213
6543
2088
0
0
6702
0
6877
0
4953
7338
5281
6399
6645
0
7303
0
0
6160
2007
6965
2944
1560
2067
4515
7409
7415
0
5743
1394
7361
7337
0
7322
6969
2542
0
7414
0
0
7323
0
0
0
0
4662
0
7411
6361
0
7291
0
0
7321
7300
0
5355
0
0
1174
0
0
0
0
5346
0
0
7312
3069
0
6462
2164
0
0
0
3561
0
0
6371
0
0
1105
4430
5817
6405
7256
834
2788
7163
4337
0
1397
742
3216
7291
2269
901
5477
701
6193
7187
1706
5615
6993
0
0
6953
0
5007
0
0
1036
0
5047
6969
0
3470
0
0
0
7323
0
0
7410
0
6856
0
0
7370
0
3352
6695
0
0
3486
0
4687
0
7422
4275
1804
0
7362
0
0
7410
5410
0
0
0
0
0
0
6294
7411
2717
7409
6415
7408
6696
0
3260
0
5949
0
0
4770
0
4533
0
5770
6220
0
4900
3281
7334
6434
7327
6587
6281
2110
6413
7357
6967
4097
0
7400
5562
6856
521
3477
0
7347
7386
5853
7372
0
7105
7293
7293
4557
4774
0
0
5264
7311
7394
0
0
0
4296
0
7135
0
3615
0
0
0
7414
7293
0
7323
6266
6717
0
0
7408
3815
0
5561
4685
2278
7415
0
0
0
4624
0
968
0
3254
533
0
0
0
0
0
0
7408
0
5125
2623
3326
6967
227
7386
0
5826
1779
0
0
4119
2606
5566
0
0
5246
7173
7405
7017
3570
5125
4028
0
0
7408
0
0
0
5899
0
0
7385
6438
7408
7314
0
5358
5083
0
4522
5542
0
0
7290
0
0
5642
5039
0
5042
6868
3723
0
7141
6381
7192
0
0
5035
0
0
5497
7172
1482
3691
1673
2069
0
0
1030
7286
0
0
0
0
7371
7414
4894
6755
7032
0
4974
0
0
0
5756
5155
0
0
7367
7338
7325
6453
0
7409
6801
0
1490
6428
0
5203
0
0
0
1941
5567
0
0
0
6569
0
0
0
6995
7387
0
118
7294
0
0
0
7101
0
7336
0
7325
0
7410
0
0
0
5403
0
6528
7291
0
4562
5273
0
7412
0
0
0
0
843
0
4338
2874
0
6148
0
5506
0
0
7402
7097
1467
5503
0
2783
0
0
3897
0
618
0
6231
0
6764
0
5759
5164
0
6624
7393
902
0
2892
0
2926
0
4098
7412
6050
1849
0
4536
0
0
0
238
370
0
6757
7302
0
0
2649
0
7414
0
0
0
5837
0
6497
0
7408
2741
3730
0
2591
0
0
0
5063
7336
0
0
0
19
4873
5972
7412
1600
6796
5672
0
0
0
3391
0
0
5169
0
0
5686
0
0
7295
3495
4586
0
0
0
0
7324
7302
6623
0
0
6935
0
7411
6936
0
596
5557
6464
6295
0
2904
0
0
0
5599
2437
6764
5929
3002
0
6429
5375
0
7370
5635
6651
0
0
0
4914
0
504
6438
0
4711
6306
5328
0
4058
7369
0
0
6122
5341
0
0
1323
7341
0
0
5162
6645
0
0
0
0
0
1842
2861
7283
5293
6545
4876
2787
0
0
4252
0
0
0
6711
0
3076
0
0
6652
0
0
4147
0
0
0
0
7422
6182
0
0
0
116
4627
5004
5859
6243
0
0
0
4840
7422
6462
7101
0
5803
0
5791
6069
0
0
0
2040
0
5530
7394
6386
0
0
0
0
0
3007
0
7386
5777
0
0
0
4034
1093
0
0
7413
7406
0
0
3570
5643
7378
7309
5590
7270
5954
5328
0
7410
0
6774
7333
0
893
0
7402
5208
6825
0
7329
3150
1494
0
0
1839
1824
0
2568
5194
0
7193
5028
0
0
0
6241
0
6115
0
0
1624
0
0
6800
0
0
3646
342
1617
0
4709
7303
0
0
6792
2042
0
50
7156
0
0
1518
6517
5280
0
0
7398
4963
0
5681
0
0
0
0
0
7390
0
1932
7341
0
3459
5958
5416
0
0
4559
7304
0
7304
4364
0
0
3664
0
6523
0
0
0
0
4418
0
4519
1384
0
7430
0
0
0
0
3035
0
3554
5706
0
0
0
7172
2016
6459
0
0
7032
0
4560
0
7325
0
0
5574
0
0
0
7410
6623
0
3556
7375
0
4257
7333
2029
3317
7355
0
2997
5838
2469
0
944
7289
0
0
3224
5122
0
0
0
0
7267
6167
7291
7354
1892
0
0
7381
7323
0
6598
5925
0
7360
0
5888
0
7408
0
7368
0
0
7412
0
5249
0
6377
2993
6538
0
0
3403
7356
0
0
2162
7373
0
7141
1909
3419
0
0
0
7338
0
2022
0
0
4627
0
7265
0
0
6799
4017
7387
0
1574
0
5367
2873
0
4337
0
0
7416
5091
0
2968
0
0
6936
5250
5220
0
7029
7293
0
7366
7397
233
1013
6279
0
6804
2198
0
273
0
0
25
794
7398
6929
1264
7422
7229
0
0
0
7320
0
7350
0
4118
0
0
7029
0
0
0
0
4538
0
0
7421
0
4780
0
0
6162
6506
0
0
7412
0
0
6614
2846
7336
0
1252
0
5899
7416
7194
0
0
7308
7290
7397
146
6994
0
0
6361
2405
7004
5781
0
1747
0
4451
0
0
2006
0
1528
7374
2922
0
6652
0
406
0
0
3896
0
2083
7080
3001
0
0
0
0
5028
0
6971
0
7143
5170
4660
0
5195
2957
7275
6162
0
6378
7407
0
0
4256
596
7339
1682
0
6602
3676
7425
0
7243
0
3915
5674
7332
7306
0
3428
5901
6921
6920
7411
6273
7311
0
6799
6918
5470
0
3454
3575
7401
0
5817
4784
4143
0
2042
1189
0
0
0
0
0
7018
0
0
7405
4323
4966
0
2671
7196
7421
0
0
0
4866
2932
0
0
0
0
7412
0
0
0
2078
0
0
6538
0
5005
0
0
5458
0
5164
0
0
7322
0
0
7409
4967
4342
0
6518
0
0
4392
6515
1043
0
0
4877
0
7134
5403
5767
3083
0
6196
351
4268
7422
339
0
4557
6731
7342
0
0
6788
0
0
0
0
0
2660
0
6862
7286
0
7408
6526
7369
2409
0
2667
0
1986
7414
0
0
0
0
0
7265
0
0
0
6826
6185
0
6933
7313
0
5516
0
2165
0
0
0
6646
0
2670
7327
0
4160
5228
0
0
7043
0
0
3751
0
0
0
3012
2994
0
1242
5169
0
1732
5532
0
0
9
6842
0
478
5642
0
0
4050
0
0
0
7409
1108
3435
7418
0
0
6507
1075
0
7079
7410
0
0
0
6868
2148
4275
6932
0
7338
0
0
0
0
2311
6984
6944
6883
0
731
0
1292
7413
7412
3576
0
0
0
0
4795
6349
0
7029
0
7361
7314
7141
7324
0
0
7196
0
0
6757
7097
251
0
817
7347
0
0
6513
7102
7308
7406
0
5372
2828
7369
5496
0
857
4207
2968
0
0
1441
0
0
0
0
0
0
0
7139
7308
7411
0
1131
6793
0
0
0
0
7397
2237
7349
6782
7012
0
601
4071
4794
5395
7411
2891
5542
95
6154
4517
0
0
6619
857
7194
4090
5796
2927
4275
0
0
3221
7421
5791
6983
0
7239
1794
0
0
0
6645
4156
7195
69
7405
0
6463
7013
0
0
0
4526
7294
0
0
6835
4870
3156
0
0
0
7292
6405
4703
0
5623
0
4061
0
368
0
7406
7082
5006
0
0
0
7189
7193
21
0
0
0
3100
4697
0
0
0
5438
7272
0
0
7338
0
0
6658
7396
0
7147
0
0
4937
0
0
7029
4825
6306
4044
0
0
0
5660
5917
0
0
0
1469
7373
4083
765
0
0
7420
442
4472
0
0
0
0
0
2027
4645
7350
5010
0
0
7411
0
6690
0
0
7202
3981
0
0
5125
0
0
0
4501
0
0
6473
7387
7412
0
7400
0
0
6115
0
0
6771
6846
5807
7080
5983
7409
0
4557
5817
3732
3500
6386
7404
0
5458
7319
2719
7416
7405
572
0
0
3784
7427
0
7363
7359
4889
6936
7416
7277
0
7333
5316
7415
7104
6217
7417
0
4268
4795
6901
7412
5362
1886
7429
0
717
5228
0
7386
6775
6492
1886
5925
3957
2904
0
0
6782
0
496
0
3946
0
5187
1851
5401
0
0
1613
7426
0
5268
0
4194
5981
7268
0
0
6332
0
0
345
0
6023
7402
2299
0
0
0
7367
0
0
2147
0
0
0
7422
0
0
4246
0
5767
7264
0
0
5200
4338
0
7352
0
6984
6547
7364
5378
7168
4777
1784
7230
5203
1585
0
5308
4206
7309
6608
0
4424
0
0
0
601
5837
0
0
5933
7077
0
0
6451
0
0
6431
5550
551
0
5596
0
6345
5638
0
791
0
1054
0
0
0
6994
7278
7416
0
2089
7055
4023
6573
1354
2119
0
5804
4775
5209
5143
0
5333
0
6785
4913
0
4472
1511
7395
7383
0
6571
7329
4164
4148
7340
6622
0
0
7373
2904
0
3327
0
0
6940
1795
2594
0
0
0
0
5077
5185
6702
0
0
6911
7186
1589
0
7416
0
6788
4757
6251
0
571
4474
4586
7420
4922
4614
7411
0
0
0
0
0
0
0
7341
0
2060
0
5732
7420
1771
0
5292
0
0
7323
0
0
0
7415
0
7410
7194
0
0
0
3435
6814
6196
1799
7400
1155
7098
0
0
0
0
6357
0
0
7357
0
6974
6764
5637
7294
1290
1693
6177
7381
0
4692
7396
0
7412
7398
0
0
0
0
0
0
3727
0
0
0
3422
7294
3397
5210
7163
6971
3595
0
5006
4738
0
7322
0
0
6325
6432
0
7300
6510
4119
0
7396
4562
0
0
1864
7323
0
5641
6671
0
0
0
6111
7407
6015
2634
0
0
947
7197
7333
0
2770
0
0
6556
6211
0
6308
7395
0
3281
3101
0
3965
6801
0
0
5966
0
1593
0
4517
2116
6297
423
4290
6512
0
5903
0
6547
7355
7036
0
0
6815
0
7310
6852
0
4937
2838
3073
7373
0
0
5813
0
0
6461
7407
0
1502
7396
5045
4550
6829
0
6675
6411
4244
4355
7362
0
6424
0
0
4646
7310
7389
0
7359
6560
0
0
2604
0
6405
0
2624
6050
1063
5550
1657
7338
0
7036
0
0
7352
7428
6791
6835
1999
7394
4193
7408
0
4566
0
4079
5890
0
0
7317
0
5817
0
7250
0
0
7407
6850
522
5401
2754
0
0
0
6828
0
0
5804
3349
3421
0
0
0
1466
0
0
968
0
7415
0
0
7420
6019
6970
423
0
0
0
5004
0
0
6835
6567
5509
0
0
6493
3382
2898
0
3231
6207
0
0
0
0
7408
0
0
0
1818
3293
0
6026
5298
7411
4139
0
2761
5134
5550
7409
6983
0
7396
0
6690
0
7388
6673
5443
0
4376
0
0
0
7397
227
0
0
0
7429
6483
2424
7362
7132
7029
3231
0
4061
0
0
0
7333
0
7323
5925
0
7036
6469
704
791
0
7408
0
2891
6830
2613
6401
0
7365
0
6165
4718
0
0
5674
0
7416
0
0
5759
0
0
0
770
132
7305
0
5901
0
0
6602
0
7253
0
7358
0
7255
0
0
0
5581
6800
0
0
7104
6439
6576
0
2721
0
6551
3344
0
0
0
4090
0
0
0
605
0
0
0
0
0
6308
6049
0
1175
2282
0
0
7399
3035
7415
3335
0
0
4155
7376
7338
0
0
0
6962
0
7278
6711
7369
0
220
6129
7415
0
5364
4225
0
4624
4627
6502
6716
6842
4792
0
6576
0
7015
0
5726
7357
2647
5471
0
0
7401
0
6662
7422
2828
1593
0
0
0
7341
522
0
1016
7408
7411
3361
0
7309
3167
0
7404
0
4024
7272
0
0
6556
7187
0
0
7261
0
7335
0
0
5684
3256
5542
0
6498
4580
6040
0
4621
5550
1538
0
7355
6647
0
282
5945
7276
0
2289
7407
0
0
4590
0
0
6940
0
4023
0
0
0
0
5210
0
5766
7370
5033
0
5550
0
0
5674
7038
5648
7418
4309
0
2571
0
0
5544
0
0
0
0
7157
5487
0
0
0
3815
2499
2924
0
7398
1451
0
3541
0
0
0
0
0
0
5011
2917
7414
5329
6722
2542
7195
0
5481
0
7405
5886
0
2857
0
7193
7375
5970
576
1280
0
4438
3069
4583
0
5683
5570
0
4965
6895
0
4464
6568
0
0
0
0
0
1957
0
7290
7368
3498
0
7425
5487
5498
5925
0
0
0
5689
7075
1096
7373
0
1583
6625
1150
7396
555
0
0
7294
0
3722
0
2861
0
4728
0
6718
7333
0
6280
4206
0
0
0
6239
0
7136
4794
2031
0
6860
6428
0
0
0
0
0
7414
2753
6837
0
5771
7311
7302
2428
7410
0
4793
7300
0
7369
7300
5273
0
0
0
7291
2083
7406
2216
7325
1433
7109
4026
0
4505
4675
6152
0
7410
0
4168
0
6180
0
6706
6515
7338
6737
0
6861
0
3817
0
0
0
7155
0
3785
4688
7356
0
5159
2674
7394
0
7424
2238
0
7229
7334
6469
0
0
0
6466
2457
0
5376
3156
0
0
7357
3378
4088
2836
0
1836
6925
6467
0
0
0
7266
0
0
7324
0
7409
0
3722
0
0
0
7283
7338
1726
808
0
0
5817
6588
0
2890
0
7377
7338
0
3461
765
0
0
0
0
4906
7104
0
7428
7372
0
4878
4306
7152
6076
0
2132
2631
0
0
4036
0
6459
0
1036
7430
0
6097
3380
6618
7369
7406
4245
0
0
6350
2994
0
6184
7291
3959
0
0
7416
0
0
174
0
0
6357
0
0
4866
2036
0
0
7336
0
5496
0
7381
5338
5972
0
0
0
0
7293
0
1503
5743
7276
0
0
1602
0
7416
5824
4645
4560
0
1726
6066
3295
0
3981
3617
0
0
0
4140
7414
7414
0
0
0
3351
6367
5494
0
0
0
6201
7341
5049
5793
0
0
7402
0
6196
0
6663
6653
7327
7130
7423
0
5779
6601
0
6533
6936
0
0
7425
6166
4871
7373
3561
0
0
0
0
0
7400
0
0
7408
7202
0
2053
0
0
5527
0
0
0
7312
4556
3799
0
0
5970
6207
0
5613
441
0
0
0
4337
0
7313
6312
7350
325
5297
5975
783
4382
860
0
0
6601
0
0
7408
6380
0
0
7286
6650
0
5214
0
0
0
0
46
7310
357
7347
0
0
0
7324
1024
5005
5909
5674
0
7274
7289
0
6538
5656
6692
2194
1624
0
0
0
7372
0
611
0
0
0
3721
0
0
5027
7307
5293
0
7101
2360
0
4229
0
5648
1440
0
0
0
4991
0
7369
7055
7385
6614
7413
0
2674
0
6168
5828
232
0
0
7146
5917
7359
4657
0
7297
5136
4022
0
5991
7416
5053
6932
0
0
5195
0
6689
6546
7378
4280
0
7410
6239
5676
0
0
0
3936
7310
0
7172
0
0
7414
7325
0
2353
0
7412
1080
4355
1643
7406
0
0
0
0
0
0
0
0
3618
47
373
7373
0
0
0
0
5946
6081
0
7293
3981
0
0
0
6959
0
0
6573
0
2132
7276
5803
0
0
0
0
7423
6672
1338
1442
0
6722
252
7340
0
6131
203
5310
5403
7284
3190
6301
7411
2342
0
0
0
0
0
0
0
7090
0
2331
0
3966
6918
7422
6930
0
916
0
507
7412
1381
0
7378
0
2474
0
0
0
7004
5989
0
6778
7134
7413
4931
0
623
6308
4172
7273
0
6501
5273
6859
6736
7400
0
3982
2350
4435
0
0
5003
3368
7415
0
5254
0
0
7080
182
6798
0
0
0
0
0
5302
7397
0
0
0
0
0
0
0
6925
625
6065
0
0
6983
0
4914
0
740
7337
5387
0
7423
5234
0
5162
6792
0
5519
0
7411
0
5330
7155
5598
0
4912
6684
0
0
0
6066
0
0
0
0
0
1097
7414
5456
4281
2547
7411
0
0
0
0
0
14
0
1551
0
2682
0
6746
0
0
6562
0
7196
0
5409
7053
3865
0
2717
829
0
0
0
0
3953
3239
6196
4964
4776
0
4284
0
0
5144
0
6882
0
5292
1679
1275
1864
5858
0
0
7408
5819
0
0
0
0
0
6411
3326
6685
0
809
0
4318
4846
141
7373
7064
6782
0
0
7303
7407
631
3729
0
7335
4953
0
0
2305
0
835
6789
7181
0
7398
7368
0
0
51
6317
7195
7063
7077
7199
4972
0
7070
6969
7407
0
7293
6015
0
7307
0
7370
5647
0
7173
3899
6184
0
7405
7298
0
0
0
0
664
1012
1138
4941
0
0
0
6369
7319
7414
6368
0
0
7413
7388
5771
0
0
7414
1408
0
0
6415
0
3037
0
0
2110
6970
2238
345
0
0
0
0
210
0
0
0
0
0
6619
7314
0
6293
7420
0
6351
1435
0
6642
6575
7413
2201
0
0
0
0
1862
1082
7049
0
0
6374
7310
6461
0
4682
0
0
2321
6527
0
2878
0
6040
4621
0
7077
1619
7313
0
0
3501
0
0
4787
0
0
0
0
0
7412
7196
7372
0
7301
0
0
0
2639
3206
4501
6661
0
0
0
7198
3190
7283
7340
5959
0
7317
6076
0
7310
6869
0
0
5290
0
7244
2208
7412
7385
0
0
0
7311
0
7275
6213
0
0
6851
0
0
4578
0
7428
571
0
0
0
2741
0
6674
0
0
3002
4984
6070
0
6697
0
0
0
0
0
0
0
7265
0
0
0
0
3226
3989
7353
7427
0
0
0
0
0
0
0
3477
4159
7322
5949
0
0
971
6059
0
0
0
0
2650
2670
0
0
0
6302
0
7291
0
5008
0
7407
7310
1302
0
7033
5954
0
0
4621
5540
5467
0
0
3128
7265
0
0
0
7430
0
7170
7409
0
0
7362
0
0
0
7311
2868
0
7371
4432
5005
7386
965
0
2336
0
163
6747
4193
3422
0
0
5932
5428
7351
0
6338
0
1482
0
7411
0
0
4998
0
7365
6834
0
2269
2091
0
489
7282
0
0
0
0
0
1620
0
0
0
6438
6861
0
6434
0
0
3286
3223
7304
7315
4660
7276
6601
7079
0
0
4331
2368
0
7419
0
1615
0
0
0
6907
7192
0
6321
4565
5468
4190
7373
1355
0
0
0
0
0
6287
2755
0
315
0
3808
4599
7201
0
0
0
0
0
0
0
0
7370
0
5260
1588
0
6535
1433
1703
0
7389
7428
0
0
3221
4591
0
0
5770
3797
4763
0
6737
4133
7323
7338
6963
7410
0
0
0
0
0
5835
7327
6170
0
625
6699
6747
0
0
0
5666
0
389
5960
0
0
0
0
6360
7339
4856
0
147
4208
0
0
6591
0
7093
7089
0
0
0
0
5035
7409
0
7335
0
6683
5850
7007
4286
5996
3016
0
4440
0
2681
0
6625
0
4937
6459
0
5328
0
0
0
7404
4396
3764
0
7196
0
5749
0
6814
3283
0
6477
7348
0
6349
5471
3607
0
7397
1729
0
593
2926
7370
5359
7003
7325
0
0
7397
1098
0
0
7408
6893
0
0
0
6015
0
0
1182
7170
7390
0
1221
0
0
0
0
0
6333
6995
7003
5067
0
0
7430
0
0
3007
5272
7335
5533
0
3177
7171
0
2351
0
0
0
0
1082
0
5169
2793
7371
0
4125
7423
0
2487
0
0
0
0
0
7282
7294
6230
0
238
6983
7326
7347
7334
6792
0
7079
4967
7157
6894
0
4621
0
6724
0
5847
0
0
0
7375
0
7396
7409
7337
2293
3933
6933
7316
5178
0
0
0
7194
7169
7427
6587
5717
4847
3588
7338
0
0
7014
0
0
0
3476
0
0
2304
0
0
3256
0
0
0
3274
7407
5376
0
6010
0
3479
0
7319
3721
0
7423
7129
0
0
0
5499
0
0
4094
7289
7322
4522
0
6413
0
0
0
0
0
0
0
5134
0
5437
6437
7333
0
0
0
0
0
7344
6236
0
5803
0
0
7293
7405
7116
0
4026
0
0
0
0
0
7370
7055
0
0
7194
0
0
0
5145
5499
0
0
4120
0
7215
5786
7092
3336
5170
1850
7325
0
0
0
0
2866
4959
6076
3238
7414
7399
0
5761
7338
4309
7136
6447
0
0
0
7410
6828
0
0
0
5470
2650
6463
7429
0
0
5628
0
0
0
7363
7387
3646
0
4732
69
6450
829
0
3144
4118
0
0
0
0
4317
0
0
0
0
0
7361
0
4526
6931
3344
0
7302
7406
7228
0
0
0
0
7424
0
0
0
7265
7371
2527
0
0
645
0
0
0
427
0
2045
4961
6368
1228
2428
0
7421
7348
2273
0
1619
6295
613
6396
0
1452
6276
7311
7421
0
2320
1725
0
1726
5537
3502
7375
0
0
4514
2770
0
0
0
0
0
0
0
7066
5204
6014
0
7411
7130
3664
0
7410
5827
0
511
0
0
7294
5528
0
4182
6330
0
0
0
4873
4148
0
7266
0
2721
1101
4284
0
4967
7408
1012
0
2244
0
0
7195
5190
7416
0
2604
0
0
0
0
0
5173
0
7404
0
0
4822
4498
5688
0
7264
5145
1980
0
676
0
3194
0
7292
0
6123
6654
3965
3270
2811
4371
7385
5499
7410
7369
0
0
6959
7149
7349
7323
1634
0
0
0
2567
0
0
1175
2880
0
0
0
0
5454
7252
7422
6652
7341
7361
7362
0
7419
6925
5246
7427
0
7308
6804
7132
0
0
7303
0
0
5629
0
0
0
0
0
0
5575
7354
7373
5077
6720
2340
0
7411
0
5494
7417
0
6792
7422
6995
0
7304
7413
2232
0
5272
6169
6614
4317
7096
0
0
3227
0
6685
2741
0
0
6047
0
7369
6338
0
7403
6625
0
7132
0
6306
16
0
0
7309
1760
6398
3986
0
0
0
0
6591
5049
2326
0
0
7082
1585
3774
7339
2403
7398
0
0
0
7280
0
0
1920
0
0
0
276
7265
7314
7323
4269
0
0
0
7418
0
0
0
855
0
0
0
7402
0
5913
0
0
0
0
6859
555
5224
0
7420
6593
4037
7324
0
7081
0
1225
0
1597
5305
7408
0
0
6895
3584
0
6846
0
2196
7369
0
7283
0
7411
7269
6472
0
7407
0
2706
0
7424
0
6280
6553
0
6469
0
0
6671
7356
0
6714
7353
0
0
0
7019
0
6813
3130
4967
0
0
7375
0
0
7354
7322
4248
7124
0
0
7322
0
0
0
7309
0
4773
7313
0
3542
7305
7410
0
6798
345
0
0
7413
7195
0
0
1277
0
6404
7315
1370
7345
0
0
731
4718
7372
0
0
7170
6236
7359
4120
6605
2423
0
7413
0
6404
0
8
0
7303
1901
5401
6684
0
4360
7410
129
0
4627
7415
0
0
7202
6486
0
3737
0
0
5480
0
0
7212
3394
7369
1509
0
1121
7405
0
2372
6150
0
0
6830
0
6800
7418
6186
0
3227
3986
0
0
5602
0
4810
6624
6903
5687
4927
0
6621
7417
0
5647
4914
0
0
602
4987
0
0
0
5753
7404
7193
7323
4137
7422
0
0
7276
1499
0
7349
0
0
4286
0
0
5803
0
0
3771
5099
0
0
0
5216
7396
714
7341
441
6846
7373
0
0
5575
0
0
0
7308
0
6936
6793
0
0
6313
5498
5567
3292
7338
6411
7294
0
0
0
6115
7293
0
0
6921
6102
6844
6185
3475
6781
6469
7401
0
0
0
0
0
0
0
6450
0
7406
2193
0
0
0
0
0
7271
2667
0
2027
7267
7283
0
3670
2661
0
0
7309
6099
0
0
6827
0
0
0
0
0
6622
69
0
5983
3256
1459
0
7302
2891
0
7333
2825
1126
3106
0
0
0
4937
0
0
1917
0
6831
7405
0
0
4251
5341
0
0
0
7269
0
0
0
7359
7412
0
0
0
6837
0
0
0
7323
6894
530
7192
1872
6533
0
0
0
7414
0
7409
6421
3840
6800
6848
6901
4783
7182
0
7407
5675
6391
3389
7384
7421
0
6166
7403
7322
669
116
0
0
0
6439
7407
7409
7310
0
0
0
7357
3372
0
7292
5750
0
0
5297
0
7283
2815
0
3272
5980
7196
3957
1643
0
0
5521
570
0
0
7305
6398
5252
0
7311
7398
7398
0
418
0
6527
6699
0
4238
4099
0
0
5749
7377
247
50
7140
0
7294
0
3986
0
7408
2577
4952
0
0
6062
6469
7107
7422
7413
0
3201
5873
0
2587
7187
2968
0
7405
1815
0
7301
0
7335
0
7421
7307
7322
4789
0
0
7388
0
0
0
0
5475
3024
1002
7329
0
0
5631
6077
832
0
0
1849
0
0
0
0
0
6793
6826
0
861
7395
0
3229
2151
7305
327
0
1683
7080
2853
0
0
7221
2971
0
0
1723
0
6935
6626
0
4376
0
0
7430
3722
0
7193
5625
0
7313
5306
5955
3861
0
5197
0
564
0
7384
5954
0
4545
7411
0
5173
0
3130
7424
7310
6530
7326
5298
0
404
1115
0
4269
4900
0
6584
0
5671
7286
5046
0
0
7248
7309
0
0
6297
3177
6995
1210
0
7339
7338
0
2710
5035
0
4925
0
0
7419
0
7380
5453
5454
0
0
6564
0
0
6574
2138
6549
2770
7390
4392
5022
0
0
0
7357
0
7068
5440
7322
0
0
0
6020
0
2646
6696
0
0
7408
7405
0
1931
0
6722
7414
0
0
0
0
5007
6761
4492
0
0
238
7029
7377
6437
0
7236
0
4546
325
0
5821
3479
7414
5162
2952
0
2431
5519
0
7420
0
0
0
6713
7303
7340
6935
0
7338
6372
0
0
5916
0
0
0
0
0
0
6801
0
0
7145
0
6725
0
7286
247
7400
3811
0
2177
6327
627
7363
7410
5717
0
7033
0
4022
7311
5033
1583
0
7028
0
5237
0
5849
0
6510
7423
3563
7169
7293
5647
6622
7324
0
7407
0
0
0
7359
7398
0
408
2518
2670
7402
1722
4207
859
0
6929
7413
6434
0
0
6929
0
0
5837
1547
0
3731
5943
0
7422
7324
7098
0
0
4274
2369
7388
7410
0
0
0
2785
7374
842
7414
0
7411
0
6984
2498
728
0
3281
7325
3110
4948
0
661
0
4526
0
0
6795
7241
0
7259
0
0
0
0
7040
7379
7358
7197
0
0
4190
5387
3484
0
6544
0
0
7396
0
5672
5722
0
7194
0
4892
5136
0
0
6059
0
6702
4526
0
5563
4338
0
6076
6224
0
6563
191
7376
4050
1600
3524
0
0
4356
0
6334
0
0
7294
4306
1469
7397
0
4524
0
5810
0
0
0
5503
0
0
4324
0
5621
0
3947
3063
7194
0
0
0
7311
2541
0
0
50
7407
6477
7405
4140
6085
0
5136
0
7280
7418
0
3490
7354
1297
5809
5950
0
2310
0
2752
0
5699
0
0
6602
0
0
7410
0
4963
7414
7150
0
0
3156
0
0
7291
0
0
0
6350
7357
6438
7207
6815
7305
0
0
7187
6828
0
0
7373
1277
0
0
7368
0
4537
0
7337
7345
0
7115
6792
7297
4501
7295
0
2380
0
5249
7308
5777
3079
0
6794
7025
0
6973
6593
0
7420
7371
530
7371
7048
3380
1745
2287
0
4873
0
4913
0
2299
6032
857
0
4023
7272
2682
0
0
7427
0
7413
3420
6791
5354
7302
6193
2562
7313
6421
6683
0
3623
7360
611
6598
3129
0
0
0
4069
7079
7326
5216
7404
7393
7024
2220
0
3231
6041
7355
0
0
6415
0
4882
0
7405
6861
0
0
1494
3206
0
2147
6547
6830
0
0
0
0
4320
6398
4575
7356
0
0
6419
7303
0
0
2066
7412
4438
5487
4627
7172
3991
7341
7412
197
0
7286
3411
4433
5353
6662
0
4350
0
6652
7305
5356
555
7361
7386
0
7247
5474
5979
0
6281
1970
0
0
0
0
0
7083
6931
0
2474
6575
2512
0
3883
3457
0
0
3226
7319
4031
3482
0
7280
3961
0
0
0
6800
0
0
0
0
0
7338
6260
7397
0
6794
7398
0
3860
0
0
0
0
5132
6022
0
5697
4390
4771
4160
7285
0
7078
6450
7405
0
5656
0
7381
0
0
530
7292
7132
5915
7308
5796
0
0
7110
6085
0
7306
7414
6189
1811
0
0
0
0
0
0
0
7368
7259
5872
6778
0
0
2752
4667
518
7068
0
6296
7361
2045
5645
0
7306
7082
0
0
6387
0
7318
0
4025
0
2584
643
0
4138
3022
0
4642
0
0
7039
7422
0
6196
0
5480
0
2201
5899
7220
7410
0
485
2069
6791
0
7347
0
7321
7398
6643
7202
4384
0
0
3949
0
7428
5341
0
6377
0
1634
7308
0
0
7116
7075
0
7314
3142
6357
2936
2692
0
6591
0
5441
5494
788
0
7332
0
0
4002
5291
0
0
0
0
0
0
0
0
0
522
7327
0
0
7397
0
0
0
0
7404
0
0
6815
7399
7253
1199
4364
7338
0
7408
1892
4984
0
7339
0
3979
0
1455
6995
2116
3749
806
3212
0
1726
0
0
0
7412
5110
7043
0
7141
7321
0
0
0
1433
0
3575
0
3902
7187
7392
0
0
4023
806
0
0
7386
6791
0
6976
4783
5928
6538
0
7184
0
6545
0
0
7310
0
3962
0
0
0
7348
0
0
5369
7405
880
1979
0
0
6223
7102
5925
5635
0
0
0
6377
0
5925
7324
7420
0
0
2581
0
2035
6070
4986
6815
0
6372
0
2515
0
0
6194
7411
0
5190
7269
2371
0
7097
0
0
7309
0
6518
0
7313
0
7283
5669
4079
0
6861
0
382
0
0
7415
3036
3339
7385
0
0
0
3066
0
0
3209
7422
0
7414
0
5416
7151
0
6659
4745
5470
0
1218
7317
6477
5736
0
7408
4003
551
7256
5513
4134
0
0
0
0
6723
4560
4797
0
7069
7405
4069
0
0
6702
0
7429
4959
0
7327
0
0
7412
0
6029
5460
1135
4110
7145
0
0
6969
0
7288
3541
4024
0
0
3048
0
6387
0
4528
0
7407
0
6266
2330
0
0
3579
4687
7357
7229
0
0
0
7411
0
0
0
0
0
0
0
0
0
6867
0
0
0
4627
6883
4898
0
6795
619
0
0
2287
833
7374
6593
0
7272
0
0
0
0
0
0
2543
0
0
0
3322
7261
0
7350
7399
6357
6830
7281
6379
4392
0
5443
0
1333
4211
0
5980
0
4594
6122
0
0
1828
0
7413
7401
0
4576
7278
0
0
3501
4424
5552
0
0
0
7324
0
2498
6074
0
7419
2193
4334
1756
6074
0
5456
0
0
0
0
249
7409
2332
0
0
0
7305
6852
0
0
0
6204
0
2963
6290
0
0
1125
5795
7407
0
3078
7339
7300
0
7098
4968
0
3008
6070
5431
0
819
0
7409
7412
0
1803
0
7297
6793
0
6529
3148
7167
0
0
0
7360
0
0
0
0
0
7418
0
3394
2971
7360
2198
4023
1300
5188
4876
7419
0
0
4023
0
0
0
6541
5817
7415
0
0
0
7309
6669
7334
6702
0
0
0
7360
3495
6863
3961
7362
0
7413
0
2806
2032
0
0
0
4783
0
4741
7417
998
5491
6968
0
0
0
7279
4382
5566
7251
0
7411
3083
0
0
3435
7284
2076
4767
6081
860
0
5558
0
1001
7411
0
0
0
0
5293
0
0
0
4777
7416
0
0
0
3235
7296
0
7360
4684
6777
1297
3311
0
0
0
0
0
7338
0
0
7417
78
0
4174
6513
7409
7367
0
3722
3238
0
0
0
0
0
573
0
6936
1166
0
4094
0
4963
3143
4439
0
0
5899
0
0
1099
4533
7165
7319
3403
1617
5266
0
0
5606
7327
6335
7339
0
0
0
0
5675
6918
0
0
0
4398
0
3778
7353
0
7340
0
0
0
7281
318
0
7416
3985
0
2664
7408
3778
7411
5886
0
0
0
0
0
7412
438
803
6595
0
1687
3542
0
5825
7382
0
6853
0
6965
0
0
0
0
0
4144
6167
0
4398
7429
2012
7357
7323
7421
0
6777
0
0
5246
0
0
0
5433
7289
7399
6386
0
0
0
0
5202
0
6514
0
6576
0
2859
647
1892
1159
0
6412
6386
0
0
6196
2668
0
7414
0
7421
0
7385
7369
0
0
0
1291
3130
0
5770
7407
0
0
0
0
0
3179
5865
0
7408
7413
1138
0
6794
4391
6723
5944
481
7338
4548
0
5543
6412
1768
0
0
5817
6754
5904
0
0
0
6932
6731
3988
3718
5563
7372
5803
0
4251
0
7041
6901
7323
6751
6196
6877
0
313
0
1755
5794
831
7423
0
5656
0
6971
7294
6830
2507
0
0
1355
7409
7170
0
7288
0
0
0
0
7413
4359
6151
1768
7413
0
6090
1408
4074
0
0
1320
5771
0
7322
3755
7413
5201
0
5064
7341
7410
0
2752
4228
0
7415
0
4673
4812
3143
4856
0
0
2932
0
7338
1696
0
0
0
0
7412
0
1910
4526
7074
0
6992
0
6748
0
5517
0
0
6940
4605
7357
0
5201
0
0
0
0
6697
0
1556
2282
7410
7156
6076
7402
0
0
5445
5647
0
6729
0
7421
7322
0
5509
4380
0
5678
0
835
0
4077
4053
7375
4967
0
5443
0
7374
6615
0
2719
5968
2753
6796
7411
7412
6949
0
0
6431
7406
5550
7292
7338
0
6869
1742
7369
1938
0
0
0
7412
2934
0
6197
7419
6836
0
5899
7409
1467
0
7358
0
0
0
0
0
0
69
6584
5858
4531
6162
0
0
485
7408
0
7404
5369
0
1829
1459
0
5353
0
0
0
1508
7372
580
0
0
1412
0
7375
0
0
7291
0
6267
0
0
0
5647
7097
5710
0
6252
555
6319
0
5746
0
0
3077
0
5005
0
0
0
7411
4193
2175
7401
0
7407
0
0
6747
7324
0
6645
3596
0
0
4092
4704
2920
7410
6388
4204
14
0
2896
1917
0
2041
803
3435
2587
0
0
0
7426
0
781
0
0
0
6852
7373
0
7036
0
7412
0
0
0
6979
2464
0
7407
7193
0
5399
0
0
2260
6148
6393
7101
6435
6014
4640
0
0
4760
0
316
7140
0
2167
0
0
0
6865
0
1369
6976
7402
0
1890
7317
0
7344
2501
0
0
6453
3142
0
0
6426
7291
6978
6368
0
0
6767
4690
0
5585
0
0
0
0
0
0
0
6404
0
0
3715
4223
6469
0
6209
0
5513
7289
0
0
0
6328
0
2815
0
0
7269
7266
0
5387
7321
5833
0
4337
0
854
0
4834
4145
0
3978
592
7417
0
7408
0
0
0
0
7114
881
0
0
7074
0
0
2237
0
2428
0
7295
0
0
0
0
5011
1961
7168
5599
0
0
5914
5822
0
5182
0
0
0
0
7422
0
0
6592
0
7388
7400
0
1686
0
0
0
7334
7362
7408
1199
0
0
4682
6920
4776
7354
0
4033
7189
0
163
2555
535
0
7320
7341
7220
7004
0
7370
7298
0
0
7424
5143
6106
6308
0
1803
2542
0
4873
0
2942
0
6669
0
6401
7402
0
2846
3206
5137
0
3815
829
0
7267
0
7402
7090
0
7294
0
0
6380
0
0
2500
