1539
0
3859
1396
0
0
0
0
6371
0
0
0
0
7228
4211
0
0
0
5060
5855
7279
4805
0
0
0
0
0
0
0
0
0
1913
1426
7077
0
318
6444
0
6838
0
5514
7253
0
5462
0
5417
0
4169
0
2380
3756
6833
0
0
7344
0
6922
0
5757
0
952
0
6940
7107
0
7226
5324
0
366
5462
3153
0
0
5396
0
0
3096
0
4920
3560
0
3562
0
4733
0
0
6753
7258
4126
5301
1248
7012
6441
6152
0
0
6516
0
5719
7223
0
5204
0
0
5630
0
0
0
6168
0
0
0
0
0
6200
1792
5401
5319
6664
0
0
0
4978
0
7341
6990
6986
5982
4671
787
0
6773
1804
0
0
2886
0
4598
0
6392
5870
0
0
6954
0
0
6471
0
0
0
0
3722
0
3753
6592
7215
1632
6296
0
0
0
0
0
0
0
0
0
0
0
6124
0
0
3348
6921
3756
0
0
3421
6752
0
0
0
6959
0
3602
2038
895
2171
3690
0
0
3499
0
0
6379
0
0
3528
0
6999
0
0
6301
0
2259
0
0
2398
0
7268
0
7200
0
7294
7164
0
0
0
1645
0
7063
2769
0
1835
6538
0
0
4885
7167
0
0
454
7267
7329
0
0
0
4853
0
0
687
0
5552
1590
0
0
0
0
0
7343
0
6117
4550
5884
0
0
0
7253
2405
6843
0
5921
6379
0
7340
0
6943
0
0
7278
1516
0
4805
0
1487
4360
0
0
0
0
5459
0
7126
806
0
0
0
0
6968
5749
0
3637
0
0
0
0
0
0
0
5510
0
15
0
2772
6685
5190
6333
6707
6404
1730
0
0
7229
6956
0
0
0
0
0
0
0
7348
0
0
7200
0
0
0
0
1282
3740
0
7275
7195
1829
0
0
0
5543
0
3943
0
4718
0
0
0
0
1894
0
0
2700
6988
7270
2558
2699
0
7288
3617
0
0
2696
5820
0
0
0
1055
5253
0
0
0
0
0
5767
4012
0
0
3379
4184
0
0
0
6157
4767
2983
0
2736
3675
2742
5020
0
4247
6578
0
0
0
0
0
0
0
0
0
0
0
6301
6855
6542
6474
0
1732
0
0
4128
0
0
0
0
0
0
5912
2737
4540
7292
0
0
0
6315
3002
7269
0
0
6643
4625
0
1605
710
0
0
0
3965
4284
0
1448
0
0
0
0
0
2411
0
0
0
0
0
3953
0
5166
0
0
1702
5870
0
0
6659
4737
4096
7315
2766
7280
5515
0
0
0
7252
7346
4718
4117
7040
7293
7142
0
6060
0
6259
7241
6572
6784
0
0
2581
3690
1834
0
0
0
0
0
0
3802
0
0
0
7213
3002
0
7195
0
3628
0
0
2107
0
2154
0
0
0
397
0
3739
716
0
7165
0
7006
0
0
6485
6667
0
7204
2975
0
0
6665
5568
0
3570
0
1835
0
0
0
1506
7262
5144
2022
0
5729
4176
2069
7298
0
1796
0
0
0
7107
3978
2478
0
0
0
634
0
0
0
0
6576
3301
0
0
1030
0
7198
0
7345
0
0
0
0
0
0
5426
0
6330
0
0
0
0
0
7332
0
0
0
5012
0
4740
0
6343
4278
7077
0
0
5163
6116
0
7237
0
0
0
6202
0
7346
692
0
0
0
0
0
6666
1147
0
5052
0
114
5694
232
0
4391
6994
5574
0
0
0
2058
7185
4344
0
1021
3497
0
0
0
2553
5889
0
0
658
0
1246
0
0
0
0
7045
6196
0
0
7204
0
0
0
2380
4065
0
0
0
0
4908
0
0
0
0
5268
0
0
1404
2253
7208
0
0
0
0
3379
0
0
0
0
0
0
4675
3686
6157
1114
6885
0
3328
0
0
0
0
0
0
6797
2937
3552
0
7172
6954
0
0
7221
6902
0
0
3696
0
0
5412
0
0
0
0
4805
7354
0
0
0
5634
4023
0
0
6993
6719
0
0
6777
0
5364
6753
0
6917
0
0
1968
4186
0
0
2947
0
0
2742
6347
0
0
0
0
0
0
0
6274
0
1699
1604
6688
0
1796
5948
6108
0
0
0
0
4847
0
6980
0
1517
0
775
0
6643
0
6274
5682
983
7199
7082
0
0
6477
0
2999
5068
3961
0
2377
0
0
1063
6657
675
0
5880
0
0
7000
5924
0
0
0
0
0
0
0
0
7292
6578
0
7172
0
6393
4268
6832
0
0
386
0
3812
0
1766
0
0
0
6382
5123
0
0
0
0
5311
920
0
0
0
418
0
6053
0
4207
7000
0
0
0
6691
3951
0
274
3620
0
1135
0
3766
0
0
0
1364
0
0
7036
0
0
0
0
0
3135
0
0
0
6955
0
6067
0
0
0
6930
6688
5196
7268
6646
1742
477
0
6447
0
0
0
2224
0
0
0
2058
0
0
0
0
5293
0
3068
6371
100
0
753
0
5535
0
5634
0
0
5290
0
6438
0
1776
56
0
4730
0
0
1302
5693
7279
1003
0
0
0
5820
0
7315
0
0
4460
0
7053
0
6222
4041
5036
0
0
1326
0
0
0
0
6023
5260
0
6983
0
6381
0
6740
6902
3497
0
0
0
4197
5363
5162
0
0
2916
6062
0
0
0
0
0
0
0
0
2269
0
0
3958
7296
6689
3233
7006
0
869
7162
0
7252
1947
7254
0
0
788
0
0
0
4631
0
2012
0
0
0
0
0
0
0
0
4695
6161
5361
0
6535
4450
147
4089
2230
0
0
1842
0
5674
0
0
0
0
0
3459
0
0
0
4768
1143
6753
0
0
3948
0
0
0
0
4585
0
3318
5133
4114
0
0
0
0
0
6092
0
5629
0
0
0
0
0
269
2956
0
0
0
0
1411
0
4284
1996
6404
0
5682
0
0
7055
0
0
4936
0
4427
5688
0
6403
0
0
5129
0
0
0
0
800
0
0
0
7256
0
0
6537
898
0
0
7295
0
2993
0
4207
2684
0
174
4948
6599
4700
0
5624
0
2711
7286
3786
5079
0
6083
0
6448
0
0
0
0
0
0
4759
6365
0
0
3554
0
6241
7005
0
7246
0
2735
2290
0
4028
1759
0
6139
1391
0
0
6238
7267
4966
0
0
5943
3264
4788
0
0
0
0
0
0
6852
0
0
3010
4252
0
6227
7086
0
5428
0
6592
0
2989
0
7328
7171
0
0
3826
0
3722
6555
6578
2558
0
0
2162
2557
0
5638
0
0
0
7344
3533
2308
0
0
0
0
4700
0
6944
5552
824
0
0
0
0
0
5813
6677
0
7294
1675
3595
0
6473
6659
6101
0
0
0
0
5824
0
4253
0
0
0
7198
0
6316
5887
7073
0
0
0
0
0
1732
608
0
0
0
2483
5343
7251
4435
0
0
1003
6381
0
0
0
4012
0
470
7000
0
0
0
0
0
0
7267
7254
5477
0
1274
1708
6797
0
0
0
0
0
6420
765
1969
6952
0
1218
7271
4408
0
6680
2658
0
0
0
0
0
0
2845
2914
3540
0
0
0
0
345
0
4043
0
4414
4775
0
0
6533
628
5792
0
0
0
5496
0
0
0
6394
0
0
2754
4753
6190
0
0
0
0
1716
6137
6053
0
0
0
5289
5336
2033
0
4299
0
0
5012
0
0
0
0
7008
6683
5402
5985
0
0
0
6876
0
0
3357
0
6962
3581
6434
0
2632
7292
2099
5930
0
0
0
0
0
0
7020
6599
6523
0
764
5102
0
0
6255
0
0
0
7158
5699
1762
0
0
0
0
7146
0
6152
7054
0
0
0
0
3871
0
6910
2712
4938
0
67
0
0
6576
4079
0
0
0
0
0
6090
0
7259
6820
0
0
0
0
0
0
5742
4710
0
0
0
0
0
6184
0
0
0
7278
0
0
2289
4051
0
0
0
2261
2208
2379
6899
2522
3667
7219
0
0
0
0
4407
0
5953
0
0
0
0
6733
6108
4575
0
0
0
6783
0
0
6231
0
0
0
3723
616
3861
0
6692
0
0
273
3424
0
1332
0
0
5968
4282
0
1622
2234
6833
0
2985
1259
5424
3775
3279
0
3313
7342
0
7066
4549
0
6301
2590
0
0
5957
0
4663
0
5534
6397
4269
0
0
0
1210
5356
7011
5623
2592
0
0
3459
5472
0
0
0
6942
0
7042
6750
0
0
0
0
4295
37
1167
0
0
0
994
0
0
0
0
5889
6861
6331
0
7246
0
5531
0
7259
0
0
7208
0
0
7196
4291
0
6872
0
0
0
0
0
0
0
3103
2441
6940
4706
6480
0
5421
0
0
0
6375
0
0
0
0
5673
3497
0
7165
2706
5387
0
0
0
5654
0
0
0
0
0
0
0
0
4667
0
6446
0
2661
0
0
7329
0
0
4898
1045
0
7294
0
4387
6274
0
0
4099
6940
0
0
3966
5294
2640
6090
0
7229
6880
0
0
1835
7054
0
3436
3897
0
1565
4435
0
0
7269
1723
6241
0
0
0
7199
0
0
0
6188
2876
0
0
0
0
0
0
0
6103
0
6906
0
0
3384
3103
0
0
0
0
0
0
0
0
0
0
0
0
0
6480
0
0
4964
6315
0
4149
0
1060
62
5678
6929
1196
5319
2978
0
7051
0
0
0
3166
0
7254
0
0
4361
2695
0
5366
0
7027
0
0
0
0
0
0
0
0
3742
3729
5672
0
0
4990
4294
6664
0
0
4598
0
0
3769
6689
5048
0
0
0
0
1987
5517
7353
7133
7251
0
6294
0
5510
5049
7008
0
3021
5230
3966
0
4229
0
7269
0
0
6230
3586
7267
4134
5403
1713
0
1219
3408
4941
0
0
1883
4546
0
7315
0
0
7052
6315
0
3601
7260
0
0
3481
0
0
6774
6223
0
6485
0
2569
6696
5804
0
0
0
5733
0
3135
0
0
0
5945
0
4402
7067
4262
1299
0
0
2103
0
4547
0
0
0
0
7180
5362
0
0
5619
0
1036
0
0
0
1279
6689
0
1657
0
0
0
3372
7265
4551
5810
6674
1254
0
3872
0
0
0
4729
0
0
0
0
3089
5649
0
0
6035
0
0
0
5642
6800
413
0
6394
3358
0
0
3567
0
7072
0
3382
7264
0
0
5440
4956
5864
0
0
2141
0
750
5723
0
0
0
5596
0
262
0
0
0
3288
0
3965
0
0
0
5304
0
3002
0
0
7322
0
0
5823
2817
3949
0
0
5661
0
0
0
0
0
0
6994
0
0
7007
0
0
0
5953
3744
3408
6936
7158
0
0
0
0
0
0
2788
5882
0
0
0
2217
0
0
7329
0
6257
0
0
3915
0
0
0
0
2640
3487
0
2776
887
7002
0
0
7345
0
0
0
2571
0
3134
3597
6802
0
6335
2879
0
6853
0
4861
0
0
0
0
0
0
0
0
0
3562
5493
0
0
2012
4260
0
4079
0
2800
2674
1613
0
3724
29
1123
5719
0
0
0
229
5409
0
0
0
3832
0
0
0
0
7289
0
0
0
7267
0
1766
0
7269
0
304
0
4178
0
0
0
6424
0
3076
4128
2682
5264
0
0
0
0
0
0
0
6838
6099
3195
0
6262
2928
7259
0
0
2222
5439
0
0
4310
7294
0
0
6031
0
6962
7106
0
685
0
0
0
6643
6122
2157
1858
0
934
2429
0
4183
7198
7258
0
0
5148
0
0
4690
5889
0
0
1652
4973
0
7180
0
6489
0
3848
5822
0
0
3264
3232
0
2347
7238
1835
847
4864
0
0
0
952
0
5489
3667
7028
0
340
6300
0
0
0
0
0
7336
0
0
0
0
0
0
4425
0
6948
6646
0
0
0
898
0
0
5484
0
0
0
0
0
7042
0
377
0
6168
41
0
0
5217
0
3777
7197
0
7262
0
0
4576
0
0
0
0
0
4910
0
0
0
0
0
5282
7199
6012
2353
1356
7203
0
6294
0
0
0
0
0
2102
0
7227
1655
0
5110
0
0
0
0
0
6738
0
3239
7265
0
0
0
0
0
0
0
0
5013
0
0
5791
3041
4471
7329
0
0
0
6543
0
5110
5059
7229
4955
0
0
0
0
0
6992
0
1539
7345
0
0
0
5598
0
0
3985
6877
0
0
2975
0
0
0
0
3738
0
0
0
0
0
0
6476
0
0
0
0
123
5675
3722
0
0
1835
0
0
7108
0
574
6696
0
2
7253
0
0
5833
0
2735
0
5665
0
5505
5454
0
7293
6516
0
0
4320
0
1635
0
0
7252
0
0
0
4988
1844
5202
0
7181
0
780
7027
2405
7116
6485
6955
0
0
0
486
0
0
0
0
0
7266
5049
6765
7343
4507
0
3481
0
0
0
7345
0
0
0
7197
0
4258
2319
0
1302
0
0
0
6696
0
0
652
135
0
0
4934
7041
7269
0
6927
0
3516
6440
0
0
0
5212
0
0
0
0
0
0
7196
0
0
0
0
0
0
7041
0
5536
0
7329
0
0
6982
0
0
0
0
0
5946
6447
0
0
0
0
0
3048
4976
138
0
5257
4194
0
0
0
6266
0
5377
0
1761
0
0
0
0
0
6838
6085
0
0
0
0
0
0
0
6107
5269
20
0
0
6464
0
5390
0
0
7020
0
6444
0
3880
0
3601
6783
0
1813
0
6293
5462
5236
3997
0
0
0
4602
0
0
0
0
3075
6318
0
0
0
0
0
0
0
0
6114
0
0
6027
0
6943
0
0
2756
0
0
0
0
0
6950
5919
0
0
0
0
2200
7002
5875
3880
1235
0
668
0
0
0
0
4857
6775
6330
0
6362
0
0
0
0
0
0
0
0
0
7082
0
0
0
0
0
0
0
0
0
2227
0
6605
2644
0
4471
0
0
0
0
0
0
2227
0
0
5882
8
4551
0
6475
6901
4129
0
0
4301
0
0
2103
0
7213
6689
0
0
0
0
6597
3385
0
0
0
255
0
500
0
0
4135
3583
612
1236
562
3872
0
0
0
0
0
0
0
6810
6252
0
7135
2781
5005
4064
0
0
2583
0
1197
0
3490
0
5021
247
6664
0
0
0
2319
0
3744
5456
0
424
2103
6437
0
7346
6287
0
0
4884
6432
4197
3971
0
0
2806
0
0
0
1878
6863
3893
1671
0
1516
0
0
6982
7022
6934
0
0
7065
6090
2374
3293
0
4934
0
0
6774
0
0
6211
0
7006
0
414
6638
4238
5650
7200
0
0
0
0
0
0
5284
0
0
0
0
3629
1244
6064
0
6424
0
0
5634
4178
1915
6262
6066
0
1936
2030
1980
0
0
0
0
0
0
0
0
7229
0
0
0
3584
0
0
0
0
6525
0
0
1267
0
6879
0
2077
0
7204
0
0
6420
0
0
0
0
0
3461
5287
7329
7053
4518
5959
0
0
0
0
0
0
0
0
0
133
3937
6823
0
7268
1916
5863
4533
1616
5035
6321
6332
5068
6625
0
0
0
22
0
0
5343
6672
2472
6929
4910
720
7260
0
0
7293
0
3897
6084
0
1332
0
0
6963
0
3425
0
0
0
0
6587
0
0
0
6031
4231
946
0
0
3615
0
3749
0
0
0
0
0
0
3148
5761
4455
0
0
0
0
2560
0
0
0
1711
6809
0
493
2763
0
7296
4950
0
7012
1468
0
6810
0
6641
7329
0
0
0
0
0
7246
5693
2658
0
0
0
7347
0
0
6293
6218
2414
0
0
0
0
3415
0
7215
0
0
0
0
4316
0
0
1671
2323
6541
7166
4414
0
4987
7262
5724
0
5987
4361
2208
1882
4197
0
0
0
0
1080
0
0
5193
6255
0
5722
0
3901
3488
2331
3135
4669
7126
0
0
0
0
0
0
3168
0
4789
6582
0
6591
0
0
0
5891
0
4015
1056
7297
0
0
6800
4065
7247
6800
4418
5759
5266
4953
0
3897
0
4010
6317
7104
0
0
5850
4139
2682
3562
7202
6731
0
0
0
6273
0
7314
0
0
3400
3870
0
7268
0
0
4974
5765
2188
1586
0
3428
7000
0
0
2730
0
5776
6674
0
0
3713
0
0
7298
0
0
0
0
4425
6489
0
0
0
430
0
0
0
0
6753
0
6685
5851
1365
0
3594
5134
0
0
0
0
0
0
7067
6815
0
0
0
1625
0
0
3140
0
0
0
0
7163
113
1124
2535
3855
7345
1135
0
0
6636
0
5440
0
4036
6447
0
7341
0
5123
0
6381
5851
0
4079
0
6386
0
6457
0
5610
5554
0
2022
0
7245
0
0
0
5449
5236
0
7295
7138
6768
6956
1557
7297
0
0
6516
5253
6274
0
5495
6378
0
5420
6371
5512
5360
0
6572
5580
0
0
6207
0
0
7343
0
4326
3966
5620
0
7341
6733
5605
0
0
1781
0
5519
6558
0
0
4247
7051
4894
6985
0
0
0
0
0
0
0
0
0
0
6903
0
0
0
2821
2715
0
947
0
2064
0
0
4444
5524
6941
7254
0
6297
0
0
0
7347
0
0
0
1811
0
4842
0
3026
0
0
0
7254
0
5580
3421
0
0
0
6673
7253
6092
0
5682
1352
0
0
0
3481
4550
0
0
3941
6967
0
0
0
0
4405
0
0
0
0
4281
397
0
0
0
0
5416
0
6024
6938
427
1798
0
4268
0
0
735
7273
6903
5320
0
3880
0
0
0
532
3563
0
5545
0
5467
5809
0
243
7348
0
0
0
0
0
5723
6236
2696
4066
0
4746
0
0
0
0
0
0
6171
0
0
0
0
0
0
6896
0
6216
5939
0
5445
2478
0
0
0
0
0
6462
2543
0
0
0
5005
0
286
4079
6092
0
5948
4397
6537
0
0
0
0
0
6293
0
0
0
0
0
0
0
3049
0
7034
0
4600
3092
3823
0
818
0
0
7246
0
0
0
0
0
0
4324
0
0
0
6655
0
6497
0
7169
6424
0
0
6232
0
2387
6287
5060
6028
0
3462
1675
0
1341
0
1675
0
0
0
0
5462
7329
3346
0
7240
5312
1856
6137
0
1835
0
3908
0
0
0
0
5197
1708
0
3667
0
4850
3392
6464
5381
0
0
6955
1759
0
0
5798
0
0
7067
0
4279
972
7260
3200
1441
0
6071
0
0
5696
4128
3717
6665
5920
6738
3223
7042
0
6968
6812
0
0
0
0
3920
0
0
0
6620
0
0
2774
5095
0
0
5998
1858
0
4700
7282
6933
0
5519
0
0
0
6877
2338
3881
0
0
0
795
4272
4467
0
7123
0
7296
0
5742
7348
0
0
1974
0
0
4123
0
3686
0
0
0
0
6984
0
6091
0
6753
0
7147
0
0
0
5726
6071
0
5579
0
0
0
0
3620
0
0
0
5528
2126
6968
0
1705
1730
0
1004
0
0
0
6291
491
0
1476
6780
0
0
5005
2809
6514
0
2754
0
0
0
0
0
0
0
0
346
0
0
1987
0
0
6565
3675
0
0
0
0
7326
0
0
0
4988
7200
0
0
0
6895
6332
0
4121
259
7343
4648
7338
1587
0
0
3701
0
5506
0
0
7006
0
6443
0
6157
7348
0
0
0
0
0
0
0
7266
6476
0
0
0
0
0
4475
0
0
0
0
2785
0
5458
6565
2672
4129
0
1524
0
4669
0
0
7105
7055
0
0
3985
0
0
30
5140
0
0
0
0
0
0
4438
2610
0
0
0
6936
0
5742
0
6831
4988
5566
6800
0
0
3246
0
641
7267
0
0
0
4080
0
0
0
0
0
0
0
0
1364
0
0
1957
0
0
0
0
3060
0
3301
6425
7041
0
0
208
0
0
2646
1925
0
0
0
0
0
0
0
6532
0
4792
0
1152
5893
0
0
0
0
0
4941
2048
7171
6408
5524
5937
6665
906
0
2756
0
0
3359
0
5629
0
803
0
0
3222
343
1843
7214
0
0
7201
2255
288
6762
0
5139
6361
5397
0
0
7295
0
4938
6680
6038
0
0
7295
0
0
5591
0
0
493
0
5417
0
6497
0
1695
6807
0
5848
92
0
5230
0
5781
6592
0
0
4165
3784
0
3761
5683
0
0
0
0
4930
7053
0
7168
1478
0
5930
6137
0
0
0
0
3379
0
0
0
0
0
5950
7168
3815
0
578
0
423
0
0
4734
0
0
0
5597
0
0
3657
7316
4956
2684
0
784
0
0
7028
5535
6629
0
0
0
0
6737
0
6600
0
4428
0
0
0
0
6659
6253
355
0
247
0
0
0
5603
0
0
0
0
0
3586
6617
3848
0
0
0
0
0
0
0
7004
3611
0
972
5208
0
0
0
934
5479
0
5320
6789
0
1959
0
0
4981
6825
0
6877
7253
4117
0
1716
2898
0
0
0
0
0
0
1731
2515
0
7043
6111
6108
0
0
2285
6111
7219
7328
796
0
6688
0
0
0
0
0
0
5946
0
6860
0
5604
0
1668
0
0
0
0
0
0
6605
7056
0
0
904
0
7041
0
0
0
3223
2492
0
6234
6800
0
5875
0
6891
1833
7198
0
0
7253
0
6471
6709
5532
0
0
0
6523
0
0
0
5578
1643
113
6948
7023
0
3686
0
7265
0
0
1364
0
0
0
0
0
0
6999
0
0
0
5959
0
7155
0
0
7248
0
0
6969
0
0
0
0
0
0
0
0
5535
164
0
6797
4695
6489
3637
0
0
0
0
0
6971
7294
5426
5214
5165
0
0
4389
7042
5026
0
6376
0
0
724
0
0
7022
0
4980
0
5661
0
0
0
0
6775
6732
0
6959
0
2049
5650
0
2862
6546
0
4539
1525
7347
2756
0
0
0
1441
6668
0
0
2133
0
6146
0
0
0
1028
0
6649
0
0
0
0
2941
0
5463
7329
0
6089
0
0
7024
7230
0
0
0
0
0
0
6665
2163
0
0
0
0
0
2162
0
0
598
6273
0
0
5445
0
0
6833
0
0
297
0
2
0
5113
6360
1839
0
0
0
4864
0
6592
0
0
0
7240
0
5524
0
0
0
0
0
1858
0
0
0
0
6360
266
6660
0
4487
4533
6709
0
3140
0
0
0
0
0
6998
3085
0
1722
0
0
4639
4975
6386
4562
6618
5259
7037
0
0
3384
0
2800
0
3638
7164
6666
0
7040
3952
0
4070
0
0
1655
6181
6903
6525
0
6171
6375
0
2581
0
0
5340
2103
0
5661
0
0
6675
6985
0
323
0
4357
0
7002
0
1012
0
920
0
1001
194
0
3720
2945
0
0
0
0
0
0
970
6181
7345
6823
0
7069
4588
0
0
0
7296
0
6631
0
6296
0
0
5363
0
3823
5792
5921
0
0
0
0
5719
0
85
0
5230
0
0
0
0
253
0
2024
0
0
0
7345
7293
0
3712
0
6642
4638
6763
4284
0
0
3440
2259
7280
7171
471
4841
0
3349
4298
0
6674
0
4093
0
4968
6903
0
0
4307
0
7056
0
7004
0
7053
0
0
1891
0
322
0
7041
6689
0
5188
0
0
1310
6889
0
0
0
2492
0
0
7069
4558
2590
0
5146
5722
5418
983
0
6480
7066
7224
996
0
5215
6693
3381
0
3005
2414
4337
1355
0
4146
6214
0
7054
0
1197
5868
0
2127
0
0
0
0
0
1047
0
0
0
0
7346
304
0
3154
0
0
6872
2798
6951
0
4160
6208
6495
0
0
6940
0
5380
4128
0
1915
5531
6594
0
5123
1940
5535
6644
6554
0
0
6493
6829
7332
0
5268
0
0
6751
5367
0
0
5445
0
0
2668
7340
0
0
0
7012
0
6382
709
0
1752
0
0
6832
3156
0
1441
4121
7254
0
0
2843
0
5053
0
2499
0
6639
1554
0
0
1975
7295
0
709
0
0
0
0
1007
0
0
372
0
0
0
5888
6773
0
0
0
6829
6980
0
0
78
5893
0
1013
6287
0
4007
3768
1037
3891
0
0
0
4745
0
5210
0
4123
0
0
0
5800
7296
0
0
0
0
0
0
0
4772
0
0
0
7346
0
5953
0
7007
0
568
0
7350
7254
6940
7228
4178
0
4011
0
0
0
827
1498
6218
0
0
0
3997
4334
0
0
0
0
0
0
1871
0
4730
5284
0
5319
0
0
5024
6652
0
7345
0
3486
0
0
0
0
4742
968
6438
0
3407
0
3746
1459
0
0
0
0
0
6026
3926
5792
2927
0
0
0
0
2006
2343
7348
6629
0
1308
0
6524
0
2541
7222
0
0
0
0
3665
0
1732
6204
7270
0
0
3140
2597
0
0
0
2654
0
0
6131
3434
0
7287
0
0
0
0
0
0
0
1506
0
7296
0
0
5059
4555
5230
3675
7202
4671
0
4761
392
5145
0
6872
2460
0
0
2099
0
0
0
7130
0
0
7042
6424
0
1590
0
0
0
0
6587
3674
0
0
0
0
3402
7329
0
0
0
0
6540
0
7033
7002
0
0
1195
6368
2645
0
0
1620
5143
5731
5738
6253
0
1378
6301
5153
722
3986
2943
6751
4513
5706
0
1622
0
0
0
0
6545
0
0
0
0
0
0
0
7014
0
6524
0
3539
1697
4011
0
3500
5146
0
0
7258
2238
4485
0
0
0
0
0
2430
1003
0
0
6778
0
0
0
6869
0
0
0
5392
6065
6294
0
6464
0
0
0
0
0
7279
5629
0
5642
381
5758
0
0
0
0
4253
0
42
0
999
7295
0
0
0
0
0
7238
5435
6143
0
0
0
0
4916
0
7347
4451
0
0
0
0
125
0
3019
2668
0
0
0
6742
310
126
0
0
0
6137
608
0
0
0
0
1389
1036
0
1166
0
6439
0
0
7348
0
0
0
5084
4223
0
3539
0
0
4399
0
0
7332
7259
0
4887
7354
4380
6859
2721
0
0
0
0
3321
0
0
6587
0
0
0
2712
0
0
0
0
0
5781
0
0
0
2591
4705
6784
3821
0
0
0
7345
0
910
2228
0
0
6395
0
2371
1889
0
0
0
6435
0
7236
0
7233
0
0
6977
7006
0
6191
0
7227
0
7281
0
2010
0
0
6513
5010
0
0
0
6936
4690
0
442
3266
0
6587
0
0
0
0
6157
0
5159
0
1197
0
7156
5012
3348
0
0
7099
0
0
0
0
7198
828
0
0
675
322
967
0
0
0
4853
0
0
5210
5171
0
0
3701
0
7006
0
0
5685
4510
6617
1249
0
0
0
7041
2227
0
6932
0
0
6558
5433
0
3402
0
7293
7295
0
6686
4988
2293
0
6816
0
6393
6085
2041
6456
7203
0
0
6813
0
0
7108
1197
0
0
0
5824
5964
0
0
0
6274
6923
0
6902
7163
0
0
763
0
631
0
0
0
6064
5917
3402
1694
0
0
2169
0
0
0
6391
6967
6495
3906
0
0
0
4207
6772
3140
2168
0
1957
0
0
2097
3533
6984
0
1684
7253
0
0
0
6896
0
0
4175
0
0
7040
4657
0
5022
0
0
6696
3134
0
1578
0
7205
0
0
0
0
0
0
6223
7343
0
0
7053
7253
7278
0
0
4218
0
7108
0
0
6023
0
687
0
0
0
5580
628
0
7041
0
7055
16
6772
4329
6121
0
0
0
0
0
0
0
0
3026
0
5688
0
3936
0
0
0
0
0
0
4722
5662
4586
3558
0
5108
0
0
2663
6123
4037
5705
0
0
1570
0
5590
6446
6023
0
4940
2162
5781
0
0
0
0
753
5833
7279
0
0
0
6035
6916
0
0
0
0
2720
3456
0
1732
0
0
0
0
642
0
0
0
5109
7254
6392
7344
237
6361
0
3507
0
1945
0
0
5719
2133
0
5896
7246
1681
0
788
0
3231
0
6231
0
7203
0
0
2950
4016
0
0
4244
5336
1596
0
5636
5193
0
6448
0
0
0
0
0
720
0
0
0
832
0
3443
1869
0
0
6092
0
3995
0
0
0
0
0
1732
7055
0
1074
7259
0
7239
7011
0
0
6998
7227
5068
2874
4576
7346
5031
0
576
0
308
0
0
0
0
0
0
0
0
0
0
0
0
7197
7064
7168
0
6639
0
0
0
7164
303
248
6344
0
3409
0
0
0
0
7002
7056
0
4607
975
7346
0
0
6215
1858
0
6064
0
7248
0
7007
6514
0
6356
0
0
0
0
0
7295
6490
7068
0
0
0
0
0
0
6215
0
0
0
0
6937
0
6525
6850
673
0
0
0
0
7158
7198
0
22
0
4225
5005
625
0
0
3686
5365
6954
0
3237
0
0
5881
2775
0
6605
0
2910
0
0
0
0
0
0
0
0
0
4460
0
0
0
0
0
0
6902
0
6797
0
3995
0
4440
7330
0
0
0
6052
7199
2296
5974
0
2134
2071
0
0
0
5283
437
0
7165
6461
0
0
1837
3190
1050
0
6578
0
0
7275
178
0
0
7277
3722
3284
0
0
0
0
0
220
0
0
0
0
0
7185
5131
0
0
1469
0
5974
0
1175
0
0
3858
0
0
6094
320
6388
0
0
0
0
5915
0
7269
1920
0
0
0
0
5005
0
2857
6238
5177
0
6408
0
0
0
4929
0
0
0
0
0
7329
6852
6431
0
7229
7152
3991
0
0
0
1355
0
5325
5104
0
0
3673
3773
5336
0
231
0
5505
0
2024
0
0
0
0
0
0
0
0
7265
4768
0
0
0
0
5020
3211
0
6742
6187
6967
0
2621
5412
0
0
0
0
5961
0
0
4386
0
0
8
0
0
417
6653
7227
0
5425
0
0
5190
0
5893
0
0
1629
6323
0
1697
0
0
4907
0
0
0
2098
0
4576
1611
2560
1060
173
0
0
0
0
0
0
0
0
6403
5039
7261
4182
2282
0
4703
0
0
0
1819
0
2645
5501
0
7254
1197
0
0
0
0
5297
0
0
6163
0
0
4558
0
3823
0
0
3690
6800
4142
250
6936
0
0
0
0
2700
2738
31
0
0
2079
0
0
5447
0
0
0
5287
0
0
566
0
0
6208
0
0
1050
1408
457
2822
6725
100
0
6114
0
6999
0
2834
0
7198
0
0
355
0
0
0
4147
0
0
0
0
0
2222
7244
0
5950
0
0
0
7295
1876
0
0
0
6782
3211
5409
0
640
0
0
6898
0
3332
1643
6940
0
0
7167
0
0
5250
0
0
0
2304
7107
7000
0
0
6286
0
6572
0
1357
0
0
0
0
4976
0
5864
0
4597
6367
7294
0
0
0
7248
0
0
7233
5272
7043
5210
4324
0
0
5366
0
0
0
0
2744
7041
5698
6015
0
7260
0
6312
6268
0
5247
6615
0
6475
3562
0
1242
6954
5173
6139
4666
2645
2096
0
0
3332
0
0
363
3961
7304
0
0
0
7253
0
5893
5581
7268
0
0
3194
0
0
7279
0
0
0
376
0
6926
5708
0
3050
6448
0
3742
7254
0
6677
0
0
958
7344
0
0
0
0
0
0
2239
0
0
0
5431
3859
0
0
0
0
0
6708
0
0
0
0
0
4057
4610
0
5074
0
0
6482
0
3235
6984
0
6092
0
0
0
7345
0
0
0
2639
2082
0
6966
0
5708
0
0
0
1620
6808
0
0
574
0
6223
0
0
4158
0
0
0
0
0
0
0
0
5853
0
0
3244
7042
2817
0
7222
7253
0
0
0
6296
0
1505
0
0
4569
0
0
6385
3912
0
0
7037
0
0
0
0
6525
0
5181
6799
0
7071
0
0
3001
6171
6962
0
0
3489
7346
1688
5706
0
0
4876
0
6618
6665
0
0
165
0
0
0
0
0
7100
0
0
2983
3744
0
0
4898
0
0
3513
1004
4470
1310
7164
5706
0
6192
0
0
5556
0
0
0
5817
0
1147
0
0
7346
0
7198
0
6652
4028
7008
7012
0
2975
0
4594
0
0
0
3580
0
0
2114
0
0
0
0
4953
3928
0
0
1935
1852
0
6809
0
6456
0
0
0
248
804
3421
6566
2302
3529
0
0
0
5881
0
7012
1476
0
5107
0
0
0
4546
5039
796
5920
0
0
0
0
0
0
6394
0
0
7042
5378
0
0
461
0
0
3902
0
0
5309
0
0
2977
0
0
4935
7262
0
0
0
2161
0
0
1085
0
0
0
0
0
129
3042
0
0
0
0
6643
0
0
0
1920
3129
0
0
0
0
0
0
444
7294
0
0
800
0
6726
0
0
5915
5366
4326
0
0
2294
0
0
6879
6951
6456
3379
5508
665
0
6021
0
0
0
0
0
41
0
0
0
5289
0
0
0
3705
0
0
5361
0
0
3896
5257
5579
0
0
0
0
0
0
0
162
5823
0
0
0
0
0
0
0
5259
0
986
0
1777
4228
0
0
0
3665
0
0
5199
0
0
2735
7341
0
0
0
0
6645
174
0
0
5421
0
5705
0
6751
7297
1105
6554
1253
0
3886
6855
0
3973
0
7013
4143
6711
0
0
6524
0
0
0
0
5181
0
0
7296
0
5925
0
0
0
5642
0
0
3409
0
3313
3578
6899
7348
5320
4725
0
0
0
0
0
0
6406
6161
488
0
7246
4043
0
0
0
6355
0
5321
7199
0
3697
0
0
2684
0
3528
0
6587
7188
1997
1244
4975
0
0
0
1843
0
0
0
0
0
6963
6023
6094
0
2669
4408
0
4938
0
0
6612
7293
6505
7067
459
0
0
7328
0
4535
7200
5479
6829
4871
0
0
7200
5889
7345
0
0
7163
5122
7205
0
0
0
6091
0
7343
6137
0
6403
7205
0
3152
0
3400
0
0
4337
0
7243
0
0
0
0
0
0
7344
0
7349
0
4988
0
2217
6428
0
0
0
0
0
2828
0
6292
0
6403
0
0
0
7260
2526
0
0
0
7002
0
0
0
5489
3407
0
0
0
6404
72
2921
5629
0
0
0
0
0
0
5123
0
3449
0
5895
0
0
4955
6408
0
0
0
0
0
7042
0
0
0
4244
657
7102
0
6200
5280
4884
0
0
0
7211
7296
5951
0
0
4110
6344
0
0
0
0
0
0
0
1880
0
39
1859
0
0
4722
7033
6023
2269
0
5445
7200
6362
0
0
0
0
0
5674
423
0
0
7198
0
0
3006
0
3340
4352
0
0
0
574
0
5059
1631
0
3797
0
0
0
4967
0
0
7203
4620
7069
307
0
0
0
7138
6675
0
316
5888
0
0
0
0
0
0
7354
4197
3831
5591
0
2834
0
3891
4778
0
1482
1212
7114
0
0
0
2864
5312
0
6090
6838
7297
0
0
0
6816
0
7052
5191
0
6769
7158
0
0
0
0
6495
0
0
0
2108
3689
5505
0
5286
0
6105
6944
0
0
0
6801
0
0
7296
4533
4857
0
0
0
0
6952
1437
5150
0
2085
0
4788
4887
0
7345
2081
0
4812
0
0
0
6608
0
4513
5968
3860
2085
0
5716
7312
301
0
1414
7069
6753
637
6606
0
0
4314
0
6515
0
0
6755
0
0
2394
7261
3358
572
0
0
3301
0
7259
5210
0
0
7116
5476
0
0
3612
4713
6611
0
5968
0
0
0
0
5748
0
0
0
2173
0
0
0
0
4793
0
0
0
0
0
0
0
0
4604
5896
1377
5569
0
0
0
6832
6797
7196
4429
0
1848
6809
2308
6919
0
3390
0
4873
0
5554
5052
0
16
0
0
4533
0
3644
6268
0
6204
6637
5920
5696
0
742
6023
0
0
6215
0
5619
0
4117
2332
0
0
7281
0
6428
1176
0
0
0
4833
7353
0
0
0
4321
7164
0
7259
0
6627
7282
0
0
6123
6438
2437
5322
6585
0
0
5206
6022
7246
6381
0
5728
0
0
5253
0
6381
0
0
6586
1337
0
0
0
0
6696
6017
6809
7279
3653
7261
0
7222
5603
0
0
1407
1039
3431
0
0
5864
3722
2275
3035
7296
5380
3856
7354
7301
6440
0
2631
7059
0
6336
0
3317
0
1209
0
4861
0
6015
6001
0
0
0
6449
0
3745
6380
0
5392
0
0
4397
0
0
6405
0
0
3152
7097
0
0
6027
3853
2736
7215
587
5188
6030
1409
7101
0
0
6545
7005
3421
0
5738
0
0
0
0
7165
3991
0
7209
0
0
6912
2400
2405
0
3382
0
1144
0
5815
2433
0
0
3660
0
921
4357
0
0
0
7051
5910
0
1852
4494
3853
287
3888
0
0
5313
6697
1524
7165
3955
2446
0
0
5361
0
7006
5893
0
4776
6131
7064
5330
6497
7328
0
596
0
6778
0
0
0
6742
0
5715
4118
7042
0
0
0
0
0
0
5630
0
4893
2910
7010
0
1631
6585
0
0
7010
5286
0
0
0
7111
0
4819
0
2114
3846
0
6365
0
1185
0
0
4910
2113
5493
0
1703
0
0
5335
6752
6838
5590
5867
2399
1302
0
0
0
0
0
5946
5152
0
0
6940
0
6939
0
6848
0
0
0
0
0
0
7087
2870
0
0
0
7203
2895
0
0
6982
5706
4805
0
0
4044
0
2331
4360
0
0
0
0
3690
0
0
5614
0
0
0
0
0
3494
0
0
5332
5181
0
0
0
0
0
0
6274
3688
0
0
6967
6679
0
0
0
0
0
2744
0
0
0
0
1936
1082
709
0
1041
5636
6876
2941
0
0
6441
7315
0
2388
6753
6809
0
2706
7341
0
0
6392
0
0
0
0
6996
7025
5006
7331
0
7253
0
0
6485
4937
2928
0
3667
4011
0
5801
6384
184
0
3995
6943
0
0
7293
0
0
7215
0
2114
0
0
1305
0
0
0
0
7167
7040
0
6041
2176
2289
3632
6717
5356
0
5775
0
0
3665
7258
0
0
0
0
5642
0
2271
0
1804
7216
2411
0
6785
0
7018
2793
0
0
5871
0
0
0
6986
0
0
0
564
4838
1412
0
0
0
7259
0
0
0
1128
5112
0
1501
6908
3490
0
7266
0
0
6444
0
3828
6208
5957
0
6572
0
7266
0
3569
0
0
4017
0
7216
0
4784
0
6569
0
7297
0
0
0
5661
0
2486
7302
4955
0
0
2700
6174
0
0
3756
0
0
0
0
1990
6742
5431
0
6929
0
0
0
0
0
0
7098
0
2280
4212
0
3657
0
0
1869
0
5712
0
0
7044
5975
4446
0
6939
7198
0
7040
0
0
6978
5257
5877
0
7348
0
0
2275
0
6954
0
0
1655
0
4292
2398
0
6440
4068
7347
6753
4574
2496
0
6970
0
6490
0
0
0
0
5956
0
0
111
0
4922
0
5673
0
0
1586
0
6497
1158
6226
0
6434
2822
0
7182
0
0
0
5315
0
5833
0
0
0
0
0
0
7155
7254
0
1745
1525
0
0
6612
5364
0
4004
0
0
0
1842
6735
0
0
4126
5655
7172
6080
0
437
0
0
0
6553
0
0
3564
0
0
0
1875
3846
0
3865
4693
2540
0
0
2259
4117
6409
0
6900
0
0
1395
6205
0
7343
3252
0
0
3993
0
1524
703
0
2756
0
2355
4299
0
7348
0
0
0
0
0
0
0
0
6451
4429
6476
0
5210
5203
6393
0
5995
7254
0
0
2902
7345
0
0
6763
0
0
0
0
0
3701
0
1108
0
0
6084
0
0
0
0
4938
904
0
0
6601
5454
0
604
0
0
6306
0
0
4763
0
0
1527
6072
0
0
3266
6753
0
0
0
7228
4968
0
0
0
0
0
0
0
0
0
0
7283
0
0
0
0
7199
2737
0
1042
1841
0
6773
6146
0
6666
2105
0
0
0
0
0
0
5801
0
560
1946
0
3406
2371
5014
5020
0
0
0
6565
0
6326
0
0
0
0
5144
2433
3231
1257
0
0
4415
3486
7204
0
6480
0
0
0
0
0
0
0
1060
0
0
0
4123
7250
3244
0
0
198
0
0
0
0
0
0
0
0
0
0
977
0
0
0
720
4446
6773
0
4507
5896
0
5336
1175
5880
7295
3358
0
1197
0
572
0
0
0
0
4411
4934
4997
6943
0
3290
0
0
0
7315
0
1076
0
0
1777
3955
0
0
0
5909
0
0
2729
6235
0
3674
0
0
0
5580
0
6747
0
0
0
6871
7169
2880
0
0
0
0
0
0
2099
5371
0
0
1168
3768
0
1028
4490
4260
7071
7262
0
0
0
0
5982
0
6468
0
0
4550
0
0
6527
226
6993
0
0
0
0
0
7070
0
7315
0
0
0
4525
4408
0
6732
0
0
7295
5781
0
0
6137
7228
0
5895
0
0
0
0
6408
7198
264
4793
0
0
0
0
0
2023
0
7322
4218
6514
3497
1356
0
0
0
0
0
0
5297
0
0
4915
0
0
5566
0
6768
0
5556
0
0
0
1068
1048
0
720
0
0
0
0
0
0
5513
3223
7016
0
137
6448
0
0
697
0
2874
7055
6914
6773
0
0
0
4229
0
0
5615
3459
5495
0
0
7270
0
5069
5820
1245
0
6586
0
0
0
2995
4873
0
0
4253
1010
1959
0
0
1233
0
0
6042
0
0
0
0
0
6599
0
0
0
0
0
4953
4287
2218
7020
2531
0
6685
0
0
0
4887
0
3356
3279
6686
4681
0
0
0
6216
0
6235
6420
1918
0
3744
0
7034
6565
3020
5291
0
7346
0
0
0
1337
0
0
0
0
6701
0
4727
4103
7167
4891
0
6122
0
0
6514
6662
340
0
0
1516
0
0
0
822
0
7204
0
0
0
6253
3903
0
0
4346
366
1268
0
6435
0
0
0
0
830
7054
7347
0
5875
0
5890
0
7229
4823
0
2218
2969
0
313
0
0
7354
3748
0
7167
0
3057
0
0
0
0
0
3694
0
3358
0
0
0
0
0
0
0
6805
6294
0
6286
0
6477
4602
0
5378
0
0
6772
320
0
784
0
297
6477
0
6466
4635
0
0
0
7015
5458
0
735
5614
0
0
0
0
6482
7293
64
0
0
1571
0
4812
7198
0
0
0
0
0
0
0
0
0
0
0
6099
3312
6710
0
6040
0
0
7042
0
0
0
0
0
6586
0
6838
0
7163
7055
0
0
5011
4306
7198
0
0
0
6143
5790
5312
0
0
0
3999
6986
1997
0
3129
0
0
4190
2909
563
4462
0
0
0
0
0
0
6395
0
0
1000
7145
6404
6294
4984
0
0
0
7002
4326
3005
0
6838
0
0
6599
5402
0
95
0
5203
0
5224
0
0
0
0
0
0
6007
7065
0
6582
0
0
0
1243
0
0
0
0
6880
0
0
6149
0
4801
0
7294
650
6967
1400
0
2273
0
2877
0
0
0
7279
0
0
943
0
16
2912
0
0
0
5778
7231
920
0
0
1060
0
0
5068
0
0
0
5556
0
6806
2671
6773
0
0
5749
2290
0
6955
0
0
3008
6247
0
0
0
6008
0
2663
0
0
0
0
0
0
5682
0
0
3781
7092
4376
0
6843
1196
0
1833
1169
0
5467
0
4140
4599
0
0
7281
32
0
5727
0
7343
0
0
7347
4129
4298
0
0
92
0
0
4279
0
0
0
0
5362
6671
0
1900
4867
5020
7269
1726
5885
0
0
0
0
0
0
7204
0
0
1223
0
0
0
0
3686
0
2241
0
5686
6315
0
0
0
3341
3984
3843
7346
0
0
5676
6852
0
0
6985
0
5951
0
5921
239
0
0
0
0
0
6667
234
5610
5363
6041
7102
0
0
6810
0
0
2483
0
4190
0
0
0
0
2024
7216
0
6413
1105
0
5673
0
2079
6960
0
6736
5097
0
0
3837
0
4427
0
0
0
0
0
0
0
5469
5724
0
0
0
0
3958
0
0
7291
5166
7164
6556
6072
1688
0
0
7197
0
0
5045
7030
5997
0
6676
0
1074
0
2169
0
2090
7292
0
5719
0
1835
1635
4124
2341
0
0
5445
0
0
5320
0
3029
0
6089
0
0
6931
0
6966
3884
4182
6773
371
5094
2767
0
0
810
2362
7042
4974
0
4956
0
7202
4817
0
114
4243
0
7281
1730
7257
6659
0
6685
2122
6954
6816
0
0
0
0
5636
5006
7027
0
633
0
6896
4246
0
5121
0
7244
1319
0
0
0
6215
0
0
0
6627
54
0
6301
5505
0
0
2735
0
236
3543
5251
0
943
0
0
0
0
5815
0
0
0
0
0
0
0
3252
0
1830
3272
72
1180
0
4081
5953
4375
72
6854
6424
720
0
0
0
0
7087
0
6653
0
0
0
882
0
0
0
0
6565
0
0
0
7235
0
0
0
0
0
4284
0
0
0
1965
0
0
4984
6546
2130
5237
806
5848
0
0
0
6036
4602
0
255
5569
6993
5498
1063
0
0
7340
6763
0
0
0
6816
7228
0
2690
778
1427
0
0
62
0
6982
6753
0
6256
4011
0
0
0
0
4836
0
6760
0
3515
0
6686
7262
0
7282
4160
0
6424
3364
6049
5291
0
2432
5877
0
7044
0
0
0
0
4887
0
0
0
0
6371
0
0
7253
6403
0
0
6090
0
6044
5798
0
4218
2931
0
2694
0
6572
0
6301
0
0
0
0
0
0
0
0
0
810
0
6778
910
6555
0
0
7293
0
0
5330
0
5312
0
0
0
0
178
7278
0
0
6054
0
4921
0
0
0
0
0
0
1210
1982
6742
3600
0
6080
927
7070
0
0
5953
0
6196
0
0
6565
0
4637
0
0
7257
0
0
6432
0
0
1114
6475
0
4468
0
0
7345
0
0
0
0
0
3486
0
0
6960
0
4068
0
0
0
0
7036
0
4418
0
279
0
0
5953
727
0
0
0
6071
7339
0
3744
0
4842
6330
0
6538
0
6870
2626
0
6199
954
5620
0
0
4188
0
0
7137
0
0
0
0
4440
4922
0
0
7248
0
0
5585
3909
0
0
2383
0
0
7045
1791
0
1959
7275
3453
0
0
0
0
0
3364
0
3965
0
4884
6669
0
0
0
0
3674
7345
4414
0
0
0
0
3992
0
0
2696
0
6982
0
0
0
724
5076
0
0
5084
0
4208
6408
0
0
6146
4792
0
6219
0
0
0
6563
5401
7281
2162
0
0
2330
7055
6833
0
5641
6147
1643
7041
5799
0
5233
7243
0
1571
2917
6617
4799
0
5679
0
6813
0
0
0
0
0
0
496
0
0
7055
0
0
6753
0
0
0
0
7139
7240
0
0
4222
0
1133
3661
0
136
0
0
0
0
0
0
7256
5765
0
0
4051
2987
0
3192
5175
5588
6813
1951
0
5196
7249
3599
7254
2377
0
5121
0
1103
0
4439
0
6356
0
7234
0
5820
5365
0
2623
0
0
6943
187
0
623
0
7196
6362
6902
6434
0
7000
6071
6797
0
7293
0
0
2513
5999
0
5258
0
0
0
6067
6238
0
764
7354
6278
0
0
2876
0
3315
7268
6852
0
0
6940
1622
0
1916
0
4934
2271
6946
0
0
5266
0
0
7275
0
0
1063
0
6768
0
0
2179
0
0
0
1730
0
1593
0
0
0
1042
0
0
0
0
0
0
3769
0
0
2250
0
0
0
6829
0
0
0
0
0
6040
0
7146
0
114
0
1267
0
0
5312
5330
7298
0
0
7223
4856
0
0
4354
0
0
0
0
0
1298
0
7297
5146
0
0
0
5096
0
5126
2308
6959
0
4812
0
0
0
4799
0
0
6687
0
0
5291
0
6274
7295
0
0
0
0
0
0
0
4309
0
0
4865
0
0
7273
0
4130
0
0
7157
0
7294
0
0
4450
4761
7164
0
4935
0
3477
0
0
7158
7279
0
0
0
1253
3433
1004
0
6188
0
7034
6680
7338
0
0
7348
0
7296
2709
1856
3442
7052
5961
2740
6839
0
187
0
0
3520
0
0
0
3413
0
0
3195
0
0
0
6730
1962
7055
0
0
5433
0
0
0
0
0
5318
835
0
0
5869
0
0
0
0
5973
7258
0
6816
0
3467
6462
0
5591
1476
0
6815
6268
1711
0
7020
0
0
0
0
0
4871
0
7005
0
0
7061
5226
6784
0
6950
7349
0
6538
4832
2406
6755
0
6424
0
0
0
6464
6696
5087
0
0
0
0
1261
0
7269
0
0
0
2709
6462
3944
1074
0
2442
4974
0
6406
54
0
0
5048
0
6094
5442
5810
0
0
3342
0
4529
6755
1654
3744
0
0
6563
6984
0
0
6990
3431
0
0
0
0
7279
0
0
0
0
0
6403
0
3050
0
6268
0
435
5893
6922
0
2631
0
0
0
6833
0
3639
3343
0
5092
5866
0
0
0
0
0
4780
0
7245
0
0
6860
0
0
0
3601
0
0
0
0
0
0
0
7082
5145
0
3125
0
7279
3635
0
0
0
0
0
0
6231
0
4870
3387
0
0
0
6393
6424
0
5789
7286
7253
0
0
6114
0
4357
0
7221
0
0
0
0
0
0
0
3417
0
0
0
0
0
7045
6876
5372
133
0
0
0
7266
2322
0
6936
7041
0
6967
0
2649
0
0
0
0
2395
0
0
6053
4231
514
6809
0
0
0
0
0
3655
0
0
0
309
0
0
3898
5006
0
516
6571
0
6535
7280
0
0
0
3844
3919
0
5699
5088
0
0
0
5312
5611
3601
7053
0
0
4984
0
5896
2458
0
7200
0
0
7355
0
0
2989
0
0
1909
0
6440
0
3359
5002
0
0
6572
0
6387
0
0
0
0
0
0
2132
6999
3756
0
0
881
5957
0
0
6450
5239
0
1494
3211
0
1990
3879
0
6955
5921
7294
0
3241
0
0
0
1038
0
0
4884
0
0
1310
5943
0
2058
0
0
1833
0
0
0
0
3135
0
1516
0
0
7297
302
1990
6873
0
7328
3140
6424
0
0
0
7176
6469
0
0
6480
0
0
6797
0
2147
2715
0
2658
7318
3816
5449
0
3935
0
7272
0
0
6627
0
6904
6659
0
0
0
6333
0
2362
3995
6231
5704
0
0
5674
0
0
0
0
0
6094
0
7235
0
0
7293
0
0
5524
6497
0
6436
622
0
3304
0
7198
0
0
6072
1550
0
1921
0
6778
1259
0
0
0
4539
0
3673
2255
0
4576
0
0
0
0
0
1856
7205
0
0
0
0
6669
0
3289
0
6710
0
437
1113
1400
6360
0
0
0
5996
2633
0
0
0
0
0
2250
6908
1999
0
7280
5056
0
0
0
903
0
3426
0
0
4216
0
7119
6477
5378
6436
1895
6368
0
7054
0
0
5950
0
0
0
1235
1586
0
0
0
1553
0
0
6688
0
0
7328
3996
3011
0
2684
1145
0
0
0
0
0
6582
0
0
0
3194
2890
0
0
4087
1614
0
0
0
6816
0
6903
0
7282
479
5374
0
0
0
4233
7343
5797
6330
6785
0
0
3562
3068
0
7301
6954
301
0
0
7346
5200
0
0
0
0
0
0
0
2459
6026
0
6223
0
5505
0
2585
5696
5719
6651
0
182
0
0
7042
0
2302
0
0
0
1045
6670
3700
840
2058
0
4408
0
0
0
3995
0
0
0
0
0
5165
0
0
6630
0
0
0
0
0
6693
4631
0
2634
0
3113
0
7295
1485
7071
0
3041
0
7215
0
6640
0
0
0
3747
0
6034
0
6681
0
0
41
0
0
7205
0
0
0
0
3889
6259
6061
0
0
0
0
2141
0
0
0
0
0
5833
0
7229
0
0
0
3539
5269
39
0
0
0
0
0
5815
2513
0
0
0
7253
663
0
763
5889
0
3304
0
0
0
0
3618
2259
6627
4205
0
6574
4908
0
0
6405
0
4247
0
0
0
3301
0
4596
0
0
0
0
0
0
0
6699
0
3897
0
4182
0
5833
7258
0
0
0
5869
0
3465
0
0
0
5378
5696
0
0
0
0
5116
1604
0
0
0
0
0
0
0
0
0
6729
5492
4276
0
0
0
7297
5704
0
4984
5964
1215
1136
0
172
4418
2433
0
0
0
1244
0
0
0
0
5263
6813
0
0
0
0
6967
7168
0
0
0
0
612
3996
6261
0
0
3989
0
0
0
1001
7053
7235
5672
0
0
0
0
5021
7233
0
0
0
0
0
7267
5095
0
2845
1516
3207
0
0
0
0
7268
7341
806
633
7354
427
6837
0
3016
0
5237
0
0
0
0
0
7293
0
0
7261
0
6170
0
1835
5373
318
0
4761
0
0
0
2119
6536
0
0
5170
5702
6644
0
0
0
0
0
1038
7297
0
5623
0
6092
0
0
0
0
0
0
0
0
0
0
2244
1783
6393
3800
3741
0
0
0
0
7282
0
0
0
6089
2386
0
0
0
4670
0
6193
5412
35
0
0
6538
6707
0
7346
0
0
6794
0
0
0
6755
0
0
0
0
7249
5430
4478
219
6592
0
6832
4247
0
0
0
0
6709
5673
0
487
0
0
0
0
0
5787
7141
0
0
0
0
7329
0
0
0
6379
0
0
0
7253
0
0
1811
4197
821
0
0
0
7224
971
0
0
0
917
0
2754
1572
4891
1597
0
6728
0
0
6026
0
0
0
0
6246
637
0
0
6659
6867
5682
0
6622
0
0
0
6674
4730
0
0
0
3967
3761
0
5907
6732
0
0
0
0
0
0
0
7012
0
1859
0
0
4595
0
0
6564
0
4134
952
0
0
1977
0
4535
0
4230
0
3532
0
852
0
5892
0
0
0
2080
0
1821
0
7255
6742
0
0
0
0
0
6648
0
4407
0
0
0
2534
0
0
0
0
7012
0
0
0
0
381
7107
0
0
6947
0
0
0
0
0
0
5239
0
0
0
7107
0
6343
5764
0
0
514
0
0
0
7222
0
7140
0
0
5006
1891
7230
0
7262
0
7328
207
3812
0
3885
7271
4578
5807
0
2832
0
5665
6475
0
0
6652
6148
6747
0
5957
3599
6792
0
0
0
0
3769
2867
0
3198
5974
6773
7060
0
0
0
2975
0
4539
2581
0
0
0
0
0
5998
0
0
0
0
5584
0
1050
0
725
0
6293
4371
0
0
7
2712
0
5511
7196
0
0
0
0
0
0
0
0
0
0
5758
4089
6053
5564
0
6800
0
5720
0
0
0
2491
5515
3153
7146
0
0
0
0
0
5826
0
0
0
0
4418
760
4832
0
3258
6688
7082
5844
7195
0
0
205
0
6962
7281
4664
0
692
0
2290
4174
0
5439
0
43
4151
0
0
0
0
4220
0
2330
0
0
2189
6428
7200
0
0
7071
0
6683
0
6210
0
0
0
0
0
0
3068
4544
0
6668
0
0
0
0
0
0
1848
0
0
3011
0
3528
0
0
0
4038
0
6941
0
0
7229
0
5881
6067
0
822
0
0
0
0
0
0
6421
0
0
989
0
0
6675
0
0
1314
0
0
0
7198
0
6962
7345
7107
0
0
0
4418
0
0
6537
0
3060
4865
712
6287
0
0
0
0
0
5944
7284
0
0
0
0
2666
0
6331
7349
3456
0
3279
7003
1729
0
4090
1371
1038
0
0
0
0
796
0
1175
0
0
6459
0
0
6400
6301
1835
0
0
6464
0
0
0
0
0
0
5681
0
0
0
0
0
7318
6254
6528
2399
5381
0
7269
2809
6733
0
6582
0
6709
0
6801
942
7336
0
0
3778
5907
4716
0
1801
0
0
0
0
7162
0
6651
0
0
4312
0
0
0
0
0
0
0
0
0
0
800
504
0
0
3778
0
0
0
0
6143
0
7012
0
0
0
6596
7259
3031
0
0
0
6129
0
0
0
6207
7223
0
0
0
3252
0
7042
0
0
0
0
6901
0
0
0
0
5964
0
0
0
5491
5912
0
0
4468
3180
0
6942
6582
4693
0
0
4446
0
0
0
7045
0
3021
5706
0
0
4958
0
6990
0
0
1697
6901
0
0
0
0
0
0
0
0
0
5689
0
0
0
6986
0
0
3943
4255
6963
7354
7315
2733
0
0
0
0
0
0
0
0
5566
6773
6489
0
5299
7033
5481
4966
0
0
0
574
6696
0
0
0
479
0
0
0
6477
4529
4474
0
2386
5742
0
0
5476
0
0
0
0
6378
6663
6959
6386
6870
24
1513
0
2018
4880
0
0
0
6286
0
5165
0
7165
0
0
0
220
0
0
4452
3676
0
2214
0
2954
7228
2296
522
6994
4205
4700
0
0
0
7084
0
6166
0
0
0
0
7349
0
0
0
0
6477
0
6514
6586
0
7043
0
0
0
0
0
0
0
7259
0
0
6392
4360
0
0
0
0
0
0
5421
4879
0
1962
7216
328
4700
0
0
0
0
6968
7215
0
6276
5995
6940
7064
0
4203
2672
0
1825
0
0
6916
0
0
0
0
0
0
0
0
360
7292
0
6456
0
0
0
6129
0
262
2725
0
1915
4252
0
1437
0
6202
4247
1753
488
0
0
6262
0
0
0
1475
0
0
0
7167
0
0
538
0
0
0
7041
0
0
5510
0
0
0
2645
0
6770
1883
6274
6268
0
6834
4253
6444
0
6300
0
603
1393
7108
7164
6395
0
7070
0
2637
4910
0
0
6161
1243
0
6689
1197
0
0
0
0
0
0
6941
5457
0
0
0
0
0
0
0
0
0
0
0
0
0
0
0
3424
1264
0
0
2738
0
7338
0
0
1361
7201
5086
0
0
0
0
7345
1053
0
0
0
5494
0
6309
0
0
3364
0
7202
6646
0
0
2051
7281
0
0
890
2623
6400
3301
0
7253
0
4661
0
0
1586
0
7188
0
0
6876
7197
0
0
5404
7071
0
0
801
0
0
0
0
6686
1146
1875
0
0
0
3973
0
7288
6927
5236
0
0
0
0
0
5312
6929
0
0
7258
1550
6330
812
6395
0
0
0
0
0
0
1420
5655
0
0
2486
6971
0
6771
7034
5826
0
0
0
0
0
2151
6288
7347
0
5320
6718
4962
0
0
0
0
634
0
0
4958
0
7001
0
0
7206
0
5280
5051
0
3005
0
6392
0
910
0
0
0
0
0
3978
0
0
0
1997
0
0
0
0
6962
0
0
1248
0
0
0
0
0
0
4183
7019
1505
0
3276
0
7346
2857
0
7107
4952
6558
0
7148
5118
0
0
0
0
0
0
0
6273
2331
3897
5820
0
7346
6295
6968
0
4521
1038
0
0
0
0
0
0
6708
7168
0
0
0
0
0
0
7007
0
6599
0
6168
0
6702
0
6974
0
6268
6035
7200
4346
0
6964
0
4380
2011
0
0
5906
7346
0
3799
0
0
0
5281
6831
2251
0
0
7248
7076
6963
5312
5453
4995
6403
0
0
0
6918
0
0
0
0
7346
0
0
0
6984
4016
0
6832
0
0
0
0
0
0
6675
393
4387
2994
0
0
0
6524
1187
0
0
1732
3784
0
0
0
0
623
0
5764
3481
0
2254
0
0
0
6956
0
0
0
1920
4697
0
6184
6667
6940
2706
0
0
0
0
3298
0
7020
0
0
6371
0
6448
3010
6855
6122
0
0
6329
0
6732
0
2818
0
0
0
1282
0
2481
5705
0
0
4800
0
3431
0
1484
7298
6963
6687
0
2247
0
0
0
3250
6680
2119
0
4941
1327
0
4875
0
7157
4068
1825
7354
6470
0
0
6944
7041
0
0
0
0
2531
0
0
0
4600
5044
0
0
564
5612
6524
0
4676
7345
0
0
0
0
7195
0
0
0
6763
0
1184
0
6724
7017
0
4806
0
0
5588
0
0
5442
0
5312
6248
0
0
0
0
0
0
0
7269
0
0
4963
2937
1895
0
0
3745
0
0
0
0
0
5007
0
0
6843
0
1856
6070
0
4960
0
0
6800
0
6466
0
6449
0
0
0
0
6999
0
6470
0
6509
6838
0
0
3608
0
2491
0
2295
5102
0
6267
7015
0
0
0
7053
0
5907
1369
6850
0
3
5605
0
0
3756
0
7017
6504
6238
0
0
6400
0
0
0
0
6787
6807
0
559
0
6600
0
0
1501
6926
2376
7055
6972
6954
5961
0
6276
7311
0
0
0
5304
0
0
6955
6852
1676
1959
4094
0
0
0
0
0
0
496
0
6293
7180
0
0
7268
6772
5472
0
6895
0
0
2319
6511
0
6366
0
0
0
0
0
0
0
0
6419
3459
0
6300
0
0
0
0
0
0
0
0
0
0
0
0
3264
3483
1997
0
0
4943
0
4151
0
0
0
0
7348
4243
0
5866
0
6753
3481
0
0
0
0
3529
0
0
3266
0
7066
6420
0
0
0
0
0
0
6213
6603
0
0
0
6773
763
0
0
0
0
0
3872
4774
0
7326
4027
0
0
6438
0
6131
5310
4297
5372
7266
6806
1236
0
0
0
0
0
0
256
0
0
5279
0
3358
0
0
0
0
0
0
0
0
0
129
0
0
0
0
0
0
0
0
0
6463
3796
0
3745
6090
630
0
1570
2034
0
0
0
7345
7328
1788
0
0
7296
0
0
1369
7348
7140
1675
0
0
7328
6063
5068
5943
0
7329
4330
0
6010
3782
0
0
4945
4299
0
0
0
0
0
5962
7017
2989
0
3112
0
0
3664
2310
0
0
7275
906
0
5493
2112
0
114
7051
0
3301
0
6832
0
0
2645
6999
0
0
856
0
0
1727
0
4934
0
0
0
6774
7296
0
0
0
0
7041
0
0
520
7228
6759
6637
1290
5126
0
0
0
0
3925
7116
0
0
0
3812
3549
0
0
6419
0
0
6595
6861
0
0
0
0
0
3654
6405
0
1414
0
0
0
0
3004
0
4507
0
5944
0
5285
0
0
6102
0
1781
0
2373
3764
162
0
0
0
6665
2080
6747
514
7245
6268
1332
0
0
6253
0
3460
0
1616
0
3742
7333
6568
0
1060
0
0
7206
0
0
0
1615
1371
5365
4558
1418
5722
0
0
4646
0
0
0
0
0
0
0
1751
3468
0
0
6367
0
5061
0
7339
0
6971
0
5562
5767
0
0
7021
0
0
5683
0
0
3424
7118
516
0
0
5252
0
0
0
7259
0
6733
0
0
0
0
0
0
0
3514
4065
0
0
4157
0
0
6757
4141
0
0
1856
0
0
0
0
0
0
6942
0
2075
1099
2992
7354
0
0
0
7033
0
5320
0
0
7198
467
4482
0
0
1605
0
0
0
6582
7230
2308
1691
1379
0
0
4457
6313
7015
0
6946
0
0
7270
5808
6397
0
1130
869
711
7347
0
3995
0
0
6599
7221
7016
5980
0
0
0
0
4554
0
0
5232
2172
6564
0
236
4042
1759
2491
5658
1285
1461
0
3453
5361
241
0
3992
0
0
0
4874
0
0
0
0
0
0
0
5220
7072
1365
0
0
6832
0
0
0
0
0
0
0
6918
1588
0
0
6818
0
3338
6139
3778
0
6324
0
1069
0
0
6895
0
0
878
7006
0
0
0
0
0
0
0
7201
7345
0
7018
7343
5433
0
0
3744
0
0
0
1364
2820
0
0
1788
0
3132
0
0
0
0
5531
3646
0
250
0
0
0
0
6490
0
0
1726
0
6101
0
546
6546
0
4508
0
0
7043
0
0
2146
0
0
1560
6960
0
0
0
0
0
0
0
0
0
0
0
187
1053
7214
0
3702
5366
0
7204
2985
3770
0
0
0
0
0
6062
4636
0
3937
0
0
0
0
0
0
5354
5289
0
6794
0
2660
0
6936
5233
3241
0
7242
0
3353
3961
5672
0
0
0
5962
6415
0
2141
6369
0
0
0
0
0
0
5100
7292
0
0
6485
0
0
51
0
0
633
3791
987
0
0
4446
0
0
0
0
0
5855
0
0
0
0
0
0
7203
3897
4116
0
0
2479
0
7295
0
1747
6763
3026
0
5855
0
0
0
6689
0
3507
0
0
0
7019
6779
4405
0
0
0
3051
1007
7257
0
0
0
0
3407
0
0
2437
6951
7294
0
0
0
6542
0
41
0
0
0
0
0
0
6755
0
0
1977
2425
0
6409
340
0
5640
0
0
0
0
0
0
0
0
5948
6439
4515
4639
0
0
3826
0
6395
0
5395
2353
0
2317
0
3894
0
0
174
0
3413
0
7337
0
6360
0
443
0
0
0
0
0
0
0
6984
4122
0
0
1835
0
0
6583
0
0
0
0
0
0
0
6131
4825
6751
0
0
6097
0
5915
0
4802
0
6689
0
0
5820
0
6999
0
6807
6344
0
5603
0
4486
0
7332
0
7054
0
6499
0
0
2406
0
0
5196
6868
6171
0
0
0
0
0
1193
5724
0
5083
0
0
3701
0
1309
2098
0
0
6906
7297
4158
0
0
4079
0
3534
5373
0
0
0
0
0
6412
6334
6819
0
0
0
0
0
4312
5114
0
0
7012
0
6523
3252
906
0
5651
0
0
0
1690
0
6206
5800
1288
0
6498
6939
1571
6084
0
0
5120
0
0
7213
0
0
0
0
0
3596
0
7227
0
7294
0
0
0
772
0
0
0
0
0
0
0
7279
0
5556
5102
6071
0
0
0
4973
0
0
0
0
0
0
3855
0
6687
0
0
5505
0
0
0
5848
7116
0
0
919
0
7345
0
5513
5330
7020
975
0
6971
0
7281
4957
0
0
6986
4746
7227
4179
3195
0
0
5974
0
0
5365
5260
2693
2229
0
0
0
5557
6108
0
5087
7181
5339
0
0
0
0
0
220
0
113
0
0
0
0
817
0
0
6243
6127
0
0
5755
2684
0
0
7195
5849
0
0
0
0
0
0
3857
5846
6168
3313
6403
6403
2023
6797
0
6968
2300
6955
0
0
0
0
0
7267
0
7015
2685
7293
7347
6923
5784
0
6009
0
0
0
6605
0
821
0
0
4345
6953
5035
0
0
0
0
0
0
0
6274
6731
5706
0
7328
0
2731
7293
0
6788
0
1297
0
999
0
6246
1791
0
0
0
0
6622
5322
0
0
5943
7266
0
0
0
6031
4738
7253
3532
0
6903
4386
0
0
2282
0
0
39
2626
5311
5455
6740
0
3679
4088
0
3667
0
0
0
7301
0
0
0
0
4968
0
4276
0
0
0
0
0
0
6545
803
0
5731
0
0
0
0
0
0
7346
0
0
0
7199
5211
4578
5067
4140
4578
7145
7042
0
0
3279
0
0
3031
0
6031
0
0
137
6896
0
0
1044
0
1605
0
0
0
1348
0
0
0
8
0
7044
0
0
1990
0
538
0
0
1448
0
0
0
5871
0
1445
6556
0
5013
0
0
1751
6772
0
1509
0
0
0
7343
1519
6639
0
0
3616
0
4486
0
0
5207
5446
2418
0
7280
6660
0
0
3050
0
182
5896
1500
288
1128
1332
2604
313
2800
863
0
7354
3393
954
3557
7338
0
0
0
0
1714
7293
0
5761
6171
3729
663
7293
0
7288
0
0
6198
0
0
0
0
2214
6297
3675
0
5538
0
0
1525
6806
0
0
1811
0
0
0
7236
0
5961
0
0
6391
0
0
0
0
0
0
0
0
4799
6982
111
7066
1560
0
6864
0
0
6597
5881
1955
7288
7170
0
0
0
0
5287
0
0
0
5985
7326
0
0
6282
5530
6941
6514
6757
0
3139
0
2387
0
0
0
0
0
0
6742
0
0
0
3758
5921
5201
0
0
0
546
0
0
0
3991
7254
0
0
4320
379
1690
4988
6753
0
0
6955
0
7041
0
0
0
3909
0
0
282
0
4242
0
716
0
6109
0
5650
7315
6015
6954
0
0
5366
0
0
0
0
0
3781
0
0
7111
0
6480
7043
5850
0
0
4733
0
5020
1778
0
0
0
0
0
0
4053
5719
6863
0
1393
0
0
6524
0
6280
0
0
0
0
0
0
5531
7042
4363
0
0
5535
471
566
0
1730
0
5638
0
6622
0
0
0
0
0
0
5499
0
0
5981
0
0
0
0
0
0
6276
0
6838
0
6454
5881
0
0
0
5683
0
4247
0
0
5974
7259
0
2740
2024
0
5495
0
4105
0
5730
0
7340
349
7347
0
2447
486
0
5767
0
0
0
6763
0
0
0
5603
827
7040
1197
6956
2160
0
0
6950
0
0
3494
0
806
1506
0
0
0
0
6903
0
3460
0
0
5428
5717
0
4819
5982
11
6506
0
0
0
2288
6621
0
0
5833
0
0
5230
6355
5434
5312
5024
0
7244
6208
6227
7293
2247
0
6982
7154
0
0
3773
3710
7349
0
0
0
6774
0
2023
7346
6209
7296
0
5962
85
0
0
6570
5088
0
3318
0
0
6999
0
0
981
252
7020
0
0
6778
5781
1501
5246
7260
0
0
0
0
4435
0
0
0
0
7297
0
4402
4062
0
0
7005
0
0
0
0
6093
566
0
5704
0
0
0
0
0
3700
0
0
0
6987
1539
0
0
0
0
0
0
0
0
1388
1537
4847
0
5565
5494
0
6868
1794
7111
0
2130
0
0
0
5869
0
0
0
4571
4986
7297
0
1120
3710
0
7262
1492
0
0
1707
1493
0
0
0
0
0
0
3307
0
6007
0
0
7051
0
0
2019
2371
3681
0
6043
0
5809
0
0
0
0
0
808
0
0
4407
908
0
0
5076
0
5961
7354
0
0
0
0
0
6542
1697
0
5426
6917
0
7267
7281
5618
6300
0
5473
0
0
0
7247
0
2493
0
0
833
0
0
0
0
0
812
0
0
0
7013
5226
0
7172
560
1646
6169
0
0
0
4955
2531
5016
3420
0
0
0
0
0
2802
5697
6613
4279
0
421
0
972
6163
0
0
0
0
0
5950
5433
0
6833
7169
7223
0
0
0
0
0
0
0
3049
0
490
5762
0
0
6565
7353
7216
6462
5944
0
0
0
7331
0
0
6999
1361
3983
6652
0
669
0
0
1965
774
4009
0
4578
672
0
6301
0
1416
7242
0
6001
0
6928
0
2716
0
0
7055
133
0
0
4403
0
318
7082
0
0
6329
0
0
0
0
0
7354
0
6404
7182
0
6915
4883
0
0
0
1977
5692
0
0
6755
6638
5920
0
3111
0
0
6855
0
4904
6210
0
1453
5937
2403
0
7349
5428
0
0
0
0
0
0
6640
0
7229
6096
4203
7271
7072
7199
6666
6444
7163
1041
6330
0
0
7053
2897
0
0
0
0
0
7098
0
6302
0
0
0
0
3756
7071
0
6772
0
5524
0
0
7040
0
6491
0
750
0
0
434
4316
0
0
0
0
6617
0
6090
5653
2909
0
0
7012
0
0
2811
6387
0
0
7258
0
1928
5493
6537
3954
0
0
0
0
0
6847
0
0
0
0
4455
0
0
3867
4316
2457
0
0
7085
0
3361
2491
4872
0
6238
5248
0
5121
7168
7006
372
0
0
0
0
0
0
4414
0
7254
589
0
0
0
0
0
1221
5882
2594
0
5175
0
6611
0
0
1413
0
7161
1959
0
7002
0
5486
0
0
0
0
0
6636
0
0
0
0
7065
0
0
0
0
2526
0
4594
0
2761
0
3830
1477
0
0
0
6791
3786
7171
0
0
5217
0
6750
0
0
0
0
0
2048
397
0
5579
0
0
4540
0
0
0
6792
6734
0
0
0
0
0
4621
4686
6832
7297
7284
5433
5797
0
0
0
0
0
0
0
3965
0
0
0
0
0
3865
0
0
2113
0
0
0
0
0
0
0
7205
3021
0
0
7102
0
0
5864
1026
0
0
1503
3643
0
0
5845
5539
0
0
0
5170
6089
6344
0
0
0
6688
0
4107
6529
0
0
0
0
6480
6108
7346
0
0
5084
5755
2335
5604
3460
3119
4146
0
0
5270
3572
0
6539
35
7001
0
0
0
7292
0
295
2905
2921
0
5921
568
7345
0
0
1512
4997
3995
3343
0
1237
6448
3340
214
7345
5675
7034
0
3525
6462
6301
0
6653
2022
0
0
2254
0
6482
7265
7194
0
2975
6789
7259
5731
5131
3020
0
0
4558
0
2802
5539
5074
0
0
0
5705
2285
5798
0
0
0
0
1586
7268
0
6789
0
0
0
7069
0
4178
0
3050
0
0
4643
0
0
3667
0
5423
0
3564
3264
0
0
0
0
3646
0
6940
6762
2088
6286
110
7189
6693
2030
1624
0
0
0
6944
7259
0
2729
0
0
3996
0
6562
0
0
4313
4956
3914
0
0
0
6445
1436
485
0
2734
0
6621
0
0
0
5108
0
3358
0
0
0
0
0
0
0
6942
1540
3240
0
6122
0
0
5820
6967
0
5116
0
0
0
7255
6907
0
2935
0
0
0
0
0
5951
0
3991
0
0
0
0
0
0
0
5919
0
3459
0
0
1345
4091
0
6960
0
0
0
0
0
7354
0
0
6929
2716
430
6113
2795
5815
0
0
5732
0
0
4980
4832
0
6062
0
3194
7126
472
0
6754
0
0
1329
0
5986
0
0
0
0
7010
0
0
4734
0
0
0
7168
0
2742
0
0
0
0
0
0
5207
7220
0
0
3285
1537
0
0
196
7167
0
6932
0
0
0
0
6596
5661
0
6332
2696
7071
0
5499
0
7026
0
0
6667
0
0
0
0
0
4197
0
7257
795
4428
4354
7247
0
0
0
2774
5414
0
2082
0
2370
7072
0
6200
0
0
0
0
0
0
0
0
0
6954
0
0
0
0
0
0
7292
7199
0
0
0
887
0
0
0
0
5758
0
1577
0
7354
6047
5881
0
0
0
0
0
6173
0
3322
0
0
4295
0
6310
0
0
0
6741
4402
0
0
0
7203
0
0
0
308
0
3587
0
3074
0
6786
0
4019
4575
0
7295
4692
0
6067
4205
0
6036
2870
0
0
0
3784
0
0
6300
0
0
7111
958
10
373
0
2332
0
5531
0
6844
3902
5556
920
4244
0
0
7069
0
0
0
4265
1772
0
7054
6267
1881
0
6832
5170
7052
7091
0
1221
7346
0
0
6813
0
4594
0
7292
0
0
7203
0
2684
1494
7174
0
4471
6627
0
6379
6113
7008
0
0
7100
0
6450
5361
3297
4572
830
0
6262
0
0
0
0
3700
0
0
0
0
0
6562
0
0
0
0
3470
0
0
1915
0
1443
6856
1262
581
7108
0
7010
0
0
0
0
5131
0
7034
3987
1615
0
0
0
0
0
5824
0
5961
0
0
0
0
0
4942
140
1128
7340
4150
787
4332
0
6271
0
7254
0
377
1030
0
6986
3857
0
0
0
7330
6832
3691
0
4310
0
0
0
2609
0
0
6202
6196
6408
7018
0
5896
7118
2111
0
1343
0
0
7346
0
0
4664
6546
0
3046
0
0
0
4474
0
0
4008
2869
5322
0
0
0
0
6761
7167
0
0
2785
0
5481
0
0
6419
0
0
0
0
4497
0
3661
6232
2720
0
0
6386
0
0
0
7269
0
0
0
4955
0
4361
0
0
6089
5737
0
6031
0
6587
3547
6815
0
6750
0
0
1185
5935
4661
7086
4544
6990
0
0
7329
6062
0
0
0
0
3583
6384
6071
1539
0
0
0
0
0
6516
567
5636
0
0
6877
943
0
0
0
6181
0
5605
0
2173
0
5639
0
4530
6761
0
7267
0
777
0
7234
3583
2546
1729
1368
0
947
0
1542
1209
6938
0
0
2066
4329
4943
596
2946
1753
0
0
7055
0
0
0
6764
5444
0
5257
0
0
1113
0
3267
0
0
7281
0
0
6971
552
3965
5701
3744
0
6967
0
0
6832
0
1586
6134
7044
0
0
0
0
0
163
5953
6941
0
5181
657
0
0
0
0
6879
0
0
6168
0
0
0
1954
0
0
5636
0
7343
0
0
0
0
4046
0
0
0
2092
0
0
3894
0
4800
0
0
0
7129
0
0
3142
0
0
0
1323
0
60
4825
6952
0
0
0
0
0
0
6615
0
3646
3497
0
0
0
7168
0
7194
4871
0
0
0
1811
253
0
0
0
0
7301
0
0
1195
0
0
5475
0
0
3524
4549
7107
0
0
1796
6846
0
1925
0
7329
2120
0
0
0
0
0
1175
6671
5364
0
0
0
0
0
415
1102
0
1388
2099
4279
0
6968
306
0
6044
4702
0
0
0
6986
320
976
0
0
5238
5472
0
0
5022
5711
7008
0
0
0
3301
745
0
479
0
4544
5716
0
2994
6105
7354
0
0
7349
2000
6674
0
7252
7133
0
6959
6594
5730
2227
0
0
6271
0
0
5742
0
0
0
0
0
1550
4988
0
0
0
0
0
0
0
7220
0
0
7347
4681
7217
0
6699
0
0
7295
0
0
0
3701
7005
0
2742
5322
1732
2817
4335
0
0
3135
0
0
2883
5113
4976
0
0
7253
0
0
0
6384
0
0
0
6310
0
5144
0
7067
0
2528
6290
0
5844
0
0
6500
0
0
0
0
0
0
7220
4090
4467
0
0
0
0
0
2376
7039
0
0
2373
0
7229
0
0
6223
4368
3920
0
0
0
0
0
7227
0
7056
0
0
0
0
0
6262
4680
0
5020
5433
0
6329
6896
2330
2841
5654
0
0
7010
0
0
3539
2824
0
1045
6967
5880
2290
0
6562
0
4416
990
5366
0
0
7269
6238
0
0
0
0
2138
6528
7067
3147
0
1975
0
0
7233
3645
2133
0
6622
0
0
0
3909
0
7196
0
5882
0
0
7008
1946
0
0
1133
0
0
0
0
0
546
0
4614
6838
0
454
0
0
6966
0
5121
0
5722
0
6742
0
6516
3843
4547
1361
0
0
6948
0
0
6659
6344
797
5056
6489
5336
0
7012
6801
0
0
7222
5519
5336
0
0
7200
6902
0
4917
0
0
2271
0
0
0
6258
5145
7327
4446
0
5330
3781
0
0
0
3167
0
0
0
0
885
2233
0
7181
4350
1371
0
0
6773
7279
6628
0
5677
3005
2302
0
0
0
0
7108
660
5094
0
0
0
4913
5175
0
3646
0
0
0
0
7149
4094
0
5580
0
3756
1418
6253
0
6124
0
5146
7267
4294
1437
0
0
7185
0
0
0
0
4658
0
0
7142
3620
0
3528
5762
0
0
0
443
2478
3804
0
7093
0
6404
2565
7266
1713
3134
77
0
0
709
6763
7327
0
0
6101
0
0
0
0
0
6333
0
0
4938
1959
0
0
6042
0
0
7125
0
6454
0
6393
0
0
6771
0
0
7195
2602
0
5634
6867
0
0
4625
0
0
0
0
6763
0
6166
5964
3307
0
0
724
5221
0
0
1674
0
4702
0
4974
0
16
5325
2239
3631
0
0
0
0
0
7353
3692
0
1055
4336
6360
0
6689
6750
6294
5392
0
0
0
0
0
0
0
0
1198
6240
0
1224
0
0
2690
0
5968
6371
1480
0
3664
2824
0
5890
6663
4198
3971
7132
0
0
3897
0
0
0
0
5924
3967
0
6984
0
5808
0
7040
7167
3301
0
0
0
4772
6416
0
0
0
5364
0
0
3455
0
0
0
3298
0
5136
0
0
0
1517
0
0
5615
3753
6412
3235
1856
0
0
7245
7259
1038
0
0
0
0
0
7294
6332
3655
0
0
0
2097
0
7107
7251
1870
6744
0
517
0
41
0
0
5678
0
6106
0
1219
0
0
3996
0
0
7053
7118
0
6532
0
0
6741
0
0
5377
3442
6772
7316
0
2838
0
0
0
182
0
0
6868
5953
1389
3876
2797
0
4337
0
0
1554
0
0
0
0
4623
5146
2486
0
7338
0
0
0
0
0
0
0
3442
0
0
4486
7294
0
0
0
0
0
7155
2587
0
0
6489
0
5203
0
6714
0
7279
7170
0
5706
4804
0
0
605
0
7346
3111
0
368
0
1487
5008
0
0
0
5665
323
0
3460
0
518
1658
0
657
0
6023
0
7296
443
0
0
0
0
6199
3460
6936
0
0
3696
0
0
5206
3080
0
0
6027
0
5939
43
0
6609
7102
0
4264
0
3267
0
5449
0
0
0
0
2973
0
0
0
5101
6903
7257
0
266
2218
7172
0
2058
6955
4106
6751
0
0
0
4046
0
0
7060
0
2279
0
0
6404
0
0
7254
0
2966
6476
0
0
0
0
7301
0
0
6480
4562
0
0
0
0
5701
0
0
0
0
0
3413
0
6111
0
0
0
0
5312
0
3621
0
6448
1339
0
0
0
0
0
0
0
0
6852
7013
0
5556
0
7203
4171
0
7246
4443
0
3036
3697
5930
5758
166
0
0
1845
4127
7164
0
6365
0
0
0
6666
0
4294
0
2531
7228
0
0
4507
6163
0
1249
864
1539
7355
0
1571
0
0
4119
5292
0
0
7259
0
0
0
0
6558
0
0
0
5568
5942
0
1573
6333
6936
0
0
0
6475
0
0
4023
1921
0
0
2201
0
6428
0
5606
3965
3793
0
6459
0
0
3871
2913
0
5691
0
0
3172
3267
0
516
0
6475
0
5401
0
0
0
0
431
0
0
6391
0
0
2246
0
0
0
0
0
0
594
0
5568
3216
6181
3070
0
0
0
6616
0
1835
0
0
0
6546
0
0
0
5815
6910
0
0
7259
0
0
0
2346
2381
6153
0
0
0
5949
5696
0
7198
0
0
0
2383
0
6755
0
0
0
4151
3063
4270
4456
6741
6293
0
0
7091
0
0
3243
0
7182
0
5910
3673
0
623
0
0
7141
2546
6762
6362
0
0
6090
6840
0
2655
1696
7342
0
5012
4488
0
0
4271
5092
0
3705
0
0
0
0
7264
5944
0
6204
0
7347
6572
4846
0
7238
0
0
7200
0
0
7344
393
0
6238
7260
5636
0
0
7246
4564
6254
0
0
7040
3832
0
0
6809
0
3935
3048
0
7230
0
0
6288
0
3608
5110
0
6385
5343
0
0
0
0
0
0
0
0
0
3897
0
0
3774
0
6659
0
0
0
0
7060
4397
0
0
0
0
7053
0
0
0
424
0
5985
0
0
3297
0
801
0
0
6778
7041
0
7000
10
0
3755
0
5020
0
2869
5580
0
6147
0
2678
3659
6805
6600
0
5298
3719
6366
0
0
7270
1869
1114
7223
0
6667
0
6753
1023
0
6553
7164
4408
4886
6772
0
0
4942
0
0
7081
0
6797
1923
0
5253
0
0
7292
0
0
0
0
0
0
0
6208
0
0
0
3705
6071
0
0
0
6514
0
0
0
0
0
0
4547
0
0
0
477
1436
5212
6813
0
3049
7201
0
0
0
0
0
0
2974
0
3991
7254
7081
0
5873
4355
3981
0
5234
3701
3192
0
7195
6639
5005
2024
6441
7248
3504
0
273
0
0
0
6572
0
0
0
6879
2189
6838
6320
0
0
5503
0
0
5738
0
0
0
7231
3655
0
0
0
3601
5203
0
2096
0
0
0
1453
0
4252
0
0
1074
0
3704
0
6462
0
6754
5674
3818
4552
0
0
7070
0
0
0
4770
0
7280
0
0
434
0
0
0
7198
52
0
0
352
7294
2817
7101
5281
271
6370
0
0
0
0
0
0
4976
0
0
0
1522
3834
0
1378
1513
0
0
0
0
0
0
6619
0
2255
5297
3035
3758
0
0
0
6157
4455
0
0
0
0
0
0
0
0
0
0
0
0
1921
0
0
5515
7050
0
0
2861
0
6360
477
0
7158
7004
6654
0
5423
6800
0
0
0
0
0
0
0
6840
6407
0
2582
6202
0
0
1935
6592
0
0
0
0
5312
0
4804
0
2246
178
7266
3497
0
0
0
0
0
2437
0
0
0
0
0
0
0
0
0
2254
3498
3412
0
0
7033
0
5818
0
2817
3294
0
0
7296
0
0
0
6815
6770
7200
0
0
2223
0
0
0
0
1713
7346
1021
4227
0
0
6447
4028
6861
4553
1114
0
2254
6773
4598
6556
6207
0
432
7198
7134
3080
4679
0
4254
0
0
0
0
7235
5676
0
0
2018
0
5531
0
6434
0
0
0
0
4117
0
0
6528
7328
0
0
6049
0
7041
2244
3229
0
0
7234
6525
4128
0
0
0
6849
7070
6940
0
6987
0
0
0
5722
0
0
882
7251
0
1169
0
0
2948
4190
0
5092
0
0
0
0
0
2373
0
0
0
0
0
5594
0
4363
0
0
0
0
3018
0
0
5121
6271
0
2123
3756
0
0
0
3894
3147
0
619
0
4718
7086
0
0
7248
0
0
6733
0
0
7041
0
3009
0
6104
7279
6744
0
0
4838
4871
0
0
0
0
4875
0
5851
0
6150
0
0
0
7331
0
0
210
0
0
6475
4267
3655
0
5979
0
0
6514
1856
0
0
0
7294
6202
0
0
5937
0
0
0
0
5792
0
5146
5863
0
4922
0
0
400
1939
0
0
5257
0
0
0
160
0
0
0
245
0
3657
6733
2699
4133
5420
2432
0
5808
3033
7203
0
0
6127
0
6249
0
0
0
0
352
6674
0
0
7296
0
5019
0
3301
5340
0
4487
0
0
6428
0
0
3568
0
0
6776
3640
0
0
0
0
0
1851
5706
6382
0
0
0
7348
0
5385
5456
7130
0
5959
0
0
0
0
0
3534
6777
6384
5696
5326
6009
0
5099
0
0
0
437
0
0
0
0
5342
0
6685
0
0
0
0
0
5059
6157
255
0
0
0
0
3715
0
7099
3011
0
0
0
0
0
0
0
0
4408
0
0
4614
0
0
3583
7200
0
0
3629
0
0
0
4844
0
5507
3357
0
6876
0
0
0
0
0
0
0
630
5257
0
0
4805
5421
3555
4917
6238
4103
6835
0
5088
0
320
3952
0
2513
0
7043
2282
0
6667
6207
0
0
0
0
6665
1390
6494
0
0
0
2681
0
0
1127
0
0
0
0
0
0
5496
2920
0
0
0
0
7023
2031
5026
6639
0
6961
0
0
0
7203
1028
6809
1013
7141
6622
0
2089
4673
2509
3119
7345
0
0
6936
5404
0
0
3006
0
0
5311
0
0
0
0
0
0
5039
6679
6742
1000
0
2609
3912
0
0
1010
0
0
0
7304
0
0
6582
0
1856
0
0
7071
0
819
0
6616
0
3338
4352
5198
0
0
5755
0
3894
1616
0
5464
549
0
0
0
0
0
5458
0
0
0
0
5615
5672
0
1907
0
0
0
0
3031
340
0
3268
0
0
0
6067
0
0
7261
5051
1586
2750
789
2445
0
7097
0
6884
0
0
6872
6300
0
6603
0
0
0
0
0
6027
6672
0
0
6571
3965
1825
0
0
0
2433
0
0
6704
0
6849
1187
6291
0
0
4293
5654
0
4634
457
0
0
0
525
0
0
0
0
0
7228
6353
0
1284
0
0
6592
6099
0
0
7040
0
4408
0
566
6666
0
2119
0
0
4657
0
0
1396
3856
0
0
1326
0
0
0
5020
0
0
0
6852
3595
0
7328
0
6090
3786
3558
0
3075
0
0
0
0
0
5363
3268
2546
0
0
0
2759
2774
2004
7294
3599
0
0
6775
5481
0
0
0
0
2373
0
0
4601
0
4550
7295
6084
4760
1788
5220
1864
7254
0
0
0
6722
4017
0
0
0
0
0
0
0
0
0
0
0
0
0
0
0
0
0
2936
0
1631
5012
0
0
0
5443
0
0
0
7329
0
0
0
0
0
0
0
0
491
0
0
5052
0
3298
6675
0
1511
0
3216
3700
1004
0
0
6734
3701
0
0
0
0
0
1414
3716
0
7302
0
2200
6197
0
7197
0
5950
2898
7245
3501
0
1916
3516
0
0
3810
0
0
7140
4373
0
0
5597
6202
566
6615
0
0
6168
5226
1972
0
0
0
5221
5691
7295
0
0
0
4012
0
4917
1241
0
5808
1761
0
1493
0
2521
6778
7333
2099
7220
95
5170
0
0
5753
2785
0
5495
6955
0
4978
0
5505
1635
6287
7116
4314
0
0
7312
0
0
6847
0
7002
5412
0
0
3508
6671
6708
0
7070
0
6967
0
0
7008
1754
0
0
0
6123
5505
0
0
5636
6023
6757
6112
0
0
0
0
2418
0
4545
0
0
1058
0
3975
7226
0
2581
0
7328
5284
0
0
6439
3831
7297
0
0
3197
0
7259
0
0
3674
0
0
2023
7199
0
0
0
688
7034
3152
0
0
3003
0
3705
0
0
0
0
2550
6027
2387
0
5097
0
0
1771
0
6840
0
0
0
4435
0
1819
0
0
0
7260
0
0
0
1923
7020
0
0
0
4488
0
6331
0
0
0
0
0
7250
1913
0
706
0
0
1356
0
0
7138
5958
0
0
0
0
0
0
3700
6223
0
0
6334
7012
6197
0
6940
0
0
2080
0
4247
6985
5698
0
0
4871
0
0
5650
6413
6809
248
0
0
0
0
1846
0
0
0
0
6378
0
0
0
7297
7155
0
0
0
5782
5125
0
0
0
2629
7253
0
0
0
3014
0
7228
618
0
0
0
5766
0
0
3222
5210
0
0
6686
5975
0
0
226
0
0
6959
0
6778
700
4672
0
0
7254
0
1560
0
7137
2632
2381
0
0
0
3307
0
0
5123
7296
1990
413
6586
0
0
5124
5368
0
5230
7179
5880
7118
7082
6649
1009
5706
0
0
0
0
0
3440
0
6659
0
3698
6747
0
6837
0
0
0
0
7198
7042
0
4968
6867
0
0
0
6927
5823
7260
1781
3050
0
0
2730
0
3927
277
0
7280
5217
0
6529
0
0
0
6688
0
0
0
4515
0
6010
0
0
0
2954
0
1737
0
0
3742
6630
6659
2046
2048
0
0
0
0
0
4199
0
5714
3021
7198
7081
0
0
0
7037
7128
2239
7203
7066
0
0
0
0
0
0
0
0
1614
5101
0
0
6763
5110
6436
6444
1682
0
6696
6296
5779
0
6385
0
0
278
0
5978
0
0
6295
0
0
0
99
0
4025
0
0
0
0
0
0
6816
5950
6451
0
4993
7353
4913
3778
5459
0
0
0
0
0
0
0
0
4079
6955
0
0
0
0
0
0
1753
7004
0
5517
7343
6234
0
0
4200
0
1480
0
0
5510
0
6343
5401
7055
0
0
7308
0
0
6839
0
0
0
6582
5686
6963
3433
3674
0
0
0
0
3954
252
5417
0
0
7140
0
0
5237
0
0
0
0
2969
0
6929
1975
7254
6807
7345
0
0
2491
4751
0
0
0
700
6556
2098
0
0
6751
0
1611
5212
7341
0
0
0
0
5287
0
0
0
6643
0
0
2706
0
0
0
827
5767
6031
0
0
0
0
0
0
6464
0
2442
6894
5203
0
7259
0
0
0
0
0
0
0
0
0
0
6371
7239
4805
0
0
0
0
0
0
7108
6787
7169
2308
1967
6962
0
2000
0
7203
6732
6207
0
6939
2936
0
3152
0
0
2605
7346
0
0
6689
7027
5719
0
6666
7086
520
5181
0
6788
0
0
0
0
0
5862
7251
0
0
0
0
0
1126
0
0
0
7164
0
0
0
4696
0
0
7347
0
6732
0
4219
1238
0
3131
0
0
0
7259
0
4917
520
0
0
0
0
6207
4122
0
5308
0
0
0
1207
0
7248
0
7297
1903
0
7258
0
0
0
0
0
0
0
0
0
6331
6008
0
0
7067
2646
0
7041
7254
0
0
0
0
0
0
0
0
6725
1234
645
702
4446
0
5871
5929
0
0
0
7067
0
7005
0
0
0
1960
0
0
7001
0
0
0
5602
0
5788
0
1923
6854
6596
0
0
3261
0
5606
0
0
6109
3229
1870
6955
5024
6847
4775
3436
5210
6622
0
0
0
5951
5758
5052
0
5086
0
821
1763
0
7354
7164
0
0
0
6813
0
0
0
0
0
6292
7228
5867
2777
0
0
0
3010
0
0
5024
178
2906
0
0
0
0
4974
0
0
759
0
0
0
5580
7012
0
5363
0
2954
7294
5488
0
6464
934
0
7182
5336
6464
0
0
0
0
5417
0
0
0
0
5935
0
0
1798
0
0
0
2996
7203
0
0
0
2123
0
4282
2520
5070
5873
0
1038
3330
0
0
5951
0
7005
2492
0
0
0
0
2620
0
4805
0
5236
4267
2534
0
0
0
6715
7245
0
6514
0
0
0
0
6591
0
2078
3673
0
0
0
0
0
0
7198
5847
632
6774
0
0
0
214
7229
0
0
0
0
0
0
0
0
0
0
0
0
0
0
5738
0
0
0
3220
6356
0
0
5024
6215
0
0
0
0
2295
0
0
0
0
0
0
0
0
6239
0
7119
0
0
0
29
0
4024
5014
0
6982
3279
6762
0
0
0
0
0
0
1616
5641
0
0
3906
0
3135
1332
7347
6324
0
0
5146
4748
6832
7223
7108
5862
0
7175
0
0
0
6621
3392
0
7141
0
0
0
6778
0
4760
7198
0
0
0
6688
0
7228
0
0
2140
1317
3735
5924
0
0
0
6663
0
4153
4068
0
0
7347
940
2826
0
247
0
2377
0
0
0
4550
6392
3166
0
6910
7054
0
0
1965
0
6954
7280
6962
0
6397
0
0
0
732
0
0
4233
0
282
0
3661
0
0
3769
0
7255
0
5986
7279
5431
4028
0
0
6714
0
0
0
0
0
4928
0
5038
0
6090
6945
6585
0
0
1159
6553
7162
0
0
0
0
0
0
0
0
3179
1825
5629
7034
6070
0
5169
0
1642
734
5095
0
0
0
4139
7269
0
2620
3424
6367
6331
0
1365
3456
5649
4504
0
0
0
320
3347
1518
0
6582
4444
0
0
7315
3819
0
0
0
798
2024
1794
0
7259
0
2289
1184
0
7254
4429
0
669
0
0
0
2618
2192
0
0
0
0
0
6708
0
5088
0
0
6571
0
0
0
0
7055
0
4079
0
2369
6586
0
0
0
0
0
4730
5447
7259
6761
0
0
6597
5847
0
5794
5810
3683
2141
0
0
6923
0
6461
0
0
6361
0
0
2334
0
3337
360
0
5287
0
0
4847
2519
0
6490
4420
6597
4233
0
0
5768
0
0
3450
6855
0
0
0
0
7344
3016
1666
0
0
4714
4774
0
0
0
0
187
0
0
0
0
0
6101
83
6343
0
0
0
0
6693
0
0
0
2581
2619
0
6843
6393
6464
0
0
0
7262
0
0
0
427
3401
1611
6741
5896
0
0
0
6643
0
0
0
2659
5845
2223
0
1264
0
0
62
6411
0
0
0
0
1938
2138
0
6787
0
0
0
0
6853
7328
0
5136
5336
0
4316
0
5433
3897
0
0
1243
4216
1974
5695
6088
6156
0
0
0
3902
0
4871
0
0
0
2158
0
3721
0
0
0
0
0
0
6999
0
4231
0
5131
6674
1578
0
0
4857
0
5944
0
4395
7296
6865
0
6719
1210
880
2229
5150
0
3479
0
3160
0
0
6329
0
7182
0
0
0
0
0
5672
0
6520
0
446
0
0
0
4882
0
6250
1495
4299
0
6268
0
0
0
0
0
3486
657
2800
0
7053
7347
6300
5793
0
236
0
0
0
7170
0
0
0
6427
2954
0
0
0
0
0
0
0
0
7280
4011
0
0
1095
0
0
6699
0
4102
0
0
3339
0
7005
6188
3592
0
0
7200
0
2105
0
5809
5014
2858
0
5255
0
302
1153
5704
7181
7026
111
4803
7344
2347
4835
0
0
0
7294
7063
0
0
0
7348
4519
507
4632
0
3991
6778
0
6600
0
220
0
2114
3661
1858
0
4657
0
0
5531
0
0
6848
0
0
3375
0
6366
0
0
0
2142
0
0
0
7203
0
0
0
0
0
0
3692
6868
0
6070
6753
0
0
0
0
0
6876
0
0
0
618
5
114
4669
0
4805
0
0
6639
2552
0
0
0
0
2462
0
7108
0
0
6830
4725
5943
0
6903
0
7281
0
7230
5289
0
1319
7303
6955
7258
5516
7259
0
397
0
0
7347
0
1275
0
0
0
0
0
0
3207
0
0
5480
0
958
0
7269
0
0
5005
0
5443
6968
0
6210
2877
6894
0
7202
0
6711
0
0
1365
0
0
0
0
6304
0
4799
3135
0
0
0
6711
0
4734
5896
6742
7126
7043
0
864
6294
0
0
2891
0
0
0
0
5182
0
7203
0
0
0
0
5497
0
1137
0
5190
0
0
3278
4307
1755
765
0
4987
0
0
0
0
0
3517
6202
0
6956
6216
5109
1791
6534
0
0
0
0
0
0
2860
4354
7327
0
472
7129
0
0
0
273
0
0
0
0
281
1329
6245
0
7109
0
0
0
0
0
0
0
0
0
7342
0
34
0
0
3421
4908
0
5304
0
0
0
5860
0
4244
0
6982
0
0
0
0
5257
0
7264
5590
0
2355
0
6562
0
4748
6574
1777
0
0
3068
0
0
2669
0
0
0
0
0
0
6820
0
3768
7198
0
0
5695
0
0
0
0
0
6071
5738
0
0
0
0
0
5890
0
2177
6990
5889
0
1453
6439
2476
6996
0
943
0
0
0
3974
0
0
66
5890
2453
2218
518
0
1702
0
5124
0
0
7213
0
4603
6168
1244
4103
0
2394
0
2986
0
6809
0
0
0
6053
4304
4916
0
4005
2112
4390
2330
0
845
6680
102
0
6683
0
5306
0
0
0
0
363
0
0
3966
6660
0
2694
7231
3533
0
0
269
6936
0
5037
619
0
4360
5074
6447
0
6429
0
7329
0
0
0
0
2914
0
0
0
0
0
2051
0
3912
0
6849
6438
0
0
3665
2865
0
0
0
5937
6329
0
0
0
0
0
2217
0
0
7317
4602
0
6258
0
2200
0
0
6742
0
7166
1697
0
0
5614
0
5127
4135
0
0
4591
2874
0
1105
0
4830
0
6397
7267
0
0
0
0
5991
657
0
1339
6184
7297
0
0
0
0
0
5068
0
2866
4848
7255
0
6405
7103
0
4589
0
7195
3411
0
6963
1364
0
0
4534
0
0
0
0
697
2997
0
0
4812
7294
3241
0
4517
3257
0
0
0
0
0
0
0
1835
0
0
0
0
0
0
0
0
3460
0
1909
3645
0
5612
3357
0
0
0
0
1510
4039
0
0
5365
0
0
0
7246
0
7175
0
0
0
0
2649
6232
0
0
0
7279
0
0
0
5659
0
0
0
71
0
2640
0
467
0
0
2432
0
6072
0
1674
5524
3148
0
7348
0
3046
0
6612
0
0
0
0
0
0
1500
0
0
0
0
5238
0
0
7060
513
3336
6241
0
3428
4439
6903
6028
6753
0
0
0
4600
0
3844
0
5166
4314
0
0
7022
6883
0
0
6106
0
6770
0
6147
0
0
0
3865
0
0
0
0
6597
0
129
0
0
4577
5797
0
6258
0
0
0
0
4805
5176
5913
6069
0
0
4244
6963
0
0
3358
0
0
0
6524
0
2222
0
2777
0
0
0
0
0
6966
1840
4023
824
0
0
514
7343
2200
0
0
0
5597
5191
0
0
1835
7282
5289
6491
0
3319
0
5738
0
6628
0
0
6053
0
393
0
0
2560
5808
0
0
2763
4958
6481
0
0
0
0
0
7264
2079
0
0
0
3932
6772
6404
5915
0
5505
6597
0
4390
4177
1437
727
2247
7288
7318
7260
0
0
0
2322
6835
0
0
3832
497
4176
0
0
7205
2730
0
0
0
4066
0
1703
4051
0
0
6224
0
0
6553
0
3134
0
6877
0
0
3742
0
1729
2302
0
0
464
0
0
5603
0
6374
4601
0
0
0
7023
0
0
0
5920
0
0
0
6084
0
0
0
6689
1713
4601
0
0
4196
0
0
0
0
6760
0
0
6686
7293
0
0
0
0
0
6900
1085
5325
0
4405
4080
1413
1747
0
4296
0
0
4967
2691
0
6449
0
4512
0
0
5074
0
0
7198
0
6286
5225
0
0
6847
4529
5401
0
4526
0
6832
5633
0
0
0
0
7346
5879
0
6912
0
0
0
6786
687
6163
0
0
0
0
7159
0
5991
0
0
778
0
7354
0
0
4778
0
0
5121
4847
0
3568
0
0
3686
528
0
0
0
7346
5050
6020
6818
6919
1414
0
0
0
0
4277
5227
0
6070
0
6015
6939
0
0
5855
0
6146
0
0
4090
231
7159
0
0
0
6832
5417
0
0
0
0
0
7258
5505
6161
0
0
372
0
5027
0
0
297
0
0
0
0
4533
0
3656
1220
0
0
0
6539
0
0
0
2857
17
4139
0
7165
4882
0
6438
0
5031
7033
6895
0
0
0
2870
0
0
1610
0
4786
0
0
36
4875
7243
4596
286
2783
0
4420
0
5226
0
0
3465
4598
0
0
0
4864
7260
4942
5591
0
7353
0
2418
1975
0
0
4427
6084
0
544
0
0
0
4550
0
0
492
0
2230
4123
6434
0
6365
4948
6999
0
5614
0
0
0
0
0
4853
0
3860
6317
0
4399
0
6349
0
6950
0
3116
4282
0
0
0
0
3675
1044
2785
7195
3384
0
5820
0
0
3615
0
0
4899
6843
0
0
6483
2989
0
0
6546
0
0
0
0
0
3531
0
3168
0
2042
6456
0
1174
7086
6143
0
4151
1019
5
6897
0
5600
0
4993
1003
3999
0
0
1766
0
0
7304
0
2987
7049
5029
7009
0
0
3760
0
0
0
0
0
0
0
7281
0
0
6394
0
0
3695
0
0
0
0
3307
4759
0
0
6262
0
4029
5246
7322
0
3505
0
6146
1615
6203
0
406
0
507
0
0
0
0
7222
0
0
6287
0
0
4799
5312
0
7255
0
0
0
0
0
0
0
7268
1763
474
0
7190
672
2897
7257
0
6448
2678
6294
6331
6929
7053
0
0
0
2785
4547
7215
137
0
0
0
0
7086
0
0
0
7269
2230
7202
0
4610
4599
0
1938
7044
6355
7229
6086
3460
5287
6129
6090
3690
1957
4788
305
0
0
3351
2636
7071
0
5944
7203
0
0
2707
0
1541
0
0
6675
5312
7005
4022
3567
7282
788
0
0
0
7223
5495
0
0
3784
7125
0
0
0
0
0
0
7028
6027
4207
672
4399
0
4599
6355
0
4974
2952
0
0
2894
0
2666
6441
0
0
6208
4278
6766
7045
2018
5181
1833
7052
6809
0
6092
2380
0
3424
3480
0
7295
0
0
3243
6960
210
0
0
0
0
0
0
772
0
203
0
6642
0
0
0
0
0
0
3431
0
0
0
3294
6736
0
6929
0
0
6903
0
7252
0
366
0
0
0
4479
6960
7108
0
6672
0
934
3728
0
0
0
5557
3342
0
0
0
0
0
7231
0
0
7081
0
0
434
5696
0
0
0
4535
0
0
5421
0
2927
0
6571
0
1823
4187
0
0
0
6061
1671
0
0
7176
0
3622
476
2975
1431
0
0
0
1146
7252
0
7341
0
7194
0
6012
0
0
0
0
4974
6218
0
5009
0
0
4011
6302
7217
2179
1060
2576
5009
0
0
5291
0
4942
6831
7345
0
0
0
0
0
24
0
6114
1132
0
0
6152
0
2259
6960
0
0
0
4065
0
4161
7346
5953
0
0
0
0
0
2535
6818
0
0
7149
0
5343
6534
0
2723
0
4844
6516
4481
0
0
0
5246
0
0
0
0
0
0
1115
633
0
0
3244
0
0
0
0
7281
0
1950
1435
0
6347
0
0
0
0
0
5110
7168
415
0
0
0
0
0
6214
3076
4973
5264
0
0
7181
0
5568
3646
0
5649
0
0
0
0
0
0
6465
0
0
6031
0
0
0
0
0
0
0
2051
6680
0
0
0
0
0
5696
0
0
0
0
0
0
6061
4244
0
248
