6085
2455
0
0
0
0
921
0
0
0
0
0
0
0
0
0
6257
0
3880
7400
1737
0
6645
4632
0
0
0
0
0
6804
0
5957
6192
1093
7400
6297
0
0
6631
0
7366
0
0
0
3019
3539
7052
6854
146
0
6741
7372
2391
0
0
0
0
5620
5781
0
0
0
5766
6975
791
7089
7351
3665
0
3365
800
2073
5227
6957
7398
7229
0
7399
0
7132
0
5668
6687
5762
6765
0
0
5076
0
6292
807
0
6396
0
0
0
0
0
5789
0
0
0
0
2102
5904
7324
0
5294
7317
6850
0
6983
5782
0
7298
0
0
7387
6919
0
203
0
5694
0
0
0
0
0
6231
3617
4441
7217
0
0
0
4486
0
5656
7123
0
0
0
0
2792
7133
0
0
0
0
0
4333
314
7009
0
0
0
0
0
5270
0
0
0
5578
0
90
0
2396
7093
7069
0
0
0
4712
7054
0
6835
6211
7336
0
0
0
0
0
5121
0
4493
0
923
0
7298
5643
0
110
7366
0
4738
7399
0
7043
1199
0
5181
0
0
0
7320
0
0
345
1862
2198
0
1436
4186
3651
3810
0
0
7402
0
7398
0
2390
6145
7410
7391
7263
0
0
0
3030
0
0
1780
7140
6908
0
4691
1857
0
6396
0
0
0
3848
4090
7282
1317
0
0
0
0
0
0
0
0
4994
0
0
0
0
0
6433
4824
6957
0
0
0
6986
0
0
7221
0
7405
0
3589
5489
0
0
0
0
0
0
0
0
3096
0
0
0
6744
0
7403
7392
4534
0
0
1049
6849
0
0
6626
6389
6905
7215
4057
7364
5953
5470
0
0
2154
4979
775
0
98
0
0
0
5420
6661
0
1324
1970
0
0
3870
5694
7300
0
0
0
2512
7182
4493
0
7389
0
6957
0
0
1177
6433
7405
6488
0
0
0
91
0
3342
1845
7383
0
6797
0
3193
0
0
7033
0
0
0
6179
0
4697
0
7397
0
0
0
7406
5627
4237
1461
6109
0
0
0
5252
6709
0
84
6659
0
7180
621
3594
0
7128
0
7401
1386
7369
6620
0
0
0
0
6297
7397
5742
7139
0
7395
0
6941
0
6738
914
4887
6292
0
0
0
0
0
0
0
7399
1492
0
0
0
6783
0
4636
4824
1767
7217
4461
1595
6010
4574
7349
0
6742
0
3495
0
0
4962
7400
6659
372
0
0
0
2147
5011
127
5115
6324
0
0
0
7402
0
4237
5367
6660
6672
0
0
0
0
0
0
0
4914
0
7409
0
0
7391
345
0
0
7394
0
0
0
0
0
7294
0
5830
0
6086
147
4554
0
1931
5733
0
7396
0
0
7299
0
0
7131
3812
7404
2198
0
0
6527
0
6240
6735
0
6549
4604
0
0
0
7408
7176
7366
0
339
4158
6609
6288
4423
6347
4456
0
5589
0
0
4634
358
6421
0
3630
0
0
0
0
6399
2630
5739
0
0
7275
2478
0
7392
0
922
0
4930
5184
1480
0
0
0
0
0
0
1991
4972
7285
7402
0
0
0
3400
0
0
0
1113
0
7283
0
5120
0
0
0
0
3141
6015
2079
0
967
0
6937
0
5214
4108
7216
4477
2821
0
7089
6943
765
0
115
6475
0
3301
0
0
7067
0
7404
6154
6524
6422
0
7349
7278
7403
0
0
6840
3041
7353
6828
0
7272
4524
0
0
6504
0
0
0
0
4317
0
4325
0
2160
0
0
0
3587
0
6560
6519
7275
0
7226
7196
0
0
0
0
0
7374
6104
0
6959
0
0
610
0
0
7409
1884
0
7385
6918
0
4422
6706
0
6983
0
0
7403
0
0
7130
4498
3575
6942
0
7213
0
0
6396
6393
2851
6776
6608
5648
6950
0
7375
0
7089
0
0
0
0
0
4521
6253
0
0
6660
0
0
0
0
3006
1448
2800
0
6545
0
0
0
7404
0
0
6919
3146
5477
7403
0
7
6337
0
0
0
0
7157
7404
0
0
0
4387
7388
0
0
6130
7395
0
0
4190
2508
5198
7212
7331
3949
6832
5159
404
4879
3136
0
5841
1858
7173
7395
5869
0
4988
0
4778
0
6150
0
0
0
7349
0
6305
1853
0
3832
6975
4863
0
5953
7157
85
6249
7235
2474
7365
5420
0
0
3857
1975
2000
7405
7294
0
0
7096
0
3782
4077
7386
0
0
0
0
7300
0
0
7390
0
2164
5054
6475
0
0
4956
2425
0
0
5624
6765
0
0
0
6672
0
6045
0
2775
0
0
0
7396
5435
0
0
0
0
0
0
0
0
7334
0
7185
0
599
6476
4266
3065
7405
0
0
5603
0
0
0
7294
7119
0
0
2806
0
7165
7385
0
0
7285
3170
0
7327
0
0
0
4693
7352
0
0
0
7173
1496
3727
0
4902
0
3403
3391
7128
2962
0
7127
0
7393
7120
1587
0
4615
7400
3944
5796
0
6678
0
6937
5503
0
0
0
4828
2660
0
0
6689
2870
7012
0
6804
0
7219
7352
0
7401
7393
7265
3132
0
0
0
0
2883
7389
5735
2782
0
0
1554
0
0
5262
0
5902
7390
6358
5843
3584
2753
0
0
7066
5831
0
2245
7399
4958
4474
493
0
6410
386
0
0
5640
0
0
6476
0
740
3946
0
3302
2722
7400
6572
5107
6178
6584
7400
0
6181
4686
0
4730
0
5503
1595
7302
0
2291
0
4206
0
3870
0
5621
6081
0
0
0
842
7367
0
7018
0
0
6932
0
6905
0
2100
0
7400
0
0
0
4112
0
0
2963
0
6791
0
2035
3495
6142
0
0
0
7236
3108
0
0
7229
7388
0
0
0
3916
4989
0
3099
480
6973
0
0
0
7369
7070
700
0
6740
0
0
0
4389
2861
0
0
6384
0
1248
0
0
0
0
6449
0
0
0
6831
0
0
0
2799
0
0
0
0
7365
0
0
7400
0
0
0
0
4622
0
0
0
7400
7054
0
3136
7174
0
0
342
6185
0
5022
7114
6129
920
7384
0
5467
7400
5120
3219
0
5931
7395
0
0
1618
0
7306
0
5033
5481
1119
0
0
0
0
5534
0
0
0
0
0
5109
6475
6476
4372
286
7396
6599
0
0
7227
0
5148
0
7389
3983
5905
7401
0
0
0
7399
0
3571
7398
6355
0
6706
0
1575
0
0
2501
0
0
0
5510
7389
0
7350
0
5522
4637
2511
0
0
7400
5385
7391
7235
1937
0
7395
0
2222
7067
0
7399
6931
0
0
7180
6675
2236
0
2647
4625
0
4861
3231
0
4256
0
0
0
6590
0
7295
7009
0
2748
7405
6380
0
4543
7334
0
0
0
7089
0
0
0
0
0
0
5076
6449
7397
0
1051
2358
0
7216
4423
6979
6688
0
5965
5499
830
0
7384
753
7401
6957
5518
5509
7392
0
1707
2771
6868
6675
7400
7118
857
2183
0
5561
3861
0
6620
0
0
0
6250
0
5202
3514
324
673
3617
0
7391
0
7320
0
7400
7295
0
0
0
122
0
5206
0
7398
0
0
0
0
6158
0
0
5162
0
2474
5522
0
0
0
3231
7179
7349
3291
0
5581
7402
7410
0
1019
7396
0
6382
0
0
0
4938
7294
447
6418
5596
5785
5928
0
7387
7412
0
7071
7388
0
2167
0
0
0
0
7402
2423
0
0
0
7397
0
7017
232
0
0
7403
1156
0
565
3573
0
5359
0
6982
7390
0
0
0
5138
6902
4038
0
0
4799
7383
0
0
0
4655
0
2917
7364
0
5270
0
0
7278
0
6712
0
6149
7396
7212
7295
7384
1119
6304
7400
0
0
109
5618
7398
6799
5098
6703
6766
7128
0
0
0
0
2196
0
4080
7287
6191
7392
0
1899
0
3497
0
7395
5536
4480
1612
5922
1959
0
0
0
6958
0
0
2891
7398
1323
0
0
6396
2982
6957
6855
5218
0
4879
7236
0
0
3820
5754
6641
1154
0
0
7385
3106
5262
7079
0
6709
3295
7038
0
0
7195
0
5380
6371
0
0
5811
4988
7384
4775
7181
0
0
4631
0
7399
0
286
0
0
5092
3039
0
2995
5034
6255
3923
4100
1199
5733
7392
6908
0
4191
2924
1106
0
6188
4223
0
3690
722
3939
0
3575
0
0
7282
0
0
0
0
0
6293
0
4039
7268
0
7345
0
383
6932
5746
7349
0
4154
2287
0
0
0
0
0
0
7050
7146
0
2308
5974
7399
0
0
7275
6693
6138
6163
7408
1112
0
0
7117
0
116
3111
0
5040
4651
6667
0
6179
0
6703
0
0
6661
0
0
0
0
2273
0
6592
4809
6772
0
7407
7392
0
0
0
0
0
0
5718
7113
0
6953
5708
7390
1574
3099
0
0
7078
5682
7038
0
2393
0
2867
0
0
6255
0
0
549
0
7089
0
0
0
7388
7386
6168
0
7391
3830
0
7215
6845
0
0
7404
0
3831
0
0
5294
1641
4126
2110
3682
5730
5516
0
3993
0
0
1382
4354
0
1338
2474
7387
4566
5528
236
6804
1290
823
0
5483
7403
0
0
7401
3772
0
1656
1415
0
0
203
0
0
0
7278
0
2231
2111
0
6957
775
0
0
3039
0
0
3032
7373
7339
0
5781
6972
3073
6087
0
3463
0
2167
0
0
6943
1361
0
1632
0
0
0
6004
0
0
0
0
0
3490
2868
0
0
0
3274
0
7252
6174
2652
4939
5594
0
0
3757
0
7398
5579
0
0
5596
2170
7384
7120
0
7016
0
0
6249
0
6168
0
5367
5229
0
2062
7190
4753
6578
4584
7023
7398
0
7390
525
0
0
0
0
0
0
4515
5479
3292
7144
4429
3820
0
0
0
0
7398
1112
0
2285
0
0
4300
0
7403
3911
7295
6273
0
22
0
0
3941
4233
0
0
6959
4438
0
0
0
7390
0
0
6739
0
6409
6102
0
0
0
212
6826
0
0
0
484
6745
0
7295
0
5541
7275
6637
6725
4744
6596
1119
0
783
0
7392
5718
0
0
6631
0
0
6781
0
0
0
0
7179
0
0
0
0
0
0
7391
0
0
4569
7337
5740
1722
7397
5536
0
5020
0
5581
7399
7156
7269
0
0
558
0
6864
2414
0
6871
7396
7400
6988
0
4054
7389
6045
0
0
7212
4131
6815
0
7411
3823
7398
0
0
0
0
6849
0
1971
0
3575
6108
6957
7389
0
3854
0
428
6971
0
0
0
0
7401
5772
6136
7370
0
3523
0
0
6176
7396
7398
0
669
0
0
0
0
0
7319
0
0
0
1528
3575
0
0
2356
4179
0
0
0
6701
6055
5856
5881
7399
0
0
0
6940
2985
4906
4908
4513
2966
7070
0
0
6781
168
7336
7402
878
0
1134
0
0
0
0
7151
4262
0
841
0
0
0
0
7271
6941
7248
2378
0
0
0
0
0
714
2385
0
0
6241
6404
0
0
1764
0
6910
7142
587
6997
0
0
0
7394
6620
0
7400
2212
0
5610
6555
0
0
7128
6957
0
0
0
4914
0
0
0
0
5
6445
5142
0
6739
0
1219
0
0
4636
1561
5660
0
6653
0
184
7395
0
0
7318
0
0
6556
3894
7397
7397
0
7017
0
0
5620
0
7225
0
0
0
0
0
0
0
1695
0
4163
0
7127
0
0
0
5556
0
0
0
0
0
241
0
7365
0
0
0
7385
2883
6651
4673
0
6312
0
6387
0
7008
0
0
4641
1339
7404
0
0
0
3590
6320
6336
7298
0
4196
6328
0
7397
0
7396
0
7411
0
5326
0
0
0
2337
0
7175
0
0
6946
6506
7009
2491
653
6396
7078
6925
1831
7392
6337
0
6744
0
0
6772
7412
4280
0
0
0
5541
5477
0
5241
0
0
0
7134
0
6457
0
0
0
7399
4281
0
911
0
2167
0
7385
0
6505
0
7213
630
7205
0
0
0
1324
0
2270
0
6273
0
5344
0
3690
3334
0
0
0
0
6957
7396
0
0
0
5240
7393
0
7395
0
1522
7398
0
0
5742
2632
7394
0
2259
0
0
4420
7405
0
4369
0
0
6053
0
0
6511
1929
1559
2157
5715
0
0
6124
0
0
4059
0
0
5848
6226
5207
5081
0
2325
5975
0
0
0
7298
1642
6904
6598
0
7026
6766
1219
0
0
1561
0
0
6150
0
0
7132
5664
6409
4699
0
0
0
2141
0
6709
4126
4403
310
0
0
0
0
6689
6617
6505
0
2878
6181
0
0
0
0
0
0
7393
5121
6958
7395
1177
0
6384
7403
0
7364
0
0
2171
0
0
7295
2414
0
0
6331
360
1598
6910
7336
0
5741
0
7399
0
0
6795
3445
0
4941
0
0
6703
789
5291
3570
0
6507
6982
0
0
5749
0
7376
0
0
0
6265
0
0
0
0
7402
792
0
0
3719
0
0
6768
7404
0
0
6161
0
0
5721
6359
7397
7155
0
7268
0
6632
0
0
0
0
7197
0
0
2692
0
0
7179
0
26
7151
1895
0
0
6941
4756
4694
0
7395
0
0
0
0
0
0
0
7399
0
5923
3403
0
0
0
0
0
6608
7101
0
6085
7304
6940
4236
7287
0
0
0
0
0
0
6546
0
2962
0
0
0
6092
0
0
2414
2740
0
1061
4304
0
0
6464
0
7391
6595
0
0
6511
6976
0
7216
7132
5879
0
0
2556
0
7397
0
4521
0
7069
0
0
0
0
1046
0
0
0
198
0
0
0
0
2771
3369
0
7073
6907
2291
7071
556
0
6674
0
0
1369
7294
7369
810
0
6327
6687
6182
0
1317
0
5458
0
5833
2374
0
3851
920
5653
2356
4805
983
0
2647
0
0
0
0
7402
0
4060
1950
0
4315
5231
735
1752
0
7335
723
0
7402
6292
0
0
5325
0
0
0
0
7400
0
901
6687
0
0
0
1081
0
0
4179
0
0
0
4351
3235
5481
6618
0
0
0
70
6526
7268
4748
0
0
0
0
2974
90
7386
0
5739
7038
5989
697
5442
0
6842
1809
0
6367
2324
4699
6472
7399
7301
2414
1879
318
5242
2605
6595
0
7219
0
0
0
4392
0
2854
4210
7354
0
0
5804
6846
6387
0
0
0
1833
0
2111
0
0
0
0
0
1968
0
5833
0
0
799
7334
0
0
7394
7352
6036
7398
0
4425
4866
0
6981
0
0
6927
6350
0
7410
1792
0
7162
7402
2000
5808
0
0
6790
0
0
7397
0
5969
5429
7288
6102
0
0
5013
0
7072
0
7397
6196
0
7400
0
6555
0
938
0
0
0
2601
4428
0
7397
0
0
7388
3874
0
7397
3231
5136
1296
6782
0
0
1098
0
7387
7401
7267
0
7268
7397
6467
0
5448
0
541
0
6687
0
6772
6478
2444
5925
3329
0
0
0
0
0
4824
0
7348
2819
0
6505
0
0
0
0
0
4368
4915
0
6249
0
4156
165
6234
6422
4115
4212
7402
7404
1750
7036
7388
6851
0
6972
7002
6985
6404
6856
0
7395
6276
0
0
5158
7387
0
6975
3935
228
0
5412
0
0
0
0
0
0
0
7404
6964
1867
4663
3675
7397
6855
3362
0
7247
0
0
5099
0
0
7399
7406
0
5134
6101
0
797
7388
2296
5931
0
1521
7235
2162
7350
0
0
0
3377
3617
6937
563
6577
6234
5541
0
0
0
0
0
5363
0
1050
7403
4447
4654
7293
7091
1119
6367
255
3880
6309
7093
7039
1119
6043
7366
5162
3752
0
0
0
6652
7182
7395
7391
7397
3131
190
0
0
7281
6221
0
0
0
6937
7401
4825
0
0
0
7307
3120
0
6271
0
6265
6250
2510
4383
0
6423
6941
6992
0
0
0
6706
0
0
6819
0
4529
784
0
1684
1167
6433
0
7190
7325
3675
2368
7107
0
0
0
7295
0
0
3039
3552
5318
2313
0
3539
3651
0
7213
7214
7384
0
0
0
0
0
4562
0
0
0
6994
0
6685
3386
0
0
6915
6882
1620
7253
0
753
0
5416
5421
7164
6433
6941
7334
7370
4705
5408
5855
0
6305
7401
0
0
0
0
0
0
4664
0
7203
2790
5742
7399
541
5436
4397
0
3773
6702
0
0
1663
3651
478
3322
7373
0
6702
0
6775
0
0
7248
5813
0
0
6403
0
0
6693
0
0
532
0
0
7003
0
870
0
0
0
2668
7167
6339
7402
0
0
7397
4699
0
7405
0
7389
0
0
2167
0
0
0
0
5396
6378
6137
0
0
6940
5251
0
5442
3007
7217
4262
5297
6096
0
5881
0
7384
0
5004
750
0
0
2910
0
7396
0
813
0
7131
0
0
4407
0
2273
414
7395
0
0
0
1861
0
0
0
7070
4651
0
6957
0
0
0
0
0
7395
0
190
949
5300
7129
7064
0
0
0
5639
0
0
0
4586
6815
4266
0
7399
7006
6815
1886
7265
0
0
0
7404
6384
4584
6663
2478
7391
0
0
0
0
2308
6597
0
0
0
4191
253
0
0
7016
0
0
2091
5869
0
0
0
6536
0
7121
5420
7405
0
5730
0
0
2202
0
7401
4048
5842
1364
0
7123
0
959
6221
7396
2868
0
0
0
0
1369
0
5134
0
0
0
3861
2841
7125
0
5262
0
3401
1568
0
0
4145
0
7038
0
4993
549
0
0
2464
6475
0
286
0
7375
4903
6890
3961
4835
0
0
6388
0
7274
6605
4634
7084
0
0
1847
0
7352
3873
7391
0
0
3351
0
0
7295
0
0
0
3407
0
6406
7392
7398
7396
6207
2548
6689
6600
6553
0
7402
0
0
0
0
0
0
559
6238
0
5543
0
0
0
241
6148
7180
7134
5056
7278
365
6942
0
1275
0
0
7070
0
7301
0
0
1540
0
0
7403
0
7018
5881
0
0
0
0
2286
0
6765
0
5877
0
1025
6703
0
0
0
7070
1914
0
7364
6940
4845
0
7197
5372
0
0
0
7403
0
4748
0
5520
7409
6491
1375
4330
7167
0
4704
7401
2917
7402
0
0
5352
7398
7397
7400
7409
722
2883
0
0
6740
0
0
0
6815
6793
0
2885
0
7397
0
2850
0
0
0
6977
0
5078
0
7320
3264
0
7048
376
0
0
1138
0
0
6293
0
2630
3399
6907
4993
0
5804
7348
5735
6864
6740
0
7387
1271
0
2501
5300
2705
7399
2924
7394
1301
0
0
5246
4572
6352
7134
6945
0
0
7388
1601
0
0
3134
6553
4481
0
7396
0
0
7388
0
0
0
0
0
2638
0
168
0
0
0
1320
7401
0
0
0
4563
4636
0
0
511
6352
0
7193
0
4076
7397
2848
0
7402
1231
792
5300
6449
7401
0
0
7397
0
0
5220
0
0
0
0
0
0
5939
0
5664
3494
0
7348
0
6687
0
0
6024
6915
0
0
7402
3632
0
2420
0
0
0
0
5133
0
5814
0
0
0
0
0
6504
7404
7273
6182
2512
7390
5794
4554
6979
3487
6018
0
623
0
0
0
0
2644
4359
7176
0
6129
0
6629
0
0
0
0
0
76
0
6318
7398
6910
0
0
0
0
0
6793
0
6428
4922
7176
3562
7412
6982
1976
6744
5133
7398
5682
7332
6702
5241
0
0
5734
6809
0
0
7252
5322
0
5134
0
0
0
0
0
2338
0
6367
5664
694
5322
2752
4993
0
0
0
0
0
3338
3624
6022
0
0
6592
6287
0
0
949
0
0
0
0
7117
1513
6955
7120
0
7404
3946
2689
69
0
7351
7399
0
0
0
6404
5199
7191
4254
6837
7391
0
6125
4636
0
0
3406
0
0
0
6928
0
0
0
7015
3832
0
0
7169
7131
0
1009
7390
7400
0
4602
3277
7184
5739
0
4601
7026
7093
0
2599
6700
0
0
92
290
3497
6145
0
1320
1220
3906
4601
0
7404
0
0
7389
4356
0
0
1760
6442
73
0
1351
0
0
5516
0
3794
7397
3367
0
6961
6836
0
4089
0
7389
7060
0
3086
0
5414
0
7104
0
4442
6545
6131
4153
4675
0
0
0
0
7375
0
3583
0
5797
0
2740
6973
7411
6269
7388
0
7350
3615
2191
0
0
4159
0
5287
0
0
0
0
0
0
7396
6851
6475
6851
5955
4374
7256
0
0
76
2076
0
7398
1757
0
0
0
7391
2339
6303
0
0
0
7376
0
0
2732
6227
1913
7132
2212
0
0
3370
0
6186
4324
0
0
0
4161
7217
7391
2127
5089
4554
7261
7038
0
0
0
7402
0
5327
2501
3472
0
0
5412
0
0
7187
3347
419
7177
4100
2946
0
0
7404
4828
1953
6818
1626
0
5538
697
6902
7395
7396
0
0
6786
0
0
0
5349
4614
4071
6982
6369
0
0
0
6742
2886
3323
0
0
0
2673
4270
1162
0
0
0
2810
3534
1332
7300
0
0
0
0
0
0
7167
0
6725
6337
0
0
7120
6975
0
0
4477
6818
0
0
7397
0
7305
0
0
0
5272
5866
2088
0
0
0
0
3882
6243
0
6759
0
0
7366
860
7069
914
2135
0
4603
0
0
0
7154
0
7127
0
0
0
2649
7384
0
0
6957
4558
1565
0
416
0
4632
0
0
0
0
6902
6517
5210
0
2070
6959
127
0
7336
6959
0
2429
0
7396
4642
1525
0
4817
6418
181
7349
6807
0
0
0
0
452
0
0
0
6959
0
0
0
0
414
1698
0
5162
0
1119
1490
0
0
0
5442
0
0
0
983
0
0
278
6687
446
6087
3942
0
0
0
6629
0
7397
0
0
1036
1997
785
5659
4554
0
102
4074
3755
0
0
6409
0
7214
6240
4206
0
938
6739
0
0
0
0
0
6177
0
7306
0
7388
0
0
1713
0
0
0
0
0
6309
0
7401
5975
0
1184
3457
5510
6470
7354
0
0
5066
983
0
2495
5193
7178
0
5757
5211
5076
0
0
0
2692
0
5231
7311
0
0
0
6478
0
0
6902
0
0
7016
0
0
1160
7050
6772
6870
0
0
0
1352
2701
2208
6471
5734
0
0
0
0
0
6959
0
7407
0
5796
0
0
5534
1260
745
0
0
6188
7212
0
7398
4643
7391
6516
0
0
7411
6701
7387
0
3367
0
0
6061
0
6827
0
533
0
0
0
0
7390
7271
0
7247
7306
5123
0
0
0
7134
0
6418
0
4569
6980
0
6410
6687
674
6138
0
2516
0
4672
1630
0
3146
0
0
4447
7374
0
7351
479
7401
0
0
0
2701
5593
4631
0
1391
0
7389
7132
3728
723
0
7116
5814
0
0
6686
0
0
7199
0
4119
7400
4000
0
0
2323
5141
0
4254
0
6877
7390
4153
5600
0
0
3848
5885
0
2859
0
0
7027
4486
5677
3801
5730
5916
0
5061
7079
7179
7197
0
0
0
0
0
5232
6125
7390
6769
5594
0
0
0
724
0
7176
7295
5011
0
2745
0
2385
356
7404
0
6019
0
0
0
7044
0
6832
0
5556
0
0
6703
6527
2259
1005
7390
0
0
694
0
7250
0
6663
0
7158
331
0
6739
0
4008
0
7073
0
6304
0
0
0
7398
0
7410
545
6620
4614
0
0
4025
7399
0
7268
6549
0
7402
4786
7404
3493
7381
0
0
6817
0
0
1358
7405
6851
5172
0
5290
7399
6521
0
5082
6985
0
6571
0
7390
0
0
0
0
3932
0
5430
4369
0
0
0
0
550
7046
0
4388
0
0
0
0
1645
3577
0
0
6919
1227
0
6567
5672
0
0
0
0
0
3542
0
5569
0
6526
5730
0
7064
4301
0
0
0
0
0
7223
2345
5890
0
0
7045
6883
0
4331
1462
7387
0
6423
0
0
0
0
6288
6408
0
0
842
6514
7157
0
0
0
5912
1484
5660
5225
6830
4783
3590
0
0
4773
7392
0
0
0
0
7364
0
0
0
6981
6584
5294
415
7392
0
0
0
2867
0
4285
4896
0
7367
0
6145
4903
0
2819
0
0
1496
5199
0
6850
0
5755
2370
0
4565
1812
7175
7396
638
0
0
3109
2308
0
0
2983
5031
6630
0
0
0
5739
0
0
0
7074
0
0
0
0
4672
5253
7392
0
0
0
0
3539
0
3211
3723
0
4689
5423
0
4143
0
0
6235
0
5393
0
0
0
0
3231
0
7369
0
4493
0
0
6034
0
6598
0
0
6419
0
7366
6081
0
0
1440
0
0
0
7355
0
0
6255
7366
7391
6148
0
5133
3573
6739
5617
7300
0
0
6933
2556
0
0
4618
688
3551
0
0
0
0
0
0
0
7399
5979
4594
0
0
5831
6701
5922
0
0
0
0
7366
7326
3763
7294
6957
2224
7333
0
3369
0
0
0
0
0
6476
0
0
0
2593
5250
0
6045
7391
6941
0
7375
3034
0
7239
7388
6957
3582
0
0
0
0
720
7353
4559
2726
3212
0
0
7036
6052
0
0
5252
6166
7396
0
5745
6960
0
0
0
7355
0
1263
0
0
4352
0
212
6708
0
0
7339
3105
6090
1522
6004
4415
0
4308
0
2910
0
0
3411
0
0
7398
4427
5250
7293
0
0
5922
4621
7391
2815
0
0
7211
961
5925
0
0
7395
7174
3020
2492
7390
0
0
0
0
5922
0
7207
0
0
0
0
0
4629
0
4523
4636
664
0
7396
4482
7401
0
7399
4934
6481
0
1739
5491
7397
0
5412
1062
1921
0
0
0
4983
7397
2215
0
6908
6010
0
0
0
7094
6849
7395
4218
0
0
7412
0
0
0
5242
0
5253
0
6559
0
0
1111
0
0
0
0
6119
4883
0
0
0
0
3101
7391
0
7203
5536
6010
5124
0
0
0
0
7267
0
0
6907
0
0
0
0
0
0
5846
7304
3587
0
0
0
6906
7259
5361
0
61
0
0
0
3476
7349
0
3512
0
0
7367
5417
7400
0
0
4482
0
0
0
0
0
1611
1828
5615
6688
6387
2079
0
0
3267
0
7405
7298
3770
0
0
6355
0
0
7396
1024
1598
6766
0
0
0
0
4329
7399
5500
7144
0
5730
0
2728
0
5960
5807
7215
0
5300
0
5268
1814
6827
0
0
0
0
6688
5522
5708
7349
0
0
0
1777
7156
0
4072
5085
3146
0
6806
5523
5708
0
0
3894
7396
3231
3498
0
603
7112
0
6519
0
7092
6941
0
0
939
0
3266
4104
0
7365
0
7392
6179
0
3247
6405
0
0
0
5449
0
3243
7376
0
0
0
5506
7293
4493
6268
0
0
5754
0
5754
5497
4233
7001
670
0
2727
6858
2113
0
0
7399
7389
7117
0
0
0
6443
0
6303
1726
555
6532
7144
0
0
4428
0
0
7399
6478
0
2604
7306
3626
0
0
7400
0
0
0
7143
0
0
0
7290
855
0
0
0
2283
7289
0
0
0
0
3814
7392
3880
7387
6698
0
0
0
6897
3176
7385
7089
7043
0
0
7024
5596
0
5848
0
7282
7017
6049
0
682
6562
0
3853
7356
0
7048
3631
4993
0
0
0
0
0
3341
0
0
7016
0
7015
0
2346
6316
4793
1305
0
7404
5996
0
0
599
0
0
7388
0
0
7400
5537
0
0
0
0
3041
0
0
3770
0
4856
0
4360
6274
0
7348
587
419
3698
0
0
1875
0
0
0
0
7100
0
0
7403
2953
2026
0
412
0
0
0
4508
0
0
0
0
5655
6131
1922
0
0
6263
6979
0
6677
0
7016
1618
0
0
0
6445
5242
0
0
0
7389
7400
0
0
7395
0
0
0
6821
6702
0
3064
0
0
4925
0
4104
6637
0
147
0
3562
6663
7132
3706
3651
7249
1616
6142
7389
4611
0
6350
4403
7213
4753
6326
0
3439
7400
7217
5151
1357
0
2290
0
0
3044
0
7403
0
0
0
6835
0
6570
0
0
5203
0
0
3816
7390
0
6800
0
3852
6258
7117
0
4955
2213
1689
0
0
5325
7138
0
7394
5016
0
0
0
7333
7070
3866
0
0
6759
0
0
0
0
0
0
0
4322
6188
5060
5752
3874
0
0
938
6415
0
0
0
0
0
4222
0
0
0
0
632
316
1696
5837
7394
5354
0
7392
0
0
0
0
0
0
2455
0
0
7404
0
0
0
6015
0
0
0
0
7392
5730
0
0
7067
0
0
7383
0
6124
7273
0
7255
0
0
496
6218
0
0
6865
0
482
0
1656
7408
0
0
7401
6956
5181
6706
610
2656
4979
3561
872
314
5736
6526
6782
7024
5724
5860
0
0
0
295
6387
2631
0
0
1791
7275
0
0
7389
0
0
6433
6768
0
3861
4962
0
0
6827
0
7051
0
0
0
5523
7387
5977
0
0
7199
4568
0
0
6913
7388
0
0
398
0
4535
0
0
0
0
2971
0
0
4835
0
7294
7395
6782
0
7195
0
7283
7213
6198
0
0
7211
7398
5802
0
5921
7398
87
5925
0
0
6196
7400
1292
6386
4988
0
7385
0
0
0
2615
0
7306
1781
0
0
4858
0
0
1227
0
5161
4154
7302
2638
0
0
2701
0
0
7337
0
0
3493
0
0
7399
0
0
0
6944
6149
2599
0
5408
0
6397
6104
0
1689
0
0
0
3007
6819
5877
0
6890
0
6138
0
0
6907
5312
6448
5231
6006
0
6057
0
6881
0
0
7364
0
0
0
6902
1231
6909
0
1530
0
1106
6958
0
7398
0
341
705
0
6923
7305
1108
6791
0
4546
0
0
0
6319
0
0
314
0
0
7410
0
2619
2605
7367
0
0
0
0
0
0
0
0
0
7120
0
0
0
7082
0
0
5617
7393
5479
5518
3259
4661
0
6656
7185
0
7351
5975
86
7394
0
0
0
709
0
373
7367
0
550
0
7400
0
4316
5614
0
0
7396
0
0
976
295
0
4033
0
5250
5789
0
2501
1982
4462
0
5621
0
0
3763
0
0
6524
4965
7411
0
0
0
0
0
2545
4970
0
7166
4015
7142
0
0
0
6928
6689
7401
0
61
0
4855
0
0
0
1667
365
0
0
612
0
0
7397
0
0
0
0
5255
0
5736
0
0
0
1487
2395
5943
0
7373
0
7347
7369
0
4083
6687
0
2493
6789
0
0
6217
2423
5121
7389
0
0
6780
681
0
0
0
949
0
6289
0
0
7395
0
2141
6491
0
661
0
0
5200
0
0
7402
0
5199
0
1275
0
607
0
2411
0
2593
0
7108
3418
6631
6744
4812
5359
0
6908
7411
0
5774
1327
5540
5644
0
0
0
7400
6300
7300
0
0
6645
6497
0
0
0
0
345
6254
5894
0
0
0
4858
7387
0
0
3232
2986
5915
0
0
0
3678
6429
6957
7268
838
4348
6902
6826
0
0
7398
0
0
0
1983
7395
5092
1290
0
0
6775
7369
0
6660
6769
0
0
2100
2343
7403
6871
7373
0
6196
7178
0
6998
0
7089
1616
0
0
7017
0
0
0
7365
5917
0
2203
6129
1530
0
6293
4322
0
0
0
0
0
6199
7297
7246
6706
0
6631
5535
0
5804
0
7236
7396
0
0
0
7406
85
3317
4860
0
0
1593
4997
6274
0
3775
0
1183
7306
6510
5910
0
0
3294
3191
7402
5289
0
4464
0
7205
7401
6210
6121
4508
0
745
7290
0
0
2667
0
0
0
7325
4428
0
0
0
5563
0
5171
7349
0
0
7392
5767
0
0
5543
0
0
7340
0
7352
0
7400
1204
0
0
0
1975
0
7211
6422
3060
0
0
0
0
2163
5312
2645
0
0
7404
7355
6010
0
5651
0
0
6709
1679
7373
0
0
3231
0
3408
0
6304
1534
0
0
0
7398
0
6293
0
5972
6045
0
4513
0
3679
5588
7119
7386
7043
0
0
0
7015
0
3227
0
3090
4565
0
623
1220
5632
0
314
6827
3664
7403
0
0
7287
7400
1466
6474
3582
0
0
306
0
3852
6447
0
695
7120
2111
0
6941
6419
0
7387
0
7390
6660
5463
1376
5540
0
0
213
6467
0
5942
6549
6341
0
4141
7196
5623
0
7198
0
0
0
7263
60
1200
0
1904
0
6689
0
0
0
0
7227
0
6613
7126
6352
0
3422
0
7349
0
0
7306
6596
0
4234
6469
7385
6944
4313
179
2605
1119
0
0
0
0
6026
0
0
4168
2682
4466
6519
0
0
0
0
0
842
5199
0
6873
0
6609
5537
5566
3826
0
0
6676
0
7401
5171
6770
2610
0
207
7036
2302
0
4259
0
0
0
0
0
0
4439
855
7074
97
0
4841
6293
0
2889
5832
7399
0
0
0
7294
0
0
821
6191
5118
7275
3372
7250
6349
0
5168
0
4885
0
2305
419
0
7372
0
7082
0
7336
3396
5341
4369
0
3467
0
0
0
6553
7073
6961
0
0
150
7366
0
6760
6297
0
0
0
6829
5943
0
6031
0
5795
0
583
0
5318
6724
966
6792
0
6318
7216
0
7394
0
0
0
4518
0
5881
6973
1904
0
0
1374
2153
4668
7240
0
0
0
7292
0
0
0
6124
0
7405
2387
4744
0
6834
0
0
2457
4222
1778
1780
0
0
0
0
0
4536
0
4854
0
0
0
0
6780
6358
0
0
7396
5754
4843
0
0
4439
0
0
7401
0
0
0
0
0
7397
6304
4672
6293
0
0
0
7364
6804
5997
3266
7167
0
6672
6766
0
7193
0
0
6782
1899
0
2696
7404
6802
6133
5198
1416
2551
2200
0
3319
0
7400
5888
912
7023
0
7394
2587
4453
5796
0
7398
7088
5042
7354
1267
5723
7391
2616
0
6860
3651
7141
2325
6872
2192
0
3647
0
0
6156
7385
0
0
6424
4630
0
0
0
0
6414
7404
6977
0
4470
5655
0
2167
0
4856
2501
0
0
1824
0
0
7013
0
6504
3742
6593
5483
0
6886
7391
6045
2075
5492
1926
0
0
7397
824
0
0
1219
7397
0
5405
949
0
6303
2617
7397
0
3259
7307
0
0
0
6786
2612
6289
0
0
0
4126
771
7123
6426
0
4395
6951
1199
0
7054
7178
0
4331
0
3650
4724
6476
4879
0
236
0
0
7398
6228
0
6400
5733
4260
0
6950
7152
0
0
2722
0
0
7142
5930
0
5613
5231
2506
0
7017
7382
0
7252
2191
0
0
5798
0
0
684
0
7363
0
423
0
5974
0
7078
0
416
0
0
0
0
1921
6974
0
4151
7394
5414
7401
0
0
3695
6795
0
0
6388
0
0
0
7401
0
0
6102
0
7224
0
5774
0
6950
7024
4052
7282
7385
922
7374
0
7048
7400
7247
7395
4194
0
6410
7265
0
0
0
2905
5462
5325
0
0
0
0
0
7308
6423
6577
5447
0
0
0
0
0
0
2653
0
7336
0
6242
7093
3995
0
0
0
1925
6974
1032
7403
7166
7398
5483
5227
7029
7215
7387
0
0
5895
6449
5162
0
0
0
0
7407
0
0
0
0
3769
6722
0
6227
0
0
0
0
0
664
7399
7386
7267
1093
0
0
2334
0
5574
7388
5494
0
7165
7397
0
0
6388
7212
5576
7072
7396
5596
0
6898
7388
7388
0
0
7070
0
0
5948
7404
0
0
0
0
0
0
6835
2514
0
7401
0
5243
0
1514
0
0
0
0
0
0
0
1389
1696
0
5782
5267
0
7402
0
7322
4066
0
0
0
7093
110
0
0
0
0
5073
0
0
0
1997
5656
6700
5179
0
7132
4442
0
2878
7395
0
0
5117
0
0
0
1361
5820
4389
0
6620
7406
0
7200
5719
0
714
3936
0
2995
0
0
6873
7335
6421
1616
7390
0
0
3874
0
841
6913
6475
0
0
5948
0
3919
0
2266
0
4259
0
4721
0
7402
4673
0
5745
4206
0
0
5201
5410
5664
7017
5550
3217
0
7404
0
6973
7374
6485
0
7401
7400
7356
4428
1601
0
0
694
0
0
0
0
0
5655
0
4287
0
5310
6739
0
3782
7348
0
7389
0
1970
0
5879
7271
7394
0
0
0
4083
3404
366
0
3497
0
7403
1418
0
0
0
0
0
0
7167
5903
0
0
0
107
1983
0
5060
1040
0
0
4666
0
7307
4806
5978
0
0
0
1758
0
7402
0
0
5656
0
7274
45
0
0
0
0
0
0
7387
6258
0
0
0
7397
7401
7401
0
0
0
0
0
7274
0
0
0
3582
6174
3939
6287
6421
6318
0
6744
4384
1392
7008
0
3017
0
5396
252
2474
5777
5926
0
7044
4994
0
6534
5624
5700
0
5682
2112
0
0
0
4428
4685
7402
0
0
0
7400
5307
0
885
0
0
0
0
0
0
0
4916
5218
7307
0
0
2760
7364
0
0
883
5445
0
6982
1046
6353
1521
5825
5827
0
6986
6616
0
6959
6978
6689
5458
7335
0
0
0
0
3400
7297
0
0
0
0
0
5879
0
0
0
0
0
7023
0
0
0
4336
0
939
6979
5804
7217
6330
7364
0
0
1720
1617
2964
0
6422
0
6421
4534
7404
0
1707
2111
0
0
7375
0
7045
0
0
2438
6688
4095
6481
0
7325
0
6747
0
7070
6318
3185
0
0
5131
5133
6255
7402
0
0
0
3841
125
7401
0
7374
7215
0
7295
6058
6597
7384
6227
5416
0
922
0
1943
0
7393
7404
5742
7412
0
3858
6972
0
7082
0
1317
7397
0
3020
7385
5756
5222
0
0
6918
7117
0
6316
7369
4389
6772
2344
2752
0
7229
7399
0
0
7389
1225
0
5886
3892
0
0
0
7402
0
0
4486
7164
3462
7018
0
544
0
0
1035
6796
6856
0
0
4058
1265
4237
3758
7389
0
7396
0
0
0
4286
7406
6769
0
0
1832
7352
0
414
7118
7354
1075
0
6592
6339
0
6807
1877
0
0
550
0
0
0
6111
0
6421
6264
5427
0
0
2660
0
1010
0
6336
0
0
0
0
0
7384
5372
5731
0
6022
0
0
5115
0
7235
5528
0
0
3240
7015
7391
5250
0
0
0
0
513
0
6856
0
7325
6740
6942
0
0
0
1172
5566
7387
7403
5412
922
0
0
6851
0
0
3584
434
7312
707
6688
7402
0
2522
0
3821
4075
82
1577
4686
6919
0
0
5168
7366
6689
0
0
6744
6942
3425
0
0
0
6956
1600
0
1612
0
3216
5629
6949
0
5934
3107
6304
4170
0
7387
1391
0
0
7154
0
6013
7307
3787
2510
698
0
0
5249
0
0
2425
7335
7393
0
0
0
5231
5776
0
0
0
0
0
7203
0
4805
0
6793
0
0
7348
0
2826
0
0
3217
1600
0
0
453
0
0
5507
0
0
0
0
6028
5826
7151
2839
5378
7398
0
5162
6268
6234
6465
7295
0
0
0
5307
0
0
5481
7224
3267
7018
0
6970
0
0
5121
0
0
0
6745
7395
7397
5845
0
0
2288
0
0
0
7070
3894
0
3596
0
0
0
7370
0
1267
0
0
0
0
0
1354
0
0
0
6004
0
0
2615
0
2575
0
7043
0
6926
167
7397
0
0
6632
0
0
1198
0
0
4957
2481
0
0
6692
0
0
3146
0
0
0
4499
0
0
0
0
0
0
2615
0
6017
5369
0
2355
0
0
0
5187
7353
5274
3317
0
7401
0
0
4387
7402
0
0
6226
0
0
6957
0
7394
0
0
0
3041
0
1946
0
0
7396
0
0
6228
5435
0
6795
0
0
7390
0
26
7206
660
4724
6936
6305
0
3904
1098
0
7067
5813
0
7396
0
3106
0
480
0
0
6682
0
0
0
0
6817
7024
4170
6630
7401
0
7395
0
0
6421
0
3661
1858
0
4250
0
6644
0
0
0
0
0
0
6973
6793
4219
318
0
0
1866
0
0
0
0
7070
6263
0
0
0
6819
7391
3861
6422
0
0
0
0
0
0
788
0
4076
4006
4237
0
7064
0
7167
0
5645
6991
0
0
6240
6387
5987
0
6701
0
0
7398
0
5012
0
1476
7177
3536
5952
0
6688
0
6863
1997
5125
0
0
0
0
3760
0
6766
206
0
0
7402
0
0
0
7235
6815
0
7320
0
6740
6090
0
0
0
534
0
0
0
0
0
6873
31
3403
0
0
6844
6103
0
2750
6504
6217
0
0
0
7174
823
0
0
793
5195
6259
1031
2797
767
0
0
5996
496
0
7190
2752
7363
2181
7275
4304
0
6940
0
7286
4039
0
0
6770
7386
0
0
7287
0
0
0
5541
0
5518
0
0
2792
321
0
0
6830
4205
2081
0
0
0
4155
0
6789
0
0
5436
4373
1778
0
4193
0
0
7399
3304
0
6984
0
0
0
2197
0
0
6283
6122
0
0
375
0
0
6235
6748
0
5729
2319
6125
2916
0
3796
0
0
0
4795
6150
6982
0
0
7308
0
0
6145
7295
0
6261
0
6388
5201
0
2354
0
2144
0
0
0
0
3178
0
3586
0
0
5363
7387
5231
6115
0
2391
0
3980
7396
6802
0
0
5715
0
6660
6248
1613
0
7410
0
0
0
6396
6772
0
0
0
0
4422
0
0
2510
0
7401
0
0
0
4052
0
0
7109
5378
0
0
0
7120
0
7213
0
7393
7398
0
7305
1100
5864
4897
7282
7390
4974
5660
6687
0
6210
5426
1997
5988
0
4206
1032
3124
6617
85
0
6948
7295
7387
0
0
0
7290
7277
0
789
92
7397
610
0
0
6920
6060
6864
0
0
0
0
0
4119
6425
2528
0
239
6890
5034
7401
7373
3193
2952
1896
6733
1657
4119
7082
327
0
4516
2903
3006
7130
0
6919
7294
7104
7048
7399
5001
6223
1407
7337
3472
6301
6352
0
0
7340
6162
7388
0
7390
0
4655
3941
0
0
5721
0
7134
0
1695
0
0
3689
0
6127
0
7306
5525
0
0
7276
0
0
0
0
4158
0
7406
0
0
0
0
0
7395
5996
7398
3833
0
6526
7275
4442
7246
0
6813
7174
0
1752
7133
0
6255
0
6713
0
4564
0
0
7069
6234
0
0
4949
0
1194
6619
7248
7093
6534
2889
0
0
7038
7403
7401
0
6108
4568
0
7118
2867
7399
4629
3941
0
1885
2276
0
0
0
0
0
7366
491
2195
7396
1115
0
6860
0
6313
5891
0
2638
7404
0
6873
5648
0
7369
7398
0
6466
4394
0
3407
0
6862
0
5420
0
7298
0
0
3455
2591
2614
6506
0
0
7401
0
0
0
0
0
0
0
0
3710
5921
0
0
2698
6941
5087
0
5461
7391
2839
0
5473
0
2203
0
7398
0
0
4362
0
0
5129
5383
0
0
0
0
7397
0
2404
0
0
4503
0
7401
7089
0
242
6186
0
3729
0
0
0
280
0
1422
5348
0
0
6507
5087
0
0
5479
6125
7401
0
7358
6297
0
0
0
0
0
0
0
4126
0
5881
7289
2816
0
5677
7390
0
7252
0
0
0
7407
0
0
0
5713
4493
2099
0
7403
7366
0
3524
7008
2467
1593
7235
0
0
0
6057
6958
0
6866
7398
5814
6085
7123
0
796
6941
0
7271
0
6647
0
4231
0
2510
7048
0
0
0
5492
2284
3308
0
3790
7407
0
4321
0
2193
6780
1142
0
3991
7072
0
0
0
2726
669
0
0
547
0
7129
6602
6702
5578
0
7388
2638
7119
5839
4355
5650
0
0
0
7401
0
0
4577
0
7127
0
1356
2821
0
7299
0
2467
0
6946
6443
5813
7213
6297
6103
0
0
6959
1729
0
7197
6124
4927
0
0
0
0
5734
0
0
7398
0
0
2405
5424
5241
0
7216
4637
4168
5130
0
7313
3950
0
6426
6286
0
2365
0
4304
0
0
6631
6970
0
6331
0
6305
0
0
0
367
0
6041
0
0
6192
5484
6505
7247
7367
1805
1223
5203
0
6105
6403
6928
6465
7398
7016
0
0
2552
7373
0
3575
6875
0
0
6849
0
4680
0
0
0
4483
6902
5706
6912
0
6979
5855
0
0
6619
0
0
0
5582
0
7391
7375
0
0
1197
0
7295
0
1489
0
0
0
0
6335
7072
1522
4283
0
5325
6309
4439
0
0
0
1711
2144
0
0
5946
0
0
6689
7403
0
0
0
0
0
5231
3117
0
0
6986
0
0
0
6890
0
0
2369
5733
0
0
0
6595
5489
0
3514
5927
0
0
0
7190
4748
0
0
4937
0
0
0
0
4157
0
6769
0
3302
4457
5442
7354
0
4191
0
6598
0
1825
0
0
5531
0
6528
475
7404
5975
1988
0
0
6639
0
1263
0
7394
0
5522
0
0
0
0
4986
7043
0
2903
3422
0
2160
2179
6386
3136
4499
0
7008
4615
0
0
7180
0
6129
6484
4896
6956
0
1987
5297
7395
0
3064
0
1354
6593
0
3377
0
7399
5682
4972
0
4636
0
1129
0
0
7397
0
7133
0
0
0
5320
0
3088
0
0
5249
7336
4636
0
6937
7392
7048
0
5758
5134
5421
7397
6120
5518
0
660
6688
7407
0
730
2438
0
0
6700
0
7112
7104
3099
5792
0
7074
6465
0
5352
5569
0
6156
4464
1159
1019
6249
5805
555
3500
0
0
0
3244
7384
5522
0
0
475
0
5298
0
7410
7399
0
0
0
0
7190
0
0
1081
2333
0
2742
2932
7173
2436
6168
1943
0
4083
7085
2142
4812
4304
0
0
2089
5208
5894
7176
6631
0
3993
0
0
6997
0
0
0
2612
0
6957
0
0
0
7411
0
0
6218
0
4644
6688
0
6593
7123
0
693
0
0
0
0
7294
3456
0
0
0
4802
0
1016
5231
6512
6768
5730
3689
6793
0
6355
4536
7385
6103
3821
0
3561
0
6905
437
7366
0
1346
0
7043
0
0
6964
5108
0
6593
0
0
7180
7403
5076
2312
0
6781
0
0
0
3044
0
0
0
6112
0
6659
0
0
4694
0
0
6396
6767
6907
0
5975
0
7294
0
7359
0
0
7388
0
0
0
5610
7400
4614
0
0
7356
0
5167
3022
5208
496
0
0
5077
7268
6507
0
6221
5307
7072
4170
6631
0
3306
0
7376
0
0
6385
2512
0
0
6505
0
0
0
0
0
2831
6617
0
7304
0
0
0
2337
0
0
0
0
891
5215
7306
0
0
7298
0
7386
1113
0
4425
720
1948
0
5718
2734
0
7400
7070
0
0
6624
4161
0
6593
7366
0
3914
7213
6700
0
0
2751
0
1199
0
0
0
0
1275
0
0
5016
0
0
0
7406
6423
0
5421
5241
0
1275
0
6321
0
4374
0
1303
0
1679
3675
6851
0
7410
0
3384
6570
5297
0
7401
432
0
0
0
0
6464
0
0
0
7273
7163
167
5231
0
0
4459
0
0
5649
0
0
5524
0
0
2527
6813
5024
7036
5021
0
2810
0
0
7354
7397
7320
0
5881
3007
3853
0
4879
6977
697
0
7401
0
5220
6391
7397
6626
0
1838
0
0
7385
3830
0
0
1343
6057
0
0
6416
5089
0
0
0
0
0
4410
0
6215
0
5522
0
6396
2681
0
6396
6511
0
7128
7213
7372
0
655
6104
0
0
375
3760
0
2843
1942
0
6688
2519
0
0
0
27
0
6506
0
0
7295
3781
0
0
0
7386
0
7299
0
0
7397
0
7139
5922
6325
4974
0
5028
3181
6543
0
5528
7052
0
1975
0
0
0
0
6423
972
0
4086
0
2346
7185
0
7366
6844
0
0
0
0
0
0
0
12
5884
0
0
7386
917
0
0
0
7403
0
0
4653
7398
0
0
6813
0
7263
0
0
6527
0
1636
0
2990
0
0
0
0
1644
6429
5269
2517
4823
7406
5953
0
0
6958
0
0
5575
1072
4688
5529
1093
4862
1352
0
4255
0
6387
5435
0
0
0
7276
4769
6958
654
5624
0
0
2193
2459
0
0
0
0
5574
7086
3973
4543
0
4777
0
0
6703
7388
5762
0
0
0
7401
7407
0
0
0
7228
7295
0
0
0
0
7245
0
5847
7398
519
7397
0
0
7024
0
7388
0
3700
4092
0
7269
7212
4618
0
0
6478
0
0
6359
2848
3861
0
0
0
6703
0
0
0
7294
259
6796
0
6708
0
5682
1412
7402
0
5535
0
7391
0
0
0
0
0
301
0
4909
7389
0
1338
0
0
0
6954
5215
0
0
6616
0
0
0
0
7391
0
2345
7390
5536
6122
7086
0
0
4699
1712
3782
7179
3747
356
7400
860
7366
0
0
7387
3703
7326
0
5168
2559
0
1796
7400
0
0
7408
0
0
7397
0
5589
0
7060
0
5569
0
6926
5600
2967
6087
5928
7125
0
775
3446
0
147
7396
0
5583
0
0
0
7397
0
5621
0
0
0
0
0
0
0
0
0
0
7390
6886
0
7394
7397
0
2863
4414
0
6770
4717
6593
5733
7398
0
71
2722
0
0
6556
5715
0
0
0
3687
0
7397
7401
0
0
0
5423
0
1613
0
6835
0
842
0
0
0
0
7408
0
2167
7168
7376
0
0
7348
7400
7236
0
2440
0
0
0
7240
4318
2648
0
1590
0
0
2044
0
0
2785
0
0
4206
0
85
6024
0
0
0
5096
0
0
3411
0
7393
7350
0
7295
0
4934
4556
0
4861
7217
4971
7389
0
0
4879
6836
0
5143
1903
0
2501
6177
0
7265
663
4423
0
0
4818
0
0
0
3701
6591
0
2725
0
3741
6125
6255
7392
4790
0
0
0
7398
7162
0
7196
0
4709
0
3208
7399
0
5127
0
1722
0
0
6817
0
3674
0
0
0
0
0
0
0
1056
7215
7036
0
7393
3770
0
0
6910
7245
5034
1274
2460
7357
0
0
0
0
3274
0
4442
0
4333
7402
0
4100
5886
0
7017
3368
0
0
2525
0
0
6964
4482
0
0
0
4689
0
0
0
0
6980
0
1183
0
0
0
0
0
0
4168
0
0
0
0
0
0
2765
0
6032
5387
0
7295
4470
2516
6827
2346
0
7247
2534
6740
4806
0
0
7370
653
0
0
3539
7084
0
0
7043
5228
5621
3782
0
6419
6944
3446
7401
496
0
6235
7387
0
0
3034
7388
0
7392
5101
7185
0
7302
0
2762
7399
5777
0
0
5709
7389
0
6776
7398
0
0
0
7340
0
547
0
7402
925
5878
4922
2907
3874
1215
5731
0
7323
0
6924
0
0
0
6113
2247
0
5870
0
1711
5416
0
0
4219
0
2731
0
0
6975
0
0
0
5666
7126
4007
0
1292
6975
0
6104
0
7396
7409
5243
0
0
7405
0
5555
921
3936
7082
0
0
1492
0
5184
0
7325
0
0
7319
7397
5522
0
0
0
4083
0
4614
7394
4705
7390
6912
0
1963
0
6417
6519
4281
0
6394
0
0
7365
6386
0
5599
7405
0
2601
0
3583
0
0
0
6901
0
0
3787
0
0
0
3053
3933
7351
0
0
0
5796
5542
0
3696
0
0
0
3020
6387
0
0
0
0
0
7352
0
7244
4880
0
0
0
5463
6688
7396
0
4357
0
0
0
0
664
7370
0
0
0
0
5226
7106
0
2707
0
7372
0
2311
7369
7391
850
0
0
3334
0
438
0
869
0
0
5258
0
1997
1499
6196
0
0
7402
7398
0
0
5300
0
6621
4879
3494
4403
7082
6463
0
0
5650
6821
3338
7281
7395
0
0
0
6030
7388
592
0
0
0
7294
5121
0
0
0
5722
0
241
7401
0
0
6979
0
6268
0
0
3836
6902
0
0
7368
4962
3787
7393
7400
0
0
6902
6838
0
0
0
0
0
0
694
5708
1535
5814
7395
7166
0
0
7052
7402
0
0
0
6053
3996
7253
1785
0
0
0
0
7392
0
5470
7267
5902
5271
0
0
0
0
0
0
7298
6133
0
2564
4425
0
0
0
5099
5265
869
0
1689
1019
7174
0
7391
3814
5682
0
436
0
5490
6791
7397
0
0
0
0
0
4839
0
0
0
7167
7390
0
2580
6772
0
5057
6772
0
6419
7385
7200
0
6113
5551
7388
0
0
0
7397
0
6094
0
6121
0
6593
6319
0
0
4237
5934
87
4256
7410
7167
0
7400
0
0
6739
5307
5240
4976
4664
0
0
6958
0
0
0
0
0
191
2775
0
0
7399
5018
0
0
0
0
0
6591
1489
0
0
5903
0
5682
4554
0
0
2978
0
0
7143
1031
932
6703
0
0
7079
0
5164
7389
6796
3511
0
0
0
7400
5223
0
0
0
3855
7164
3254
7385
2733
7401
7400
7075
4671
0
0
6972
4503
0
0
0
0
0
0
7395
0
0
4506
0
6940
0
7389
0
0
0
7370
0
0
0
7397
3491
2755
0
0
0
6111
6991
0
7386
97
0
0
0
0
0
0
0
0
7212
0
0
0
4206
7401
6355
0
6796
0
0
2826
0
1720
0
0
0
0
7373
6514
3287
0
0
7398
0
0
1489
0
6713
0
0
1496
5410
2510
7400
1976
0
5482
0
5963
0
6055
0
0
0
6255
0
5442
7079
0
0
6483
7349
5241
5655
7339
767
0
6794
0
6423
7404
0
863
0
0
0
71
621
7278
0
4688
0
0
2323
0
4773
7007
3134
7388
7350
929
2029
0
0
0
1091
5624
6618
3654
0
6923
0
0
0
7017
0
4539
375
7400
3166
0
4078
6248
5250
6993
0
0
0
0
7398
3615
5232
0
0
2623
4697
6688
0
5495
2823
1777
0
0
0
0
7350
0
0
365
6423
0
0
0
0
0
5848
6820
6228
5781
6660
0
0
0
6855
0
0
7374
0
752
0
0
3575
6964
0
873
0
0
1450
1978
6815
0
0
7207
0
0
84
7166
7
0
0
5297
2422
7179
4574
7260
0
6178
5758
7166
1450
0
5815
6975
0
870
0
3598
0
6796
0
0
6217
6646
6507
7324
3464
0
7119
0
0
1333
0
5209
0
0
0
0
0
0
0
0
0
7354
1061
6608
6428
7351
789
7388
0
6553
0
6016
0
1702
0
4615
4168
6836
0
0
3568
3582
0
2342
1997
4742
0
7405
0
0
0
7408
6913
7334
0
2687
88
0
4039
0
7306
7369
0
0
1418
0
7190
7215
7093
7399
0
7387
0
5584
0
6629
0
0
0
0
5781
0
6782
0
0
5938
0
4563
6235
0
4259
383
4277
7213
0
0
6409
4362
0
6941
5719
7141
7115
0
1440
6988
5608
0
0
2503
0
1061
0
1430
0
2138
0
6983
7272
4322
7167
0
5620
0
0
0
2671
6396
5294
0
0
0
6288
7406
0
2365
7
0
2806
0
7399
7400
7388
0
6488
0
1913
5060
6422
0
6805
5855
0
5813
3879
5865
6960
3232
6958
6409
5442
1560
0
0
3904
5241
7397
7410
599
4384
0
2786
3366
247
7397
3171
0
0
0
0
6939
0
0
0
0
6883
7229
0
4080
0
0
6766
0
7395
7397
5516
7398
7396
0
0
6546
4585
299
0
716
5158
5250
134
0
0
0
0
4304
5284
0
5666
5024
0
4564
0
0
0
0
2110
4062
0
0
0
0
0
6537
3885
0
0
0
0
7293
0
0
7400
0
0
6995
6443
5467
6927
0
7306
6765
0
7366
6199
7073
0
7086
3760
0
5734
0
2515
4258
7272
6733
5956
0
0
4824
4366
5427
5613
0
6229
6995
0
1907
7306
6595
2596
2022
0
7348
7333
7344
0
7024
0
7295
0
2616
0
7399
5754
0
0
5241
0
4029
4331
0
5520
0
2189
6055
2356
0
0
0
0
0
0
0
7297
0
1785
436
691
1680
7166
0
0
2455
0
0
7388
0
0
0
893
327
0
0
0
6167
0
1755
0
5449
603
779
0
0
5742
0
7396
4280
5535
7400
4693
0
3266
2868
2579
3664
7278
0
5803
0
0
2654
7395
0
0
5325
7398
0
2760
0
0
1101
6964
0
7101
0
0
5781
0
6085
0
6356
6593
1899
6701
6013
0
1539
968
0
0
5092
2415
6983
1614
6087
0
7400
1540
0
1011
7128
7398
6792
5541
5274
0
6150
0
0
0
0
0
4186
0
0
5255
7393
0
6668
6248
523
0
5137
3624
0
0
0
2033
7074
7405
7406
7134
674
0
0
6125
7399
50
560
0
0
3329
0
6803
6958
3678
0
0
0
7238
5348
4753
0
0
5148
1010
7156
0
7407
0
7234
6407
1858
3136
0
6416
0
0
7132
0
5579
1744
6130
7287
3231
0
7387
0
3525
0
0
5648
0
0
5489
5297
0
3235
0
2323
6602
0
0
0
0
3874
0
0
0
0
0
7093
5587
7079
6318
0
0
0
5215
0
1921
0
0
6079
0
0
694
0
6418
0
0
0
6935
0
0
0
0
0
7107
0
1681
0
7406
0
0
1061
7281
0
0
7036
6372
0
0
0
0
5024
0
7385
2673
0
0
0
0
0
0
0
0
7296
0
0
7038
0
339
0
0
0
7394
0
6384
0
4130
0
5129
0
0
7391
2208
0
0
0
5975
6367
2664
5343
4707
1579
6409
3250
0
0
0
427
7069
0
0
2356
3911
4642
5138
0
7021
0
7400
0
938
1103
7301
664
0
7038
6986
6081
0
7248
6386
0
0
7400
6688
0
3369
7117
0
0
0
0
0
3034
5183
7404
0
0
5632
0
5479
7127
0
3669
7408
3742
7394
6355
7345
0
2300
3522
0
0
6146
6971
0
6827
0
2393
0
0
0
0
7397
3391
4534
0
3268
0
0
0
1305
4818
71
6942
5836
3559
7402
2951
7387
0
0
1629
1630
3084
0
0
3955
7274
0
7299
5199
0
0
7198
0
0
0
0
0
0
0
7411
4694
0
0
0
5477
0
0
7409
0
0
6010
7061
5018
298
1629
6528
0
6902
5960
0
6848
0
2909
0
0
7400
0
0
0
0
0
6475
0
0
0
7401
6986
5207
0
0
0
0
6253
0
2176
0
0
3814
0
2319
7386
7027
3729
0
0
0
7
0
2707
7392
6962
6263
0
0
7392
4256
0
6820
6705
0
6693
0
0
0
2348
6674
0
7402
0
0
0
6396
0
2474
0
0
0
0
4629
0
0
297
3768
0
0
0
3382
7044
0
7389
2155
6674
0
0
0
3831
0
6057
4388
7214
0
7391
0
0
4958
5363
0
2605
0
2596
3261
4218
0
3418
0
7389
0
4566
7411
7390
3108
7391
800
0
0
0
7300
0
0
2300
0
0
0
8
0
0
5765
4070
4425
0
6268
0
504
5481
6740
0
0
7400
4936
6672
0
0
0
5025
1220
7288
4680
0
0
1112
4431
0
0
4890
0
0
0
7391
7036
0
0
0
0
1188
7391
0
0
6102
0
0
4095
2617
6380
4999
7403
0
6255
0
1253
7401
7404
0
0
6276
6702
5956
7399
0
3991
0
7048
0
6937
7283
5629
0
0
7400
0
3938
0
6707
0
0
0
7234
0
0
0
2635
0
7054
6675
0
7398
0
0
0
0
0
7162
6977
0
7405
6683
0
0
6403
4710
7399
0
0
0
6472
0
2769
0
5984
6134
0
0
7390
5661
3958
6653
3935
0
265
7397
2995
7198
2848
5343
7358
5109
0
1862
2370
5265
0
4062
3132
0
6433
0
0
6387
0
0
5700
0
0
7390
5435
0
0
7397
0
789
0
0
2963
6733
7305
0
71
6663
4852
0
2391
0
1371
0
1048
0
0
0
0
0
1460
6852
7366
0
0
5649
7152
7397
0
0
0
2823
5588
0
6045
0
0
0
0
0
0
0
7395
6562
0
5098
2196
0
0
0
2966
7302
0
7374
6923
0
0
0
0
1610
0
0
7198
0
0
0
0
3615
0
0
4493
0
2547
4693
6957
6930
1405
0
0
4569
0
7094
707
5071
0
3860
0
0
0
1596
7148
6739
7389
7403
4621
3950
0
624
7070
0
5016
0
6426
7009
6818
7278
0
3869
0
0
0
3354
7409
0
3527
6842
6740
0
7277
0
0
3709
0
0
6946
0
0
3490
4571
0
0
5399
0
0
0
5734
7120
0
3108
0
402
5593
0
0
0
5405
2740
5070
6148
0
7407
0
0
6273
965
6205
0
4753
5816
0
6835
4179
2300
5501
0
5378
0
6384
0
0
0
0
0
0
6914
554
5367
0
5231
0
7367
0
0
0
0
2995
0
0
3606
7304
2527
2218
3686
5558
0
3062
6125
4459
0
7391
3007
2576
0
0
0
0
0
0
0
0
0
4551
7399
5650
1055
0
0
0
0
6862
7274
0
6737
5921
7214
7099
6659
7013
2958
0
5341
0
2031
7397
0
0
0
5194
0
0
0
0
7398
0
0
0
0
371
0
0
6404
7401
0
0
4653
0
0
6634
0
0
0
0
0
0
3419
0
0
0
1752
0
0
2068
4897
2414
5481
5985
2522
1613
2547
4739
7167
6660
0
0
0
0
0
0
0
0
1939
0
0
6737
0
1530
6305
6546
0
5522
0
0
0
7396
0
0
7175
2463
4989
7344
0
0
0
0
0
7411
1507
6324
6795
0
4534
6793
7129
0
5555
5390
5594
0
0
0
289
4509
0
6276
0
0
1656
0
0
6133
7391
3668
2493
0
0
0
6475
0
7406
6939
6837
0
7050
0
0
0
0
7402
0
7107
0
0
6019
0
7401
0
0
4622
3617
0
3422
0
2594
4093
0
0
0
3288
4629
2581
6975
3610
7367
0
0
7389
7185
6771
6902
0
0
0
5341
0
1844
0
6543
6111
0
7369
2092
5294
7174
7389
0
5140
0
0
0
3993
0
0
0
0
0
6230
0
2910
7295
0
7200
0
0
6419
7392
0
5015
7397
0
1578
7376
5326
0
0
0
0
1530
7275
6964
0
7397
7226
0
7403
0
4748
7358
0
5629
0
0
6103
7248
0
0
0
3385
6061
0
806
6606
7389
4897
1443
7398
895
517
5233
4543
0
0
0
7133
5569
5167
6677
4672
0
3407
0
0
0
356
0
2937
0
0
2364
7391
3336
3935
3728
0
0
0
2308
0
5420
6725
7214
0
0
6457
2081
7118
6991
1987
0
0
109
0
3997
0
0
7391
0
0
4599
7395
0
0
5099
0
7018
0
5897
1358
3227
0
7118
3188
5265
3112
0
7119
4032
0
0
0
0
0
7154
7404
0
0
5862
167
3326
0
0
6532
1891
7224
0
0
0
2776
7045
0
7082
0
3938
1416
0
0
414
7395
6204
2604
3167
0
6842
7115
0
0
0
6475
0
0
7283
3086
0
5134
0
4191
0
0
3790
7268
4281
0
0
0
2793
6856
0
416
5341
0
42
0
7389
7335
0
0
0
3421
6819
0
0
7385
0
0
0
0
7401
7408
0
6352
5
7411
6283
4705
3950
0
0
0
0
6105
6145
7400
0
434
6548
0
7167
7336
6504
7118
0
0
0
0
6398
0
3062
5947
0
0
0
0
5719
0
0
6639
4869
4385
772
2821
7391
3314
0
3862
4573
7403
7123
0
7399
882
0
7407
7398
1355
7301
423
1430
4379
0
0
6333
0
0
2303
0
0
6905
5134
0
0
0
0
0
0
6701
0
0
7411
0
5707
0
5422
0
7306
2729
0
0
6087
2431
2429
2516
0
0
0
0
7366
0
0
0
7148
7405
0
6962
7217
0
2828
0
0
0
7402
0
0
7405
0
1412
5153
1421
6644
0
0
0
5056
4938
2099
4926
2831
0
5985
0
7288
0
4724
0
366
0
5701
6384
0
7185
5589
0
2653
6453
0
0
0
7402
914
6149
3606
7387
0
0
0
6945
7132
0
0
4825
6943
0
0
7397
0
6940
6972
0
5297
0
0
7388
2358
0
0
6384
519
0
7397
6350
0
0
3349
6351
0
0
1504
0
7352
5412
0
6502
0
0
0
5128
7054
0
0
0
649
4281
0
0
4394
5577
0
0
6857
0
5540
5470
0
0
0
5012
5528
0
6768
0
0
5729
2320
6226
6974
5794
5969
7180
0
2761
0
0
0
0
0
0
0
0
3787
0
2656
7388
0
983
5609
7385
1650
5225
0
6019
7399
0
0
0
7217
0
6340
4637
0
0
0
1066
3580
0
578
2728
6813
7268
0
7245
4058
0
6584
976
0
7402
7212
0
7198
0
0
3940
0
0
5578
7157
0
6842
4568
742
6240
3062
0
2168
7412
2496
0
0
0
6429
0
0
2740
0
0
0
0
7305
0
0
6434
0
3329
687
0
7399
6740
5760
0
5098
0
4962
7385
6084
7384
0
0
0
0
3421
6817
6857
0
6079
5758
0
6675
4412
0
0
6943
6984
0
0
5389
6660
0
7240
7285
0
0
0
0
0
7402
0
3844
0
0
5442
0
0
6359
912
111
0
0
0
7405
7397
0
6384
7275
404
0
6444
0
0
3208
0
3493
0
6813
7351
0
0
0
1500
1973
6737
0
0
269
961
0
4880
6122
0
4339
0
0
0
0
0
0
6086
0
1124
2378
7411
6639
0
7386
0
4025
7389
0
4524
7402
7089
7228
493
0
0
0
4703
0
5167
0
1888
6928
0
7398
5474
0
0
7387
7349
0
7298
5795
0
0
7396
0
7390
7265
7408
2344
0
5718
0
6434
6481
0
1183
0
0
7385
7274
7247
0
0
7399
0
0
6742
0
0
0
0
7217
0
6678
0
0
0
2728
0
0
0
0
6465
7384
0
498
7400
797
6902
0
0
0
4661
0
0
0
5516
3822
2369
3306
4572
5620
0
7390
0
0
3323
1024
0
3281
6058
0
7373
0
7402
938
6101
2959
4632
7399
0
7079
7386
7133
0
0
7399
0
7260
0
0
0
7403
0
5558
7398
6954
6766
0
5981
1003
0
6805
7354
0
5293
7089
0
7397
0
6387
0
3650
2999
0
7119
0
0
7399
6311
0
3024
4257
0
0
0
0
936
0
0
6824
5408
6959
6761
7376
0
7399
2167
0
7401
7372
0
7404
2528
0
3544
6731
109
0
5531
2880
0
7334
4935
0
0
0
0
0
3286
4428
2060
0
0
0
0
6271
2158
0
7389
0
0
3862
0
0
5542
0
7302
6780
6332
0
5695
0
0
4829
0
2604
5346
5797
2653
286
0
0
7288
0
0
0
7235
4865
303
5481
0
1019
7400
0
0
635
0
4470
6661
7389
3459
0
0
0
0
7369
7278
0
6423
0
3665
2189
1833
6111
7177
0
6289
0
5559
0
647
0
7401
0
7140
7244
5831
0
0
6527
7399
4096
3209
6385
6701
3904
0
7400
1453
369
2878
6312
7370
7403
1936
0
1601
0
0
3490
7394
0
7162
3687
0
0
0
0
0
1466
7401
6744
0
0
5582
6546
7384
0
0
0
7225
5535
0
0
3292
0
0
0
1593
0
5270
6007
0
0
0
0
0
0
5448
0
157
0
0
0
0
5020
0
0
0
0
0
5750
6872
0
0
0
0
6124
0
6941
5588
0
0
0
7391
0
5903
0
0
0
1230
6910
7391
7404
0
7222
0
0
2000
7403
0
6480
7396
0
7337
0
0
0
6802
0
2076
6805
7401
3497
7402
0
0
6259
6138
5782
6166
5680
0
0
0
3760
0
0
1081
5586
1596
4158
0
1892
0
0
0
0
1289
2438
7278
0
0
7385
0
5997
7398
3381
665
5855
0
747
7190
0
4459
5291
7400
0
6424
0
7399
0
7081
3449
6263
7388
1061
7165
0
736
6688
2179
6957
7409
7386
0
7394
0
6843
3705
7401
0
0
6864
7174
0
6335
7111
0
0
0
0
0
6264
5538
0
7373
0
2060
5552
53
2208
7387
4442
0
2060
6782
0
6240
2160
0
0
7313
2967
0
0
4167
0
5705
0
1753
0
6528
6388
4243
0
7397
6687
3402
2287
3720
6183
0
0
6049
0
0
0
0
1530
0
961
0
0
5028
5582
6701
0
2235
438
6722
5589
390
6959
0
7274
0
0
0
0
0
7405
0
968
7375
0
0
7391
5733
0
0
6992
0
4565
0
0
1858
0
4723
5341
7132
1529
0
5284
6676
6356
4614
1155
0
0
0
0
7367
0
0
0
7386
4649
5085
586
4324
0
2510
0
577
0
0
5134
0
7408
7399
6057
3790
1434
4401
4374
7087
5980
0
7398
4705
0
0
2160
0
4796
3238
3385
0
0
0
7391
2919
4366
1975
7060
0
0
5846
6465
5816
0
7400
5167
0
0
0
7216
0
0
7347
0
0
0
2588
3918
851
7234
0
480
0
1548
0
4429
0
0
0
0
1376
7366
0
5535
7268
0
7406
7389
5867
0
6629
7367
0
0
0
0
2565
4508
3787
0
6497
6713
7396
7009
0
0
5590
0
7402
7404
0
0
3862
314
0
4344
2229
6336
4468
6609
519
0
0
6251
2099
0
7233
5686
7386
7399
4149
2372
7215
5682
7296
0
7385
7048
7392
7054
0
7148
6150
5632
6964
7399
5789
0
1371
0
0
5363
0
750
2225
4391
5099
0
0
0
60
3472
0
1073
0
7064
7398
0
5387
7392
7317
14
0
1796
6950
0
3479
6931
413
0
0
480
0
7398
0
7301
1398
0
7368
6582
0
7392
0
5985
608
0
0
0
0
0
2966
5801
5918
5066
1926
6022
0
0
6979
0
6108
7117
4883
0
0
0
1763
4297
1398
76
0
0
0
4818
4331
6454
0
2109
1046
0
7140
0
7180
7398
0
0
0
0
0
5650
3669
0
1164
0
7275
7400
2130
3357
6349
7396
7367
4184
7391
5679
735
4322
0
2700
0
0
1048
1571
5682
7388
0
7211
0
0
0
0
0
7219
3770
0
7397
4467
3351
0
7301
0
0
1934
5109
7275
7318
0
6693
0
6872
6637
6797
0
0
7387
2324
0
6010
0
7396
931
2825
0
0
0
5843
2798
2946
0
0
7374
6597
6284
1247
0
0
0
0
0
2850
1484
168
4705
0
6772
7151
6974
0
0
6832
0
0
6181
663
0
0
4288
1469
0
0
0
7402
0
6233
7292
0
6163
0
2609
7178
0
0
0
0
0
7411
7305
6686
0
183
0
0
6045
7395
3573
7409
5163
0
6426
0
4302
0
6550
0
0
6857
4922
7392
0
4058
7385
7396
4340
7400
5359
7388
0
0
7400
607
0
0
6848
0
7391
2527
0
7212
4372
0
0
0
0
0
0
7387
0
0
1093
4903
6384
6058
0
4173
0
6969
0
0
0
3904
5413
0
5243
0
0
7397
0
3821
7390
0
0
7369
5338
0
0
0
7130
0
2841
0
5738
0
0
5821
0
7167
0
2308
0
0
7043
290
6449
0
6679
2429
0
1463
0
7162
0
0
7347
0
0
6543
2446
1748
5715
0
0
2538
0
7350
3146
0
7401
0
0
0
0
7294
6827
4321
5603
0
0
0
0
5044
6257
2664
0
0
310
6553
6944
7347
0
5339
0
0
0
5935
0
7104
2909
0
0
0
5881
0
5172
4885
0
7396
7411
4281
0
7052
5923
6106
7400
2722
1995
0
0
7393
0
5116
1210
0
0
724
5145
3347
7012
5016
0
7336
0
7297
0
681
0
0
936
0
5402
0
0
0
451
6616
6576
0
0
0
0
977
7051
0
0
0
7403
0
5879
7127
0
7408
7398
4618
6975
0
0
4137
6885
7367
1733
7399
0
0
0
7167
0
7319
1791
0
0
0
2154
0
6924
2898
6660
0
0
7403
0
6606
0
0
1957
4202
0
0
0
0
0
3696
0
4218
6766
0
0
3254
0
4941
0
0
0
7093
0
3096
6145
823
7399
0
1673
0
7391
0
0
937
3024
0
7345
670
7404
7398
0
386
7026
0
0
6385
4362
0
6234
7386
7123
4627
2150
6251
7400
3733
5948
0
7091
0
0
0
0
0
0
0
0
0
7396
0
6274
0
0
7390
5926
7206
0
0
6022
0
5492
5583
3266
0
0
4877
7129
0
0
0
5447
0
0
0
1075
0
2179
5314
5231
2760
0
0
0
6434
2373
0
4903
0
7401
0
0
0
2887
7400
1520
0
0
7043
7132
0
4090
6843
0
3980
0
7354
4339
0
0
3494
6965
0
0
5403
0
0
0
5882
0
5241
3920
6738
5405
7050
0
3011
1970
579
0
0
0
2051
0
6161
5190
0
7179
0
0
0
0
0
7395
7396
0
480
0
0
0
0
0
0
5476
0
2907
365
0
0
1833
7038
6865
0
7090
7116
6605
0
0
4184
0
0
3231
6384
4615
0
0
938
0
5220
0
0
0
0
0
0
0
7369
7337
5211
245
0
6787
0
0
0
0
4277
5129
7249
5735
7008
7033
0
4403
0
0
6466
0
1265
2042
0
0
5242
6675
5991
5117
14
0
0
0
4521
6982
7236
96
5956
0
953
0
763
3693
0
2102
7161
0
0
5439
7131
0
0
0
6347
7234
0
4076
0
0
0
7401
1112
6351
0
1480
125
0
0
0
4317
6790
3425
5942
6576
6433
6426
0
0
6227
3362
0
0
1472
7334
0
1983
0
0
0
7161
0
0
1796
0
0
6846
0
5016
5541
0
0
0
0
0
0
0
7016
6697
0
0
0
3166
5458
0
1315
7398
7398
0
7396
0
6850
7372
2411
0
7369
7009
4392
961
0
0
0
0
0
0
0
6422
0
0
3044
0
7275
6782
7373
5367
7163
5262
0
0
568
5556
2496
6096
3782
3329
0
7399
0
0
0
3858
313
0
0
0
5292
63
5777
3374
4086
0
0
7399
7385
0
0
4663
634
0
0
0
6759
1244
0
0
1741
922
6739
6979
3853
7398
0
0
0
5691
4614
7400
6739
7027
5433
7404
5633
6277
0
5276
1227
4629
6205
577
7109
5474
0
7405
6830
5475
4909
0
1218
1833
0
1058
0
0
2111
0
2541
3821
0
5447
0
7294
0
2065
0
3040
14
0
0
0
4988
0
5270
1650
1177
0
0
0
0
1876
0
3558
7016
4323
4008
0
0
1851
0
6659
7385
0
6593
0
0
6103
7198
7308
5538
0
307
6306
3682
2892
7132
2775
7394
0
3257
7407
3469
4572
6744
1971
0
6476
0
0
7388
0
0
0
5900
0
7401
7175
0
6702
641
6972
0
0
7400
5739
0
0
2966
6739
0
0
6951
7293
3112
6771
0
0
0
0
6616
1565
6337
4959
0
0
3628
0
5405
2194
299
0
7248
0
6022
0
7400
992
7117
5540
0
5700
0
0
1720
6284
5334
4039
6546
4732
127
0
4455
0
4299
7407
0
0
0
6284
4141
0
7043
0
3832
7005
4141
7201
0
3374
6659
0
782
5677
307
0
1404
6314
6689
7025
1027
0
0
0
7395
0
6984
3083
0
7385
3983
1922
0
6886
6887
3989
7402
0
6217
0
1825
0
0
7167
7402
0
6924
0
0
2109
2414
3120
0
0
7391
7403
7391
4835
0
0
6617
0
0
3544
6221
0
0
0
5444
0
0
5988
0
950
6241
7395
0
7399
0
0
0
7295
0
3627
1630
7191
0
0
2839
7109
0
799
6577
7164
0
0
0
7015
5131
0
7198
6970
7392
5300
0
7016
6106
7383
0
2545
1680
7039
0
5054
0
1530
0
7397
0
0
0
0
2131
0
5340
0
4499
0
7399
6954
0
0
7401
6496
1112
0
6817
2127
0
0
7373
1245
0
7397
1072
5431
7305
4252
0
0
6079
0
5192
6300
2871
0
3483
6835
1701
7398
0
6654
6303
5435
5206
0
5095
0
1408
4423
1500
6674
0
3307
0
6810
0
0
709
2871
0
2460
0
6284
0
3941
0
7073
7127
0
4839
4862
1106
0
6468
3342
0
5321
0
4865
0
0
0
0
3425
0
419
6865
0
0
0
541
5410
7248
0
0
0
5334
0
1862
0
0
6256
1738
7349
0
31
5527
0
2176
0
7181
3528
5629
6713
1925
6168
7087
0
7177
6987
6505
0
6941
0
0
209
6573
300
5113
4041
0
4633
0
1421
4987
1020
0
2466
7128
7293
6476
7403
0
0
0
6485
6485
7388
0
7399
0
4730
4614
7395
4499
3795
3493
7224
5430
5483
4437
6964
0
0
0
0
2951
0
0
0
6534
1947
5107
0
0
6747
920
0
1960
0
0
4589
4962
314
5336
0
0
1071
7402
4614
5558
0
0
3188
0
4573
1540
3480
0
137
0
7235
0
0
0
0
0
6221
0
31
7364
0
7395
0
7118
0
0
7275
0
4188
1596
0
0
7180
7319
7395
0
0
0
587
5914
1374
6660
4151
6993
7397
7368
3176
0
0
7269
0
0
0
0
0
7128
0
7364
6819
229
7402
4608
7093
7399
1705
0
6785
0
6843
0
0
811
4824
0
0
0
6871
7250
2034
5270
0
0
0
1507
84
0
4572
2178
2268
7396
0
0
0
5542
3263
7389
0
4353
4663
1861
6941
6842
3768
3733
0
7399
5521
0
0
0
0
0
3164
0
0
1574
4456
0
0
3546
1314
3852
7405
5206
949
6227
3195
0
3906
239
2969
2306
0
6125
0
1941
1756
0
0
0
0
0
0
4055
0
0
0
6567
0
404
2255
6734
0
0
6608
0
383
6396
2692
226
4260
3349
0
2315
0
0
0
6621
0
0
6957
0
0
1530
6847
7400
0
7081
7399
0
0
0
7400
0
0
0
0
6463
5278
4619
7216
0
1202
0
0
0
7275
0
732
0
0
0
3426
7400
6015
0
0
5320
2476
6309
0
0
5957
6826
0
0
7410
0
233
0
0
7353
7093
5540
7401
1666
2821
6644
7396
4921
0
5031
0
7386
0
0
7401
0
0
0
930
5902
7406
0
0
7400
1576
6276
0
6284
0
479
7307
0
0
937
0
0
6976
4331
0
0
0
7028
0
0
4744
283
7400
0
6240
0
0
6087
4753
2872
0
4684
0
0
6595
0
0
3303
0
0
229
4276
0
6359
0
7166
0
0
6022
0
0
6958
0
6744
3567
4686
0
0
0
0
6333
7352
6215
6442
7166
0
0
7398
0
0
0
0
0
0
0
0
0
6565
4869
0
6984
0
0
4192
5094
5597
7140
7399
0
0
7404
0
7240
3520
6511
2836
0
3686
365
5953
0
0
7089
2281
6023
3034
0
2760
0
7397
7401
0
0
0
1030
4601
0
4085
7305
0
1753
0
0
0
0
6301
3161
0
0
6089
6287
0
4971
7294
0
5522
7117
0
1500
3497
0
0
6696
6111
7396
4994
0
6733
0
0
4139
0
0
7017
6993
0
6335
7267
6240
0
0
7290
1539
6672
7163
0
3895
0
0
0
4612
3568
7017
5925
0
0
0
7074
7166
0
0
0
0
0
0
0
4121
6819
6306
5596
7061
4791
0
0
6723
0
0
6806
0
6387
6103
0
1822
7169
0
0
0
0
7401
0
7307
0
0
1571
0
0
6620
7401
0
0
6935
4309
0
0
0
352
0
3596
2405
4387
0
0
6595
0
0
4374
4938
0
6941
0
0
2867
0
4638
540
7393
2510
0
7180
7399
6802
3058
7193
0
7234
563
0
0
6102
3573
6644
0
6332
0
0
5369
0
0
6956
0
6883
1293
3552
4266
0
2394
0
3582
0
0
0
0
0
7386
0
3760
0
5075
3167
0
6942
0
6660
3862
0
0
0
6956
0
893
0
1613
6907
0
1616
6502
0
0
1318
3164
1979
0
3019
0
5363
0
1581
7087
7388
0
7366
7400
3557
3063
0
5167
0
7213
7164
5582
6504
0
0
0
0
6057
7296
5341
0
5270
0
0
0
0
5070
0
7392
4086
2253
0
0
5694
611
3392
0
6669
6678
6505
3484
0
0
5625
0
0
5718
0
0
7394
7388
7319
0
6611
0
2015
0
4783
0
0
727
3690
0
4368
0
0
2893
3696
6688
0
0
6386
7364
5664
3701
6972
2303
936
2549
0
799
6742
6327
0
1820
0
2100
2705
5076
7079
3410
0
0
1857
5595
2575
1292
6475
0
0
0
2932
5740
0
6971
1324
862
0
0
0
0
0
3248
6010
5757
3525
6945
6432
7389
6118
6211
0
0
0
0
0
7396
7151
0
0
0
7390
0
6679
0
0
0
7400
1213
0
1888
0
0
5522
7295
0
7007
0
0
7390
0
3962
0
0
0
2425
0
0
0
0
0
5922
2672
4085
0
0
0
4897
1821
2319
7200
0
0
6387
0
7018
0
0
7320
0
0
5070
6542
6706
6702
0
0
6552
0
0
5550
0
3178
0
0
0
0
0
3991
6827
7305
0
0
5538
0
0
0
0
3734
7192
0
0
0
5202
3135
0
5131
0
4636
6693
1941
7398
0
0
0
0
0
7387
0
6773
0
6795
7093
7397
0
0
0
5343
7366
3488
842
5902
0
0
6806
0
4424
0
7121
7400
0
0
0
0
2998
0
0
0
4538
1894
6780
0
6651
5969
0
0
7066
0
5680
0
3477
0
0
5275
7399
6610
6004
3077
7366
0
0
7294
0
0
0
0
7404
2743
1340
7036
0
0
1448
0
0
0
6979
0
4198
0
7392
0
0
1206
7178
4411
98
0
0
3682
2824
0
0
6336
6909
0
6686
0
0
0
0
6896
6341
7388
7230
0
0
7412
0
0
0
0
0
4442
5877
0
0
0
0
7399
0
6070
0
0
1667
4036
1965
7375
0
3805
7119
4534
2328
0
0
7116
7368
2466
0
0
4144
5803
0
1653
5261
0
0
4292
0
5985
0
5043
0
0
584
0
0
0
0
3931
2420
0
0
0
6825
6378
0
0
6842
6957
0
6586
829
926
0
5172
3177
6663
6772
0
0
5960
6609
0
0
0
0
0
0
2350
1391
7398
6553
0
6396
6744
2139
7403
0
0
0
0
0
0
0
2344
3099
0
0
0
7295
5523
7308
0
0
0
7234
7384
0
0
0
7401
0
0
0
5532
360
0
6527
0
7190
4744
0
2967
0
0
0
0
3146
0
0
0
0
831
7375
0
2693
6471
2229
3421
0
1616
1629
0
3828
0
0
0
3391
0
0
0
0
5715
3454
7398
4391
7396
7119
0
5917
0
7236
6188
6793
2422
0
5660
6478
0
0
7345
3901
6723
7263
0
5
6960
1263
0
0
6271
0
0
7399
3468
1238
0
7401
4112
2848
0
7083
6766
0
0
5165
4837
641
0
0
3618
2739
6909
5707
0
4331
0
7407
0
0
0
4464
7390
0
7259
6967
0
7082
0
7275
0
7388
6631
2590
4543
4959
0
0
1224
1043
0
0
6725
3703
7217
7027
0
677
0
6630
0
0
0
7412
0
1623
5121
2799
0
0
3782
0
0
3019
6722
418
5629
7394
6335
0
0
3103
6275
7024
0
0
0
0
0
7048
7262
0
5360
0
5820
2876
2860
6970
2667
2344
6946
4054
5303
0
0
7217
64
4453
0
3598
0
0
0
0
0
1053
2176
1468
0
5253
0
7166
5343
0
0
6630
3689
0
7384
0
7024
2737
7358
0
0
4958
7399
0
0
0
4452
6620
6744
1353
6688
0
0
4603
3379
0
5294
0
0
0
4196
0
0
939
6676
7403
4753
0
0
0
2731
5246
0
1747
0
7073
0
0
4331
0
4854
0
0
7399
7177
7166
0
7009
0
3049
0
0
0
4934
0
0
0
0
6241
5985
0
959
6748
7336
7401
0
3894
728
6130
6337
4653
7367
0
0
3211
3446
0
0
4572
3567
0
0
6932
7401
0
0
0
5656
7399
0
4563
6014
6921
7087
7179
7394
0
0
0
3365
0
0
5187
0
5393
0
0
1176
0
2542
7045
7396
2764
2538
6384
0
0
0
844
126
0
2943
0
7307
2771
0
1828
0
0
0
0
3329
475
0
6972
0
0
3534
0
6610
0
0
0
0
1858
0
0
0
0
6106
0
7396
1975
0
464
0
7050
7367
0
7385
5000
5021
0
0
3154
6398
0
643
0
6459
0
7348
0
0
0
4678
0
152
5450
7400
0
2474
0
0
0
0
3317
7396
0
1200
6725
5639
0
5715
7387
7185
0
0
0
3369
0
3181
4313
0
7364
7117
2445
0
6853
71
0
989
1813
0
7398
0
4815
0
0
0
1821
0
7127
6842
2985
5921
0
190
4161
4314
0
5373
1774
0
0
0
6627
4333
7275
7370
0
0
0
0
0
0
0
7397
7399
3036
1327
0
7260
0
4527
1626
0
0
2777
7398
4658
0
7089
7150
7357
1494
6941
2295
4317
0
4568
5928
4847
4744
0
0
5827
0
0
7200
1895
6384
5128
5996
0
6979
0
0
6320
0
0
0
0
7400
2638
0
4584
1327
5001
0
4985
3237
6643
3636
4632
0
0
0
7351
0
0
0
1656
0
0
6268
6606
6137
7200
0
0
3814
0
6881
0
0
0
3807
7101
6693
0
0
0
2253
0
3938
6924
4499
6526
6301
5730
7391
7399
0
0
0
5296
7108
0
7408
6701
1224
2917
0
6769
0
7395
0
0
5594
6396
2102
5679
921
6234
0
7398
6882
0
1482
7404
0
4805
0
0
0
0
4837
0
7320
1613
0
0
0
5891
0
3370
0
5060
0
4383
0
6396
0
0
2134
5679
0
0
0
1868
0
0
7174
7400
0
6737
0
7401
0
0
7178
6387
0
685
0
0
0
0
7130
7366
0
0
0
5764
166
0
7399
7314
6017
1431
0
7157
0
7400
6954
0
5306
7389
0
0
6122
6350
6016
5198
0
0
0
6347
5290
174
0
2141
0
3912
5881
5952
7398
7060
0
0
3788
5694
7349
6319
4957
7385
4437
1617
810
2732
4632
0
0
0
7368
0
7071
3014
3946
0
7403
3259
0
0
6770
6677
7399
2605
0
6384
6854
0
7175
0
2419
0
2035
0
2370
0
5363
0
0
0
7376
7397
0
0
0
3201
0
0
0
7252
0
0
7341
7396
2226
0
5455
0
7399
0
7396
0
0
6931
4546
0
1604
499
6553
6309
7391
0
5849
0
508
4918
0
0
5896
0
6937
2119
73
0
2414
6608
0
1849
0
6305
7238
0
0
3055
0
0
0
0
6975
6934
0
569
0
6744
0
6426
5202
0
0
0
0
0
0
4705
0
0
6625
7325
7400
11
0
7400
1095
0
0
7305
0
0
7401
0
0
0
0
2536
0
0
0
6423
0
1411
2946
235
5624
0
2998
0
6992
0
6914
7396
0
0
3532
6238
0
1447
5187
1936
3167
0
2344
5621
5658
0
7254
0
0
0
7100
0
7334
6055
7400
0
0
7397
0
6425
7397
0
3650
0
0
0
0
0
0
0
0
1323
154
6577
0
3186
2712
0
6695
0
7386
2259
0
7369
0
3052
7292
0
0
6813
6992
0
3377
6423
695
7213
0
0
3290
7190
695
0
7401
3086
0
2202
0
4263
0
0
6703
286
0
0
4974
0
0
0
0
1805
0
0
0
6180
7004
6628
0
7397
1529
0
0
0
0
7411
0
0
7337
0
0
7397
4513
0
0
4673
7235
7016
0
7200
0
0
1621
6304
5231
0
6336
0
6835
0
0
5662
0
7272
6686
4974
0
7394
0
843
3365
0
0
0
7128
3814
0
7082
6964
0
6665
1375
1229
7178
0
0
4393
0
0
0
7400
5498
0
7396
0
6240
0
0
492
1459
7037
0
0
0
0
7222
0
0
0
4954
5229
0
6262
7375
7089
2245
7395
0
6689
6980
2586
3854
0
0
0
0
0
0
1698
0
6429
0
0
0
6683
0
2510
0
4179
0
0
0
0
0
0
2035
0
0
0
315
0
5382
7162
0
4817
6596
7410
0
0
7387
7386
6160
5846
0
1872
0
0
7384
5079
0
0
132
6805
7385
3329
0
0
3567
7402
7138
0
5167
7390
0
0
6745
5630
0
7367
0
6138
0
4614
7339
0
758
5162
7398
0
2649
6316
7305
0
6057
7244
407
1119
0
0
4903
6182
5555
7043
7401
4456
0
0
0
4971
7325
6075
7401
0
0
6556
0
3319
0
7014
0
0
0
4403
0
6659
0
0
0
920
0
7182
6439
0
2764
0
0
0
0
0
0
0
0
0
5163
0
0
0
2915
5242
0
1047
2150
6965
0
0
0
0
1872
0
0
0
4229
5660
0
205
7398
2150
4716
0
6241
0
4909
2286
7358
0
6687
7365
237
0
0
0
0
0
3772
7212
7351
4243
4880
2859
3439
0
2457
0
0
0
0
4930
5857
0
0
3167
6986
5629
4730
0
7397
0
6683
0
0
2668
6756
7178
0
0
7401
7390
0
2461
4420
0
6350
7364
0
1530
0
7403
0
0
0
5516
0
0
7352
0
0
6624
0
7026
7399
5302
0
0
0
0
0
4151
7352
0
4471
0
0
1955
5535
6660
4304
0
0
7400
2033
2786
0
6007
5360
6683
7129
7409
0
0
0
4952
0
0
4883
0
0
0
3026
6924
3156
0
0
4587
0
7410
2785
7397
4639
6101
0
6002
0
4786
7396
7399
0
0
5930
3703
0
7179
5249
800
7396
6371
2898
5599
7389
1404
0
0
0
753
0
4366
0
3301
4539
0
870
4855
7334
0
298
0
0
0
7236
4643
7162
7399
0
4944
145
6701
1812
0
6617
7311
0
0
0
0
2586
0
0
0
6030
0
0
0
5458
0
5787
5360
6549
5073
5846
0
0
0
2043
0
0
0
2963
0
4765
7401
0
1375
4769
0
6385
7397
0
1142
0
7400
5595
7249
0
7296
0
4517
0
1285
7306
0
0
3523
241
1589
0
6829
0
2823
901
6500
7392
0
0
0
4270
0
0
7388
0
0
6812
0
6631
0
1829
6524
959
0
7131
0
0
0
0
0
7398
4168
7389
364
6902
0
0
7320
0
0
7405
5458
7200
6450
7255
0
1060
4016
0
0
7173
0
3894
5200
6737
5541
7400
5655
6943
7182
0
4893
0
5581
5229
0
563
998
0
0
4672
0
0
7367
0
5999
5241
5033
0
0
0
0
5628
0
0
3588
0
7212
0
3267
0
6701
0
6842
6057
0
0
0
7401
0
1224
0
0
0
0
0
3987
7394
0
0
0
0
0
0
0
0
7392
0
7399
0
0
7373
0
6766
0
0
3730
0
0
6106
7109
0
7389
6276
7373
6739
6313
0
0
5857
7400
7319
0
7089
0
0
3053
0
1315
3045
5215
5421
0
5471
0
0
6772
0
0
0
0
0
0
6960
0
6618
0
2313
0
5953
7408
6396
6475
7035
7020
5325
0
6990
0
0
4691
0
0
2039
7409
6481
6965
7411
5341
1748
3723
0
7403
0
2755
0
3941
1210
0
7411
117
0
2963
0
6973
0
7295
0
7389
0
0
0
5129
7168
1987
4188
7396
0
413
6084
4654
0
3041
7221
611
0
0
0
7397
0
0
0
6297
3166
7289
0
5510
6098
6390
0
0
0
0
3900
0
4802
3477
0
7402
7410
0
0
6416
0
0
4786
6638
0
7394
0
2940
6371
5582
6765
6993
0
0
0
6701
0
0
0
0
0
4029
6687
5270
0
7400
0
0
0
5891
0
0
4183
0
0
0
6796
0
0
6939
5666
3117
1755
0
0
0
6926
0
0
5538
1590
7401
7181
6739
1987
0
54
7399
478
3925
0
0
0
0
7247
0
4709
1633
5855
7130
0
0
1877
5324
4178
0
4141
0
6439
3166
7247
0
0
1643
0
4620
7400
4781
0
0
6610
4543
0
3351
0
2295
3167
4934
0
6909
0
7401
7255
0
6024
0
0
0
5872
7285
0
0
0
1084
0
5929
5022
0
1252
4825
5625
3346
0
1679
6703
0
6851
0
1411
0
7403
6646
0
0
0
0
1765
0
0
3164
2322
4643
6626
5190
4532
5628
0
3248
0
0
7398
7400
1636
7044
6143
3493
5014
166
0
0
3099
1766
0
0
7116
6607
0
7167
4614
6536
0
0
0
1527
1872
5103
0
6902
7409
7404
1220
0
0
0
4337
0
0
0
2234
7003
0
0
0
0
0
6620
0
0
0
5680
2665
0
3874
7388
6822
6993
7177
6934
4903
0
0
146
0
0
0
2455
0
0
2934
0
6857
0
3546
1780
0
7389
513
0
7307
6772
3442
0
4431
0
4757
0
5849
6899
0
4927
5522
0
0
0
5682
3532
0
7386
3552
5231
0
0
0
0
0
0
2081
0
6288
0
0
0
0
5682
0
7369
0
0
5367
0
5466
5262
0
0
0
0
0
0
5482
0
0
1621
0
5843
0
2250
0
4915
3729
0
7385
0
0
0
5660
0
0
0
0
885
0
7012
6802
0
0
1163
104
0
0
6737
922
5470
1701
3521
6772
0
441
0
7398
0
6974
0
7268
0
0
0
0
4672
7387
7357
4033
0
1557
6113
0
0
0
6176
0
0
0
0
5482
1338
0
0
0
7364
0
7345
6632
0
0
5320
5343
7349
7400
0
0
1210
0
0
0
0
5156
7399
0
0
0
6876
0
0
60
0
0
0
6797
3480
3804
7394
1506
7132
0
5955
4542
1868
3770
0
0
4987
3375
0
6796
7244
4866
6730
7404
241
7386
0
6957
0
0
0
6724
0
0
7137
7054
0
5639
0
0
0
6012
0
0
0
0
0
0
4753
0
7405
0
671
7060
592
0
0
374
0
7064
0
842
0
7151
5831
1828
0
2998
782
0
5932
3665
0
7276
497
7400
5974
0
0
7400
0
7349
5190
0
7396
3351
0
0
0
0
168
5034
7015
0
0
0
0
2095
440
0
0
5656
0
7400
5320
0
6385
7043
6210
0
3573
5997
3475
6138
0
7015
6972
0
6624
7401
0
0
1183
7118
0
0
0
0
0
3283
0
3334
0
0
0
7385
5232
6231
0
5932
0
0
7386
5857
0
0
6688
0
1352
0
0
6713
0
1872
7398
0
670
7101
0
7050
0
0
6019
0
7397
2895
7364
0
5825
0
6979
6371
2202
1600
0
0
0
7320
0
7387
0
3006
0
7351
4370
0
7132
0
5378
0
0
7401
7320
0
6955
5320
0
7167
0
7399
3994
0
0
5131
7382
5874
0
2312
3385
0
7132
5627
0
1853
6832
0
0
0
6467
4121
0
0
1336
0
3830
0
0
7399
0
2208
0
553
0
0
7392
0
7038
0
6105
0
7349
4679
0
6396
204
6305
0
0
7386
4615
6805
0
6662
3493
0
5455
0
5148
4637
2966
0
3073
800
0
441
6501
7143
3261
1141
0
3820
3538
6739
6484
0
3391
0
0
6316
0
0
6182
6689
0
7404
0
0
6895
0
6479
6331
638
0
3526
2725
0
4641
0
0
7306
0
7010
7158
0
0
2110
7403
0
0
730
0
0
0
0
0
4276
2412
0
0
4467
0
3539
4883
0
0
6476
0
4925
3584
7171
0
0
6336
1478
6739
6485
0
2548
6944
2656
0
3291
6796
0
7017
3651
1547
5099
0
0
5306
7235
6852
0
3460
2159
0
0
0
0
0
404
0
1541
0
2903
0
4006
0
0
0
222
0
0
6910
0
7301
7372
0
0
7152
0
0
0
0
7009
6475
0
0
0
3966
0
1876
5831
0
0
0
4974
6737
0
0
0
1758
0
0
7163
674
6384
7392
0
4855
0
0
7383
4543
0
3425
3898
6703
6940
7287
0
7401
390
7398
303
1227
2234
0
7356
0
1115
0
0
0
6350
0
7168
0
767
0
0
0
0
7115
7212
0
0
0
707
6701
0
5735
0
0
6448
0
0
6351
7397
914
0
3377
7400
0
1803
0
0
3215
7066
5360
6949
0
0
0
5123
0
5207
3710
5290
4428
6937
2739
0
0
3827
0
0
0
4812
4362
0
0
4558
5428
6941
0
7117
6739
7400
6937
5343
0
0
0
7352
7005
0
2792
0
0
4350
7395
6283
0
3532
0
0
0
2014
0
6663
0
0
0
0
0
7058
1678
0
0
1219
0
0
0
0
0
0
7399
2887
0
0
0
1888
1613
3900
3217
0
5001
0
0
0
0
0
0
0
0
965
0
7335
1324
6852
0
6433
7385
2205
2167
0
4215
0
5555
3866
6257
0
0
0
0
7384
0
0
0
0
0
0
7357
0
0
0
1756
3925
7165
0
4260
7396
0
2344
0
0
7385
0
3631
0
0
6265
0
5730
0
3536
0
6384
0
1979
2871
198
7073
0
0
6596
3675
0
154
3022
4423
4705
5065
2115
0
7386
7373
1046
6819
7390
6137
7287
2150
5195
7396
6902
0
0
0
0
4930
6514
7396
6902
5701
0
0
7402
4473
7391
6280
0
188
5232
6802
0
0
0
5109
0
0
0
0
0
0
7043
1698
0
0
0
6976
1453
6262
0
7308
4442
0
0
0
3369
0
6977
0
0
0
0
7335
1162
6804
0
3767
0
5556
0
0
6287
0
6796
5956
6974
0
2122
0
4903
3523
0
0
3399
0
0
0
7398
5902
5987
3894
1952
6792
4170
0
6734
7398
1895
0
1758
7121
7058
4339
0
0
0
7348
5596
874
0
1975
6817
6336
7260
0
4456
1535
0
0
0
7398
6085
0
0
0
0
7386
0
0
7128
0
6132
6241
7391
0
1876
0
4499
0
0
6125
4614
5055
0
1656
4979
4948
0
4534
0
0
0
7403
0
6904
7058
6744
4388
1267
7156
1906
4457
4866
0
6119
6923
0
0
7398
1121
7402
7038
6659
0
6955
0
553
6179
2341
0
4301
3781
0
6856
0
0
314
0
7032
7390
0
4052
6815
7402
0
7050
7278
0
0
0
4564
5463
0
2420
2664
0
3125
0
4076
3052
0
7402
3645
331
4858
0
5072
1793
6856
0
0
0
7179
3689
0
6832
1683
6637
0
4615
2058
6780
7166
6729
7349
4883
0
5182
7389
304
2759
0
6229
0
2459
0
0
0
4072
0
4337
0
0
6599
0
0
6150
0
0
7134
0
6598
5211
0
5423
4052
7167
5435
5814
5481
6350
3661
0
0
0
0
6772
0
7372
7233
6865
0
0
0
6527
427
6811
0
5922
660
2473
6934
6995
0
5489
0
0
6660
0
0
0
6542
6333
0
0
0
0
7404
0
0
753
648
0
5975
0
5031
5343
7391
0
0
5868
6100
5538
6032
0
0
6019
6167
0
7122
6733
0
0
0
0
0
7399
0
0
0
2400
0
6472
0
4589
7333
2063
4704
0
6101
0
742
0
0
0
0
0
6033
0
0
0
2615
7376
0
0
0
7038
1638
0
7190
0
6908
5362
6103
0
4106
0
0
5547
0
7385
1023
0
6660
968
0
5190
0
0
0
5781
0
0
6390
0
866
6877
0
7398
0
0
0
0
4258
0
0
0
0
0
4957
5869
0
6708
0
0
5179
3650
7394
4839
3060
0
7403
3923
7397
0
0
3862
0
0
6775
7211
0
0
0
0
7400
1596
0
0
0
0
3568
0
0
7397
0
7101
3514
7407
0
4331
7402
0
0
4938
0
0
0
7130
7348
4148
7398
0
7050
0
5713
0
3661
0
7297
158
4039
0
0
5270
0
0
7374
6086
3423
0
7392
0
7173
0
7386
7061
0
6454
368
0
2924
0
0
0
0
0
0
6794
7395
6109
0
0
0
0
0
0
0
5888
0
3629
6695
0
0
1607
6847
6289
0
6772
0
7411
0
5402
4723
7017
3869
0
0
6975
0
0
7389
0
2770
0
0
4680
3870
791
0
0
5980
0
7123
7263
2191
0
3993
0
0
2501
0
0
7378
0
6318
0
0
0
709
6404
0
0
0
1530
0
0
0
6385
3610
0
0
1457
3215
4670
7166
7325
0
7397
0
0
0
0
3027
5293
0
0
0
0
0
0
7024
7404
0
0
1568
6837
6824
0
7363
0
0
6427
0
0
0
6687
1562
0
0
3983
0
967
0
0
7400
6176
6703
0
5640
6703
6244
7167
0
4110
5696
6803
7402
0
0
3582
6404
0
5098
2874
0
6958
0
5231
0
0
2609
0
1489
5276
6604
0
525
7344
5028
0
0
7286
3475
4661
0
2767
5168
7349
0
6556
0
936
5436
7391
6498
7399
2934
0
0
3627
3701
0
4029
6807
2197
0
6609
7197
7395
3643
0
4588
3718
3664
1491
0
6941
6702
0
0
1425
0
0
0
2354
0
0
7390
6596
5361
0
0
5866
0
0
6928
0
0
0
0
7285
0
0
0
5024
5510
0
1813
1117
0
4188
190
0
7295
0
0
0
0
6924
7404
0
6744
5517
0
0
6722
7326
6865
4851
5655
2609
1478
6273
0
7017
7402
7400
7374
0
0
4569
1486
0
5798
2419
6734
3090
5744
0
753
4543
5772
6297
0
0
6549
2100
7391
1753
0
0
0
7388
0
0
0
0
1404
0
7396
0
6682
1746
3582
0
7400
5129
0
3850
2601
6932
0
6368
0
7134
0
6410
3265
6388
1682
1133
0
0
0
0
4161
4007
0
1333
7265
0
0
7397
0
0
7113
0
7255
7374
0
7162
7212
6835
2850
0
0
0
6734
0
0
6352
0
0
0
6240
0
4238
0
5399
0
0
7402
2506
0
903
0
0
7116
4738
6429
0
6864
6835
6445
3858
0
0
0
1638
4914
0
0
2868
0
0
0
9
0
5760
7268
0
0
0
6061
994
5003
0
0
0
0
5975
2296
2425
1748
5534
0
5624
4256
0
0
3128
0
1791
0
0
0
6378
5974
0
0
7392
0
5327
2466
0
5682
0
0
0
3339
0
5375
0
7394
0
152
6148
165
0
0
7400
2474
0
0
0
0
2579
1791
0
4423
0
7402
7400
5470
0
7407
2737
0
0
6534
0
6961
0
3626
0
0
0
0
547
2435
5899
7387
5889
0
0
7305
0
0
6572
0
0
0
2467
7408
3455
5577
190
4362
0
1706
0
0
0
0
0
0
6548
0
5739
0
5869
2471
0
7044
2907
5352
5745
0
0
0
0
0
0
5541
0
4282
0
0
1048
0
6778
3322
6854
4170
4625
0
0
0
0
519
1680
6276
4841
0
2268
1455
750
0
0
7044
0
0
5621
0
0
0
2638
255
0
5953
0
7388
7400
0
0
0
0
0
6741
427
0
7184
1506
0
0
3244
7319
0
0
4460
4622
0
6819
6103
0
7259
7071
5934
0
1852
4569
0
0
5917
3496
7396
5203
7038
0
0
6964
6592
7141
4388
5673
6527
0
0
6721
3286
0
7293
0
4953
707
4059
7387
637
0
269
0
7344
6739
0
0
0
7212
7349
7211
2599
0
0
1027
7072
6786
0
3174
5250
610
2315
0
7213
0
0
0
0
0
0
2748
5528
0
0
0
0
5326
6396
7396
0
0
0
6927
0
1650
0
4383
0
7400
0
5846
2385
0
4854
4018
0
6901
0
4810
0
0
0
0
0
7128
0
0
7401
3108
0
0
0
0
0
7347
0
6959
0
7394
0
7400
0
0
0
2455
6387
7123
0
5119
7395
26
0
221
6079
0
7402
0
0
753
4818
0
0
0
0
7086
0
5435
0
0
2555
7388
1536
0
2913
0
5649
6129
2538
0
7287
6705
5704
0
1346
7401
39
7402
0
0
7398
0
0
847
0
6596
5994
1884
0
4506
0
0
6502
0
0
0
0
0
7132
0
0
2191
0
6945
0
0
7300
7182
0
4463
0
0
2978
5682
0
0
7397
0
0
6086
6384
0
0
1185
5653
7260
296
5734
2035
5903
7357
4170
5036
7326
0
6975
6196
0
0
0
0
7396
4385
0
4898
0
0
0
6186
0
0
4818
6176
0
0
0
0
0
5347
2021
27
0
0
1508
0
0
7123
0
0
0
6096
0
0
0
0
7394
6815
0
3104
0
0
1681
0
0
0
0
0
0
310
4643
0
7399
7403
0
3914
0
0
0
6886
0
4086
0
1457
0
0
0
7236
7401
0
0
0
3914
0
2032
6739
7164
5535
7327
2522
732
0
0
7404
0
4119
7408
0
3002
6459
7335
7372
7307
0
0
1750
0
1963
0
6613
2528
1997
0
7383
2544
6415
3855
5499
7311
0
7306
0
0
4096
5540
7118
7404
0
3666
0
2616
3724
0
0
7013
0
4575
6105
0
0
0
0
6827
0
0
7398
0
7074
7397
0
0
0
0
0
5270
1858
6194
432
1064
434
6156
0
0
661
7272
3161
0
6934
0
6933
2334
0
0
0
0
4753
1821
6727
0
0
4007
0
7391
0
0
0
7287
0
0
0
0
2729
0
0
2955
6300
3049
0
0
0
7399
7388
0
0
0
5648
0
0
0
0
0
3512
0
7040
7017
0
7400
0
3397
6415
0
6549
0
5881
5410
6243
1991
4271
1153
0
0
7294
0
7319
0
2746
6678
3591
5832
6939
0
190
2591
0
6305
183
336
0
5310
7329
6616
7297
4392
0
7093
5253
7385
1847
3654
1627
5265
0
7405
59
6739
7376
3881
0
6793
1143
0
0
0
5123
0
1623
6630
0
4129
0
7351
0
7406
7403
6915
0
7246
0
6350
0
7399
5383
0
0
0
7181
7398
4879
6442
7324
5150
0
0
0
0
4970
0
0
7179
0
6914
0
5100
0
3147
1279
0
6707
7397
7402
1530
3502
0
470
4096
4004
0
0
7388
6686
0
0
5678
0
5075
7410
6957
0
5662
5443
0
2995
0
0
6505
0
7366
0
3707
2008
0
0
0
4845
0
6355
0
1529
0
0
6860
4082
0
3757
3993
0
0
0
0
5881
0
0
0
6043
0
0
0
0
0
6661
7385
0
0
4062
0
6186
0
0
5417
0
1712
0
3790
5150
0
0
653
7086
3760
0
5881
7373
3789
0
2740
0
7347
6942
0
6121
0
0
0
7355
4331
0
4008
2422
6700
0
1234
6744
7064
5867
6454
0
4953
4778
7119
3003
0
6082
7117
0
0
0
7388
7388
5481
0
0
0
0
0
6987
6889
7355
0
0
0
0
0
6740
6917
6872
0
4058
677
0
0
0
0
7386
6977
5253
4288
0
0
929
7122
7400
0
6080
6596
1070
0
0
3517
4204
0
952
7025
0
0
7399
2111
7157
5416
4979
2206
6665
0
0
0
0
4210
0
0
0
660
0
0
6490
3244
0
0
7376
0
0
0
0
7403
7069
5996
7402
0
0
0
0
5881
1525
0
0
4903
7399
0
0
0
1352
0
5088
1530
1963
0
0
0
0
0
0
7107
0
7391
3874
0
7389
7133
0
4914
7275
7301
2125
3529
6335
6505
0
0
1884
7320
1536
6767
3938
0
0
0
390
5549
0
427
0
1398
0
6630
4723
7014
0
0
0
0
1378
7235
0
7400
7405
0
7359
4450
0
7255
0
6010
0
0
0
7389
7388
4823
7392
7120
0
5209
1281
7141
7216
6677
213
0
7347
3661
6388
0
0
0
5187
0
6943
6906
1853
7301
5963
0
4225
926
0
7272
4388
0
0
0
0
0
0
7401
0
7397
150
2372
0
5383
6956
0
5073
1489
6485
0
1916
0
7402
1535
4222
3531
7082
6972
4663
0
0
4699
0
4155
0
0
0
2386
0
6515
6058
0
6984
2993
0
1611
3267
3561
7182
7401
7162
5130
850
7024
3920
0
6235
0
6639
6959
402
0
0
0
0
3790
800
5081
7215
5341
0
0
3874
0
0
5682
2307
4460
0
96
0
7255
1185
0
6055
0
1097
880
5996
7111
7391
0
6034
4703
2496
0
0
0
0
6637
0
0
5314
0
0
0
7397
7174
0
0
0
0
0
6421
6641
6816
3099
0
7411
4486
7293
7131
0
4957
6703
4407
0
0
0
0
0
980
0
303
2749
0
2786
1353
0
0
0
0
0
6045
7397
4696
7409
0
0
0
0
1936
0
3928
0
2799
0
0
0
0
6250
0
5640
0
7180
0
7399
122
0
0
0
0
3816
0
7175
0
0
0
0
4291
7326
2501
0
912
0
0
5813
0
3853
0
0
0
0
5206
7322
5203
4057
0
0
0
0
364
6928
0
0
6707
0
4942
0
7365
0
0
7307
6917
0
7384
0
4036
0
0
6688
7352
7391
0
4116
7409
0
6833
5996
7070
6675
0
7268
0
6520
0
0
7352
5458
5320
0
6652
4805
6534
0
0
0
7198
0
5195
7398
7214
4389
7399
0
0
5200
0
0
7162
1943
0
3588
0
516
2482
0
7387
7396
7397
5270
6098
6695
0
0
7400
6124
4787
0
0
966
6819
7390
4272
0
6986
4599
7400
7038
1324
0
5227
1755
0
0
0
602
6505
1057
0
6327
6785
0
3496
1809
0
0
0
0
1822
0
781
7390
6794
0
0
0
3245
0
6592
0
6015
7410
7352
7033
0
0
0
4383
0
5832
7398
0
0
1151
5757
0
4388
6631
0
0
258
0
6039
0
4572
0
0
0
2870
7267
2943
0
0
0
0
6805
0
3868
7408
4317
0
6765
4556
6806
0
3852
0
0
6986
6506
0
0
0
0
6023
0
7404
5375
891
0
0
2474
0
6972
3724
5760
5986
6255
0
0
2659
0
0
0
3268
0
0
0
0
4549
0
0
0
6421
0
7366
0
5843
7398
4170
0
5240
0
5341
3855
0
0
4878
0
0
0
7224
5267
0
0
0
0
0
3946
6053
7142
0
6776
7142
0
0
0
7184
0
6545
2486
7387
4618
6978
7396
4958
0
6024
4543
0
0
0
7364
0
3003
1790
7385
0
5628
0
0
3728
0
6026
0
0
5678
7225
0
7043
6288
0
3922
0
0
6976
7394
1861
0
3316
6630
6401
0
3065
6893
6102
0
0
1876
7395
0
0
0
7398
0
0
0
7400
0
6856
7156
0
6793
0
0
0
0
4625
6612
7395
5078
637
4159
0
0
7156
6862
7010
7408
7277
0
7297
0
0
5904
4543
3950
5738
0
5400
1352
7371
5730
0
0
0
0
6796
2826
0
921
0
1758
4104
6057
6703
6104
0
0
3266
0
0
1081
6336
4240
7403
0
6688
413
0
7404
0
6178
0
0
0
3575
0
0
4377
1446
3060
0
0
0
6018
7166
3869
0
5679
4663
0
0
7299
7250
0
0
0
6865
0
0
0
0
0
0
7400
6741
5229
3538
5097
7221
3923
0
0
6473
6023
4034
0
0
0
0
0
1731
7385
0
0
0
6595
0
0
1558
7402
0
0
5242
6760
0
5599
3156
7399
430
0
7120
7392
0
7212
0
0
3033
6708
6336
0
7390
693
0
7278
0
0
3895
5914
0
0
6459
0
6616
0
0
0
6527
1884
0
4557
7401
770
5704
1103
6133
6320
1480
0
0
7399
4858
0
0
7385
6536
4581
4879
0
7394
0
0
0
0
509
5141
7387
0
6945
7407
5412
6959
6539
6030
7162
7388
179
3515
0
0
724
6937
0
0
7294
6388
3201
5913
4452
0
0
0
5721
6591
727
6251
6415
0
5449
2487
0
0
1124
6776
0
7369
7391
0
5809
4799
0
6632
6793
5229
5082
327
0
0
6240
0
0
1594
0
0
0
901
6957
0
0
1121
3994
6903
0
0
0
7388
5171
3543
2216
7025
1612
2605
0
0
0
0
3939
0
5620
7185
0
7367
0
7295
0
5922
6684
5556
4611
0
0
0
6138
2564
7239
0
4171
0
0
0
7353
3368
0
7397
0
1093
6600
0
0
7387
0
7402
0
0
7400
4153
0
0
0
5410
7390
4549
0
0
0
255
7388
6492
0
2930
0
4257
3814
0
0
6085
6018
0
0
5103
7393
2035
0
0
0
0
0
5260
0
0
1232
0
2146
5753
270
4431
6085
0
5671
6769
6990
0
0
7350
3588
6419
0
0
7390
0
0
1667
0
4627
7402
5107
26
0
7089
7058
3351
0
4724
5491
0
4544
7397
7275
0
0
3510
